[0.029s] Invoking command in '/home/tsi/ws_moveit2/build/move_relative_ur': CMAKE_PREFIX_PATH=${CMAKE_PREFIX_PATH}:/home/tsi/workspace/install/moveit_configs_utils:/opt/ros/jazzy DEBUGINFOD_URLS=https://debuginfod.ubuntu.com /usr/bin/cmake --build /home/tsi/ws_moveit2/build/move_relative_ur -- -j12 -l12
[0.178s] [  2%] Built target move_relative_ur__rosidl_generator_type_description
[0.203s] [  2%] Built target ament_cmake_python_symlink_move_relative_ur
[0.228s] [ 15%] Built target move_relative_ur__rosidl_generator_c
[0.241s] [ 18%] Built target move_relative_ur__cpp
[0.271s] [ 26%] Built target move_relative_ur__rosidl_typesupport_introspection_c
[0.274s] [ 34%] Built target move_relative_ur__rosidl_typesupport_c
[0.280s] [ 42%] Built target move_relative_ur__rosidl_typesupport_fastrtps_c
[0.287s] [ 57%] Built target move_relative_ur__rosidl_typesupport_introspection_cpp
[0.288s] [ 57%] Built target move_relative_ur__rosidl_typesupport_fastrtps_cpp
[0.292s] [ 65%] Built target move_relative_ur__rosidl_typesupport_cpp
[0.333s] [ 65%] Built target move_relative_ur
[0.352s] [ 68%] [32mBuilding CXX object CMakeFiles/robot_monitoring_node.dir/src/move_monitoring_node.cpp.o[0m
[0.353s] [ 73%] Built target move_relative_node
[0.369s] [ 76%] Built target move_relative_ur__py
[0.416s] [ 81%] Built target move_relative_ur__rosidl_generator_py
[0.459s] [ 86%] Built target move_relative_ur_s__rosidl_typesupport_fastrtps_c
[0.463s] [ 92%] Built target move_relative_ur_s__rosidl_typesupport_introspection_c
[0.465s] [ 97%] Built target move_relative_ur_s__rosidl_typesupport_c
[0.650s] running egg_info
[0.691s] writing move_relative_ur.egg-info/PKG-INFO
[0.691s] writing dependency_links to move_relative_ur.egg-info/dependency_links.txt
[0.692s] writing top-level names to move_relative_ur.egg-info/top_level.txt
[0.815s] reading manifest file 'move_relative_ur.egg-info/SOURCES.txt'
[0.816s] writing manifest file 'move_relative_ur.egg-info/SOURCES.txt'
[0.864s] [ 97%] Built target ament_cmake_python_build_move_relative_ur_egg
[3.092s] [01m[K/home/tsi/ws_moveit2/src/move_relative_ur/src/move_monitoring_node.cpp:[m[K In member function ‘[01m[Kvoid RobotMonitoringNode::[01;32m[KjointStateCallback[m[K(sensor_msgs::msg::JointState_<std::allocator<void> >::SharedPtr)[m[K’:
[3.093s] [01m[K/home/tsi/ws_moveit2/src/move_relative_ur/src/move_monitoring_node.cpp:67:36:[m[K [01;31m[Kerror: [m[K‘[01m[KprevStoppedState[m[K’ was not declared in this scope
[3.093s]    67 |         if (isCurrentlyStopped && ![01;31m[KprevStoppedState[m[K) {
[3.093s]       |                                    [01;31m[K^~~~~~~~~~~~~~~~[m[K
[3.102s] [01m[K/home/tsi/ws_moveit2/src/move_relative_ur/src/move_monitoring_node.cpp:79:9:[m[K [01;31m[Kerror: [m[K‘[01m[KprevStoppedState[m[K’ was not declared in this scope
[3.102s]    79 |         [01;31m[KprevStoppedState[m[K = isCurrentlyStopped;  // 이전 상태 업데이트
[3.103s]       |         [01;31m[K^~~~~~~~~~~~~~~~[m[K
[6.245s] gmake[2]: *** [CMakeFiles/robot_monitoring_node.dir/build.make:76: CMakeFiles/robot_monitoring_node.dir/src/move_monitoring_node.cpp.o] Error 1
[6.249s] gmake[1]: *** [CMakeFiles/Makefile2:655: CMakeFiles/robot_monitoring_node.dir/all] Error 2
[6.249s] gmake: *** [Makefile:146: all] Error 2
[6.250s] Invoked command in '/home/tsi/ws_moveit2/build/move_relative_ur' returned '2': CMAKE_PREFIX_PATH=${CMAKE_PREFIX_PATH}:/home/tsi/workspace/install/moveit_configs_utils:/opt/ros/jazzy DEBUGINFOD_URLS=https://debuginfod.ubuntu.com /usr/bin/cmake --build /home/tsi/ws_moveit2/build/move_relative_ur -- -j12 -l12
