[0.030s] Invoking command in '/home/tsi/ws_moveit2/build/move_relative_ur': CMAKE_PREFIX_PATH=${CMAKE_PREFIX_PATH}:/home/tsi/workspace/install/moveit_configs_utils:/opt/ros/jazzy DEBUGINFOD_URLS=https://debuginfod.ubuntu.com /usr/bin/cmake --build /home/tsi/ws_moveit2/build/move_relative_ur -- -j12 -l12
[0.101s] -- Found ament_cmake: 2.5.3 (/opt/ros/jazzy/share/ament_cmake/cmake)
[0.446s] -- Override CMake install command with custom implementation using symlinks instead of copying resources
[0.467s] -- Found rclcpp: 28.1.6 (/opt/ros/jazzy/share/rclcpp/cmake)
[0.510s] -- Found rosidl_generator_c: 4.6.5 (/opt/ros/jazzy/share/rosidl_generator_c/cmake)
[0.524s] -- Found rosidl_generator_cpp: 4.6.5 (/opt/ros/jazzy/share/rosidl_generator_cpp/cmake)
[0.546s] -- Using all available rosidl_typesupport_c: rosidl_typesupport_fastrtps_c;rosidl_typesupport_introspection_c
[0.572s] -- Using all available rosidl_typesupport_cpp: rosidl_typesupport_fastrtps_cpp;rosidl_typesupport_introspection_cpp
[0.680s] -- Found rmw_implementation_cmake: 7.3.1 (/opt/ros/jazzy/share/rmw_implementation_cmake/cmake)
[0.684s] -- Found rmw_fastrtps_cpp: 8.4.1 (/opt/ros/jazzy/share/rmw_fastrtps_cpp/cmake)
[0.817s] -- Using RMW implementation 'rmw_fastrtps_cpp' as default
[0.912s] -- Found std_msgs: 5.3.5 (/opt/ros/jazzy/share/std_msgs/cmake)
[0.927s] -- Found geometry_msgs: 5.3.5 (/opt/ros/jazzy/share/geometry_msgs/cmake)
[0.942s] -- Found ur_dashboard_msgs: 3.0.2 (/home/tsi/workspace/install/ur_dashboard_msgs/share/ur_dashboard_msgs/cmake)
[1.045s] -- Found rosidl_default_generators: 1.6.0 (/opt/ros/jazzy/share/rosidl_default_generators/cmake)
[1.067s] -- Found rosidl_adapter: 4.6.5 (/opt/ros/jazzy/share/rosidl_adapter/cmake)
[1.236s] -- Found ament_lint_auto: 0.17.1 (/opt/ros/jazzy/share/ament_lint_auto/cmake)
[1.536s] -- Added test 'cppcheck' to perform static code analysis on C / C++ code
[1.537s] -- Configured cppcheck include dirs: 
[1.537s] -- Configured cppcheck exclude dirs and/or files: 
[1.540s] -- Added test 'lint_cmake' to check CMake code style
[1.544s] -- Added test 'uncrustify' to check C / C++ code style
[1.544s] -- Configured uncrustify additional arguments: 
[1.547s] -- Added test 'xmllint' to check XML markup files
[1.553s] -- Configuring done (1.5s)
[1.584s] -- Generating done (0.0s)
[1.604s] -- Build files have been written to: /home/tsi/ws_moveit2/build/move_relative_ur
[1.715s] [ 25%] [32mBuilding CXX object CMakeFiles/move_relative_node.dir/src/move_relative.cpp.o[0m
[1.715s] [ 50%] [32mBuilding CXX object CMakeFiles/robot_monitoring_node.dir/src/move_monitoring_node.cpp.o[0m
[2.097s] [01m[K/home/tsi/ws_moveit2/src/move_relative_ur/src/move_monitoring_node.cpp:5:10:[m[K [01;31m[Kfatal error: [m[Kmove_relative_ur/msg/error_msg.hpp: No such file or directory
[2.097s]     5 | #include [01;31m[K"move_relative_ur/msg/error_msg.hpp"[m[K
[2.097s]       |          [01;31m[K^~~~~~~~~~~~~~~~~~~~~~~~~~~~~~~~~~~~[m[K
[2.097s] compilation terminated.
[2.102s] gmake[2]: *** [CMakeFiles/robot_monitoring_node.dir/build.make:76: CMakeFiles/robot_monitoring_node.dir/src/move_monitoring_node.cpp.o] Error 1
[2.102s] gmake[1]: *** [CMakeFiles/Makefile2:165: CMakeFiles/robot_monitoring_node.dir/all] Error 2
[2.102s] gmake[1]: *** Waiting for unfinished jobs....
[2.211s] [01m[K/home/tsi/ws_moveit2/src/move_relative_ur/src/move_relative.cpp:6:10:[m[K [01;31m[Kfatal error: [m[Kmove_relative_ur/msg/error_msg.hpp: No such file or directory
[2.211s]     6 | #include [01;31m[K"move_relative_ur/msg/error_msg.hpp"[m[K
[2.211s]       |          [01;31m[K^~~~~~~~~~~~~~~~~~~~~~~~~~~~~~~~~~~~[m[K
[2.211s] compilation terminated.
[2.220s] gmake[2]: *** [CMakeFiles/move_relative_node.dir/build.make:76: CMakeFiles/move_relative_node.dir/src/move_relative.cpp.o] Error 1
[2.220s] gmake[1]: *** [CMakeFiles/Makefile2:139: CMakeFiles/move_relative_node.dir/all] Error 2
[2.220s] gmake: *** [Makefile:146: all] Error 2
[2.225s] Invoked command in '/home/tsi/ws_moveit2/build/move_relative_ur' returned '2': CMAKE_PREFIX_PATH=${CMAKE_PREFIX_PATH}:/home/tsi/workspace/install/moveit_configs_utils:/opt/ros/jazzy DEBUGINFOD_URLS=https://debuginfod.ubuntu.com /usr/bin/cmake --build /home/tsi/ws_moveit2/build/move_relative_ur -- -j12 -l12
