[0.043s] Invoking command in '/home/tsi/ws_moveit2/build/move_relative_ur': CMAKE_PREFIX_PATH=${CMAKE_PREFIX_PATH}:/home/tsi/workspace/install/moveit_configs_utils:/opt/ros/jazzy DEBUGINFOD_URLS=https://debuginfod.ubuntu.com /usr/bin/cmake --build /home/tsi/ws_moveit2/build/move_relative_ur -- -j12 -l12
[0.212s] [  2%] Built target move_relative_ur__rosidl_generator_type_description
[0.212s] [  2%] Built target ament_cmake_python_symlink_move_relative_ur
[0.273s] [  5%] Built target move_relative_ur__cpp
[0.287s] [ 18%] Built target move_relative_ur__rosidl_generator_c
[0.335s] [ 26%] Built target move_relative_ur__rosidl_typesupport_introspection_c
[0.337s] [ 34%] Built target move_relative_ur__rosidl_typesupport_fastrtps_cpp
[0.341s] [ 57%] Built target move_relative_ur__rosidl_typesupport_introspection_cpp
[0.341s] [ 57%] Built target move_relative_ur__rosidl_typesupport_cpp
[0.342s] [ 57%] Built target move_relative_ur__rosidl_typesupport_fastrtps_c
[0.352s] [ 65%] Built target move_relative_ur__rosidl_typesupport_c
[0.391s] [ 65%] Built target move_relative_ur
[0.398s] [ 71%] Built target robot_monitoring_node
[0.400s] [ 73%] [32mBuilding CXX object CMakeFiles/move_relative_node.dir/src/move_relative.cpp.o[0m
[0.455s] [ 76%] Built target move_relative_ur__py
[0.510s] [ 81%] Built target move_relative_ur__rosidl_generator_py
[0.567s] [ 86%] Built target move_relative_ur_s__rosidl_typesupport_introspection_c
[0.568s] [ 92%] Built target move_relative_ur_s__rosidl_typesupport_fastrtps_c
[0.571s] [ 97%] Built target move_relative_ur_s__rosidl_typesupport_c
[0.667s] running egg_info
[0.700s] writing move_relative_ur.egg-info/PKG-INFO
[0.702s] writing dependency_links to move_relative_ur.egg-info/dependency_links.txt
[0.704s] writing top-level names to move_relative_ur.egg-info/top_level.txt
[0.844s] reading manifest file 'move_relative_ur.egg-info/SOURCES.txt'
[0.845s] writing manifest file 'move_relative_ur.egg-info/SOURCES.txt'
[0.906s] [ 97%] Built target ament_cmake_python_build_move_relative_ur_egg
[3.507s] [01m[K/home/tsi/ws_moveit2/src/move_relative_ur/src/move_relative.cpp:[m[K In function ‘[01m[Kvoid[01;32m[K signalHandler[m[K(int)[m[K’:
[3.507s] [01m[K/home/tsi/ws_moveit2/src/move_relative_ur/src/move_relative.cpp:17:9:[m[K [01;31m[Kerror: [m[K‘[01m[Kstop_flag[m[K’ was not declared in this scope
[3.508s]    17 |         [01;31m[Kstop_flag[m[K = true;
[3.508s]       |         [01;31m[K^~~~~~~~~[m[K
[3.572s] [01m[K/home/tsi/ws_moveit2/src/move_relative_ur/src/move_relative.cpp:[m[K In destructor ‘[01m[Kvirtual URScriptRelativeMove::[01;32m[K~URScriptRelativeMove[m[K()[m[K’:
[3.572s] [01m[K/home/tsi/ws_moveit2/src/move_relative_ur/src/move_relative.cpp:37:9:[m[K [01;31m[Kerror: [m[K‘[01m[Kstop_flag[m[K’ was not declared in this scope
[3.573s]    37 |         [01;31m[Kstop_flag[m[K = true;
[3.573s]       |         [01;31m[K^~~~~~~~~[m[K
[3.575s] [01m[K/home/tsi/ws_moveit2/src/move_relative_ur/src/move_relative.cpp:[m[K In member function ‘[01m[Kvoid URScriptRelativeMove::[01;32m[KgetValidInput[m[K()[m[K’:
[3.575s] [01m[K/home/tsi/ws_moveit2/src/move_relative_ur/src/move_relative.cpp:75:17:[m[K [01;31m[Kerror: [m[K‘[01m[Kclcpp[m[K’ has not been declared
[3.576s]    75 |                 [01;31m[Kclcpp[m[K::spin_some(this->get_node_base_interface());  // 이벤트 처리
[3.576s]       |                 [01;31m[K^~~~~[m[K
[6.480s] gmake[2]: *** [CMakeFiles/move_relative_node.dir/build.make:76: CMakeFiles/move_relative_node.dir/src/move_relative.cpp.o] Error 1
[6.480s] gmake[1]: *** [CMakeFiles/Makefile2:627: CMakeFiles/move_relative_node.dir/all] Error 2
[6.481s] gmake: *** [Makefile:146: all] Error 2
[6.485s] Invoked command in '/home/tsi/ws_moveit2/build/move_relative_ur' returned '2': CMAKE_PREFIX_PATH=${CMAKE_PREFIX_PATH}:/home/tsi/workspace/install/moveit_configs_utils:/opt/ros/jazzy DEBUGINFOD_URLS=https://debuginfod.ubuntu.com /usr/bin/cmake --build /home/tsi/ws_moveit2/build/move_relative_ur -- -j12 -l12
