[0.130s] DEBUG:colcon:Command line arguments: ['/usr/bin/colcon', 'build', '--packages-select', 'move_relative_ur']
[0.131s] DEBUG:colcon:Parsed command line arguments: Namespace(log_base=None, log_level=None, verb_name='build', build_base='build', install_base='install', merge_install=False, symlink_install=False, test_result_base=None, continue_on_error=False, executor='parallel', parallel_workers=12, event_handlers=None, ignore_user_meta=False, metas=['./colcon.meta'], base_paths=['.'], packages_ignore=None, packages_ignore_regex=None, paths=None, packages_up_to=None, packages_up_to_regex=None, packages_above=None, packages_above_and_dependencies=None, packages_above_depth=None, packages_select_by_dep=None, packages_skip_by_dep=None, packages_skip_up_to=None, packages_select_build_failed=False, packages_skip_build_finished=False, packages_select_test_failures=False, packages_skip_test_passed=False, packages_select=['move_relative_ur'], packages_skip=None, packages_select_regex=None, packages_skip_regex=None, packages_start=None, packages_end=None, allow_overriding=[], cmake_args=None, cmake_target=None, cmake_target_skip_unavailable=False, cmake_clean_cache=False, cmake_clean_first=False, cmake_force_configure=False, ament_cmake_args=None, catkin_cmake_args=None, catkin_skip_building_tests=False, mixin_files=None, mixin=None, verb_parser=<colcon_mixin.mixin.mixin_argument.MixinArgumentDecorator object at 0x7d18394cd3d0>, verb_extension=<colcon_core.verb.build.BuildVerb object at 0x7d18394cd1c0>, main=<bound method BuildVerb.main of <colcon_core.verb.build.BuildVerb object at 0x7d18394cd1c0>>, mixin_verb=('build',))
[0.172s] Level 1:colcon.colcon_core.package_discovery:discover_packages(colcon_meta) check parameters
[0.172s] Level 1:colcon.colcon_core.package_discovery:discover_packages(recursive) check parameters
[0.172s] Level 1:colcon.colcon_core.package_discovery:discover_packages(ignore) check parameters
[0.172s] Level 1:colcon.colcon_core.package_discovery:discover_packages(path) check parameters
[0.172s] Level 1:colcon.colcon_core.package_discovery:discover_packages(colcon_meta) discover
[0.172s] Level 1:colcon.colcon_core.package_discovery:discover_packages(recursive) discover
[0.172s] INFO:colcon.colcon_core.package_discovery:Crawling recursively for packages in '/home/tsi/ws_moveit2'
[0.172s] Level 1:colcon.colcon_core.package_identification:_identify(.) by extensions ['ignore', 'ignore_ament_install']
[0.173s] Level 1:colcon.colcon_core.package_identification:_identify(.) by extension 'ignore'
[0.173s] Level 1:colcon.colcon_core.package_identification:_identify(.) by extension 'ignore_ament_install'
[0.173s] Level 1:colcon.colcon_core.package_identification:_identify(.) by extensions ['colcon_pkg']
[0.173s] Level 1:colcon.colcon_core.package_identification:_identify(.) by extension 'colcon_pkg'
[0.173s] Level 1:colcon.colcon_core.package_identification:_identify(.) by extensions ['colcon_meta']
[0.173s] Level 1:colcon.colcon_core.package_identification:_identify(.) by extension 'colcon_meta'
[0.173s] Level 1:colcon.colcon_core.package_identification:_identify(.) by extensions ['ros']
[0.173s] Level 1:colcon.colcon_core.package_identification:_identify(.) by extension 'ros'
[0.199s] Level 1:colcon.colcon_core.package_identification:_identify(.) by extensions ['cmake', 'python']
[0.199s] Level 1:colcon.colcon_core.package_identification:_identify(.) by extension 'cmake'
[0.200s] Level 1:colcon.colcon_core.package_identification:_identify(.) by extension 'python'
[0.200s] Level 1:colcon.colcon_core.package_identification:_identify(.) by extensions ['python_setup_py']
[0.200s] Level 1:colcon.colcon_core.package_identification:_identify(.) by extension 'python_setup_py'
[0.200s] Level 1:colcon.colcon_core.package_identification:_identify(build) by extensions ['ignore', 'ignore_ament_install']
[0.200s] Level 1:colcon.colcon_core.package_identification:_identify(build) by extension 'ignore'
[0.200s] Level 1:colcon.colcon_core.package_identification:_identify(build) ignored
[0.200s] Level 1:colcon.colcon_core.package_identification:_identify(install) by extensions ['ignore', 'ignore_ament_install']
[0.200s] Level 1:colcon.colcon_core.package_identification:_identify(install) by extension 'ignore'
[0.200s] Level 1:colcon.colcon_core.package_identification:_identify(install) ignored
[0.200s] Level 1:colcon.colcon_core.package_identification:_identify(log) by extensions ['ignore', 'ignore_ament_install']
[0.200s] Level 1:colcon.colcon_core.package_identification:_identify(log) by extension 'ignore'
[0.200s] Level 1:colcon.colcon_core.package_identification:_identify(log) ignored
[0.200s] Level 1:colcon.colcon_core.package_identification:_identify(src) by extensions ['ignore', 'ignore_ament_install']
[0.200s] Level 1:colcon.colcon_core.package_identification:_identify(src) by extension 'ignore'
[0.201s] Level 1:colcon.colcon_core.package_identification:_identify(src) by extension 'ignore_ament_install'
[0.201s] Level 1:colcon.colcon_core.package_identification:_identify(src) by extensions ['colcon_pkg']
[0.201s] Level 1:colcon.colcon_core.package_identification:_identify(src) by extension 'colcon_pkg'
[0.201s] Level 1:colcon.colcon_core.package_identification:_identify(src) by extensions ['colcon_meta']
[0.201s] Level 1:colcon.colcon_core.package_identification:_identify(src) by extension 'colcon_meta'
[0.201s] Level 1:colcon.colcon_core.package_identification:_identify(src) by extensions ['ros']
[0.201s] Level 1:colcon.colcon_core.package_identification:_identify(src) by extension 'ros'
[0.201s] Level 1:colcon.colcon_core.package_identification:_identify(src) by extensions ['cmake', 'python']
[0.201s] Level 1:colcon.colcon_core.package_identification:_identify(src) by extension 'cmake'
[0.201s] Level 1:colcon.colcon_core.package_identification:_identify(src) by extension 'python'
[0.201s] Level 1:colcon.colcon_core.package_identification:_identify(src) by extensions ['python_setup_py']
[0.201s] Level 1:colcon.colcon_core.package_identification:_identify(src) by extension 'python_setup_py'
[0.201s] Level 1:colcon.colcon_core.package_identification:_identify(src/build) by extensions ['ignore', 'ignore_ament_install']
[0.201s] Level 1:colcon.colcon_core.package_identification:_identify(src/build) by extension 'ignore'
[0.201s] Level 1:colcon.colcon_core.package_identification:_identify(src/build) ignored
[0.201s] Level 1:colcon.colcon_core.package_identification:_identify(src/cpp_pubsub) by extensions ['ignore', 'ignore_ament_install']
[0.201s] Level 1:colcon.colcon_core.package_identification:_identify(src/cpp_pubsub) by extension 'ignore'
[0.201s] Level 1:colcon.colcon_core.package_identification:_identify(src/cpp_pubsub) by extension 'ignore_ament_install'
[0.201s] Level 1:colcon.colcon_core.package_identification:_identify(src/cpp_pubsub) by extensions ['colcon_pkg']
[0.201s] Level 1:colcon.colcon_core.package_identification:_identify(src/cpp_pubsub) by extension 'colcon_pkg'
[0.201s] Level 1:colcon.colcon_core.package_identification:_identify(src/cpp_pubsub) by extensions ['colcon_meta']
[0.201s] Level 1:colcon.colcon_core.package_identification:_identify(src/cpp_pubsub) by extension 'colcon_meta'
[0.202s] Level 1:colcon.colcon_core.package_identification:_identify(src/cpp_pubsub) by extensions ['ros']
[0.202s] Level 1:colcon.colcon_core.package_identification:_identify(src/cpp_pubsub) by extension 'ros'
[0.204s] DEBUG:colcon.colcon_core.package_identification:Package 'src/cpp_pubsub' with type 'ros.ament_cmake' and name 'cpp_pubsub'
[0.204s] Level 1:colcon.colcon_core.package_identification:_identify(src/custom_action_interfaces) by extensions ['ignore', 'ignore_ament_install']
[0.204s] Level 1:colcon.colcon_core.package_identification:_identify(src/custom_action_interfaces) by extension 'ignore'
[0.204s] Level 1:colcon.colcon_core.package_identification:_identify(src/custom_action_interfaces) by extension 'ignore_ament_install'
[0.204s] Level 1:colcon.colcon_core.package_identification:_identify(src/custom_action_interfaces) by extensions ['colcon_pkg']
[0.204s] Level 1:colcon.colcon_core.package_identification:_identify(src/custom_action_interfaces) by extension 'colcon_pkg'
[0.204s] Level 1:colcon.colcon_core.package_identification:_identify(src/custom_action_interfaces) by extensions ['colcon_meta']
[0.204s] Level 1:colcon.colcon_core.package_identification:_identify(src/custom_action_interfaces) by extension 'colcon_meta'
[0.204s] Level 1:colcon.colcon_core.package_identification:_identify(src/custom_action_interfaces) by extensions ['ros']
[0.204s] Level 1:colcon.colcon_core.package_identification:_identify(src/custom_action_interfaces) by extension 'ros'
[0.205s] DEBUG:colcon.colcon_core.package_identification:Package 'src/custom_action_interfaces' with type 'ros.ament_cmake' and name 'custom_action_interfaces'
[0.205s] Level 1:colcon.colcon_core.package_identification:_identify(src/install) by extensions ['ignore', 'ignore_ament_install']
[0.205s] Level 1:colcon.colcon_core.package_identification:_identify(src/install) by extension 'ignore'
[0.205s] Level 1:colcon.colcon_core.package_identification:_identify(src/install) ignored
[0.205s] Level 1:colcon.colcon_core.package_identification:_identify(src/log) by extensions ['ignore', 'ignore_ament_install']
[0.205s] Level 1:colcon.colcon_core.package_identification:_identify(src/log) by extension 'ignore'
[0.205s] Level 1:colcon.colcon_core.package_identification:_identify(src/log) ignored
[0.205s] Level 1:colcon.colcon_core.package_identification:_identify(src/move_relative_ur) by extensions ['ignore', 'ignore_ament_install']
[0.205s] Level 1:colcon.colcon_core.package_identification:_identify(src/move_relative_ur) by extension 'ignore'
[0.205s] Level 1:colcon.colcon_core.package_identification:_identify(src/move_relative_ur) by extension 'ignore_ament_install'
[0.205s] Level 1:colcon.colcon_core.package_identification:_identify(src/move_relative_ur) by extensions ['colcon_pkg']
[0.205s] Level 1:colcon.colcon_core.package_identification:_identify(src/move_relative_ur) by extension 'colcon_pkg'
[0.206s] Level 1:colcon.colcon_core.package_identification:_identify(src/move_relative_ur) by extensions ['colcon_meta']
[0.206s] Level 1:colcon.colcon_core.package_identification:_identify(src/move_relative_ur) by extension 'colcon_meta'
[0.206s] Level 1:colcon.colcon_core.package_identification:_identify(src/move_relative_ur) by extensions ['ros']
[0.206s] Level 1:colcon.colcon_core.package_identification:_identify(src/move_relative_ur) by extension 'ros'
[0.206s] DEBUG:colcon.colcon_core.package_identification:Package 'src/move_relative_ur' with type 'ros.ament_cmake' and name 'move_relative_ur'
[0.206s] Level 1:colcon.colcon_core.package_identification:_identify(src/robot_move) by extensions ['ignore', 'ignore_ament_install']
[0.207s] Level 1:colcon.colcon_core.package_identification:_identify(src/robot_move) by extension 'ignore'
[0.207s] Level 1:colcon.colcon_core.package_identification:_identify(src/robot_move) by extension 'ignore_ament_install'
[0.207s] Level 1:colcon.colcon_core.package_identification:_identify(src/robot_move) by extensions ['colcon_pkg']
[0.207s] Level 1:colcon.colcon_core.package_identification:_identify(src/robot_move) by extension 'colcon_pkg'
[0.207s] Level 1:colcon.colcon_core.package_identification:_identify(src/robot_move) by extensions ['colcon_meta']
[0.207s] Level 1:colcon.colcon_core.package_identification:_identify(src/robot_move) by extension 'colcon_meta'
[0.207s] Level 1:colcon.colcon_core.package_identification:_identify(src/robot_move) by extensions ['ros']
[0.207s] Level 1:colcon.colcon_core.package_identification:_identify(src/robot_move) by extension 'ros'
[0.208s] DEBUG:colcon.colcon_core.package_identification:Package 'src/robot_move' with type 'ros.ament_cmake' and name 'robot_move'
[0.208s] Level 1:colcon.colcon_core.package_identification:_identify(src/ur_action_move) by extensions ['ignore', 'ignore_ament_install']
[0.208s] Level 1:colcon.colcon_core.package_identification:_identify(src/ur_action_move) by extension 'ignore'
[0.208s] Level 1:colcon.colcon_core.package_identification:_identify(src/ur_action_move) by extension 'ignore_ament_install'
[0.208s] Level 1:colcon.colcon_core.package_identification:_identify(src/ur_action_move) by extensions ['colcon_pkg']
[0.208s] Level 1:colcon.colcon_core.package_identification:_identify(src/ur_action_move) by extension 'colcon_pkg'
[0.208s] Level 1:colcon.colcon_core.package_identification:_identify(src/ur_action_move) by extensions ['colcon_meta']
[0.208s] Level 1:colcon.colcon_core.package_identification:_identify(src/ur_action_move) by extension 'colcon_meta'
[0.208s] Level 1:colcon.colcon_core.package_identification:_identify(src/ur_action_move) by extensions ['ros']
[0.208s] Level 1:colcon.colcon_core.package_identification:_identify(src/ur_action_move) by extension 'ros'
[0.209s] DEBUG:colcon.colcon_core.package_identification:Package 'src/ur_action_move' with type 'ros.ament_cmake' and name 'ur_action_move'
[0.209s] Level 1:colcon.colcon_core.package_discovery:discover_packages(recursive) using defaults
[0.209s] Level 1:colcon.colcon_core.package_discovery:discover_packages(ignore) discover
[0.209s] Level 1:colcon.colcon_core.package_discovery:discover_packages(ignore) using defaults
[0.209s] Level 1:colcon.colcon_core.package_discovery:discover_packages(path) discover
[0.209s] Level 1:colcon.colcon_core.package_discovery:discover_packages(path) using defaults
[0.228s] INFO:colcon.colcon_core.package_selection:Skipping not selected package 'cpp_pubsub' in 'src/cpp_pubsub'
[0.228s] INFO:colcon.colcon_core.package_selection:Skipping not selected package 'custom_action_interfaces' in 'src/custom_action_interfaces'
[0.228s] INFO:colcon.colcon_core.package_selection:Skipping not selected package 'robot_move' in 'src/robot_move'
[0.228s] INFO:colcon.colcon_core.package_selection:Skipping not selected package 'ur_action_move' in 'src/ur_action_move'
[0.229s] Level 1:colcon.colcon_core.package_discovery:discover_packages(prefix_path) check parameters
[0.229s] Level 1:colcon.colcon_core.package_discovery:discover_packages(prefix_path) discover
[0.232s] DEBUG:colcon.colcon_installed_package_information.package_discovery:Found 1 installed packages in /home/tsi/ws_moveit2/install
[0.233s] DEBUG:colcon.colcon_installed_package_information.package_discovery:Found 1 installed packages in /home/tsi/ws_moveit2/src/install
[0.234s] DEBUG:colcon.colcon_installed_package_information.package_discovery:Found 45 installed packages in /home/tsi/workspace/install
[0.236s] DEBUG:colcon.colcon_installed_package_information.package_discovery:Found 419 installed packages in /opt/ros/jazzy
[0.240s] Level 1:colcon.colcon_core.package_discovery:discover_packages(prefix_path) using defaults
[0.304s] Level 5:colcon.colcon_core.verb:set package 'move_relative_ur' build argument 'cmake_args' from command line to 'None'
[0.304s] Level 5:colcon.colcon_core.verb:set package 'move_relative_ur' build argument 'cmake_target' from command line to 'None'
[0.304s] Level 5:colcon.colcon_core.verb:set package 'move_relative_ur' build argument 'cmake_target_skip_unavailable' from command line to 'False'
[0.304s] Level 5:colcon.colcon_core.verb:set package 'move_relative_ur' build argument 'cmake_clean_cache' from command line to 'False'
[0.304s] Level 5:colcon.colcon_core.verb:set package 'move_relative_ur' build argument 'cmake_clean_first' from command line to 'False'
[0.304s] Level 5:colcon.colcon_core.verb:set package 'move_relative_ur' build argument 'cmake_force_configure' from command line to 'False'
[0.304s] Level 5:colcon.colcon_core.verb:set package 'move_relative_ur' build argument 'ament_cmake_args' from command line to 'None'
[0.304s] Level 5:colcon.colcon_core.verb:set package 'move_relative_ur' build argument 'catkin_cmake_args' from command line to 'None'
[0.304s] Level 5:colcon.colcon_core.verb:set package 'move_relative_ur' build argument 'catkin_skip_building_tests' from command line to 'False'
[0.304s] DEBUG:colcon.colcon_core.verb:Building package 'move_relative_ur' with the following arguments: {'ament_cmake_args': None, 'build_base': '/home/tsi/ws_moveit2/build/move_relative_ur', 'catkin_cmake_args': None, 'catkin_skip_building_tests': False, 'cmake_args': None, 'cmake_clean_cache': False, 'cmake_clean_first': False, 'cmake_force_configure': False, 'cmake_target': None, 'cmake_target_skip_unavailable': False, 'install_base': '/home/tsi/ws_moveit2/install/move_relative_ur', 'merge_install': False, 'path': '/home/tsi/ws_moveit2/src/move_relative_ur', 'symlink_install': False, 'test_result_base': None}
[0.304s] INFO:colcon.colcon_core.executor:Executing jobs using 'parallel' executor
[0.305s] DEBUG:colcon.colcon_parallel_executor.executor.parallel:run_until_complete
[0.306s] INFO:colcon.colcon_ros.task.ament_cmake.build:Building ROS package in '/home/tsi/ws_moveit2/src/move_relative_ur' with build type 'ament_cmake'
[0.306s] INFO:colcon.colcon_cmake.task.cmake.build:Building CMake package in '/home/tsi/ws_moveit2/src/move_relative_ur'
[0.308s] INFO:colcon.colcon_core.plugin_system:Skipping extension 'colcon_core.shell.bat': Not used on non-Windows systems
[0.309s] INFO:colcon.colcon_core.shell:Skip shell extension 'powershell' for command environment: Not usable outside of PowerShell
[0.309s] DEBUG:colcon.colcon_core.shell:Skip shell extension 'dsv' for command environment
[0.329s] DEBUG:colcon.colcon_core.event_handler.log_command:Invoking command in '/home/tsi/ws_moveit2/build/move_relative_ur': CMAKE_PREFIX_PATH=${CMAKE_PREFIX_PATH}:/home/tsi/workspace/install/moveit_configs_utils:/opt/ros/jazzy DEBUGINFOD_URLS=https://debuginfod.ubuntu.com /usr/bin/cmake --build /home/tsi/ws_moveit2/build/move_relative_ur -- -j12 -l12
[7.176s] DEBUG:colcon.colcon_core.event_handler.log_command:Invoked command in '/home/tsi/ws_moveit2/build/move_relative_ur' returned '2': CMAKE_PREFIX_PATH=${CMAKE_PREFIX_PATH}:/home/tsi/workspace/install/moveit_configs_utils:/opt/ros/jazzy DEBUGINFOD_URLS=https://debuginfod.ubuntu.com /usr/bin/cmake --build /home/tsi/ws_moveit2/build/move_relative_ur -- -j12 -l12
[7.177s] Level 1:colcon.colcon_core.environment:create_environment_scripts_only(move_relative_ur)
[7.184s] Level 1:colcon.colcon_core.environment:checking '/home/tsi/ws_moveit2/install/move_relative_ur' for CMake module files
[7.185s] Level 1:colcon.colcon_core.environment:checking '/home/tsi/ws_moveit2/install/move_relative_ur' for CMake config files
[7.187s] Level 1:colcon.colcon_core.shell:create_environment_hook('move_relative_ur', 'cmake_prefix_path')
[7.187s] INFO:colcon.colcon_core.shell:Creating environment hook '/home/tsi/ws_moveit2/install/move_relative_ur/share/move_relative_ur/hook/cmake_prefix_path.ps1'
[7.188s] INFO:colcon.colcon_core.shell:Creating environment descriptor '/home/tsi/ws_moveit2/install/move_relative_ur/share/move_relative_ur/hook/cmake_prefix_path.dsv'
[7.189s] INFO:colcon.colcon_core.shell:Creating environment hook '/home/tsi/ws_moveit2/install/move_relative_ur/share/move_relative_ur/hook/cmake_prefix_path.sh'
[7.191s] Level 1:colcon.colcon_core.environment:checking '/home/tsi/ws_moveit2/install/move_relative_ur/lib'
[7.191s] Level 1:colcon.colcon_core.shell:create_environment_hook('move_relative_ur', 'ld_library_path_lib')
[7.191s] INFO:colcon.colcon_core.shell:Creating environment hook '/home/tsi/ws_moveit2/install/move_relative_ur/share/move_relative_ur/hook/ld_library_path_lib.ps1'
[7.192s] INFO:colcon.colcon_core.shell:Creating environment descriptor '/home/tsi/ws_moveit2/install/move_relative_ur/share/move_relative_ur/hook/ld_library_path_lib.dsv'
[7.193s] INFO:colcon.colcon_core.shell:Creating environment hook '/home/tsi/ws_moveit2/install/move_relative_ur/share/move_relative_ur/hook/ld_library_path_lib.sh'
[7.193s] Level 1:colcon.colcon_core.environment:checking '/home/tsi/ws_moveit2/install/move_relative_ur/bin'
[7.193s] Level 1:colcon.colcon_core.environment:checking '/home/tsi/ws_moveit2/install/move_relative_ur/lib/pkgconfig/move_relative_ur.pc'
[7.194s] Level 1:colcon.colcon_core.environment:checking '/home/tsi/ws_moveit2/install/move_relative_ur/lib/python3.12/site-packages'
[7.194s] Level 1:colcon.colcon_core.shell:create_environment_hook('move_relative_ur', 'pythonpath')
[7.195s] INFO:colcon.colcon_core.shell:Creating environment hook '/home/tsi/ws_moveit2/install/move_relative_ur/share/move_relative_ur/hook/pythonpath.ps1'
[7.195s] INFO:colcon.colcon_core.shell:Creating environment descriptor '/home/tsi/ws_moveit2/install/move_relative_ur/share/move_relative_ur/hook/pythonpath.dsv'
[7.196s] INFO:colcon.colcon_core.shell:Creating environment hook '/home/tsi/ws_moveit2/install/move_relative_ur/share/move_relative_ur/hook/pythonpath.sh'
[7.196s] Level 1:colcon.colcon_core.environment:checking '/home/tsi/ws_moveit2/install/move_relative_ur/bin'
[7.197s] INFO:colcon.colcon_core.shell:Creating package script '/home/tsi/ws_moveit2/install/move_relative_ur/share/move_relative_ur/package.ps1'
[7.198s] INFO:colcon.colcon_core.shell:Creating package descriptor '/home/tsi/ws_moveit2/install/move_relative_ur/share/move_relative_ur/package.dsv'
[7.199s] INFO:colcon.colcon_core.shell:Creating package script '/home/tsi/ws_moveit2/install/move_relative_ur/share/move_relative_ur/package.sh'
[7.200s] INFO:colcon.colcon_core.shell:Creating package script '/home/tsi/ws_moveit2/install/move_relative_ur/share/move_relative_ur/package.bash'
[7.201s] INFO:colcon.colcon_core.shell:Creating package script '/home/tsi/ws_moveit2/install/move_relative_ur/share/move_relative_ur/package.zsh'
[7.202s] Level 1:colcon.colcon_core.environment:create_file_with_runtime_dependencies(/home/tsi/ws_moveit2/install/move_relative_ur/share/colcon-core/packages/move_relative_ur)
[7.213s] DEBUG:colcon.colcon_parallel_executor.executor.parallel:closing loop
[7.213s] DEBUG:colcon.colcon_parallel_executor.executor.parallel:loop closed
[7.213s] DEBUG:colcon.colcon_parallel_executor.executor.parallel:run_until_complete finished with '2'
[7.213s] DEBUG:colcon.colcon_core.event_reactor:joining thread
[7.221s] INFO:colcon.colcon_core.plugin_system:Skipping extension 'colcon_notification.desktop_notification.terminal_notifier': Not used on non-Darwin systems
[7.221s] INFO:colcon.colcon_core.plugin_system:Skipping extension 'colcon_notification.desktop_notification.win32': Not used on non-Windows systems
[7.221s] INFO:colcon.colcon_notification.desktop_notification:Sending desktop notification using 'notify2'
[7.246s] DEBUG:colcon.colcon_core.event_reactor:joined thread
[7.247s] INFO:colcon.colcon_core.shell:Creating prefix script '/home/tsi/ws_moveit2/install/local_setup.ps1'
[7.251s] INFO:colcon.colcon_core.shell:Creating prefix util module '/home/tsi/ws_moveit2/install/_local_setup_util_ps1.py'
[7.257s] INFO:colcon.colcon_core.shell:Creating prefix chain script '/home/tsi/ws_moveit2/install/setup.ps1'
[7.266s] INFO:colcon.colcon_core.shell:Creating prefix script '/home/tsi/ws_moveit2/install/local_setup.sh'
[7.267s] INFO:colcon.colcon_core.shell:Creating prefix util module '/home/tsi/ws_moveit2/install/_local_setup_util_sh.py'
[7.291s] INFO:colcon.colcon_core.shell:Creating prefix chain script '/home/tsi/ws_moveit2/install/setup.sh'
[7.295s] INFO:colcon.colcon_core.shell:Creating prefix script '/home/tsi/ws_moveit2/install/local_setup.bash'
[7.296s] INFO:colcon.colcon_core.shell:Creating prefix chain script '/home/tsi/ws_moveit2/install/setup.bash'
[7.299s] INFO:colcon.colcon_core.shell:Creating prefix script '/home/tsi/ws_moveit2/install/local_setup.zsh'
[7.300s] INFO:colcon.colcon_core.shell:Creating prefix chain script '/home/tsi/ws_moveit2/install/setup.zsh'
