[0.040s] Invoking command in '/home/tsi/ws_moveit2/build/move_relative_ur': CMAKE_PREFIX_PATH=${CMAKE_PREFIX_PATH}:/home/tsi/workspace/install/moveit_configs_utils:/opt/ros/jazzy DEBUGINFOD_URLS=https://debuginfod.ubuntu.com /usr/bin/cmake --build /home/tsi/ws_moveit2/build/move_relative_ur -- -j12 -l12
[0.193s] [  2%] Built target move_relative_ur__rosidl_generator_type_description
[0.211s] [  2%] Built target ament_cmake_python_symlink_move_relative_ur
[0.259s] [ 15%] Built target move_relative_ur__rosidl_generator_c
[0.268s] [ 18%] Built target move_relative_ur__cpp
[0.332s] [ 34%] Built target move_relative_ur__rosidl_typesupport_c
[0.332s] [ 34%] Built target move_relative_ur__rosidl_typesupport_fastrtps_c
[0.333s] [ 42%] Built target move_relative_ur__rosidl_typesupport_fastrtps_cpp
[0.333s] [ 50%] Built target move_relative_ur__rosidl_typesupport_introspection_cpp
[0.338s] [ 57%] Built target move_relative_ur__rosidl_typesupport_introspection_c
[0.367s] [ 65%] Built target move_relative_ur__rosidl_typesupport_cpp
[0.402s] [ 65%] Built target move_relative_ur
[0.418s] [ 71%] Built target move_relative_node
[0.428s] [ 73%] [32mBuilding CXX object CMakeFiles/robot_monitoring_node.dir/src/move_monitoring_node.cpp.o[0m
[0.452s] [ 76%] Built target move_relative_ur__py
[0.514s] [ 81%] Built target move_relative_ur__rosidl_generator_py
[0.564s] [ 86%] Built target move_relative_ur_s__rosidl_typesupport_fastrtps_c
[0.566s] [ 92%] Built target move_relative_ur_s__rosidl_typesupport_c
[0.585s] [ 97%] Built target move_relative_ur_s__rosidl_typesupport_introspection_c
[0.752s] running egg_info
[0.817s] writing move_relative_ur.egg-info/PKG-INFO
[0.817s] writing dependency_links to move_relative_ur.egg-info/dependency_links.txt
[0.818s] writing top-level names to move_relative_ur.egg-info/top_level.txt
[0.965s] reading manifest file 'move_relative_ur.egg-info/SOURCES.txt'
[0.966s] writing manifest file 'move_relative_ur.egg-info/SOURCES.txt'
[1.018s] [ 97%] Built target ament_cmake_python_build_move_relative_ur_egg
[3.073s] [01m[K/home/tsi/ws_moveit2/src/move_relative_ur/src/move_monitoring_node.cpp:44:58:[m[K [01;31m[Kerror: [m[K‘[01m[KGetRobotMode[m[K’ in namespace ‘[01m[Kur_dashboard_msgs::msg[m[K’ does not name a type; did you mean ‘[01m[KRobotMode[m[K’?
[3.073s]    44 |     void robotModeCallback(const ur_dashboard_msgs::msg::[01;31m[KGetRobotMode[m[K::SharedPtr msg) {
[3.073s]       |                                                          [01;31m[K^~~~~~~~~~~~[m[K
[3.073s]       |                                                          [32m[KRobotMode[m[K
[3.073s] [01m[K/home/tsi/ws_moveit2/src/move_relative_ur/src/move_monitoring_node.cpp:44:82:[m[K [01;31m[Kerror: [m[Kexpected unqualified-id before ‘[01m[Kmsg[m[K’
[3.073s]    44 |     void robotModeCallback(const ur_dashboard_msgs::msg::GetRobotMode::SharedPtr [01;31m[Kmsg[m[K) {
[3.073s]       |                                                                                  [01;31m[K^~~[m[K
[3.074s] [01m[K/home/tsi/ws_moveit2/src/move_relative_ur/src/move_monitoring_node.cpp:44:81:[m[K [01;31m[Kerror: [m[Kexpected ‘[01m[K)[m[K’ before ‘[01m[Kmsg[m[K’
[3.074s]    44 |     void robotModeCallback[34m[K([m[Kconst ur_dashboard_msgs::msg::GetRobotMode::SharedPtr[01;31m[K [m[K[32m[Kmsg[m[K) {
[3.074s]       |                           [34m[K~[m[K                                                     [01;31m[K^[m[K[32m[K~~~[m[K
[3.074s]       |                                                                                 [32m[K)[m[K
[3.074s] [01m[K/home/tsi/ws_moveit2/src/move_relative_ur/src/move_monitoring_node.cpp:44:72:[m[K [01;31m[Kerror: [m[Kexpected ‘[01m[K;[m[K’ at end of member declaration
[3.074s]    44 |     void robotModeCallback(const ur_dashboard_msgs::msg::GetRobotMode::[01;31m[KSharedPtr[m[K msg) {
[3.074s]       |                                                                        [01;31m[K^~~~~~~~~[m[K
[3.074s]       |                                                                                 [32m[K;[m[K
[3.075s] [01m[K/home/tsi/ws_moveit2/src/move_relative_ur/src/move_monitoring_node.cpp:44:82:[m[K [01;31m[Kerror: [m[K‘[01m[Kmsg[m[K’ does not name a type
[3.075s]    44 |     void robotModeCallback(const ur_dashboard_msgs::msg::GetRobotMode::SharedPtr [01;31m[Kmsg[m[K) {
[3.075s]       |                                                                                  [01;31m[K^~~[m[K
[3.075s] [01m[K/home/tsi/ws_moveit2/src/move_relative_ur/src/move_monitoring_node.cpp:56:59:[m[K [01;31m[Kerror: [m[K‘[01m[KGetSafetyMode[m[K’ in namespace ‘[01m[Kur_dashboard_msgs::msg[m[K’ does not name a type; did you mean ‘[01m[KSafetyMode[m[K’?
[3.076s]    56 |     void safetyModeCallback(const ur_dashboard_msgs::msg::[01;31m[KGetSafetyMode[m[K::SharedPtr msg) {
[3.076s]       |                                                           [01;31m[K^~~~~~~~~~~~~[m[K
[3.076s]       |                                                           [32m[KSafetyMode[m[K
[3.076s] [01m[K/home/tsi/ws_moveit2/src/move_relative_ur/src/move_monitoring_node.cpp:56:84:[m[K [01;31m[Kerror: [m[Kexpected unqualified-id before ‘[01m[Kmsg[m[K’
[3.076s]    56 |     void safetyModeCallback(const ur_dashboard_msgs::msg::GetSafetyMode::SharedPtr [01;31m[Kmsg[m[K) {
[3.076s]       |                                                                                    [01;31m[K^~~[m[K
[3.076s] [01m[K/home/tsi/ws_moveit2/src/move_relative_ur/src/move_monitoring_node.cpp:56:83:[m[K [01;31m[Kerror: [m[Kexpected ‘[01m[K)[m[K’ before ‘[01m[Kmsg[m[K’
[3.076s]    56 |     void safetyModeCallback[34m[K([m[Kconst ur_dashboard_msgs::msg::GetSafetyMode::SharedPtr[01;31m[K [m[K[32m[Kmsg[m[K) {
[3.076s]       |                            [34m[K~[m[K                                                      [01;31m[K^[m[K[32m[K~~~[m[K
[3.076s]       |                                                                                   [32m[K)[m[K
[3.076s] [01m[K/home/tsi/ws_moveit2/src/move_relative_ur/src/move_monitoring_node.cpp:56:74:[m[K [01;31m[Kerror: [m[Kexpected ‘[01m[K;[m[K’ at end of member declaration
[3.077s]    56 |     void safetyModeCallback(const ur_dashboard_msgs::msg::GetSafetyMode::[01;31m[KSharedPtr[m[K msg) {
[3.077s]       |                                                                          [01;31m[K^~~~~~~~~[m[K
[3.077s]       |                                                                                   [32m[K;[m[K
[3.077s] [01m[K/home/tsi/ws_moveit2/src/move_relative_ur/src/move_monitoring_node.cpp:56:84:[m[K [01;31m[Kerror: [m[K‘[01m[Kmsg[m[K’ does not name a type
[3.077s]    56 |     void safetyModeCallback(const ur_dashboard_msgs::msg::GetSafetyMode::SharedPtr [01;31m[Kmsg[m[K) {
[3.077s]       |                                                                                    [01;31m[K^~~[m[K
[3.078s] [01m[K/home/tsi/ws_moveit2/src/move_relative_ur/src/move_monitoring_node.cpp:75:44:[m[K [01;31m[Kerror: [m[K‘[01m[KGetRobotMode[m[K’ is not a member of ‘[01m[Kur_dashboard_msgs::msg[m[K’; did you mean ‘[01m[KRobotMode[m[K’?
[3.078s]    75 |     rclcpp::Client<ur_dashboard_msgs::msg::[01;31m[KGetRobotMode[m[K>::SharedPtr robot_mode_sub_;
[3.078s]       |                                            [01;31m[K^~~~~~~~~~~~[m[K
[3.078s]       |                                            [32m[KRobotMode[m[K
[3.078s] [01m[K/home/tsi/ws_moveit2/src/move_relative_ur/src/move_monitoring_node.cpp:75:56:[m[K [01;31m[Kerror: [m[Ktemplate argument 1 is invalid
[3.078s]    75 |     rclcpp::Client<ur_dashboard_msgs::msg::GetRobotMode[01;31m[K>[m[K::SharedPtr robot_mode_sub_;
[3.078s]       |                                                        [01;31m[K^[m[K
[3.078s] [01m[K/home/tsi/ws_moveit2/src/move_relative_ur/src/move_monitoring_node.cpp:75:59:[m[K [01;31m[Kerror: [m[Kexpected ‘[01m[K;[m[K’ at end of member declaration
[3.079s]    75 |     rclcpp::Client<ur_dashboard_msgs::msg::GetRobotMode>::[01;31m[KSharedPtr[m[K robot_mode_sub_;
[3.079s]       |                                                           [01;31m[K^~~~~~~~~[m[K
[3.079s]       |                                                                    [32m[K;[m[K
[3.081s] [01m[K/home/tsi/ws_moveit2/src/move_relative_ur/src/move_monitoring_node.cpp:75:69:[m[K [01;31m[Kerror: [m[K‘[01m[Krobot_mode_sub_[m[K’ does not name a type
[3.081s]    75 |     rclcpp::Client<ur_dashboard_msgs::msg::GetRobotMode>::SharedPtr [01;31m[Krobot_mode_sub_[m[K;
[3.081s]       |                                                                     [01;31m[K^~~~~~~~~~~~~~~[m[K
[3.081s] [01m[K/home/tsi/ws_moveit2/src/move_relative_ur/src/move_monitoring_node.cpp:76:44:[m[K [01;31m[Kerror: [m[K‘[01m[KGetSafetyMode[m[K’ is not a member of ‘[01m[Kur_dashboard_msgs::msg[m[K’; did you mean ‘[01m[KSafetyMode[m[K’?
[3.081s]    76 |     rclcpp::Client<ur_dashboard_msgs::msg::[01;31m[KGetSafetyMode[m[K>::SharedPtr safety_mode_sub_;
[3.081s]       |                                            [01;31m[K^~~~~~~~~~~~~[m[K
[3.082s]       |                                            [32m[KSafetyMode[m[K
[3.082s] [01m[K/home/tsi/ws_moveit2/src/move_relative_ur/src/move_monitoring_node.cpp:76:57:[m[K [01;31m[Kerror: [m[Ktemplate argument 1 is invalid
[3.082s]    76 |     rclcpp::Client<ur_dashboard_msgs::msg::GetSafetyMode[01;31m[K>[m[K::SharedPtr safety_mode_sub_;
[3.082s]       |                                                         [01;31m[K^[m[K
[3.082s] [01m[K/home/tsi/ws_moveit2/src/move_relative_ur/src/move_monitoring_node.cpp:76:60:[m[K [01;31m[Kerror: [m[Kexpected ‘[01m[K;[m[K’ at end of member declaration
[3.082s]    76 |     rclcpp::Client<ur_dashboard_msgs::msg::GetSafetyMode>::[01;31m[KSharedPtr[m[K safety_mode_sub_;
[3.082s]       |                                                            [01;31m[K^~~~~~~~~[m[K
[3.082s]       |                                                                     [32m[K;[m[K
[3.082s] [01m[K/home/tsi/ws_moveit2/src/move_relative_ur/src/move_monitoring_node.cpp:76:60:[m[K [01;31m[Kerror: [m[Kredeclaration of ‘[01m[Kint RobotMonitoringNode::SharedPtr[m[K’
[3.082s] [01m[K/home/tsi/ws_moveit2/src/move_relative_ur/src/move_monitoring_node.cpp:75:59:[m[K [01;36m[Knote: [m[Kprevious declaration ‘[01m[Kint RobotMonitoringNode::SharedPtr[m[K’
[3.083s]    75 |     rclcpp::Client<ur_dashboard_msgs::msg::GetRobotMode>::[01;36m[KSharedPtr[m[K robot_mode_sub_;
[3.083s]       |                                                           [01;36m[K^~~~~~~~~[m[K
[3.085s] [01m[K/home/tsi/ws_moveit2/src/move_relative_ur/src/move_monitoring_node.cpp:76:70:[m[K [01;31m[Kerror: [m[K‘[01m[Ksafety_mode_sub_[m[K’ does not name a type
[3.085s]    76 |     rclcpp::Client<ur_dashboard_msgs::msg::GetSafetyMode>::SharedPtr [01;31m[Ksafety_mode_sub_[m[K;
[3.085s]       |                                                                      [01;31m[K^~~~~~~~~~~~~~~~[m[K
[3.105s] [01m[K/home/tsi/ws_moveit2/src/move_relative_ur/src/move_monitoring_node.cpp:[m[K In constructor ‘[01m[KRobotMonitoringNode::[01;32m[KRobotMonitoringNode[m[K()[m[K’:
[3.105s] [01m[K/home/tsi/ws_moveit2/src/move_relative_ur/src/move_monitoring_node.cpp:12:9:[m[K [01;31m[Kerror: [m[K‘[01m[Krobot_mode_sub_[m[K’ was not declared in this scope
[3.105s]    12 |         [01;31m[Krobot_mode_sub_[m[K = this->create_client<ur_dashboard_msgs::msg::GetRobotMode>(
[3.106s]       |         [01;31m[K^~~~~~~~~~~~~~~[m[K
[3.106s] [01m[K/home/tsi/ws_moveit2/src/move_relative_ur/src/move_monitoring_node.cpp:12:71:[m[K [01;31m[Kerror: [m[K‘[01m[KGetRobotMode[m[K’ is not a member of ‘[01m[Kur_dashboard_msgs::msg[m[K’; did you mean ‘[01m[KRobotMode[m[K’?
[3.106s]    12 |         robot_mode_sub_ = this->create_client<ur_dashboard_msgs::msg::[01;31m[KGetRobotMode[m[K>(
[3.106s]       |                                                                       [01;31m[K^~~~~~~~~~~~[m[K
[3.106s]       |                                                                       [32m[KRobotMode[m[K
[3.111s] [01m[K/home/tsi/ws_moveit2/src/move_relative_ur/src/move_monitoring_node.cpp:12:84:[m[K [01;31m[Kerror: [m[Kno matching function for call to ‘[01m[KRobotMonitoringNode::create_client<<expression error> >(const char [33], int, std::_Bind_helper<false, void (RobotMonitoringNode::*)(...), RobotMonitoringNode*, const std::_Placeholder<1>&>::type)[m[K’
[3.111s]    12 |         robot_mode_sub_ = [01;31m[Kthis->create_client<ur_dashboard_msgs::msg::GetRobotMode>([m[K
[3.111s]       |                           [01;31m[K~~~~~~~~~~~~~~~~~~~~~~~~~~~~~~~~~~~~~~~~~~~~~~~~~~~~~~~~~^[m[K
[3.111s]    13 | [01;31m[K            "/dashboard_client/get_robot_mode", 10,[m[K
[3.111s]       |             [01;31m[K~~~~~~~~~~~~~~~~~~~~~~~~~~~~~~~~~~~~~~~[m[K                                 
[3.111s]    14 | [01;31m[K            std::bind(&RobotMonitoringNode::robotModeCallback, this, std::placeholders::_1))[m[K;
[3.112s]       |             [01;31m[K~~~~~~~~~~~~~~~~~~~~~~~~~~~~~~~~~~~~~~~~~~~~~~~~~~~~~~~~~~~~~~~~~~~~~~~~~~~~~~~~[m[K
[3.112s] In file included from [01m[K/opt/ros/jazzy/include/rclcpp/rclcpp/executors/single_threaded_executor.hpp:28[m[K,
[3.112s]                  from [01m[K/opt/ros/jazzy/include/rclcpp/rclcpp/executors.hpp:22[m[K,
[3.112s]                  from [01m[K/opt/ros/jazzy/include/rclcpp/rclcpp/rclcpp.hpp:172[m[K,
[3.112s]                  from [01m[K/home/tsi/ws_moveit2/src/move_relative_ur/src/move_monitoring_node.cpp:1[m[K:
[3.112s] [01m[K/opt/ros/jazzy/include/rclcpp/rclcpp/node.hpp:271:3:[m[K [01;36m[Knote: [m[Kcandidate: ‘[01m[Ktemplate<class ServiceT> typename rclcpp::Client<ServiceT>::SharedPtr rclcpp::Node::[01;32m[Kcreate_client[m[K(const std::string&, const rmw_qos_profile_t&, rclcpp::CallbackGroup::SharedPtr)[m[K’
[3.112s]   271 |   [01;36m[Kcreate_client[m[K(
[3.112s]       |   [01;36m[K^~~~~~~~~~~~~[m[K
[3.112s] [01m[K/opt/ros/jazzy/include/rclcpp/rclcpp/node.hpp:271:3:[m[K [01;36m[Knote: [m[K  template argument deduction/substitution failed:
[3.112s] [01m[K/home/tsi/ws_moveit2/src/move_relative_ur/src/move_monitoring_node.cpp:12:84:[m[K [01;31m[Kerror: [m[Ktemplate argument 1 is invalid
[3.112s]    12 |         robot_mode_sub_ = [01;31m[Kthis->create_client<ur_dashboard_msgs::msg::GetRobotMode>([m[K
[3.112s]       |                           [01;31m[K~~~~~~~~~~~~~~~~~~~~~~~~~~~~~~~~~~~~~~~~~~~~~~~~~~~~~~~~~^[m[K
[3.113s]    13 | [01;31m[K            "/dashboard_client/get_robot_mode", 10,[m[K
[3.113s]       |             [01;31m[K~~~~~~~~~~~~~~~~~~~~~~~~~~~~~~~~~~~~~~~[m[K                                 
[3.113s]    14 | [01;31m[K            std::bind(&RobotMonitoringNode::robotModeCallback, this, std::placeholders::_1))[m[K;
[3.113s]       |             [01;31m[K~~~~~~~~~~~~~~~~~~~~~~~~~~~~~~~~~~~~~~~~~~~~~~~~~~~~~~~~~~~~~~~~~~~~~~~~~~~~~~~~[m[K
[3.113s] [01m[K/opt/ros/jazzy/include/rclcpp/rclcpp/node.hpp:285:3:[m[K [01;36m[Knote: [m[Kcandidate: ‘[01m[Ktemplate<class ServiceT> typename rclcpp::Client<ServiceT>::SharedPtr rclcpp::Node::[01;32m[Kcreate_client[m[K(const std::string&, const rclcpp::QoS&, rclcpp::CallbackGroup::SharedPtr)[m[K’
[3.113s]   285 |   [01;36m[Kcreate_client[m[K(
[3.113s]       |   [01;36m[K^~~~~~~~~~~~~[m[K
[3.113s] [01m[K/opt/ros/jazzy/include/rclcpp/rclcpp/node.hpp:285:3:[m[K [01;36m[Knote: [m[K  template argument deduction/substitution failed:
[3.113s] [01m[K/home/tsi/ws_moveit2/src/move_relative_ur/src/move_monitoring_node.cpp:12:84:[m[K [01;31m[Kerror: [m[Ktemplate argument 1 is invalid
[3.113s]    12 |         robot_mode_sub_ = [01;31m[Kthis->create_client<ur_dashboard_msgs::msg::GetRobotMode>([m[K
[3.113s]       |                           [01;31m[K~~~~~~~~~~~~~~~~~~~~~~~~~~~~~~~~~~~~~~~~~~~~~~~~~~~~~~~~~^[m[K
[3.114s]    13 | [01;31m[K            "/dashboard_client/get_robot_mode", 10,[m[K
[3.114s]       |             [01;31m[K~~~~~~~~~~~~~~~~~~~~~~~~~~~~~~~~~~~~~~~[m[K                                 
[3.114s]    14 | [01;31m[K            std::bind(&RobotMonitoringNode::robotModeCallback, this, std::placeholders::_1))[m[K;
[3.114s]       |             [01;31m[K~~~~~~~~~~~~~~~~~~~~~~~~~~~~~~~~~~~~~~~~~~~~~~~~~~~~~~~~~~~~~~~~~~~~~~~~~~~~~~~~[m[K
[3.122s] [01m[K/home/tsi/ws_moveit2/src/move_relative_ur/src/move_monitoring_node.cpp:17:9:[m[K [01;31m[Kerror: [m[K‘[01m[Ksafety_mode_sub_[m[K’ was not declared in this scope
[3.122s]    17 |         [01;31m[Ksafety_mode_sub_[m[K = this->create_client<ur_dashboard_msgs::msg::GetSafetyMode>(
[3.122s]       |         [01;31m[K^~~~~~~~~~~~~~~~[m[K
[3.122s] [01m[K/home/tsi/ws_moveit2/src/move_relative_ur/src/move_monitoring_node.cpp:17:72:[m[K [01;31m[Kerror: [m[K‘[01m[KGetSafetyMode[m[K’ is not a member of ‘[01m[Kur_dashboard_msgs::msg[m[K’; did you mean ‘[01m[KSafetyMode[m[K’?
[3.123s]    17 |         safety_mode_sub_ = this->create_client<ur_dashboard_msgs::msg::[01;31m[KGetSafetyMode[m[K>(
[3.123s]       |                                                                        [01;31m[K^~~~~~~~~~~~~[m[K
[3.123s]       |                                                                        [32m[KSafetyMode[m[K
[3.123s] [01m[K/home/tsi/ws_moveit2/src/move_relative_ur/src/move_monitoring_node.cpp:17:86:[m[K [01;31m[Kerror: [m[Kno matching function for call to ‘[01m[KRobotMonitoringNode::create_client<<expression error> >(const char [34], int, std::_Bind_helper<false, void (RobotMonitoringNode::*)(...), RobotMonitoringNode*, const std::_Placeholder<1>&>::type)[m[K’
[3.123s]    17 |         safety_mode_sub_ = [01;31m[Kthis->create_client<ur_dashboard_msgs::msg::GetSafetyMode>([m[K
[3.123s]       |                            [01;31m[K~~~~~~~~~~~~~~~~~~~~~~~~~~~~~~~~~~~~~~~~~~~~~~~~~~~~~~~~~~^[m[K
[3.123s]    18 | [01;31m[K            "/dashboard_client/get_safety_mode", 10,[m[K
[3.123s]       |             [01;31m[K~~~~~~~~~~~~~~~~~~~~~~~~~~~~~~~~~~~~~~~~[m[K                                  
[3.123s]    19 | [01;31m[K            std::bind(&RobotMonitoringNode::safetyModeCallback, this, std::placeholders::_1))[m[K;
[3.124s]       |             [01;31m[K~~~~~~~~~~~~~~~~~~~~~~~~~~~~~~~~~~~~~~~~~~~~~~~~~~~~~~~~~~~~~~~~~~~~~~~~~~~~~~~~~[m[K
[3.124s] [01m[K/opt/ros/jazzy/include/rclcpp/rclcpp/node.hpp:271:3:[m[K [01;36m[Knote: [m[Kcandidate: ‘[01m[Ktemplate<class ServiceT> typename rclcpp::Client<ServiceT>::SharedPtr rclcpp::Node::[01;32m[Kcreate_client[m[K(const std::string&, const rmw_qos_profile_t&, rclcpp::CallbackGroup::SharedPtr)[m[K’
[3.124s]   271 |   [01;36m[Kcreate_client[m[K(
[3.124s]       |   [01;36m[K^~~~~~~~~~~~~[m[K
[3.124s] [01m[K/opt/ros/jazzy/include/rclcpp/rclcpp/node.hpp:271:3:[m[K [01;36m[Knote: [m[K  template argument deduction/substitution failed:
[3.124s] [01m[K/home/tsi/ws_moveit2/src/move_relative_ur/src/move_monitoring_node.cpp:17:86:[m[K [01;31m[Kerror: [m[Ktemplate argument 1 is invalid
[3.124s]    17 |         safety_mode_sub_ = [01;31m[Kthis->create_client<ur_dashboard_msgs::msg::GetSafetyMode>([m[K
[3.124s]       |                            [01;31m[K~~~~~~~~~~~~~~~~~~~~~~~~~~~~~~~~~~~~~~~~~~~~~~~~~~~~~~~~~~^[m[K
[3.124s]    18 | [01;31m[K            "/dashboard_client/get_safety_mode", 10,[m[K
[3.124s]       |             [01;31m[K~~~~~~~~~~~~~~~~~~~~~~~~~~~~~~~~~~~~~~~~[m[K                                  
[3.125s]    19 | [01;31m[K            std::bind(&RobotMonitoringNode::safetyModeCallback, this, std::placeholders::_1))[m[K;
[3.125s]       |             [01;31m[K~~~~~~~~~~~~~~~~~~~~~~~~~~~~~~~~~~~~~~~~~~~~~~~~~~~~~~~~~~~~~~~~~~~~~~~~~~~~~~~~~[m[K
[3.125s] [01m[K/opt/ros/jazzy/include/rclcpp/rclcpp/node.hpp:285:3:[m[K [01;36m[Knote: [m[Kcandidate: ‘[01m[Ktemplate<class ServiceT> typename rclcpp::Client<ServiceT>::SharedPtr rclcpp::Node::[01;32m[Kcreate_client[m[K(const std::string&, const rclcpp::QoS&, rclcpp::CallbackGroup::SharedPtr)[m[K’
[3.125s]   285 |   [01;36m[Kcreate_client[m[K(
[3.125s]       |   [01;36m[K^~~~~~~~~~~~~[m[K
[3.125s] [01m[K/opt/ros/jazzy/include/rclcpp/rclcpp/node.hpp:285:3:[m[K [01;36m[Knote: [m[K  template argument deduction/substitution failed:
[3.125s] [01m[K/home/tsi/ws_moveit2/src/move_relative_ur/src/move_monitoring_node.cpp:17:86:[m[K [01;31m[Kerror: [m[Ktemplate argument 1 is invalid
[3.125s]    17 |         safety_mode_sub_ = [01;31m[Kthis->create_client<ur_dashboard_msgs::msg::GetSafetyMode>([m[K
[3.125s]       |                            [01;31m[K~~~~~~~~~~~~~~~~~~~~~~~~~~~~~~~~~~~~~~~~~~~~~~~~~~~~~~~~~~^[m[K
[3.126s]    18 | [01;31m[K            "/dashboard_client/get_safety_mode", 10,[m[K
[3.126s]       |             [01;31m[K~~~~~~~~~~~~~~~~~~~~~~~~~~~~~~~~~~~~~~~~[m[K                                  
[3.126s]    19 | [01;31m[K            std::bind(&RobotMonitoringNode::safetyModeCallback, this, std::placeholders::_1))[m[K;
[3.126s]       |             [01;31m[K~~~~~~~~~~~~~~~~~~~~~~~~~~~~~~~~~~~~~~~~~~~~~~~~~~~~~~~~~~~~~~~~~~~~~~~~~~~~~~~~~[m[K
[4.039s] gmake[2]: *** [CMakeFiles/robot_monitoring_node.dir/build.make:76: CMakeFiles/robot_monitoring_node.dir/src/move_monitoring_node.cpp.o] Error 1
[4.039s] gmake[1]: *** [CMakeFiles/Makefile2:655: CMakeFiles/robot_monitoring_node.dir/all] Error 2
[4.040s] gmake: *** [Makefile:146: all] Error 2
[4.048s] Invoked command in '/home/tsi/ws_moveit2/build/move_relative_ur' returned '2': CMAKE_PREFIX_PATH=${CMAKE_PREFIX_PATH}:/home/tsi/workspace/install/moveit_configs_utils:/opt/ros/jazzy DEBUGINFOD_URLS=https://debuginfod.ubuntu.com /usr/bin/cmake --build /home/tsi/ws_moveit2/build/move_relative_ur -- -j12 -l12
