[0.039s] Invoking command in '/home/tsi/ws_moveit2/build/move_relative_ur': CMAKE_PREFIX_PATH=${CMAKE_PREFIX_PATH}:/home/tsi/workspace/install/moveit_configs_utils:/opt/ros/jazzy DEBUGINFOD_URLS=https://debuginfod.ubuntu.com /usr/bin/cmake --build /home/tsi/ws_moveit2/build/move_relative_ur -- -j12 -l12
[0.166s] [  2%] Built target move_relative_ur__rosidl_generator_type_description
[0.191s] [  2%] Built target ament_cmake_python_symlink_move_relative_ur
[0.208s] [  5%] Built target move_relative_ur__cpp
[0.212s] [ 18%] Built target move_relative_ur__rosidl_generator_c
[0.257s] [ 26%] Built target move_relative_ur__rosidl_typesupport_cpp
[0.259s] [ 34%] Built target move_relative_ur__rosidl_typesupport_fastrtps_c
[0.259s] [ 42%] Built target move_relative_ur__rosidl_typesupport_fastrtps_cpp
[0.261s] [ 50%] Built target move_relative_ur__rosidl_typesupport_c
[0.261s] [ 57%] Built target move_relative_ur__rosidl_typesupport_introspection_c
[0.267s] [ 65%] Built target move_relative_ur__rosidl_typesupport_introspection_cpp
[0.311s] [ 71%] Built target move_relative_node
[0.313s] [ 71%] Built target move_relative_ur
[0.313s] [ 73%] [32mBuilding CXX object CMakeFiles/robot_monitoring_node.dir/src/move_monitoring_node.cpp.o[0m
[0.353s] [ 76%] Built target move_relative_ur__py
[0.418s] [ 81%] Built target move_relative_ur__rosidl_generator_py
[0.464s] [ 86%] Built target move_relative_ur_s__rosidl_typesupport_introspection_c
[0.464s] [ 92%] Built target move_relative_ur_s__rosidl_typesupport_fastrtps_c
[0.473s] [ 97%] Built target move_relative_ur_s__rosidl_typesupport_c
[0.633s] running egg_info
[0.689s] writing move_relative_ur.egg-info/PKG-INFO
[0.689s] writing dependency_links to move_relative_ur.egg-info/dependency_links.txt
[0.690s] writing top-level names to move_relative_ur.egg-info/top_level.txt
[0.830s] reading manifest file 'move_relative_ur.egg-info/SOURCES.txt'
[0.831s] writing manifest file 'move_relative_ur.egg-info/SOURCES.txt'
[0.888s] [ 97%] Built target ament_cmake_python_build_move_relative_ur_egg
[3.172s] [01m[K/home/tsi/ws_moveit2/src/move_relative_ur/src/move_monitoring_node.cpp:[m[K In member function ‘[01m[Kvoid RobotMonitoringNode::[01;32m[KrobotModeCallback[m[K(ur_dashboard_msgs::msg::RobotMode_<std::allocator<void> >::SharedPtr)[m[K’:
[3.173s] [01m[K/home/tsi/ws_moveit2/src/move_relative_ur/src/move_monitoring_node.cpp:45:9:[m[K [01;31m[Kerror: [m[Kexpected ‘[01m[K;[m[K’ before ‘[01m[K}[m[K’ token
[3.173s]    45 |         [01;31m[K}[m[K
[3.173s]       |         [01;31m[K^[m[K
[3.174s] [01m[K/home/tsi/ws_moveit2/src/move_relative_ur/src/move_monitoring_node.cpp:[m[K In member function ‘[01m[Kvoid RobotMonitoringNode::[01;32m[KsafetyModeCallback[m[K(ur_dashboard_msgs::msg::SafetyMode_<std::allocator<void> >::SharedPtr)[m[K’:
[3.174s] [01m[K/home/tsi/ws_moveit2/src/move_relative_ur/src/move_monitoring_node.cpp:63:9:[m[K [01;31m[Kerror: [m[Kexpected ‘[01m[K;[m[K’ before ‘[01m[K}[m[K’ token
[3.174s]    63 |         [01;31m[K}[m[K
[3.175s]       |         [01;31m[K^[m[K
[6.445s] gmake[2]: *** [CMakeFiles/robot_monitoring_node.dir/build.make:76: CMakeFiles/robot_monitoring_node.dir/src/move_monitoring_node.cpp.o] Error 1
[6.446s] gmake[1]: *** [CMakeFiles/Makefile2:655: CMakeFiles/robot_monitoring_node.dir/all] Error 2
[6.447s] gmake: *** [Makefile:146: all] Error 2
[6.453s] Invoked command in '/home/tsi/ws_moveit2/build/move_relative_ur' returned '2': CMAKE_PREFIX_PATH=${CMAKE_PREFIX_PATH}:/home/tsi/workspace/install/moveit_configs_utils:/opt/ros/jazzy DEBUGINFOD_URLS=https://debuginfod.ubuntu.com /usr/bin/cmake --build /home/tsi/ws_moveit2/build/move_relative_ur -- -j12 -l12
