[0.052s] Invoking command in '/home/tsi/ws_moveit2/build/move_relative_ur': CMAKE_PREFIX_PATH=${CMAKE_PREFIX_PATH}:/home/tsi/workspace/install/moveit_configs_utils:/opt/ros/jazzy DEBUGINFOD_URLS=https://debuginfod.ubuntu.com /usr/bin/cmake --build /home/tsi/ws_moveit2/build/move_relative_ur -- -j12 -l12
[0.182s] [  0%] Built target ament_cmake_python_symlink_move_relative_ur
[0.183s] [  2%] Built target move_relative_ur__rosidl_generator_type_description
[0.227s] [  5%] Built target move_relative_ur__cpp
[0.233s] [ 18%] Built target move_relative_ur__rosidl_generator_c
[0.282s] [ 26%] Built target move_relative_ur__rosidl_typesupport_cpp
[0.282s] [ 34%] Built target move_relative_ur__rosidl_typesupport_c
[0.282s] [ 42%] Built target move_relative_ur__rosidl_typesupport_introspection_cpp
[0.282s] [ 52%] Built target move_relative_ur__rosidl_typesupport_fastrtps_c
[0.283s] [ 57%] Built target move_relative_ur__rosidl_typesupport_introspection_c
[0.283s] [ 65%] Built target move_relative_ur__rosidl_typesupport_fastrtps_cpp
[0.337s] [ 65%] Built target move_relative_ur
[0.338s] [ 68%] [32mBuilding CXX object CMakeFiles/move_relative_node.dir/src/move_relative.cpp.o[0m
[0.355s] [ 71%] [32mBuilding CXX object CMakeFiles/robot_monitoring_node.dir/src/move_monitoring_node.cpp.o[0m
[0.376s] [ 73%] Built target move_relative_ur__py
[0.420s] [ 78%] Built target move_relative_ur__rosidl_generator_py
[0.472s] [ 84%] Built target move_relative_ur_s__rosidl_typesupport_c
[0.476s] [ 89%] Built target move_relative_ur_s__rosidl_typesupport_introspection_c
[0.476s] [ 94%] Built target move_relative_ur_s__rosidl_typesupport_fastrtps_c
[0.748s] running egg_info
[0.802s] writing move_relative_ur.egg-info/PKG-INFO
[0.803s] writing dependency_links to move_relative_ur.egg-info/dependency_links.txt
[0.803s] writing top-level names to move_relative_ur.egg-info/top_level.txt
[0.952s] reading manifest file 'move_relative_ur.egg-info/SOURCES.txt'
[0.952s] writing manifest file 'move_relative_ur.egg-info/SOURCES.txt'
[1.017s] [ 94%] Built target ament_cmake_python_build_move_relative_ur_egg
[3.523s] [01m[K/home/tsi/ws_moveit2/src/move_relative_ur/src/move_monitoring_node.cpp:[m[K In member function ‘[01m[Kvoid RobotMonitoringNode::[01;32m[KrobotProgramState[m[K(rclcpp::Client<ur_dashboard_msgs::srv::GetProgramState>::SharedFuture)[m[K’:
[3.524s] [01m[K/home/tsi/ws_moveit2/src/move_relative_ur/src/move_monitoring_node.cpp:77:47:[m[K [01;31m[Kerror: [m[Kno matching function for call to ‘[01m[Kstd::__cxx11::basic_string<char>::basic_string(int&)[m[K’
[3.525s]    77 |             if(std::string(this->safe_respones[01;31m[K)[m[K == "PAUSED" && safe_respones > 0)
[3.525s]       |                                               [01;31m[K^[m[K
[3.525s] In file included from [01m[K/usr/include/c++/13/string:54[m[K,
[3.526s]                  from [01m[K/opt/ros/jazzy/include/rclcpp/rclcpp/copy_all_parameter_values.hpp:18[m[K,
[3.526s]                  from [01m[K/opt/ros/jazzy/include/rclcpp/rclcpp/rclcpp.hpp:171[m[K,
[3.526s]                  from [01m[K/home/tsi/ws_moveit2/src/move_relative_ur/src/move_monitoring_node.cpp:1[m[K:
[3.527s] [01m[K/usr/include/c++/13/bits/basic_string.h:795:9:[m[K [01;36m[Knote: [m[Kcandidate: ‘[01m[Ktemplate<class _Tp, class> std::__cxx11::basic_string<_CharT, _Traits, _Alloc>::[01;32m[Kbasic_string[m[K(const _Tp&, const _Alloc&) [35m[K[with <template-parameter-2-2> = _Tp; _CharT = char; _Traits = std::char_traits<char>; _Alloc = std::allocator<char>][m[K[m[K’
[3.527s]   795 |         [01;36m[Kbasic_string[m[K(const _Tp& __t, const _Alloc& __a = _Alloc())
[3.527s]       |         [01;36m[K^~~~~~~~~~~~[m[K
[3.528s] [01m[K/usr/include/c++/13/bits/basic_string.h:795:9:[m[K [01;36m[Knote: [m[K  template argument deduction/substitution failed:
[3.528s] In file included from [01m[K/usr/include/c++/13/bits/move.h:37[m[K,
[3.528s]                  from [01m[K/usr/include/c++/13/bits/new_allocator.h:36[m[K,
[3.529s]                  from [01m[K/usr/include/x86_64-linux-gnu/c++/13/bits/c++allocator.h:33[m[K,
[3.529s]                  from [01m[K/usr/include/c++/13/bits/allocator.h:46[m[K,
[3.529s]                  from [01m[K/usr/include/c++/13/memory:65[m[K,
[3.530s]                  from [01m[K/opt/ros/jazzy/include/rclcpp/rclcpp/rclcpp.hpp:169[m[K:
[3.530s] /usr/include/c++/13/type_traits: In substitution of ‘[01m[Ktemplate<bool _Cond, class _Tp> using std::enable_if_t = typename std::enable_if::type [35m[K[with bool _Cond = false; _Tp = void][m[K[m[K’:
[3.530s] [01m[K/usr/include/c++/13/bits/basic_string.h:144:8:[m[K   required by substitution of ‘[01m[Ktemplate<class _CharT, class _Traits, class _Alloc> template<class _Tp, class _Res> using std::__cxx11::basic_string<_CharT, _Traits, _Alloc>::_If_sv = std::enable_if_t<std::__and_<std::is_convertible<const _Tp&, std::basic_string_view<_CharT, _Traits> >, std::__not_<std::is_convertible<const _Tp*, const std::__cxx11::basic_string<_CharT, _Traits, _Alloc>*> >, std::__not_<std::is_convertible<const _Tp&, const _CharT*> > >::value, _Res> [35m[K[with _Tp = int; _Res = void; _CharT = char; _Traits = std::char_traits<char>; _Alloc = std::allocator<char>][m[K[m[K’
[3.531s] [01m[K/usr/include/c++/13/bits/basic_string.h:792:30:[m[K   required from here
[3.531s] [01m[K/usr/include/c++/13/type_traits:2610:11:[m[K [01;31m[Kerror: [m[Kno type named ‘[01m[Ktype[m[K’ in ‘[01m[Kstruct std::enable_if<false, void>[m[K’
[3.531s]  2610 |     using [01;31m[Kenable_if_t[m[K = typename enable_if<_Cond, _Tp>::type;
[3.532s]       |           [01;31m[K^~~~~~~~~~~[m[K
[3.532s] [01m[K/usr/include/c++/13/bits/basic_string.h:783:9:[m[K [01;36m[Knote: [m[Kcandidate: ‘[01m[Ktemplate<class _Tp, class> std::__cxx11::basic_string<_CharT, _Traits, _Alloc>::[01;32m[Kbasic_string[m[K(const _Tp&, size_type, size_type, const _Alloc&) [35m[K[with <template-parameter-2-2> = _Tp; _CharT = char; _Traits = std::char_traits<char>; _Alloc = std::allocator<char>][m[K[m[K’
[3.532s]   783 |         [01;36m[Kbasic_string[m[K(const _Tp& __t, size_type __pos, size_type __n,
[3.533s]       |         [01;36m[K^~~~~~~~~~~~[m[K
[3.533s] [01m[K/usr/include/c++/13/bits/basic_string.h:783:9:[m[K [01;36m[Knote: [m[K  template argument deduction/substitution failed:
[3.535s] [01m[K/home/tsi/ws_moveit2/src/move_relative_ur/src/move_monitoring_node.cpp:77:47:[m[K [01;36m[Knote: [m[K  candidate expects 4 arguments, 1 provided
[3.535s]    77 |             if(std::string(this->safe_respones[01;36m[K)[m[K == "PAUSED" && safe_respones > 0)
[3.535s]       |                                               [01;36m[K^[m[K
[3.536s] [01m[K/usr/include/c++/13/bits/basic_string.h:760:9:[m[K [01;36m[Knote: [m[Kcandidate: ‘[01m[Ktemplate<class _InputIterator, class> std::__cxx11::basic_string<_CharT, _Traits, _Alloc>::[01;32m[Kbasic_string[m[K(_InputIterator, _InputIterator, const _Alloc&) [35m[K[with <template-parameter-2-2> = _InputIterator; _CharT = char; _Traits = std::char_traits<char>; _Alloc = std::allocator<char>][m[K[m[K’
[3.536s]   760 |         [01;36m[Kbasic_string[m[K(_InputIterator __beg, _InputIterator __end,
[3.536s]       |         [01;36m[K^~~~~~~~~~~~[m[K
[3.536s] [01m[K/usr/include/c++/13/bits/basic_string.h:760:9:[m[K [01;36m[Knote: [m[K  template argument deduction/substitution failed:
[3.536s] [01m[K/home/tsi/ws_moveit2/src/move_relative_ur/src/move_monitoring_node.cpp:77:47:[m[K [01;36m[Knote: [m[K  candidate expects 3 arguments, 1 provided
[3.537s]    77 |             if(std::string(this->safe_respones[01;36m[K)[m[K == "PAUSED" && safe_respones > 0)
[3.537s]       |                                               [01;36m[K^[m[K
[3.537s] [01m[K/usr/include/c++/13/bits/basic_string.h:664:7:[m[K [01;36m[Knote: [m[Kcandidate: ‘[01m[Ktemplate<class> std::__cxx11::basic_string<_CharT, _Traits, _Alloc>::[01;32m[Kbasic_string[m[K(size_type, _CharT, const _Alloc&) [35m[K[with _CharT = char; _Traits = std::char_traits<char>; _Alloc = std::allocator<char>][m[K[m[K’
[3.537s]   664 |       [01;36m[Kbasic_string[m[K(size_type __n, _CharT __c, const _Alloc& __a = _Alloc())
[3.537s]       |       [01;36m[K^~~~~~~~~~~~[m[K
[3.537s] [01m[K/usr/include/c++/13/bits/basic_string.h:664:7:[m[K [01;36m[Knote: [m[K  template argument deduction/substitution failed:
[3.538s] [01m[K/home/tsi/ws_moveit2/src/move_relative_ur/src/move_monitoring_node.cpp:77:47:[m[K [01;36m[Knote: [m[K  candidate expects 3 arguments, 1 provided
[3.538s]    77 |             if(std::string(this->safe_respones[01;36m[K)[m[K == "PAUSED" && safe_respones > 0)
[3.538s]       |                                               [01;36m[K^[m[K
[3.538s] [01m[K/usr/include/c++/13/bits/basic_string.h:641:7:[m[K [01;36m[Knote: [m[Kcandidate: ‘[01m[Ktemplate<class> std::__cxx11::basic_string<_CharT, _Traits, _Alloc>::[01;32m[Kbasic_string[m[K(const _CharT*, const _Alloc&) [35m[K[with _CharT = char; _Traits = std::char_traits<char>; _Alloc = std::allocator<char>][m[K[m[K’
[3.538s]   641 |       [01;36m[Kbasic_string[m[K(const _CharT* __s, const _Alloc& __a = _Alloc())
[3.539s]       |       [01;36m[K^~~~~~~~~~~~[m[K
[3.539s] [01m[K/usr/include/c++/13/bits/basic_string.h:641:7:[m[K [01;36m[Knote: [m[K  template argument deduction/substitution failed:
[3.539s] [01m[K/home/tsi/ws_moveit2/src/move_relative_ur/src/move_monitoring_node.cpp:77:34:[m[K [01;36m[Knote: [m[K  cannot convert ‘[01m[K((RobotMonitoringNode*)this)->RobotMonitoringNode::safe_respones[m[K’ (type ‘[01m[Kint[m[K’) to type ‘[01m[Kconst char*[m[K’
[3.539s]    77 |             if(std::string([01;36m[Kthis->safe_respones[m[K) == "PAUSED" && safe_respones > 0)
[3.539s]       |                            [01;36m[K~~~~~~^~~~~~~~~~~~~[m[K
[3.540s] [01m[K/usr/include/c++/13/bits/basic_string.h:716:7:[m[K [01;36m[Knote: [m[Kcandidate: ‘[01m[Kstd::__cxx11::basic_string<_CharT, _Traits, _Alloc>::[01;32m[Kbasic_string[m[K(std::__cxx11::basic_string<_CharT, _Traits, _Alloc>&&, const _Alloc&) [35m[K[with _CharT = char; _Traits = std::char_traits<char>; _Alloc = std::allocator<char>][m[K[m[K’
[3.540s]   716 |       [01;36m[Kbasic_string[m[K(basic_string&& __str, const _Alloc& __a)
[3.540s]       |       [01;36m[K^~~~~~~~~~~~[m[K
[3.540s] [01m[K/usr/include/c++/13/bits/basic_string.h:716:7:[m[K [01;36m[Knote: [m[K  candidate expects 2 arguments, 1 provided
[3.540s] [01m[K/usr/include/c++/13/bits/basic_string.h:711:7:[m[K [01;36m[Knote: [m[Kcandidate: ‘[01m[Kstd::__cxx11::basic_string<_CharT, _Traits, _Alloc>::[01;32m[Kbasic_string[m[K(const std::__cxx11::basic_string<_CharT, _Traits, _Alloc>&, const _Alloc&) [35m[K[with _CharT = char; _Traits = std::char_traits<char>; _Alloc = std::allocator<char>][m[K[m[K’
[3.541s]   711 |       [01;36m[Kbasic_string[m[K(const basic_string& __str, const _Alloc& __a)
[3.541s]       |       [01;36m[K^~~~~~~~~~~~[m[K
[3.541s] [01m[K/usr/include/c++/13/bits/basic_string.h:711:7:[m[K [01;36m[Knote: [m[K  candidate expects 2 arguments, 1 provided
[3.541s] [01m[K/usr/include/c++/13/bits/basic_string.h:706:7:[m[K [01;36m[Knote: [m[Kcandidate: ‘[01m[Kstd::__cxx11::basic_string<_CharT, _Traits, _Alloc>::[01;32m[Kbasic_string[m[K(std::initializer_list<_Tp>, const _Alloc&) [35m[K[with _CharT = char; _Traits = std::char_traits<char>; _Alloc = std::allocator<char>][m[K[m[K’
[3.541s]   706 |       [01;36m[Kbasic_string[m[K(initializer_list<_CharT> __l, const _Alloc& __a = _Alloc())
[3.542s]       |       [01;36m[K^~~~~~~~~~~~[m[K
[3.542s] [01m[K/usr/include/c++/13/bits/basic_string.h:706:45:[m[K [01;36m[Knote: [m[K  no known conversion for argument 1 from ‘[01m[Kint[m[K’ to ‘[01m[Kstd::initializer_list<char>[m[K’
[3.542s]   706 |       basic_string([01;36m[Kinitializer_list<_CharT> __l[m[K, const _Alloc& __a = _Alloc())
[3.542s]       |                    [01;36m[K~~~~~~~~~~~~~~~~~~~~~~~~~^~~[m[K
[3.542s] [01m[K/usr/include/c++/13/bits/basic_string.h:677:7:[m[K [01;36m[Knote: [m[Kcandidate: ‘[01m[Kstd::__cxx11::basic_string<_CharT, _Traits, _Alloc>::[01;32m[Kbasic_string[m[K(std::__cxx11::basic_string<_CharT, _Traits, _Alloc>&&) [35m[K[with _CharT = char; _Traits = std::char_traits<char>; _Alloc = std::allocator<char>][m[K[m[K’
[3.543s]   677 |       [01;36m[Kbasic_string[m[K(basic_string&& __str) noexcept
[3.543s]       |       [01;36m[K^~~~~~~~~~~~[m[K
[3.543s] [01m[K/usr/include/c++/13/bits/basic_string.h:677:35:[m[K [01;36m[Knote: [m[K  no known conversion for argument 1 from ‘[01m[Kint[m[K’ to ‘[01m[Kstd::__cxx11::basic_string<char>&&[m[K’
[3.543s]   677 |       basic_string([01;36m[Kbasic_string&& __str[m[K) noexcept
[3.543s]       |                    [01;36m[K~~~~~~~~~~~~~~~^~~~~[m[K
[3.543s] [01m[K/usr/include/c++/13/bits/basic_string.h:619:7:[m[K [01;36m[Knote: [m[Kcandidate: ‘[01m[Kstd::__cxx11::basic_string<_CharT, _Traits, _Alloc>::[01;32m[Kbasic_string[m[K(const _CharT*, size_type, const _Alloc&) [35m[K[with _CharT = char; _Traits = std::char_traits<char>; _Alloc = std::allocator<char>; size_type = long unsigned int][m[K[m[K’
[3.544s]   619 |       [01;36m[Kbasic_string[m[K(const _CharT* __s, size_type __n,
[3.544s]       |       [01;36m[K^~~~~~~~~~~~[m[K
[3.544s] [01m[K/usr/include/c++/13/bits/basic_string.h:619:7:[m[K [01;36m[Knote: [m[K  candidate expects 3 arguments, 1 provided
[3.544s] [01m[K/usr/include/c++/13/bits/basic_string.h:599:7:[m[K [01;36m[Knote: [m[Kcandidate: ‘[01m[Kstd::__cxx11::basic_string<_CharT, _Traits, _Alloc>::[01;32m[Kbasic_string[m[K(const std::__cxx11::basic_string<_CharT, _Traits, _Alloc>&, size_type, size_type, const _Alloc&) [35m[K[with _CharT = char; _Traits = std::char_traits<char>; _Alloc = std::allocator<char>; size_type = long unsigned int][m[K[m[K’
[3.544s]   599 |       [01;36m[Kbasic_string[m[K(const basic_string& __str, size_type __pos,
[3.545s]       |       [01;36m[K^~~~~~~~~~~~[m[K
[3.545s] [01m[K/usr/include/c++/13/bits/basic_string.h:599:7:[m[K [01;36m[Knote: [m[K  candidate expects 4 arguments, 1 provided
[3.545s] [01m[K/usr/include/c++/13/bits/basic_string.h:581:7:[m[K [01;36m[Knote: [m[Kcandidate: ‘[01m[Kstd::__cxx11::basic_string<_CharT, _Traits, _Alloc>::[01;32m[Kbasic_string[m[K(const std::__cxx11::basic_string<_CharT, _Traits, _Alloc>&, size_type, size_type) [35m[K[with _CharT = char; _Traits = std::char_traits<char>; _Alloc = std::allocator<char>; size_type = long unsigned int][m[K[m[K’
[3.545s]   581 |       [01;36m[Kbasic_string[m[K(const basic_string& __str, size_type __pos,
[3.545s]       |       [01;36m[K^~~~~~~~~~~~[m[K
[3.545s] [01m[K/usr/include/c++/13/bits/basic_string.h:581:7:[m[K [01;36m[Knote: [m[K  candidate expects 3 arguments, 1 provided
[3.546s] [01m[K/usr/include/c++/13/bits/basic_string.h:564:7:[m[K [01;36m[Knote: [m[Kcandidate: ‘[01m[Kstd::__cxx11::basic_string<_CharT, _Traits, _Alloc>::[01;32m[Kbasic_string[m[K(const std::__cxx11::basic_string<_CharT, _Traits, _Alloc>&, size_type, const _Alloc&) [35m[K[with _CharT = char; _Traits = std::char_traits<char>; _Alloc = std::allocator<char>; size_type = long unsigned int][m[K[m[K’
[3.546s]   564 |       [01;36m[Kbasic_string[m[K(const basic_string& __str, size_type __pos,
[3.546s]       |       [01;36m[K^~~~~~~~~~~~[m[K
[3.546s] [01m[K/usr/include/c++/13/bits/basic_string.h:564:7:[m[K [01;36m[Knote: [m[K  candidate expects 3 arguments, 1 provided
[3.546s] [01m[K/usr/include/c++/13/bits/basic_string.h:547:7:[m[K [01;36m[Knote: [m[Kcandidate: ‘[01m[Kstd::__cxx11::basic_string<_CharT, _Traits, _Alloc>::[01;32m[Kbasic_string[m[K(const std::__cxx11::basic_string<_CharT, _Traits, _Alloc>&) [35m[K[with _CharT = char; _Traits = std::char_traits<char>; _Alloc = std::allocator<char>][m[K[m[K’
[3.546s]   547 |       [01;36m[Kbasic_string[m[K(const basic_string& __str)
[3.547s]       |       [01;36m[K^~~~~~~~~~~~[m[K
[3.547s] [01m[K/usr/include/c++/13/bits/basic_string.h:547:40:[m[K [01;36m[Knote: [m[K  no known conversion for argument 1 from ‘[01m[Kint[m[K’ to ‘[01m[Kconst std::__cxx11::basic_string<char>&[m[K’
[3.547s]   547 |       basic_string([01;36m[Kconst basic_string& __str[m[K)
[3.547s]       |                    [01;36m[K~~~~~~~~~~~~~~~~~~~~^~~~~[m[K
[3.547s] [01m[K/usr/include/c++/13/bits/basic_string.h:535:7:[m[K [01;36m[Knote: [m[Kcandidate: ‘[01m[Kstd::__cxx11::basic_string<_CharT, _Traits, _Alloc>::[01;32m[Kbasic_string[m[K(const _Alloc&) [35m[K[with _CharT = char; _Traits = std::char_traits<char>; _Alloc = std::allocator<char>][m[K[m[K’
[3.547s]   535 |       [01;36m[Kbasic_string[m[K(const _Alloc& __a) _GLIBCXX_NOEXCEPT
[3.548s]       |       [01;36m[K^~~~~~~~~~~~[m[K
[3.548s] [01m[K/usr/include/c++/13/bits/basic_string.h:535:34:[m[K [01;36m[Knote: [m[K  no known conversion for argument 1 from ‘[01m[Kint[m[K’ to ‘[01m[Kconst std::allocator<char>&[m[K’
[3.548s]   535 |       basic_string([01;36m[Kconst _Alloc& __a[m[K) _GLIBCXX_NOEXCEPT
[3.548s]       |                    [01;36m[K~~~~~~~~~~~~~~^~~[m[K
[3.548s] [01m[K/usr/include/c++/13/bits/basic_string.h:522:7:[m[K [01;36m[Knote: [m[Kcandidate: ‘[01m[Kstd::__cxx11::basic_string<_CharT, _Traits, _Alloc>::[01;32m[Kbasic_string[m[K() [35m[K[with _CharT = char; _Traits = std::char_traits<char>; _Alloc = std::allocator<char>][m[K[m[K’
[3.549s]   522 |       [01;36m[Kbasic_string[m[K()
[3.549s]       |       [01;36m[K^~~~~~~~~~~~[m[K
[3.549s] [01m[K/usr/include/c++/13/bits/basic_string.h:522:7:[m[K [01;36m[Knote: [m[K  candidate expects 0 arguments, 1 provided
[3.549s] [01m[K/usr/include/c++/13/bits/basic_string.h:176:7:[m[K [01;36m[Knote: [m[Kcandidate: ‘[01m[Kstd::__cxx11::basic_string<_CharT, _Traits, _Alloc>::[01;32m[Kbasic_string[m[K(__sv_wrapper, const _Alloc&) [35m[K[with _CharT = char; _Traits = std::char_traits<char>; _Alloc = std::allocator<char>][m[K[m[K’
[3.550s]   176 |       [01;36m[Kbasic_string[m[K(__sv_wrapper __svw, const _Alloc& __a)
[3.550s]       |       [01;36m[K^~~~~~~~~~~~[m[K
[3.550s] [01m[K/usr/include/c++/13/bits/basic_string.h:176:7:[m[K [01;36m[Knote: [m[K  candidate expects 2 arguments, 1 provided
[3.550s] [01m[K/home/tsi/ws_moveit2/src/move_relative_ur/src/move_monitoring_node.cpp:[m[K In member function ‘[01m[Kvoid RobotMonitoringNode::[01;32m[KsafetyModeResponse[m[K(rclcpp::Client<ur_dashboard_msgs::srv::GetSafetyMode>::SharedFuture)[m[K’:
[3.551s] [01m[K/home/tsi/ws_moveit2/src/move_relative_ur/src/move_monitoring_node.cpp:270:17:[m[K [01;31m[Kerror: [m[Kexpected ‘[01m[K;[m[K’ before ‘[01m[Kbreak[m[K’
[3.551s]   270 |                 [01;31m[Kbreak[m[K;
[3.552s]       |                 [01;31m[K^~~~~[m[K
[3.552s] [01m[K/home/tsi/ws_moveit2/src/move_relative_ur/src/move_monitoring_node.cpp:277:17:[m[K [01;31m[Kerror: [m[Kexpected ‘[01m[K;[m[K’ before ‘[01m[Kbreak[m[K’
[3.552s]   277 |                 [01;31m[Kbreak[m[K;
[3.552s]       |                 [01;31m[K^~~~~[m[K
[3.574s] [01m[K/home/tsi/ws_moveit2/src/move_relative_ur/src/move_relative.cpp:55:43:[m[K [01;31m[Kerror: [m[K‘[01m[Kur_dashboard_msgs[m[K’ was not declared in this scope
[3.574s]    55 |     void robotProgramState(rclcpp::Client<[01;31m[Kur_dashboard_msgs[m[K::srv::GetProgramState>::SharedFuture future)
[3.574s]       |                                           [01;31m[K^~~~~~~~~~~~~~~~~[m[K
[3.574s] [01m[K/home/tsi/ws_moveit2/src/move_relative_ur/src/move_relative.cpp:55:82:[m[K [01;31m[Kerror: [m[Ktemplate argument 1 is invalid
[3.575s]    55 | obotProgramState(rclcpp::Client<ur_dashboard_msgs::srv::GetProgramState[01;31m[K>[m[K::SharedFuture future)
[3.575s]       |                                                                        [01;31m[K^[m[K
[3.575s] 
[3.587s] [01m[K/home/tsi/ws_moveit2/src/move_relative_ur/src/move_relative.cpp:55:43:[m[K [01;31m[Kerror: [m[K‘[01m[Kur_dashboard_msgs[m[K’ was not declared in this scope
[3.587s]    55 |     void robotProgramState(rclcpp::Client<[01;31m[Kur_dashboard_msgs[m[K::srv::GetProgramState>::SharedFuture future)
[3.587s]       |                                           [01;31m[K^~~~~~~~~~~~~~~~~[m[K
[3.587s] [01m[K/home/tsi/ws_moveit2/src/move_relative_ur/src/move_relative.cpp:55:82:[m[K [01;31m[Kerror: [m[Ktemplate argument 1 is invalid
[3.587s]    55 | obotProgramState(rclcpp::Client<ur_dashboard_msgs::srv::GetProgramState[01;31m[K>[m[K::SharedFuture future)
[3.588s]       |                                                                        [01;31m[K^[m[K
[3.588s] 
[3.600s] [01m[K/home/tsi/ws_moveit2/src/move_relative_ur/src/move_relative.cpp:55:43:[m[K [01;31m[Kerror: [m[K‘[01m[Kur_dashboard_msgs[m[K’ was not declared in this scope
[3.600s]    55 |     void robotProgramState(rclcpp::Client<[01;31m[Kur_dashboard_msgs[m[K::srv::GetProgramState>::SharedFuture future)
[3.600s]       |                                           [01;31m[K^~~~~~~~~~~~~~~~~[m[K
[3.601s] [01m[K/home/tsi/ws_moveit2/src/move_relative_ur/src/move_relative.cpp:55:82:[m[K [01;31m[Kerror: [m[Ktemplate argument 1 is invalid
[3.601s]    55 | obotProgramState(rclcpp::Client<ur_dashboard_msgs::srv::GetProgramState[01;31m[K>[m[K::SharedFuture future)
[3.601s]       |                                                                        [01;31m[K^[m[K
[3.602s] 
[3.602s] [01m[K/home/tsi/ws_moveit2/src/move_relative_ur/src/move_relative.cpp:55:28:[m[K [01;31m[Kerror: [m[Kinvalid template-id
[3.602s]    55 |     void robotProgramState([01;31m[Krclcpp[m[K::Client<ur_dashboard_msgs::srv::GetProgramState>::SharedFuture future)
[3.603s]       |                            [01;31m[K^~~~~~[m[K
[3.603s] [01m[K/home/tsi/ws_moveit2/src/move_relative_ur/src/move_relative.cpp:55:43:[m[K [01;31m[Kerror: [m[K‘[01m[Kur_dashboard_msgs[m[K’ has not been declared
[3.603s]    55 |     void robotProgramState(rclcpp::Client<[01;31m[Kur_dashboard_msgs[m[K::srv::GetProgramState>::SharedFuture future)
[3.603s]       |                                           [01;31m[K^~~~~~~~~~~~~~~~~[m[K
[3.604s] [01m[K/home/tsi/ws_moveit2/src/move_relative_ur/src/move_relative.cpp:55:98:[m[K [01;31m[Kerror: [m[Kexpected unqualified-id before ‘[01m[Kfuture[m[K’
[3.604s]    55 | tate(rclcpp::Client<ur_dashboard_msgs::srv::GetProgramState>::SharedFuture [01;31m[Kfuture[m[K)
[3.604s]       |                                                                            [01;31m[K^~~~~~[m[K
[3.604s] 
[3.604s] [01m[K/home/tsi/ws_moveit2/src/move_relative_ur/src/move_relative.cpp:55:97:[m[K [01;31m[Kerror: [m[Kexpected ‘[01m[K)[m[K’ before ‘[01m[Kfuture[m[K’
[3.605s]    55 | tate[34m[K([m[Krclcpp::Client<ur_dashboard_msgs::srv::GetProgramState>::SharedFuture[01;31m[K [m[K[32m[Kfuture[m[K)
[3.605s]       |     [34m[K~[m[K                                                                     [01;31m[K^[m[K[32m[K~~~~~~[m[K
[3.605s]       |                                                                           [32m[K)[m[K
[3.605s] [01m[K/home/tsi/ws_moveit2/src/move_relative_ur/src/move_relative.cpp:55:85:[m[K [01;31m[Kerror: [m[Kexpected ‘[01m[K;[m[K’ at end of member declaration
[3.605s]    55 | tProgramState(rclcpp::Client<ur_dashboard_msgs::srv::GetProgramState>::[01;31m[KSharedFuture[m[K future)
[3.605s]       |                                                                        [01;31m[K^~~~~~~~~~~~[m[K
[3.606s]       |                                                                                    [32m[K;[m[K
[3.606s] [01m[K/home/tsi/ws_moveit2/src/move_relative_ur/src/move_relative.cpp:55:98:[m[K [01;31m[Kerror: [m[K‘[01m[Kfuture[m[K’ does not name a type
[3.606s]    55 | tate(rclcpp::Client<ur_dashboard_msgs::srv::GetProgramState>::SharedFuture [01;31m[Kfuture[m[K)
[3.606s]       |                                                                            [01;31m[K^~~~~~[m[K
[3.606s] 
[3.676s] [01m[K/home/tsi/ws_moveit2/src/move_relative_ur/src/move_relative.cpp:[m[K In member function ‘[01m[Kvoid URScriptRelativeMove::[01;32m[KsendRobotStatusRequest[m[K()[m[K’:
[3.677s] [01m[K/home/tsi/ws_moveit2/src/move_relative_ur/src/move_relative.cpp:43:41:[m[K [01;31m[Kerror: [m[K‘[01m[Kur_dashboard_msgs[m[K’ was not declared in this scope
[3.677s]    43 |         auto request = std::make_shared<[01;31m[Kur_dashboard_msgs[m[K::srv::GetProgramState::Request>();
[3.677s]       |                                         [01;31m[K^~~~~~~~~~~~~~~~~[m[K
[3.678s] [01m[K/home/tsi/ws_moveit2/src/move_relative_ur/src/move_relative.cpp:43:29:[m[K [01;31m[Kerror: [m[Kparse error in template argument list
[3.678s]    43 |         auto request = std::[01;31m[Kmake_shared<ur_dashboard_msgs::srv::GetProgramState::Request>[m[K();
[3.678s]       |                             [01;31m[K^~~~~~~~~~~~~~~~~~~~~~~~~~~~~~~~~~~~~~~~~~~~~~~~~~~~~~~~~~~~~[m[K
[3.679s] [01m[K/home/tsi/ws_moveit2/src/move_relative_ur/src/move_relative.cpp:43:90:[m[K [01;31m[Kerror: [m[Kno matching function for call to ‘[01m[Kmake_shared<<expression error> >()[m[K’
[3.679s]    43 | to request = [01;31m[Kstd::make_shared<ur_dashboard_msgs::srv::GetProgramState::Request>()[m[K;
[3.679s]       |              [01;31m[K~~~~~~~~~~~~~~~~~~~~~~~~~~~~~~~~~~~~~~~~~~~~~~~~~~~~~~~~~~~~~~~~~~^~[m[K
[3.680s] 
[3.680s] In file included from [01m[K/usr/include/c++/13/memory:80[m[K,
[3.680s]                  from [01m[K/opt/ros/jazzy/include/rclcpp/rclcpp/rclcpp.hpp:169[m[K,
[3.681s]                  from [01m[K/home/tsi/ws_moveit2/src/move_relative_ur/src/move_relative.cpp:1[m[K:
[3.681s] [01m[K/usr/include/c++/13/bits/shared_ptr.h:1005:5:[m[K [01;36m[Knote: [m[Kcandidate: ‘[01m[Ktemplate<class _Tp, class ... _Args> std::shared_ptr<typename std::enable_if<(! std::is_array< <template-parameter-1-1> >::value), _Tp>::type> std::[01;32m[Kmake_shared[m[K(_Args&& ...)[m[K’
[3.681s]  1005 |     [01;36m[Kmake_shared[m[K(_Args&&... __args)
[3.682s]       |     [01;36m[K^~~~~~~~~~~[m[K
[3.682s] [01m[K/usr/include/c++/13/bits/shared_ptr.h:1005:5:[m[K [01;36m[Knote: [m[K  template argument deduction/substitution failed:
[3.682s] [01m[K/home/tsi/ws_moveit2/src/move_relative_ur/src/move_relative.cpp:43:90:[m[K [01;31m[Kerror: [m[Ktemplate argument 1 is invalid
[3.683s]    43 | to request = [01;31m[Kstd::make_shared<ur_dashboard_msgs::srv::GetProgramState::Request>()[m[K;
[3.683s]       |              [01;31m[K~~~~~~~~~~~~~~~~~~~~~~~~~~~~~~~~~~~~~~~~~~~~~~~~~~~~~~~~~~~~~~~~~~^~[m[K
[3.683s] 
[3.690s] [01m[K/home/tsi/ws_moveit2/src/move_relative_ur/src/move_relative.cpp:46:17:[m[K [01;31m[Kerror: [m[K‘[01m[Krobot_status_client_[m[K’ was not declared in this scope
[3.690s]    46 |         while (![01;31m[Krobot_status_client_[m[K->wait_for_service(std::chrono::seconds(1))) {
[3.691s]       |                 [01;31m[K^~~~~~~~~~~~~~~~~~~~[m[K
[3.705s] [01m[K/home/tsi/ws_moveit2/src/move_relative_ur/src/move_relative.cpp:51:30:[m[K [01;31m[Kerror: [m[K‘[01m[Krobot_status_client_[m[K’ was not declared in this scope
[3.705s]    51 |         auto future_result = [01;31m[Krobot_status_client_[m[K->async_send_request(request,
[3.705s]       |                              [01;31m[K^~~~~~~~~~~~~~~~~~~~[m[K
[6.485s] gmake[2]: *** [CMakeFiles/move_relative_node.dir/build.make:76: CMakeFiles/move_relative_node.dir/src/move_relative.cpp.o] Error 1
[6.485s] gmake[1]: *** [CMakeFiles/Makefile2:627: CMakeFiles/move_relative_node.dir/all] Error 2
[6.485s] gmake[1]: *** Waiting for unfinished jobs....
[6.742s] gmake[2]: *** [CMakeFiles/robot_monitoring_node.dir/build.make:76: CMakeFiles/robot_monitoring_node.dir/src/move_monitoring_node.cpp.o] Error 1
[6.743s] gmake[1]: *** [CMakeFiles/Makefile2:655: CMakeFiles/robot_monitoring_node.dir/all] Error 2
[6.743s] gmake: *** [Makefile:146: all] Error 2
[6.748s] Invoked command in '/home/tsi/ws_moveit2/build/move_relative_ur' returned '2': CMAKE_PREFIX_PATH=${CMAKE_PREFIX_PATH}:/home/tsi/workspace/install/moveit_configs_utils:/opt/ros/jazzy DEBUGINFOD_URLS=https://debuginfod.ubuntu.com /usr/bin/cmake --build /home/tsi/ws_moveit2/build/move_relative_ur -- -j12 -l12
