[0.083s] Invoking command in '/home/tsi/ws_moveit2/build/move_relative_ur': CMAKE_PREFIX_PATH=${CMAKE_PREFIX_PATH}:/home/tsi/workspace/install/moveit_configs_utils:/opt/ros/jazzy DEBUGINFOD_URLS=https://debuginfod.ubuntu.com /usr/bin/cmake --build /home/tsi/ws_moveit2/build/move_relative_ur -- -j12 -l12
[0.408s] [  2%] Built target move_relative_ur__rosidl_generator_type_description
[0.419s] [  2%] Built target ament_cmake_python_symlink_move_relative_ur
[0.477s] [  5%] Built target move_relative_ur__cpp
[0.539s] [ 18%] Built target move_relative_ur__rosidl_generator_c
[0.607s] [ 26%] Built target move_relative_ur__rosidl_typesupport_c
[0.609s] [ 34%] Built target move_relative_ur__rosidl_typesupport_cpp
[0.611s] [ 42%] Built target move_relative_ur__rosidl_typesupport_introspection_c
[0.614s] [ 50%] Built target move_relative_ur__rosidl_typesupport_fastrtps_cpp
[0.619s] [ 57%] Built target move_relative_ur__rosidl_typesupport_introspection_cpp
[0.630s] [ 65%] Built target move_relative_ur__rosidl_typesupport_fastrtps_c
[0.666s] [ 65%] Built target move_relative_ur
[0.678s] [ 68%] [32mBuilding CXX object CMakeFiles/move_relative_node.dir/src/move_relative.cpp.o[0m
[0.701s] [ 71%] [32mBuilding CXX object CMakeFiles/robot_monitoring_node.dir/src/move_monitoring_node.cpp.o[0m
[0.749s] [ 73%] Built target move_relative_ur__py
[0.827s] [ 78%] Built target move_relative_ur__rosidl_generator_py
[0.873s] [ 84%] Built target move_relative_ur_s__rosidl_typesupport_introspection_c
[0.887s] [ 89%] Built target move_relative_ur_s__rosidl_typesupport_fastrtps_c
[0.899s] [ 94%] Built target move_relative_ur_s__rosidl_typesupport_c
[0.922s] running egg_info
[0.982s] writing move_relative_ur.egg-info/PKG-INFO
[0.982s] writing dependency_links to move_relative_ur.egg-info/dependency_links.txt
[0.982s] writing top-level names to move_relative_ur.egg-info/top_level.txt
[1.158s] reading manifest file 'move_relative_ur.egg-info/SOURCES.txt'
[1.173s] writing manifest file 'move_relative_ur.egg-info/SOURCES.txt'
[1.234s] [ 94%] Built target ament_cmake_python_build_move_relative_ur_egg
[11.937s] [ 97%] [32m[1mLinking CXX executable move_relative_node[0m
[12.983s] [ 97%] Built target move_relative_node
[14.109s] [100%] [32m[1mLinking CXX executable robot_monitoring_node[0m
[14.907s] [100%] Built target robot_monitoring_node
[14.935s] Invoked command in '/home/tsi/ws_moveit2/build/move_relative_ur' returned '0': CMAKE_PREFIX_PATH=${CMAKE_PREFIX_PATH}:/home/tsi/workspace/install/moveit_configs_utils:/opt/ros/jazzy DEBUGINFOD_URLS=https://debuginfod.ubuntu.com /usr/bin/cmake --build /home/tsi/ws_moveit2/build/move_relative_ur -- -j12 -l12
[14.977s] Invoking command in '/home/tsi/ws_moveit2/build/move_relative_ur': CMAKE_PREFIX_PATH=${CMAKE_PREFIX_PATH}:/home/tsi/workspace/install/moveit_configs_utils:/opt/ros/jazzy DEBUGINFOD_URLS=https://debuginfod.ubuntu.com /usr/bin/cmake --install /home/tsi/ws_moveit2/build/move_relative_ur
[15.025s] -- Install configuration: ""
[15.048s] -- Execute custom install script
[15.049s] -- Up-to-date symlink: /home/tsi/ws_moveit2/install/move_relative_ur/share/ament_index/resource_index/rosidl_interfaces/move_relative_ur
[15.050s] -- Up-to-date symlink: /home/tsi/ws_moveit2/install/move_relative_ur/share/move_relative_ur/msg/ErrorMsg.json
[15.058s] -- Up-to-date symlink: /home/tsi/ws_moveit2/install/move_relative_ur/include/move_relative_ur/move_relative_ur/msg/detail/error_msg__functions.h
[15.059s] -- Up-to-date symlink: /home/tsi/ws_moveit2/install/move_relative_ur/include/move_relative_ur/move_relative_ur/msg/detail/error_msg__struct.h
[15.059s] -- Up-to-date symlink: /home/tsi/ws_moveit2/install/move_relative_ur/include/move_relative_ur/move_relative_ur/msg/detail/error_msg__type_support.h
[15.060s] -- Up-to-date symlink: /home/tsi/ws_moveit2/install/move_relative_ur/include/move_relative_ur/move_relative_ur/msg/error_msg.h
[15.060s] -- Up-to-date symlink: /home/tsi/ws_moveit2/install/move_relative_ur/include/move_relative_ur/move_relative_ur/msg/rosidl_generator_c__visibility_control.h
[15.061s] -- Up-to-date symlink: /home/tsi/ws_moveit2/install/move_relative_ur/share/move_relative_ur/environment/library_path.sh
[15.061s] -- Up-to-date symlink: /home/tsi/ws_moveit2/install/move_relative_ur/share/move_relative_ur/environment/library_path.dsv
[15.061s] -- Up-to-date symlink: /home/tsi/ws_moveit2/install/move_relative_ur/include/move_relative_ur/move_relative_ur/msg/detail/error_msg__rosidl_typesupport_fastrtps_c.h
[15.062s] -- Up-to-date symlink: /home/tsi/ws_moveit2/install/move_relative_ur/include/move_relative_ur/move_relative_ur/msg/rosidl_typesupport_fastrtps_c__visibility_control.h
[15.062s] -- Up-to-date symlink: /home/tsi/ws_moveit2/install/move_relative_ur/include/move_relative_ur/move_relative_ur/msg/detail/error_msg__builder.hpp
[15.063s] -- Up-to-date symlink: /home/tsi/ws_moveit2/install/move_relative_ur/include/move_relative_ur/move_relative_ur/msg/detail/error_msg__struct.hpp
[15.063s] -- Up-to-date symlink: /home/tsi/ws_moveit2/install/move_relative_ur/include/move_relative_ur/move_relative_ur/msg/detail/error_msg__traits.hpp
[15.063s] -- Up-to-date symlink: /home/tsi/ws_moveit2/install/move_relative_ur/include/move_relative_ur/move_relative_ur/msg/detail/error_msg__type_support.hpp
[15.064s] -- Up-to-date symlink: /home/tsi/ws_moveit2/install/move_relative_ur/include/move_relative_ur/move_relative_ur/msg/error_msg.hpp
[15.064s] -- Up-to-date symlink: /home/tsi/ws_moveit2/install/move_relative_ur/include/move_relative_ur/move_relative_ur/msg/rosidl_generator_cpp__visibility_control.hpp
[15.065s] -- Up-to-date symlink: /home/tsi/ws_moveit2/install/move_relative_ur/include/move_relative_ur/move_relative_ur/msg/detail/error_msg__rosidl_typesupport_fastrtps_cpp.hpp
[15.065s] -- Up-to-date symlink: /home/tsi/ws_moveit2/install/move_relative_ur/include/move_relative_ur/move_relative_ur/msg/rosidl_typesupport_fastrtps_cpp__visibility_control.h
[15.065s] -- Up-to-date symlink: /home/tsi/ws_moveit2/install/move_relative_ur/include/move_relative_ur/move_relative_ur/msg/detail/error_msg__rosidl_typesupport_introspection_c.h
[15.066s] -- Up-to-date symlink: /home/tsi/ws_moveit2/install/move_relative_ur/include/move_relative_ur/move_relative_ur/msg/rosidl_typesupport_introspection_c__visibility_control.h
[15.066s] -- Up-to-date symlink: /home/tsi/ws_moveit2/install/move_relative_ur/include/move_relative_ur/move_relative_ur/msg/detail/error_msg__rosidl_typesupport_introspection_cpp.hpp
[15.067s] -- Up-to-date symlink: /home/tsi/ws_moveit2/install/move_relative_ur/share/move_relative_ur/environment/pythonpath.sh
[15.067s] -- Up-to-date symlink: /home/tsi/ws_moveit2/install/move_relative_ur/share/move_relative_ur/environment/pythonpath.dsv
[15.068s] -- Up-to-date symlink: /home/tsi/ws_moveit2/install/move_relative_ur/lib/python3.12/site-packages/move_relative_ur-0.0.1-py3.12.egg-info/PKG-INFO
[15.068s] -- Up-to-date symlink: /home/tsi/ws_moveit2/install/move_relative_ur/lib/python3.12/site-packages/move_relative_ur-0.0.1-py3.12.egg-info/SOURCES.txt
[15.069s] -- Up-to-date symlink: /home/tsi/ws_moveit2/install/move_relative_ur/lib/python3.12/site-packages/move_relative_ur-0.0.1-py3.12.egg-info/dependency_links.txt
[15.069s] -- Up-to-date symlink: /home/tsi/ws_moveit2/install/move_relative_ur/lib/python3.12/site-packages/move_relative_ur-0.0.1-py3.12.egg-info/top_level.txt
[15.069s] -- Up-to-date symlink: /home/tsi/ws_moveit2/install/move_relative_ur/lib/python3.12/site-packages/move_relative_ur/__init__.py
[15.070s] -- Up-to-date symlink: /home/tsi/ws_moveit2/install/move_relative_ur/lib/python3.12/site-packages/move_relative_ur/_move_relative_ur_s.ep.rosidl_typesupport_c.c
[15.070s] -- Up-to-date symlink: /home/tsi/ws_moveit2/install/move_relative_ur/lib/python3.12/site-packages/move_relative_ur/_move_relative_ur_s.ep.rosidl_typesupport_fastrtps_c.c
[15.070s] -- Up-to-date symlink: /home/tsi/ws_moveit2/install/move_relative_ur/lib/python3.12/site-packages/move_relative_ur/_move_relative_ur_s.ep.rosidl_typesupport_introspection_c.c
[15.071s] -- Up-to-date symlink: /home/tsi/ws_moveit2/install/move_relative_ur/lib/python3.12/site-packages/move_relative_ur/move_relative_ur_s__rosidl_typesupport_c.so
[15.071s] -- Up-to-date symlink: /home/tsi/ws_moveit2/install/move_relative_ur/lib/python3.12/site-packages/move_relative_ur/move_relative_ur_s__rosidl_typesupport_fastrtps_c.so
[15.071s] -- Up-to-date symlink: /home/tsi/ws_moveit2/install/move_relative_ur/lib/python3.12/site-packages/move_relative_ur/move_relative_ur_s__rosidl_typesupport_introspection_c.so
[15.071s] -- Up-to-date symlink: /home/tsi/ws_moveit2/install/move_relative_ur/lib/python3.12/site-packages/move_relative_ur/msg/__init__.py
[15.072s] -- Up-to-date symlink: /home/tsi/ws_moveit2/install/move_relative_ur/lib/python3.12/site-packages/move_relative_ur/msg/_error_msg.py
[15.072s] -- Up-to-date symlink: /home/tsi/ws_moveit2/install/move_relative_ur/lib/python3.12/site-packages/move_relative_ur/msg/_error_msg_s.c
[15.082s] -- Up-to-date symlink: /home/tsi/ws_moveit2/install/move_relative_ur/lib/python3.12/site-packages/move_relative_ur/move_relative_ur_s__rosidl_typesupport_fastrtps_c.so
[15.094s] -- Up-to-date symlink: /home/tsi/ws_moveit2/install/move_relative_ur/lib/python3.12/site-packages/move_relative_ur/move_relative_ur_s__rosidl_typesupport_introspection_c.so
[15.094s] -- Up-to-date symlink: /home/tsi/ws_moveit2/install/move_relative_ur/lib/python3.12/site-packages/move_relative_ur/move_relative_ur_s__rosidl_typesupport_c.so
[15.095s] -- Up-to-date symlink: /home/tsi/ws_moveit2/install/move_relative_ur/share/move_relative_ur/msg/ErrorMsg.idl
[15.096s] -- Up-to-date symlink: /home/tsi/ws_moveit2/install/move_relative_ur/share/move_relative_ur/msg/ErrorMsg.msg
[15.096s] -- Up-to-date symlink: /home/tsi/ws_moveit2/install/move_relative_ur/lib/move_relative_ur/move_relative_node
[15.097s] -- Up-to-date symlink: /home/tsi/ws_moveit2/install/move_relative_ur/lib/move_relative_ur/robot_monitoring_node
[15.097s] -- Up-to-date symlink: /home/tsi/ws_moveit2/install/move_relative_ur/share/ament_index/resource_index/package_run_dependencies/move_relative_ur
[15.098s] -- Up-to-date symlink: /home/tsi/ws_moveit2/install/move_relative_ur/share/ament_index/resource_index/parent_prefix_path/move_relative_ur
[15.098s] -- Up-to-date symlink: /home/tsi/ws_moveit2/install/move_relative_ur/share/move_relative_ur/environment/ament_prefix_path.sh
[15.099s] -- Up-to-date symlink: /home/tsi/ws_moveit2/install/move_relative_ur/share/move_relative_ur/environment/ament_prefix_path.dsv
[15.099s] -- Up-to-date symlink: /home/tsi/ws_moveit2/install/move_relative_ur/share/move_relative_ur/environment/path.sh
[15.099s] -- Up-to-date symlink: /home/tsi/ws_moveit2/install/move_relative_ur/share/move_relative_ur/environment/path.dsv
[15.100s] -- Up-to-date symlink: /home/tsi/ws_moveit2/install/move_relative_ur/share/move_relative_ur/local_setup.bash
[15.100s] -- Up-to-date symlink: /home/tsi/ws_moveit2/install/move_relative_ur/share/move_relative_ur/local_setup.sh
[15.100s] -- Up-to-date symlink: /home/tsi/ws_moveit2/install/move_relative_ur/share/move_relative_ur/local_setup.zsh
[15.101s] -- Up-to-date symlink: /home/tsi/ws_moveit2/install/move_relative_ur/share/move_relative_ur/local_setup.dsv
[15.101s] -- Symlinking: /home/tsi/ws_moveit2/install/move_relative_ur/share/move_relative_ur/package.dsv
[15.128s] -- Up-to-date symlink: /home/tsi/ws_moveit2/install/move_relative_ur/share/ament_index/resource_index/packages/move_relative_ur
[15.129s] -- Up-to-date symlink: /home/tsi/ws_moveit2/install/move_relative_ur/share/move_relative_ur/cmake/rosidl_cmake-extras.cmake
[15.129s] -- Up-to-date symlink: /home/tsi/ws_moveit2/install/move_relative_ur/share/move_relative_ur/cmake/ament_cmake_export_include_directories-extras.cmake
[15.130s] -- Up-to-date symlink: /home/tsi/ws_moveit2/install/move_relative_ur/share/move_relative_ur/cmake/ament_cmake_export_libraries-extras.cmake
[15.130s] -- Up-to-date symlink: /home/tsi/ws_moveit2/install/move_relative_ur/share/move_relative_ur/cmake/ament_cmake_export_targets-extras.cmake
[15.130s] -- Up-to-date symlink: /home/tsi/ws_moveit2/install/move_relative_ur/share/move_relative_ur/cmake/rosidl_cmake_export_typesupport_targets-extras.cmake
[15.131s] -- Up-to-date symlink: /home/tsi/ws_moveit2/install/move_relative_ur/share/move_relative_ur/cmake/ament_cmake_export_dependencies-extras.cmake
[15.131s] -- Up-to-date symlink: /home/tsi/ws_moveit2/install/move_relative_ur/share/move_relative_ur/cmake/rosidl_cmake_export_typesupport_libraries-extras.cmake
[15.132s] -- Up-to-date symlink: /home/tsi/ws_moveit2/install/move_relative_ur/share/move_relative_ur/cmake/move_relative_urConfig.cmake
[15.132s] -- Up-to-date symlink: /home/tsi/ws_moveit2/install/move_relative_ur/share/move_relative_ur/cmake/move_relative_urConfig-version.cmake
[15.132s] -- Up-to-date symlink: /home/tsi/ws_moveit2/install/move_relative_ur/share/move_relative_ur/package.xml
[15.133s] -- Up-to-date: /home/tsi/ws_moveit2/install/move_relative_ur/lib/libmove_relative_ur__rosidl_generator_c.so
[15.145s] -- Up-to-date: /home/tsi/ws_moveit2/install/move_relative_ur/lib/libmove_relative_ur__rosidl_typesupport_fastrtps_c.so
[15.146s] -- Up-to-date: /home/tsi/ws_moveit2/install/move_relative_ur/lib/libmove_relative_ur__rosidl_typesupport_fastrtps_cpp.so
[15.147s] -- Up-to-date: /home/tsi/ws_moveit2/install/move_relative_ur/lib/libmove_relative_ur__rosidl_typesupport_introspection_c.so
[15.148s] -- Up-to-date: /home/tsi/ws_moveit2/install/move_relative_ur/lib/libmove_relative_ur__rosidl_typesupport_c.so
[15.148s] -- Up-to-date: /home/tsi/ws_moveit2/install/move_relative_ur/lib/libmove_relative_ur__rosidl_typesupport_introspection_cpp.so
[15.148s] -- Up-to-date: /home/tsi/ws_moveit2/install/move_relative_ur/lib/libmove_relative_ur__rosidl_typesupport_cpp.so
[15.239s] Listing '/home/tsi/ws_moveit2/install/move_relative_ur/lib/python3.12/site-packages/move_relative_ur'...
[15.239s] Listing '/home/tsi/ws_moveit2/install/move_relative_ur/lib/python3.12/site-packages/move_relative_ur/msg'...
[15.249s] -- Up-to-date: /home/tsi/ws_moveit2/install/move_relative_ur/lib/libmove_relative_ur__rosidl_generator_py.so
[15.250s] -- Up-to-date: /home/tsi/ws_moveit2/install/move_relative_ur/share/move_relative_ur/cmake/export_move_relative_ur__rosidl_generator_cExport.cmake
[15.250s] -- Up-to-date: /home/tsi/ws_moveit2/install/move_relative_ur/share/move_relative_ur/cmake/export_move_relative_ur__rosidl_generator_cExport-noconfig.cmake
[15.250s] -- Up-to-date: /home/tsi/ws_moveit2/install/move_relative_ur/share/move_relative_ur/cmake/export_move_relative_ur__rosidl_typesupport_fastrtps_cExport.cmake
[15.251s] -- Up-to-date: /home/tsi/ws_moveit2/install/move_relative_ur/share/move_relative_ur/cmake/export_move_relative_ur__rosidl_typesupport_fastrtps_cExport-noconfig.cmake
[15.251s] -- Up-to-date: /home/tsi/ws_moveit2/install/move_relative_ur/share/move_relative_ur/cmake/export_move_relative_ur__rosidl_generator_cppExport.cmake
[15.252s] -- Up-to-date: /home/tsi/ws_moveit2/install/move_relative_ur/share/move_relative_ur/cmake/export_move_relative_ur__rosidl_typesupport_fastrtps_cppExport.cmake
[15.252s] -- Up-to-date: /home/tsi/ws_moveit2/install/move_relative_ur/share/move_relative_ur/cmake/export_move_relative_ur__rosidl_typesupport_fastrtps_cppExport-noconfig.cmake
[15.252s] -- Up-to-date: /home/tsi/ws_moveit2/install/move_relative_ur/share/move_relative_ur/cmake/move_relative_ur__rosidl_typesupport_introspection_cExport.cmake
[15.253s] -- Up-to-date: /home/tsi/ws_moveit2/install/move_relative_ur/share/move_relative_ur/cmake/move_relative_ur__rosidl_typesupport_introspection_cExport-noconfig.cmake
[15.253s] -- Up-to-date: /home/tsi/ws_moveit2/install/move_relative_ur/share/move_relative_ur/cmake/move_relative_ur__rosidl_typesupport_cExport.cmake
[15.253s] -- Up-to-date: /home/tsi/ws_moveit2/install/move_relative_ur/share/move_relative_ur/cmake/move_relative_ur__rosidl_typesupport_cExport-noconfig.cmake
[15.254s] -- Up-to-date: /home/tsi/ws_moveit2/install/move_relative_ur/share/move_relative_ur/cmake/move_relative_ur__rosidl_typesupport_introspection_cppExport.cmake
[15.254s] -- Up-to-date: /home/tsi/ws_moveit2/install/move_relative_ur/share/move_relative_ur/cmake/move_relative_ur__rosidl_typesupport_introspection_cppExport-noconfig.cmake
[15.255s] -- Up-to-date: /home/tsi/ws_moveit2/install/move_relative_ur/share/move_relative_ur/cmake/move_relative_ur__rosidl_typesupport_cppExport.cmake
[15.255s] -- Up-to-date: /home/tsi/ws_moveit2/install/move_relative_ur/share/move_relative_ur/cmake/move_relative_ur__rosidl_typesupport_cppExport-noconfig.cmake
[15.256s] -- Up-to-date: /home/tsi/ws_moveit2/install/move_relative_ur/share/move_relative_ur/cmake/export_move_relative_ur__rosidl_generator_pyExport.cmake
[15.256s] -- Up-to-date: /home/tsi/ws_moveit2/install/move_relative_ur/share/move_relative_ur/cmake/export_move_relative_ur__rosidl_generator_pyExport-noconfig.cmake
[15.257s] Invoked command in '/home/tsi/ws_moveit2/build/move_relative_ur' returned '0': CMAKE_PREFIX_PATH=${CMAKE_PREFIX_PATH}:/home/tsi/workspace/install/moveit_configs_utils:/opt/ros/jazzy DEBUGINFOD_URLS=https://debuginfod.ubuntu.com /usr/bin/cmake --install /home/tsi/ws_moveit2/build/move_relative_ur
