[0.032s] Invoking command in '/home/tsi/ws_moveit2/build/move_relative_ur': CMAKE_PREFIX_PATH=${CMAKE_PREFIX_PATH}:/home/tsi/workspace/install/moveit_configs_utils:/opt/ros/jazzy DEBUGINFOD_URLS=https://debuginfod.ubuntu.com /usr/bin/cmake --build /home/tsi/ws_moveit2/build/move_relative_ur -- -j12 -l12
[0.171s] [  2%] Built target move_relative_ur__rosidl_generator_type_description
[0.204s] [  2%] Built target ament_cmake_python_symlink_move_relative_ur
[0.221s] [ 15%] Built target move_relative_ur__rosidl_generator_c
[0.226s] [ 18%] Built target move_relative_ur__cpp
[0.270s] [ 26%] Built target move_relative_ur__rosidl_typesupport_introspection_c
[0.270s] [ 34%] Built target move_relative_ur__rosidl_typesupport_c
[0.277s] [ 42%] Built target move_relative_ur__rosidl_typesupport_fastrtps_c
[0.278s] [ 52%] Built target move_relative_ur__rosidl_typesupport_fastrtps_cpp
[0.278s] [ 57%] Built target move_relative_ur__rosidl_typesupport_cpp
[0.291s] [ 65%] Built target move_relative_ur__rosidl_typesupport_introspection_cpp
[0.332s] [ 71%] Built target move_relative_node
[0.339s] [ 73%] [32mBuilding CXX object CMakeFiles/robot_monitoring_node.dir/src/move_monitoring_node.cpp.o[0m
[0.339s] [ 73%] Built target move_relative_ur
[0.383s] [ 76%] Built target move_relative_ur__py
[0.435s] [ 81%] Built target move_relative_ur__rosidl_generator_py
[0.479s] [ 86%] Built target move_relative_ur_s__rosidl_typesupport_c
[0.484s] [ 92%] Built target move_relative_ur_s__rosidl_typesupport_fastrtps_c
[0.488s] [ 97%] Built target move_relative_ur_s__rosidl_typesupport_introspection_c
[0.699s] running egg_info
[0.750s] writing move_relative_ur.egg-info/PKG-INFO
[0.750s] writing dependency_links to move_relative_ur.egg-info/dependency_links.txt
[0.750s] writing top-level names to move_relative_ur.egg-info/top_level.txt
[0.893s] reading manifest file 'move_relative_ur.egg-info/SOURCES.txt'
[0.894s] writing manifest file 'move_relative_ur.egg-info/SOURCES.txt'
[0.964s] [ 97%] Built target ament_cmake_python_build_move_relative_ur_egg
[12.657s] [100%] [32m[1mLinking CXX executable robot_monitoring_node[0m
[13.273s] [100%] Built target robot_monitoring_node
[13.320s] Invoked command in '/home/tsi/ws_moveit2/build/move_relative_ur' returned '0': CMAKE_PREFIX_PATH=${CMAKE_PREFIX_PATH}:/home/tsi/workspace/install/moveit_configs_utils:/opt/ros/jazzy DEBUGINFOD_URLS=https://debuginfod.ubuntu.com /usr/bin/cmake --build /home/tsi/ws_moveit2/build/move_relative_ur -- -j12 -l12
[13.339s] Invoking command in '/home/tsi/ws_moveit2/build/move_relative_ur': CMAKE_PREFIX_PATH=${CMAKE_PREFIX_PATH}:/home/tsi/workspace/install/moveit_configs_utils:/opt/ros/jazzy DEBUGINFOD_URLS=https://debuginfod.ubuntu.com /usr/bin/cmake --install /home/tsi/ws_moveit2/build/move_relative_ur
[13.356s] -- Install configuration: ""
[13.356s] -- Execute custom install script
[13.357s] -- Up-to-date symlink: /home/tsi/ws_moveit2/install/move_relative_ur/share/ament_index/resource_index/rosidl_interfaces/move_relative_ur
[13.357s] -- Up-to-date symlink: /home/tsi/ws_moveit2/install/move_relative_ur/share/move_relative_ur/msg/ErrorMsg.json
[13.357s] -- Up-to-date symlink: /home/tsi/ws_moveit2/install/move_relative_ur/include/move_relative_ur/move_relative_ur/msg/detail/error_msg__functions.h
[13.358s] -- Up-to-date symlink: /home/tsi/ws_moveit2/install/move_relative_ur/include/move_relative_ur/move_relative_ur/msg/detail/error_msg__struct.h
[13.358s] -- Up-to-date symlink: /home/tsi/ws_moveit2/install/move_relative_ur/include/move_relative_ur/move_relative_ur/msg/detail/error_msg__type_support.h
[13.358s] -- Up-to-date symlink: /home/tsi/ws_moveit2/install/move_relative_ur/include/move_relative_ur/move_relative_ur/msg/error_msg.h
[13.358s] -- Up-to-date symlink: /home/tsi/ws_moveit2/install/move_relative_ur/include/move_relative_ur/move_relative_ur/msg/rosidl_generator_c__visibility_control.h
[13.358s] -- Up-to-date symlink: /home/tsi/ws_moveit2/install/move_relative_ur/share/move_relative_ur/environment/library_path.sh
[13.359s] -- Up-to-date symlink: /home/tsi/ws_moveit2/install/move_relative_ur/share/move_relative_ur/environment/library_path.dsv
[13.359s] -- Up-to-date symlink: /home/tsi/ws_moveit2/install/move_relative_ur/include/move_relative_ur/move_relative_ur/msg/detail/error_msg__rosidl_typesupport_fastrtps_c.h
[13.362s] -- Up-to-date symlink: /home/tsi/ws_moveit2/install/move_relative_ur/include/move_relative_ur/move_relative_ur/msg/rosidl_typesupport_fastrtps_c__visibility_control.h
[13.362s] -- Up-to-date symlink: /home/tsi/ws_moveit2/install/move_relative_ur/include/move_relative_ur/move_relative_ur/msg/detail/error_msg__builder.hpp
[13.362s] -- Up-to-date symlink: /home/tsi/ws_moveit2/install/move_relative_ur/include/move_relative_ur/move_relative_ur/msg/detail/error_msg__struct.hpp
[13.363s] -- Up-to-date symlink: /home/tsi/ws_moveit2/install/move_relative_ur/include/move_relative_ur/move_relative_ur/msg/detail/error_msg__traits.hpp
[13.363s] -- Up-to-date symlink: /home/tsi/ws_moveit2/install/move_relative_ur/include/move_relative_ur/move_relative_ur/msg/detail/error_msg__type_support.hpp
[13.363s] -- Up-to-date symlink: /home/tsi/ws_moveit2/install/move_relative_ur/include/move_relative_ur/move_relative_ur/msg/error_msg.hpp
[13.363s] -- Up-to-date symlink: /home/tsi/ws_moveit2/install/move_relative_ur/include/move_relative_ur/move_relative_ur/msg/rosidl_generator_cpp__visibility_control.hpp
[13.363s] -- Up-to-date symlink: /home/tsi/ws_moveit2/install/move_relative_ur/include/move_relative_ur/move_relative_ur/msg/detail/error_msg__rosidl_typesupport_fastrtps_cpp.hpp
[13.363s] -- Up-to-date symlink: /home/tsi/ws_moveit2/install/move_relative_ur/include/move_relative_ur/move_relative_ur/msg/rosidl_typesupport_fastrtps_cpp__visibility_control.h
[13.363s] -- Up-to-date symlink: /home/tsi/ws_moveit2/install/move_relative_ur/include/move_relative_ur/move_relative_ur/msg/detail/error_msg__rosidl_typesupport_introspection_c.h
[13.364s] -- Up-to-date symlink: /home/tsi/ws_moveit2/install/move_relative_ur/include/move_relative_ur/move_relative_ur/msg/rosidl_typesupport_introspection_c__visibility_control.h
[13.364s] -- Up-to-date symlink: /home/tsi/ws_moveit2/install/move_relative_ur/include/move_relative_ur/move_relative_ur/msg/detail/error_msg__rosidl_typesupport_introspection_cpp.hpp
[13.364s] -- Up-to-date symlink: /home/tsi/ws_moveit2/install/move_relative_ur/share/move_relative_ur/environment/pythonpath.sh
[13.364s] -- Up-to-date symlink: /home/tsi/ws_moveit2/install/move_relative_ur/share/move_relative_ur/environment/pythonpath.dsv
[13.365s] -- Up-to-date symlink: /home/tsi/ws_moveit2/install/move_relative_ur/lib/python3.12/site-packages/move_relative_ur-0.0.1-py3.12.egg-info/PKG-INFO
[13.365s] -- Up-to-date symlink: /home/tsi/ws_moveit2/install/move_relative_ur/lib/python3.12/site-packages/move_relative_ur-0.0.1-py3.12.egg-info/SOURCES.txt
[13.366s] -- Up-to-date symlink: /home/tsi/ws_moveit2/install/move_relative_ur/lib/python3.12/site-packages/move_relative_ur-0.0.1-py3.12.egg-info/dependency_links.txt
[13.366s] -- Up-to-date symlink: /home/tsi/ws_moveit2/install/move_relative_ur/lib/python3.12/site-packages/move_relative_ur-0.0.1-py3.12.egg-info/top_level.txt
[13.367s] -- Up-to-date symlink: /home/tsi/ws_moveit2/install/move_relative_ur/lib/python3.12/site-packages/move_relative_ur/__init__.py
[13.367s] -- Up-to-date symlink: /home/tsi/ws_moveit2/install/move_relative_ur/lib/python3.12/site-packages/move_relative_ur/_move_relative_ur_s.ep.rosidl_typesupport_c.c
[13.367s] -- Up-to-date symlink: /home/tsi/ws_moveit2/install/move_relative_ur/lib/python3.12/site-packages/move_relative_ur/_move_relative_ur_s.ep.rosidl_typesupport_fastrtps_c.c
[13.367s] -- Up-to-date symlink: /home/tsi/ws_moveit2/install/move_relative_ur/lib/python3.12/site-packages/move_relative_ur/_move_relative_ur_s.ep.rosidl_typesupport_introspection_c.c
[13.367s] -- Up-to-date symlink: /home/tsi/ws_moveit2/install/move_relative_ur/lib/python3.12/site-packages/move_relative_ur/move_relative_ur_s__rosidl_typesupport_c.so
[13.368s] -- Up-to-date symlink: /home/tsi/ws_moveit2/install/move_relative_ur/lib/python3.12/site-packages/move_relative_ur/move_relative_ur_s__rosidl_typesupport_fastrtps_c.so
[13.368s] -- Up-to-date symlink: /home/tsi/ws_moveit2/install/move_relative_ur/lib/python3.12/site-packages/move_relative_ur/move_relative_ur_s__rosidl_typesupport_introspection_c.so
[13.368s] -- Up-to-date symlink: /home/tsi/ws_moveit2/install/move_relative_ur/lib/python3.12/site-packages/move_relative_ur/msg/__init__.py
[13.368s] -- Up-to-date symlink: /home/tsi/ws_moveit2/install/move_relative_ur/lib/python3.12/site-packages/move_relative_ur/msg/_error_msg.py
[13.368s] -- Up-to-date symlink: /home/tsi/ws_moveit2/install/move_relative_ur/lib/python3.12/site-packages/move_relative_ur/msg/_error_msg_s.c
[13.368s] -- Up-to-date symlink: /home/tsi/ws_moveit2/install/move_relative_ur/lib/python3.12/site-packages/move_relative_ur/move_relative_ur_s__rosidl_typesupport_fastrtps_c.so
[13.369s] -- Up-to-date symlink: /home/tsi/ws_moveit2/install/move_relative_ur/lib/python3.12/site-packages/move_relative_ur/move_relative_ur_s__rosidl_typesupport_introspection_c.so
[13.369s] -- Up-to-date symlink: /home/tsi/ws_moveit2/install/move_relative_ur/lib/python3.12/site-packages/move_relative_ur/move_relative_ur_s__rosidl_typesupport_c.so
[13.369s] -- Up-to-date symlink: /home/tsi/ws_moveit2/install/move_relative_ur/share/move_relative_ur/msg/ErrorMsg.idl
[13.369s] -- Up-to-date symlink: /home/tsi/ws_moveit2/install/move_relative_ur/share/move_relative_ur/msg/ErrorMsg.msg
[13.370s] -- Up-to-date symlink: /home/tsi/ws_moveit2/install/move_relative_ur/lib/move_relative_ur/move_relative_node
[13.370s] -- Up-to-date symlink: /home/tsi/ws_moveit2/install/move_relative_ur/lib/move_relative_ur/robot_monitoring_node
[13.370s] -- Up-to-date symlink: /home/tsi/ws_moveit2/install/move_relative_ur/share/ament_index/resource_index/package_run_dependencies/move_relative_ur
[13.370s] -- Up-to-date symlink: /home/tsi/ws_moveit2/install/move_relative_ur/share/ament_index/resource_index/parent_prefix_path/move_relative_ur
[13.371s] -- Up-to-date symlink: /home/tsi/ws_moveit2/install/move_relative_ur/share/move_relative_ur/environment/ament_prefix_path.sh
[13.371s] -- Up-to-date symlink: /home/tsi/ws_moveit2/install/move_relative_ur/share/move_relative_ur/environment/ament_prefix_path.dsv
[13.371s] -- Up-to-date symlink: /home/tsi/ws_moveit2/install/move_relative_ur/share/move_relative_ur/environment/path.sh
[13.371s] -- Up-to-date symlink: /home/tsi/ws_moveit2/install/move_relative_ur/share/move_relative_ur/environment/path.dsv
[13.372s] -- Up-to-date symlink: /home/tsi/ws_moveit2/install/move_relative_ur/share/move_relative_ur/local_setup.bash
[13.372s] -- Up-to-date symlink: /home/tsi/ws_moveit2/install/move_relative_ur/share/move_relative_ur/local_setup.sh
[13.372s] -- Up-to-date symlink: /home/tsi/ws_moveit2/install/move_relative_ur/share/move_relative_ur/local_setup.zsh
[13.372s] -- Up-to-date symlink: /home/tsi/ws_moveit2/install/move_relative_ur/share/move_relative_ur/local_setup.dsv
[13.372s] -- Symlinking: /home/tsi/ws_moveit2/install/move_relative_ur/share/move_relative_ur/package.dsv
[13.393s] -- Up-to-date symlink: /home/tsi/ws_moveit2/install/move_relative_ur/share/ament_index/resource_index/packages/move_relative_ur
[13.393s] -- Up-to-date symlink: /home/tsi/ws_moveit2/install/move_relative_ur/share/move_relative_ur/cmake/rosidl_cmake-extras.cmake
[13.393s] -- Up-to-date symlink: /home/tsi/ws_moveit2/install/move_relative_ur/share/move_relative_ur/cmake/ament_cmake_export_include_directories-extras.cmake
[13.393s] -- Up-to-date symlink: /home/tsi/ws_moveit2/install/move_relative_ur/share/move_relative_ur/cmake/ament_cmake_export_libraries-extras.cmake
[13.393s] -- Up-to-date symlink: /home/tsi/ws_moveit2/install/move_relative_ur/share/move_relative_ur/cmake/ament_cmake_export_targets-extras.cmake
[13.393s] -- Up-to-date symlink: /home/tsi/ws_moveit2/install/move_relative_ur/share/move_relative_ur/cmake/rosidl_cmake_export_typesupport_targets-extras.cmake
[13.394s] -- Up-to-date symlink: /home/tsi/ws_moveit2/install/move_relative_ur/share/move_relative_ur/cmake/ament_cmake_export_dependencies-extras.cmake
[13.394s] -- Up-to-date symlink: /home/tsi/ws_moveit2/install/move_relative_ur/share/move_relative_ur/cmake/rosidl_cmake_export_typesupport_libraries-extras.cmake
[13.394s] -- Up-to-date symlink: /home/tsi/ws_moveit2/install/move_relative_ur/share/move_relative_ur/cmake/move_relative_urConfig.cmake
[13.394s] -- Up-to-date symlink: /home/tsi/ws_moveit2/install/move_relative_ur/share/move_relative_ur/cmake/move_relative_urConfig-version.cmake
[13.394s] -- Up-to-date symlink: /home/tsi/ws_moveit2/install/move_relative_ur/share/move_relative_ur/package.xml
[13.395s] -- Up-to-date: /home/tsi/ws_moveit2/install/move_relative_ur/lib/libmove_relative_ur__rosidl_generator_c.so
[13.395s] -- Up-to-date: /home/tsi/ws_moveit2/install/move_relative_ur/lib/libmove_relative_ur__rosidl_typesupport_fastrtps_c.so
[13.395s] -- Up-to-date: /home/tsi/ws_moveit2/install/move_relative_ur/lib/libmove_relative_ur__rosidl_typesupport_fastrtps_cpp.so
[13.396s] -- Up-to-date: /home/tsi/ws_moveit2/install/move_relative_ur/lib/libmove_relative_ur__rosidl_typesupport_introspection_c.so
[13.396s] -- Up-to-date: /home/tsi/ws_moveit2/install/move_relative_ur/lib/libmove_relative_ur__rosidl_typesupport_c.so
[13.397s] -- Up-to-date: /home/tsi/ws_moveit2/install/move_relative_ur/lib/libmove_relative_ur__rosidl_typesupport_introspection_cpp.so
[13.397s] -- Up-to-date: /home/tsi/ws_moveit2/install/move_relative_ur/lib/libmove_relative_ur__rosidl_typesupport_cpp.so
[13.456s] Listing '/home/tsi/ws_moveit2/install/move_relative_ur/lib/python3.12/site-packages/move_relative_ur'...
[13.456s] Listing '/home/tsi/ws_moveit2/install/move_relative_ur/lib/python3.12/site-packages/move_relative_ur/msg'...
[13.465s] -- Up-to-date: /home/tsi/ws_moveit2/install/move_relative_ur/lib/libmove_relative_ur__rosidl_generator_py.so
[13.466s] -- Up-to-date: /home/tsi/ws_moveit2/install/move_relative_ur/share/move_relative_ur/cmake/export_move_relative_ur__rosidl_generator_cExport.cmake
[13.466s] -- Up-to-date: /home/tsi/ws_moveit2/install/move_relative_ur/share/move_relative_ur/cmake/export_move_relative_ur__rosidl_generator_cExport-noconfig.cmake
[13.467s] -- Up-to-date: /home/tsi/ws_moveit2/install/move_relative_ur/share/move_relative_ur/cmake/export_move_relative_ur__rosidl_typesupport_fastrtps_cExport.cmake
[13.467s] -- Up-to-date: /home/tsi/ws_moveit2/install/move_relative_ur/share/move_relative_ur/cmake/export_move_relative_ur__rosidl_typesupport_fastrtps_cExport-noconfig.cmake
[13.468s] -- Up-to-date: /home/tsi/ws_moveit2/install/move_relative_ur/share/move_relative_ur/cmake/export_move_relative_ur__rosidl_generator_cppExport.cmake
[13.468s] -- Up-to-date: /home/tsi/ws_moveit2/install/move_relative_ur/share/move_relative_ur/cmake/export_move_relative_ur__rosidl_typesupport_fastrtps_cppExport.cmake
[13.469s] -- Up-to-date: /home/tsi/ws_moveit2/install/move_relative_ur/share/move_relative_ur/cmake/export_move_relative_ur__rosidl_typesupport_fastrtps_cppExport-noconfig.cmake
[13.469s] -- Up-to-date: /home/tsi/ws_moveit2/install/move_relative_ur/share/move_relative_ur/cmake/move_relative_ur__rosidl_typesupport_introspection_cExport.cmake
[13.469s] -- Up-to-date: /home/tsi/ws_moveit2/install/move_relative_ur/share/move_relative_ur/cmake/move_relative_ur__rosidl_typesupport_introspection_cExport-noconfig.cmake
[13.470s] -- Up-to-date: /home/tsi/ws_moveit2/install/move_relative_ur/share/move_relative_ur/cmake/move_relative_ur__rosidl_typesupport_cExport.cmake
[13.470s] -- Up-to-date: /home/tsi/ws_moveit2/install/move_relative_ur/share/move_relative_ur/cmake/move_relative_ur__rosidl_typesupport_cExport-noconfig.cmake
[13.470s] -- Up-to-date: /home/tsi/ws_moveit2/install/move_relative_ur/share/move_relative_ur/cmake/move_relative_ur__rosidl_typesupport_introspection_cppExport.cmake
[13.471s] -- Up-to-date: /home/tsi/ws_moveit2/install/move_relative_ur/share/move_relative_ur/cmake/move_relative_ur__rosidl_typesupport_introspection_cppExport-noconfig.cmake
[13.471s] -- Up-to-date: /home/tsi/ws_moveit2/install/move_relative_ur/share/move_relative_ur/cmake/move_relative_ur__rosidl_typesupport_cppExport.cmake
[13.471s] -- Up-to-date: /home/tsi/ws_moveit2/install/move_relative_ur/share/move_relative_ur/cmake/move_relative_ur__rosidl_typesupport_cppExport-noconfig.cmake
[13.472s] -- Up-to-date: /home/tsi/ws_moveit2/install/move_relative_ur/share/move_relative_ur/cmake/export_move_relative_ur__rosidl_generator_pyExport.cmake
[13.472s] -- Up-to-date: /home/tsi/ws_moveit2/install/move_relative_ur/share/move_relative_ur/cmake/export_move_relative_ur__rosidl_generator_pyExport-noconfig.cmake
[13.474s] Invoked command in '/home/tsi/ws_moveit2/build/move_relative_ur' returned '0': CMAKE_PREFIX_PATH=${CMAKE_PREFIX_PATH}:/home/tsi/workspace/install/moveit_configs_utils:/opt/ros/jazzy DEBUGINFOD_URLS=https://debuginfod.ubuntu.com /usr/bin/cmake --install /home/tsi/ws_moveit2/build/move_relative_ur
