[0.028s] Invoking command in '/home/tsi/ws_moveit2/build/move_relative_ur': CMAKE_PREFIX_PATH=${CMAKE_PREFIX_PATH}:/home/tsi/workspace/install/moveit_configs_utils:/opt/ros/jazzy DEBUGINFOD_URLS=https://debuginfod.ubuntu.com /usr/bin/cmake --build /home/tsi/ws_moveit2/build/move_relative_ur -- -j12 -l12
[0.168s] [  2%] Built target move_relative_ur__rosidl_generator_type_description
[0.187s] [  2%] Built target ament_cmake_python_symlink_move_relative_ur
[0.208s] [  5%] Built target move_relative_ur__cpp
[0.215s] [ 18%] Built target move_relative_ur__rosidl_generator_c
[0.262s] [ 31%] Built target move_relative_ur__rosidl_typesupport_fastrtps_cpp
[0.262s] [ 34%] Built target move_relative_ur__rosidl_typesupport_introspection_c
[0.262s] [ 42%] Built target move_relative_ur__rosidl_typesupport_fastrtps_c
[0.263s] [ 50%] Built target move_relative_ur__rosidl_typesupport_c
[0.264s] [ 57%] Built target move_relative_ur__rosidl_typesupport_cpp
[0.268s] [ 65%] Built target move_relative_ur__rosidl_typesupport_introspection_cpp
[0.307s] [ 65%] Built target move_relative_ur
[0.310s] [ 71%] Built target robot_monitoring_node
[0.330s] [ 76%] Built target move_relative_node
[0.351s] [ 78%] Built target move_relative_ur__py
[0.408s] [ 84%] Built target move_relative_ur__rosidl_generator_py
[0.448s] [ 89%] Built target move_relative_ur_s__rosidl_typesupport_fastrtps_c
[0.454s] [ 94%] Built target move_relative_ur_s__rosidl_typesupport_c
[0.465s] [100%] Built target move_relative_ur_s__rosidl_typesupport_introspection_c
[0.586s] running egg_info
[0.638s] writing move_relative_ur.egg-info/PKG-INFO
[0.638s] writing dependency_links to move_relative_ur.egg-info/dependency_links.txt
[0.638s] writing top-level names to move_relative_ur.egg-info/top_level.txt
[0.809s] reading manifest file 'move_relative_ur.egg-info/SOURCES.txt'
[0.810s] writing manifest file 'move_relative_ur.egg-info/SOURCES.txt'
[0.875s] [100%] Built target ament_cmake_python_build_move_relative_ur_egg
[0.899s] Invoked command in '/home/tsi/ws_moveit2/build/move_relative_ur' returned '0': CMAKE_PREFIX_PATH=${CMAKE_PREFIX_PATH}:/home/tsi/workspace/install/moveit_configs_utils:/opt/ros/jazzy DEBUGINFOD_URLS=https://debuginfod.ubuntu.com /usr/bin/cmake --build /home/tsi/ws_moveit2/build/move_relative_ur -- -j12 -l12
[0.931s] Invoking command in '/home/tsi/ws_moveit2/build/move_relative_ur': CMAKE_PREFIX_PATH=${CMAKE_PREFIX_PATH}:/home/tsi/workspace/install/moveit_configs_utils:/opt/ros/jazzy DEBUGINFOD_URLS=https://debuginfod.ubuntu.com /usr/bin/cmake --install /home/tsi/ws_moveit2/build/move_relative_ur
[0.948s] -- Install configuration: ""
[0.949s] -- Execute custom install script
[0.949s] -- Up-to-date symlink: /home/tsi/ws_moveit2/install/move_relative_ur/share/ament_index/resource_index/rosidl_interfaces/move_relative_ur
[0.950s] -- Up-to-date symlink: /home/tsi/ws_moveit2/install/move_relative_ur/share/move_relative_ur/msg/ErrorMsg.json
[0.950s] -- Up-to-date symlink: /home/tsi/ws_moveit2/install/move_relative_ur/include/move_relative_ur/move_relative_ur/msg/detail/error_msg__functions.h
[0.951s] -- Up-to-date symlink: /home/tsi/ws_moveit2/install/move_relative_ur/include/move_relative_ur/move_relative_ur/msg/detail/error_msg__struct.h
[0.951s] -- Up-to-date symlink: /home/tsi/ws_moveit2/install/move_relative_ur/include/move_relative_ur/move_relative_ur/msg/detail/error_msg__type_support.h
[0.951s] -- Up-to-date symlink: /home/tsi/ws_moveit2/install/move_relative_ur/include/move_relative_ur/move_relative_ur/msg/error_msg.h
[0.952s] -- Up-to-date symlink: /home/tsi/ws_moveit2/install/move_relative_ur/include/move_relative_ur/move_relative_ur/msg/rosidl_generator_c__visibility_control.h
[0.952s] -- Up-to-date symlink: /home/tsi/ws_moveit2/install/move_relative_ur/share/move_relative_ur/environment/library_path.sh
[0.953s] -- Up-to-date symlink: /home/tsi/ws_moveit2/install/move_relative_ur/share/move_relative_ur/environment/library_path.dsv
[0.953s] -- Up-to-date symlink: /home/tsi/ws_moveit2/install/move_relative_ur/include/move_relative_ur/move_relative_ur/msg/detail/error_msg__rosidl_typesupport_fastrtps_c.h
[0.954s] -- Up-to-date symlink: /home/tsi/ws_moveit2/install/move_relative_ur/include/move_relative_ur/move_relative_ur/msg/rosidl_typesupport_fastrtps_c__visibility_control.h
[0.954s] -- Up-to-date symlink: /home/tsi/ws_moveit2/install/move_relative_ur/include/move_relative_ur/move_relative_ur/msg/detail/error_msg__builder.hpp
[0.954s] -- Up-to-date symlink: /home/tsi/ws_moveit2/install/move_relative_ur/include/move_relative_ur/move_relative_ur/msg/detail/error_msg__struct.hpp
[0.955s] -- Up-to-date symlink: /home/tsi/ws_moveit2/install/move_relative_ur/include/move_relative_ur/move_relative_ur/msg/detail/error_msg__traits.hpp
[0.955s] -- Up-to-date symlink: /home/tsi/ws_moveit2/install/move_relative_ur/include/move_relative_ur/move_relative_ur/msg/detail/error_msg__type_support.hpp
[0.956s] -- Up-to-date symlink: /home/tsi/ws_moveit2/install/move_relative_ur/include/move_relative_ur/move_relative_ur/msg/error_msg.hpp
[0.956s] -- Up-to-date symlink: /home/tsi/ws_moveit2/install/move_relative_ur/include/move_relative_ur/move_relative_ur/msg/rosidl_generator_cpp__visibility_control.hpp
[0.956s] -- Up-to-date symlink: /home/tsi/ws_moveit2/install/move_relative_ur/include/move_relative_ur/move_relative_ur/msg/detail/error_msg__rosidl_typesupport_fastrtps_cpp.hpp
[0.957s] -- Up-to-date symlink: /home/tsi/ws_moveit2/install/move_relative_ur/include/move_relative_ur/move_relative_ur/msg/rosidl_typesupport_fastrtps_cpp__visibility_control.h
[0.957s] -- Up-to-date symlink: /home/tsi/ws_moveit2/install/move_relative_ur/include/move_relative_ur/move_relative_ur/msg/detail/error_msg__rosidl_typesupport_introspection_c.h
[0.958s] -- Up-to-date symlink: /home/tsi/ws_moveit2/install/move_relative_ur/include/move_relative_ur/move_relative_ur/msg/rosidl_typesupport_introspection_c__visibility_control.h
[0.958s] -- Up-to-date symlink: /home/tsi/ws_moveit2/install/move_relative_ur/include/move_relative_ur/move_relative_ur/msg/detail/error_msg__rosidl_typesupport_introspection_cpp.hpp
[0.958s] -- Up-to-date symlink: /home/tsi/ws_moveit2/install/move_relative_ur/share/move_relative_ur/environment/pythonpath.sh
[0.959s] -- Up-to-date symlink: /home/tsi/ws_moveit2/install/move_relative_ur/share/move_relative_ur/environment/pythonpath.dsv
[0.959s] -- Up-to-date symlink: /home/tsi/ws_moveit2/install/move_relative_ur/lib/python3.12/site-packages/move_relative_ur-0.0.1-py3.12.egg-info/PKG-INFO
[0.959s] -- Up-to-date symlink: /home/tsi/ws_moveit2/install/move_relative_ur/lib/python3.12/site-packages/move_relative_ur-0.0.1-py3.12.egg-info/SOURCES.txt
[0.960s] -- Up-to-date symlink: /home/tsi/ws_moveit2/install/move_relative_ur/lib/python3.12/site-packages/move_relative_ur-0.0.1-py3.12.egg-info/dependency_links.txt
[0.960s] -- Up-to-date symlink: /home/tsi/ws_moveit2/install/move_relative_ur/lib/python3.12/site-packages/move_relative_ur-0.0.1-py3.12.egg-info/top_level.txt
[0.961s] -- Up-to-date symlink: /home/tsi/ws_moveit2/install/move_relative_ur/lib/python3.12/site-packages/move_relative_ur/__init__.py
[0.961s] -- Up-to-date symlink: /home/tsi/ws_moveit2/install/move_relative_ur/lib/python3.12/site-packages/move_relative_ur/_move_relative_ur_s.ep.rosidl_typesupport_c.c
[0.961s] -- Up-to-date symlink: /home/tsi/ws_moveit2/install/move_relative_ur/lib/python3.12/site-packages/move_relative_ur/_move_relative_ur_s.ep.rosidl_typesupport_fastrtps_c.c
[0.962s] -- Up-to-date symlink: /home/tsi/ws_moveit2/install/move_relative_ur/lib/python3.12/site-packages/move_relative_ur/_move_relative_ur_s.ep.rosidl_typesupport_introspection_c.c
[0.962s] -- Up-to-date symlink: /home/tsi/ws_moveit2/install/move_relative_ur/lib/python3.12/site-packages/move_relative_ur/move_relative_ur_s__rosidl_typesupport_c.so
[0.962s] -- Up-to-date symlink: /home/tsi/ws_moveit2/install/move_relative_ur/lib/python3.12/site-packages/move_relative_ur/move_relative_ur_s__rosidl_typesupport_fastrtps_c.so
[0.962s] -- Up-to-date symlink: /home/tsi/ws_moveit2/install/move_relative_ur/lib/python3.12/site-packages/move_relative_ur/move_relative_ur_s__rosidl_typesupport_introspection_c.so
[0.963s] -- Up-to-date symlink: /home/tsi/ws_moveit2/install/move_relative_ur/lib/python3.12/site-packages/move_relative_ur/msg/__init__.py
[0.963s] -- Up-to-date symlink: /home/tsi/ws_moveit2/install/move_relative_ur/lib/python3.12/site-packages/move_relative_ur/msg/_error_msg.py
[0.963s] -- Up-to-date symlink: /home/tsi/ws_moveit2/install/move_relative_ur/lib/python3.12/site-packages/move_relative_ur/msg/_error_msg_s.c
[0.963s] -- Up-to-date symlink: /home/tsi/ws_moveit2/install/move_relative_ur/lib/python3.12/site-packages/move_relative_ur/move_relative_ur_s__rosidl_typesupport_fastrtps_c.so
[0.963s] -- Up-to-date symlink: /home/tsi/ws_moveit2/install/move_relative_ur/lib/python3.12/site-packages/move_relative_ur/move_relative_ur_s__rosidl_typesupport_introspection_c.so
[0.964s] -- Up-to-date symlink: /home/tsi/ws_moveit2/install/move_relative_ur/lib/python3.12/site-packages/move_relative_ur/move_relative_ur_s__rosidl_typesupport_c.so
[0.964s] -- Up-to-date symlink: /home/tsi/ws_moveit2/install/move_relative_ur/share/move_relative_ur/msg/ErrorMsg.idl
[0.964s] -- Up-to-date symlink: /home/tsi/ws_moveit2/install/move_relative_ur/share/move_relative_ur/msg/ErrorMsg.msg
[0.964s] -- Up-to-date symlink: /home/tsi/ws_moveit2/install/move_relative_ur/lib/move_relative_ur/move_relative_node
[0.964s] -- Up-to-date symlink: /home/tsi/ws_moveit2/install/move_relative_ur/lib/move_relative_ur/robot_monitoring_node
[0.965s] -- Up-to-date symlink: /home/tsi/ws_moveit2/install/move_relative_ur/share/ament_index/resource_index/package_run_dependencies/move_relative_ur
[0.965s] -- Up-to-date symlink: /home/tsi/ws_moveit2/install/move_relative_ur/share/ament_index/resource_index/parent_prefix_path/move_relative_ur
[0.965s] -- Up-to-date symlink: /home/tsi/ws_moveit2/install/move_relative_ur/share/move_relative_ur/environment/ament_prefix_path.sh
[0.965s] -- Up-to-date symlink: /home/tsi/ws_moveit2/install/move_relative_ur/share/move_relative_ur/environment/ament_prefix_path.dsv
[0.966s] -- Up-to-date symlink: /home/tsi/ws_moveit2/install/move_relative_ur/share/move_relative_ur/environment/path.sh
[0.966s] -- Up-to-date symlink: /home/tsi/ws_moveit2/install/move_relative_ur/share/move_relative_ur/environment/path.dsv
[0.966s] -- Up-to-date symlink: /home/tsi/ws_moveit2/install/move_relative_ur/share/move_relative_ur/local_setup.bash
[0.966s] -- Up-to-date symlink: /home/tsi/ws_moveit2/install/move_relative_ur/share/move_relative_ur/local_setup.sh
[0.966s] -- Up-to-date symlink: /home/tsi/ws_moveit2/install/move_relative_ur/share/move_relative_ur/local_setup.zsh
[0.967s] -- Up-to-date symlink: /home/tsi/ws_moveit2/install/move_relative_ur/share/move_relative_ur/local_setup.dsv
[0.967s] -- Symlinking: /home/tsi/ws_moveit2/install/move_relative_ur/share/move_relative_ur/package.dsv
[0.994s] -- Up-to-date symlink: /home/tsi/ws_moveit2/install/move_relative_ur/share/ament_index/resource_index/packages/move_relative_ur
[0.995s] -- Up-to-date symlink: /home/tsi/ws_moveit2/install/move_relative_ur/share/move_relative_ur/cmake/rosidl_cmake-extras.cmake
[0.995s] -- Up-to-date symlink: /home/tsi/ws_moveit2/install/move_relative_ur/share/move_relative_ur/cmake/ament_cmake_export_include_directories-extras.cmake
[0.995s] -- Up-to-date symlink: /home/tsi/ws_moveit2/install/move_relative_ur/share/move_relative_ur/cmake/ament_cmake_export_libraries-extras.cmake
[0.996s] -- Up-to-date symlink: /home/tsi/ws_moveit2/install/move_relative_ur/share/move_relative_ur/cmake/ament_cmake_export_targets-extras.cmake
[0.996s] -- Up-to-date symlink: /home/tsi/ws_moveit2/install/move_relative_ur/share/move_relative_ur/cmake/rosidl_cmake_export_typesupport_targets-extras.cmake
[0.997s] -- Up-to-date symlink: /home/tsi/ws_moveit2/install/move_relative_ur/share/move_relative_ur/cmake/ament_cmake_export_dependencies-extras.cmake
[0.997s] -- Up-to-date symlink: /home/tsi/ws_moveit2/install/move_relative_ur/share/move_relative_ur/cmake/rosidl_cmake_export_typesupport_libraries-extras.cmake
[0.997s] -- Up-to-date symlink: /home/tsi/ws_moveit2/install/move_relative_ur/share/move_relative_ur/cmake/move_relative_urConfig.cmake
[0.998s] -- Up-to-date symlink: /home/tsi/ws_moveit2/install/move_relative_ur/share/move_relative_ur/cmake/move_relative_urConfig-version.cmake
[0.998s] -- Up-to-date symlink: /home/tsi/ws_moveit2/install/move_relative_ur/share/move_relative_ur/package.xml
[0.999s] -- Up-to-date: /home/tsi/ws_moveit2/install/move_relative_ur/lib/libmove_relative_ur__rosidl_generator_c.so
[1.000s] -- Up-to-date: /home/tsi/ws_moveit2/install/move_relative_ur/lib/libmove_relative_ur__rosidl_typesupport_fastrtps_c.so
[1.001s] -- Up-to-date: /home/tsi/ws_moveit2/install/move_relative_ur/lib/libmove_relative_ur__rosidl_typesupport_fastrtps_cpp.so
[1.002s] -- Up-to-date: /home/tsi/ws_moveit2/install/move_relative_ur/lib/libmove_relative_ur__rosidl_typesupport_introspection_c.so
[1.004s] -- Up-to-date: /home/tsi/ws_moveit2/install/move_relative_ur/lib/libmove_relative_ur__rosidl_typesupport_c.so
[1.017s] -- Up-to-date: /home/tsi/ws_moveit2/install/move_relative_ur/lib/libmove_relative_ur__rosidl_typesupport_introspection_cpp.so
[1.018s] -- Up-to-date: /home/tsi/ws_moveit2/install/move_relative_ur/lib/libmove_relative_ur__rosidl_typesupport_cpp.so
[1.086s] Listing '/home/tsi/ws_moveit2/install/move_relative_ur/lib/python3.12/site-packages/move_relative_ur'...
[1.087s] Listing '/home/tsi/ws_moveit2/install/move_relative_ur/lib/python3.12/site-packages/move_relative_ur/msg'...
[1.096s] -- Up-to-date: /home/tsi/ws_moveit2/install/move_relative_ur/lib/libmove_relative_ur__rosidl_generator_py.so
[1.097s] -- Up-to-date: /home/tsi/ws_moveit2/install/move_relative_ur/share/move_relative_ur/cmake/export_move_relative_ur__rosidl_generator_cExport.cmake
[1.097s] -- Up-to-date: /home/tsi/ws_moveit2/install/move_relative_ur/share/move_relative_ur/cmake/export_move_relative_ur__rosidl_generator_cExport-noconfig.cmake
[1.098s] -- Up-to-date: /home/tsi/ws_moveit2/install/move_relative_ur/share/move_relative_ur/cmake/export_move_relative_ur__rosidl_typesupport_fastrtps_cExport.cmake
[1.098s] -- Up-to-date: /home/tsi/ws_moveit2/install/move_relative_ur/share/move_relative_ur/cmake/export_move_relative_ur__rosidl_typesupport_fastrtps_cExport-noconfig.cmake
[1.099s] -- Up-to-date: /home/tsi/ws_moveit2/install/move_relative_ur/share/move_relative_ur/cmake/export_move_relative_ur__rosidl_generator_cppExport.cmake
[1.099s] -- Up-to-date: /home/tsi/ws_moveit2/install/move_relative_ur/share/move_relative_ur/cmake/export_move_relative_ur__rosidl_typesupport_fastrtps_cppExport.cmake
[1.099s] -- Up-to-date: /home/tsi/ws_moveit2/install/move_relative_ur/share/move_relative_ur/cmake/export_move_relative_ur__rosidl_typesupport_fastrtps_cppExport-noconfig.cmake
[1.099s] -- Up-to-date: /home/tsi/ws_moveit2/install/move_relative_ur/share/move_relative_ur/cmake/move_relative_ur__rosidl_typesupport_introspection_cExport.cmake
[1.099s] -- Up-to-date: /home/tsi/ws_moveit2/install/move_relative_ur/share/move_relative_ur/cmake/move_relative_ur__rosidl_typesupport_introspection_cExport-noconfig.cmake
[1.099s] -- Up-to-date: /home/tsi/ws_moveit2/install/move_relative_ur/share/move_relative_ur/cmake/move_relative_ur__rosidl_typesupport_cExport.cmake
[1.100s] -- Up-to-date: /home/tsi/ws_moveit2/install/move_relative_ur/share/move_relative_ur/cmake/move_relative_ur__rosidl_typesupport_cExport-noconfig.cmake
[1.100s] -- Up-to-date: /home/tsi/ws_moveit2/install/move_relative_ur/share/move_relative_ur/cmake/move_relative_ur__rosidl_typesupport_introspection_cppExport.cmake
[1.100s] -- Up-to-date: /home/tsi/ws_moveit2/install/move_relative_ur/share/move_relative_ur/cmake/move_relative_ur__rosidl_typesupport_introspection_cppExport-noconfig.cmake
[1.100s] -- Up-to-date: /home/tsi/ws_moveit2/install/move_relative_ur/share/move_relative_ur/cmake/move_relative_ur__rosidl_typesupport_cppExport.cmake
[1.101s] -- Up-to-date: /home/tsi/ws_moveit2/install/move_relative_ur/share/move_relative_ur/cmake/move_relative_ur__rosidl_typesupport_cppExport-noconfig.cmake
[1.101s] -- Up-to-date: /home/tsi/ws_moveit2/install/move_relative_ur/share/move_relative_ur/cmake/export_move_relative_ur__rosidl_generator_pyExport.cmake
[1.101s] -- Up-to-date: /home/tsi/ws_moveit2/install/move_relative_ur/share/move_relative_ur/cmake/export_move_relative_ur__rosidl_generator_pyExport-noconfig.cmake
[1.110s] Invoked command in '/home/tsi/ws_moveit2/build/move_relative_ur' returned '0': CMAKE_PREFIX_PATH=${CMAKE_PREFIX_PATH}:/home/tsi/workspace/install/moveit_configs_utils:/opt/ros/jazzy DEBUGINFOD_URLS=https://debuginfod.ubuntu.com /usr/bin/cmake --install /home/tsi/ws_moveit2/build/move_relative_ur
