[01m[K/home/tsi/ws_moveit2/src/move_relative_ur/src/move_relative.cpp:[m[K In constructor ‘[01m[KURScriptRelativeMove::[01;32m[KURScriptRelativeMove[m[K()[m[K’:
[01m[K/home/tsi/ws_moveit2/src/move_relative_ur/src/move_relative.cpp:22:51:[m[K [01;31m[Kerror: [m[Kno matching function for call to ‘[01m[KURScriptRelativeMove::create_wall_timer(std::chrono::milliseconds, std::_Bind_helper<false, void (URScriptRelativeMove::*)(const std::__cxx11::basic_string<char>&), URScriptRelativeMove*, const std::_Placeholder<1>&>::type)[m[K’
   22 |         find_node_timer_ = [01;31m[Kthis->create_wall_timer([m[K
      |                            [01;31m[K~~~~~~~~~~~~~~~~~~~~~~~^[m[K
   23 | [01;31m[K            std::chrono::milliseconds(100),[m[K
      |             [01;31m[K~~~~~~~~~~~~~~~~~~~~~~~~~~~~~~~[m[K        
   24 | [01;31m[K            std::bind(&URScriptRelativeMove::checkIfNodeIsRunning, this, std::placeholders::_1)[m[K
      |             [01;31m[K~~~~~~~~~~~~~~~~~~~~~~~~~~~~~~~~~~~~~~~~~~~~~~~~~~~~~~~~~~~~~~~~~~~~~~~~~~~~~~~~~~~[m[K
   25 | [01;31m[K        )[m[K;
      |         [01;31m[K~[m[K                                          
In file included from [01m[K/opt/ros/jazzy/include/rclcpp/rclcpp/executors/single_threaded_executor.hpp:28[m[K,
                 from [01m[K/opt/ros/jazzy/include/rclcpp/rclcpp/executors.hpp:22[m[K,
                 from [01m[K/opt/ros/jazzy/include/rclcpp/rclcpp/rclcpp.hpp:172[m[K,
                 from [01m[K/home/tsi/ws_moveit2/src/move_relative_ur/src/move_relative.cpp:1[m[K:
[01m[K/opt/ros/jazzy/include/rclcpp/rclcpp/node.hpp:241:3:[m[K [01;36m[Knote: [m[Kcandidate: ‘[01m[Ktemplate<class DurationRepT, class DurationT, class CallbackT> typename rclcpp::WallTimer<CallbackT>::SharedPtr rclcpp::Node::[01;32m[Kcreate_wall_timer[m[K(std::chrono::duration<_Rep1, _Period1>, CallbackT, rclcpp::CallbackGroup::SharedPtr, bool)[m[K’
  241 |   [01;36m[Kcreate_wall_timer[m[K(
      |   [01;36m[K^~~~~~~~~~~~~~~~~[m[K
[01m[K/opt/ros/jazzy/include/rclcpp/rclcpp/node.hpp:241:3:[m[K [01;36m[Knote: [m[K  template argument deduction/substitution failed:
In file included from [01m[K/opt/ros/jazzy/include/rclcpp/rclcpp/node.hpp:1663[m[K:
/opt/ros/jazzy/include/rclcpp/rclcpp/node_impl.hpp: In substitution of ‘[01m[Ktemplate<class DurationRepT, class DurationT, class CallbackT> typename rclcpp::WallTimer<CallbackT>::SharedPtr rclcpp::Node::[01;32m[Kcreate_wall_timer[m[K(std::chrono::duration<_Rep1, _Period1>, CallbackT, rclcpp::CallbackGroup::SharedPtr, bool) [35m[K[with DurationRepT = long int; DurationT = std::ratio<1, 1000>; CallbackT = std::_Bind<void (URScriptRelativeMove::*(URScriptRelativeMove*, std::_Placeholder<1>))(const std::__cxx11::basic_string<char>&)>][m[K[m[K’:
[01m[K/home/tsi/ws_moveit2/src/move_relative_ur/src/move_relative.cpp:22:51:[m[K   required from here
[01m[K/opt/ros/jazzy/include/rclcpp/rclcpp/node_impl.hpp:110:1:[m[K [01;31m[Kerror: [m[Kno type named ‘[01m[Ktype[m[K’ in ‘[01m[Kstruct std::enable_if<false, void>[m[K’
  110 | [01;31m[KNode[m[K::create_wall_timer(
      | [01;31m[K^~~~[m[K
[01m[K/opt/ros/jazzy/include/rclcpp/rclcpp/node_impl.hpp:110:1:[m[K [01;31m[Kerror: [m[Kno type named ‘[01m[Ktype[m[K’ in ‘[01m[Kstruct std::enable_if<false, void>[m[K’
[01m[K/opt/ros/jazzy/include/rclcpp/rclcpp/node_impl.hpp:110:1:[m[K [01;36m[Knote: [m[Kinvalid template non-type parameter
gmake[2]: *** [CMakeFiles/move_relative_node.dir/build.make:76: CMakeFiles/move_relative_node.dir/src/move_relative.cpp.o] Error 1
gmake[1]: *** [CMakeFiles/Makefile2:627: CMakeFiles/move_relative_node.dir/all] Error 2
gmake: *** [Makefile:146: all] Error 2
