[  2%] Built target move_relative_ur__rosidl_generator_type_description
[  2%] Built target ament_cmake_python_symlink_move_relative_ur
[ 15%] Built target move_relative_ur__rosidl_generator_c
[ 18%] Built target move_relative_ur__cpp
[ 26%] Built target move_relative_ur__rosidl_typesupport_c
[ 34%] Built target move_relative_ur__rosidl_typesupport_introspection_c
[ 42%] Built target move_relative_ur__rosidl_typesupport_fastrtps_c
[ 50%] Built target move_relative_ur__rosidl_typesupport_introspection_cpp
[ 57%] Built target move_relative_ur__rosidl_typesupport_cpp
[ 65%] Built target move_relative_ur__rosidl_typesupport_fastrtps_cpp
[ 65%] Built target move_relative_ur
[ 71%] Built target robot_monitoring_node
[ 73%] [32mBuilding CXX object CMakeFiles/move_relative_node.dir/src/move_relative.cpp.o[0m
[ 76%] Built target move_relative_ur__py
[ 81%] Built target move_relative_ur__rosidl_generator_py
[ 86%] Built target move_relative_ur_s__rosidl_typesupport_c
[ 92%] Built target move_relative_ur_s__rosidl_typesupport_fastrtps_c
[ 97%] Built target move_relative_ur_s__rosidl_typesupport_introspection_c
running egg_info
writing move_relative_ur.egg-info/PKG-INFO
writing dependency_links to move_relative_ur.egg-info/dependency_links.txt
writing top-level names to move_relative_ur.egg-info/top_level.txt
reading manifest file 'move_relative_ur.egg-info/SOURCES.txt'
writing manifest file 'move_relative_ur.egg-info/SOURCES.txt'
[ 97%] Built target ament_cmake_python_build_move_relative_ur_egg
[01m[K/home/tsi/ws_moveit2/src/move_relative_ur/src/move_relative.cpp:[m[K In member function ‘[01m[Kvoid URScriptRelativeMove::[01;32m[KgetValidInput[m[K()[m[K’:
[01m[K/home/tsi/ws_moveit2/src/move_relative_ur/src/move_relative.cpp:73:17:[m[K [01;31m[Kerror: [m[K‘[01m[Kclcpp[m[K’ has not been declared
   73 |                 [01;31m[Kclcpp[m[K::spin_some(this->get_node_base_interface());  // 이벤트 처리
      |                 [01;31m[K^~~~~[m[K
gmake[2]: *** [CMakeFiles/move_relative_node.dir/build.make:76: CMakeFiles/move_relative_node.dir/src/move_relative.cpp.o] Error 1
gmake[1]: *** [CMakeFiles/Makefile2:627: CMakeFiles/move_relative_node.dir/all] Error 2
gmake: *** [Makefile:146: all] Error 2
