[0.034s] Invoking command in '/home/tsi/ws_moveit2/build/move_relative_ur': CMAKE_PREFIX_PATH=${CMAKE_PREFIX_PATH}:/home/tsi/workspace/install/moveit_configs_utils:/opt/ros/jazzy DEBUGINFOD_URLS=https://debuginfod.ubuntu.com /usr/bin/cmake --build /home/tsi/ws_moveit2/build/move_relative_ur -- -j12 -l12
[0.214s] [  2%] Built target move_relative_ur__rosidl_generator_type_description
[0.242s] [  2%] Built target ament_cmake_python_symlink_move_relative_ur
[0.260s] [ 15%] Built target move_relative_ur__rosidl_generator_c
[0.277s] [ 18%] Built target move_relative_ur__cpp
[0.302s] [ 26%] Built target move_relative_ur__rosidl_typesupport_fastrtps_c
[0.303s] [ 34%] Built target move_relative_ur__rosidl_typesupport_c
[0.315s] [ 42%] Built target move_relative_ur__rosidl_typesupport_introspection_c
[0.329s] [ 50%] Built target move_relative_ur__rosidl_typesupport_cpp
[0.336s] [ 57%] Built target move_relative_ur__rosidl_typesupport_introspection_cpp
[0.341s] [ 65%] Built target move_relative_ur__rosidl_typesupport_fastrtps_cpp
[0.376s] [ 65%] Built target move_relative_ur
[0.395s] [ 68%] [32mBuilding CXX object CMakeFiles/robot_monitoring_node.dir/src/move_monitoring_node.cpp.o[0m
[0.396s] [ 71%] [32mBuilding CXX object CMakeFiles/move_relative_node.dir/src/move_relative.cpp.o[0m
[0.421s] [ 73%] Built target move_relative_ur__py
[0.466s] [ 78%] Built target move_relative_ur__rosidl_generator_py
[0.509s] [ 84%] Built target move_relative_ur_s__rosidl_typesupport_fastrtps_c
[0.522s] [ 89%] Built target move_relative_ur_s__rosidl_typesupport_c
[0.524s] [ 94%] Built target move_relative_ur_s__rosidl_typesupport_introspection_c
[0.741s] running egg_info
[0.792s] writing move_relative_ur.egg-info/PKG-INFO
[0.792s] writing dependency_links to move_relative_ur.egg-info/dependency_links.txt
[0.793s] writing top-level names to move_relative_ur.egg-info/top_level.txt
[0.971s] reading manifest file 'move_relative_ur.egg-info/SOURCES.txt'
[0.972s] writing manifest file 'move_relative_ur.egg-info/SOURCES.txt'
[1.036s] [ 94%] Built target ament_cmake_python_build_move_relative_ur_egg
[3.643s] [01m[K/home/tsi/ws_moveit2/src/move_relative_ur/src/move_monitoring_node.cpp:[m[K In constructor ‘[01m[KRobotMonitoringNode::[01;32m[KRobotMonitoringNode[m[K()[m[K’:
[3.644s] [01m[K/home/tsi/ws_moveit2/src/move_relative_ur/src/move_monitoring_node.cpp:22:67:[m[K [01;31m[Kerror: [m[Kno matching function for call to ‘[01m[KRobotMonitoringNode::create_publisher<std_msgs::msg::String>(const char [17], int, std::_Bind_helper<false, void (RobotMonitoringNode::*)(const std::__cxx11::basic_string<char>&), RobotMonitoringNode*, const std::_Placeholder<1>&>::type)[m[K’
[3.644s]    22 |         error_pub_ = [01;31m[Kthis->create_publisher<std_msgs::msg::String>("robot_monitoring", 10[m[K
[3.644s]       |                      [01;31m[K~~~~~~~~~~~~~~~~~~~~~~~~~~~~~~~~~~~~~~~~~~~~~^~~~~~~~~~~~~~~~~~~~~~~[m[K
[3.644s]    23 | [01;31m[K        , std::bind(&RobotMonitoringNode::sendErrorMessage, this, std::placeholders::_1))[m[K;
[3.644s]       |         [01;31m[K~~~~~~~~~~~~~~~~~~~~~~~~~~~~~~~~~~~~~~~~~~~~~~~~~~~~~~~~~~~~~~~~~~~~~~~~~~~~~~~~~[m[K
[3.645s] In file included from [01m[K/opt/ros/jazzy/include/rclcpp/rclcpp/executors/single_threaded_executor.hpp:28[m[K,
[3.645s]                  from [01m[K/opt/ros/jazzy/include/rclcpp/rclcpp/executors.hpp:22[m[K,
[3.645s]                  from [01m[K/opt/ros/jazzy/include/rclcpp/rclcpp/rclcpp.hpp:172[m[K,
[3.645s]                  from [01m[K/home/tsi/ws_moveit2/src/move_relative_ur/src/move_monitoring_node.cpp:1[m[K:
[3.645s] [01m[K/opt/ros/jazzy/include/rclcpp/rclcpp/node.hpp:197:3:[m[K [01;36m[Knote: [m[Kcandidate: ‘[01m[Ktemplate<class MessageT, class AllocatorT, class PublisherT> std::shared_ptr<PublisherT> rclcpp::Node::[01;32m[Kcreate_publisher[m[K(const std::string&, const rclcpp::QoS&, const rclcpp::PublisherOptionsWithAllocator<AllocatorT>&)[m[K’
[3.646s]   197 |   [01;36m[Kcreate_publisher[m[K(
[3.646s]       |   [01;36m[K^~~~~~~~~~~~~~~~[m[K
[3.646s] [01m[K/opt/ros/jazzy/include/rclcpp/rclcpp/node.hpp:197:3:[m[K [01;36m[Knote: [m[K  template argument deduction/substitution failed:
[3.646s] [01m[K/home/tsi/ws_moveit2/src/move_relative_ur/src/move_monitoring_node.cpp:22:67:[m[K [01;36m[Knote: [m[K  ‘[01m[Kstd::_Bind_helper<false, void (RobotMonitoringNode::*)(const std::__cxx11::basic_string<char>&), RobotMonitoringNode*, const std::_Placeholder<1>&>::type[m[K’ is not derived from ‘[01m[Kconst rclcpp::PublisherOptionsWithAllocator<AllocatorT>[m[K’
[3.647s]    22 |         error_pub_ = [01;36m[Kthis->create_publisher<std_msgs::msg::String>("robot_monitoring", 10[m[K
[3.647s]       |                      [01;36m[K~~~~~~~~~~~~~~~~~~~~~~~~~~~~~~~~~~~~~~~~~~~~~^~~~~~~~~~~~~~~~~~~~~~~[m[K
[3.647s]    23 | [01;36m[K        , std::bind(&RobotMonitoringNode::sendErrorMessage, this, std::placeholders::_1))[m[K;
[3.647s]       |         [01;36m[K~~~~~~~~~~~~~~~~~~~~~~~~~~~~~~~~~~~~~~~~~~~~~~~~~~~~~~~~~~~~~~~~~~~~~~~~~~~~~~~~~[m[K
[7.156s] gmake[2]: *** [CMakeFiles/robot_monitoring_node.dir/build.make:76: CMakeFiles/robot_monitoring_node.dir/src/move_monitoring_node.cpp.o] Error 1
[7.157s] gmake[1]: *** [CMakeFiles/Makefile2:655: CMakeFiles/robot_monitoring_node.dir/all] Error 2
[7.157s] gmake[1]: *** Waiting for unfinished jobs....
[11.127s] [ 97%] [32m[1mLinking CXX executable move_relative_node[0m
[11.610s] [ 97%] Built target move_relative_node
[11.612s] gmake: *** [Makefile:146: all] Error 2
[11.616s] Invoked command in '/home/tsi/ws_moveit2/build/move_relative_ur' returned '2': CMAKE_PREFIX_PATH=${CMAKE_PREFIX_PATH}:/home/tsi/workspace/install/moveit_configs_utils:/opt/ros/jazzy DEBUGINFOD_URLS=https://debuginfod.ubuntu.com /usr/bin/cmake --build /home/tsi/ws_moveit2/build/move_relative_ur -- -j12 -l12
