[0.037s] Invoking command in '/home/tsi/ws_moveit2/build/move_relative_ur': CMAKE_PREFIX_PATH=${CMAKE_PREFIX_PATH}:/home/tsi/workspace/install/moveit_configs_utils:/opt/ros/jazzy DEBUGINFOD_URLS=https://debuginfod.ubuntu.com /usr/bin/cmake --build /home/tsi/ws_moveit2/build/move_relative_ur -- -j12 -l12
[0.150s] [  2%] Built target move_relative_ur__rosidl_generator_type_description
[0.185s] [  2%] Built target ament_cmake_python_symlink_move_relative_ur
[0.193s] [  5%] Built target move_relative_ur__cpp
[0.218s] [ 18%] Built target move_relative_ur__rosidl_generator_c
[0.252s] [ 26%] Built target move_relative_ur__rosidl_typesupport_fastrtps_cpp
[0.253s] [ 34%] Built target move_relative_ur__rosidl_typesupport_c
[0.253s] [ 42%] Built target move_relative_ur__rosidl_typesupport_cpp
[0.254s] [ 50%] Built target move_relative_ur__rosidl_typesupport_introspection_c
[0.256s] [ 57%] Built target move_relative_ur__rosidl_typesupport_fastrtps_c
[0.261s] [ 65%] Built target move_relative_ur__rosidl_typesupport_introspection_cpp
[0.303s] [ 71%] Built target move_relative_node
[0.303s] [ 71%] Built target move_relative_ur
[0.339s] [ 73%] Built target move_relative_ur__py
[0.340s] [ 76%] [32mBuilding CXX object CMakeFiles/robot_monitoring_node.dir/src/move_monitoring_node.cpp.o[0m
[0.394s] [ 81%] Built target move_relative_ur__rosidl_generator_py
[0.437s] [ 86%] Built target move_relative_ur_s__rosidl_typesupport_introspection_c
[0.442s] [ 92%] Built target move_relative_ur_s__rosidl_typesupport_fastrtps_c
[0.453s] [ 97%] Built target move_relative_ur_s__rosidl_typesupport_c
[0.628s] running egg_info
[0.672s] writing move_relative_ur.egg-info/PKG-INFO
[0.672s] writing dependency_links to move_relative_ur.egg-info/dependency_links.txt
[0.672s] writing top-level names to move_relative_ur.egg-info/top_level.txt
[0.810s] reading manifest file 'move_relative_ur.egg-info/SOURCES.txt'
[0.810s] writing manifest file 'move_relative_ur.egg-info/SOURCES.txt'
[0.879s] [ 97%] Built target ament_cmake_python_build_move_relative_ur_egg
[3.064s] [01m[K/home/tsi/ws_moveit2/src/move_relative_ur/src/move_monitoring_node.cpp:[m[K In constructor ‘[01m[KRobotMonitoringNode::[01;32m[KRobotMonitoringNode[m[K()[m[K’:
[3.064s] [01m[K/home/tsi/ws_moveit2/src/move_relative_ur/src/move_monitoring_node.cpp:22:77:[m[K [01;31m[Kerror: [m[Kno matching function for call to ‘[01m[KRobotMonitoringNode::create_publisher<move_relative_ur::msg::ErrorMsg>(const char [17], int, const std::_Placeholder<1>&)[m[K’
[3.065s]    22 |         error_pub_ = [01;31m[Kthis->create_publisher<move_relative_ur::msg::ErrorMsg>("robot_monitoring", 10,std::placeholders::_1)[m[K;
[3.065s]       |                      [01;31m[K~~~~~~~~~~~~~~~~~~~~~~~~~~~~~~~~~~~~~~~~~~~~~~~~~~~~~~~^~~~~~~~~~~~~~~~~~~~~~~~~~~~~~~~~~~~~~~~~~~~~~[m[K
[3.066s] In file included from [01m[K/opt/ros/jazzy/include/rclcpp/rclcpp/executors/single_threaded_executor.hpp:28[m[K,
[3.066s]                  from [01m[K/opt/ros/jazzy/include/rclcpp/rclcpp/executors.hpp:22[m[K,
[3.066s]                  from [01m[K/opt/ros/jazzy/include/rclcpp/rclcpp/rclcpp.hpp:172[m[K,
[3.067s]                  from [01m[K/home/tsi/ws_moveit2/src/move_relative_ur/src/move_monitoring_node.cpp:1[m[K:
[3.067s] [01m[K/opt/ros/jazzy/include/rclcpp/rclcpp/node.hpp:197:3:[m[K [01;36m[Knote: [m[Kcandidate: ‘[01m[Ktemplate<class MessageT, class AllocatorT, class PublisherT> std::shared_ptr<PublisherT> rclcpp::Node::[01;32m[Kcreate_publisher[m[K(const std::string&, const rclcpp::QoS&, const rclcpp::PublisherOptionsWithAllocator<AllocatorT>&)[m[K’
[3.067s]   197 |   [01;36m[Kcreate_publisher[m[K(
[3.068s]       |   [01;36m[K^~~~~~~~~~~~~~~~[m[K
[3.068s] [01m[K/opt/ros/jazzy/include/rclcpp/rclcpp/node.hpp:197:3:[m[K [01;36m[Knote: [m[K  template argument deduction/substitution failed:
[3.068s] [01m[K/home/tsi/ws_moveit2/src/move_relative_ur/src/move_monitoring_node.cpp:22:77:[m[K [01;36m[Knote: [m[K  ‘[01m[Kconst std::_Placeholder<1>[m[K’ is not derived from ‘[01m[Kconst rclcpp::PublisherOptionsWithAllocator<AllocatorT>[m[K’
[3.069s]    22 |         error_pub_ = [01;36m[Kthis->create_publisher<move_relative_ur::msg::ErrorMsg>("robot_monitoring", 10,std::placeholders::_1)[m[K;
[3.069s]       |                      [01;36m[K~~~~~~~~~~~~~~~~~~~~~~~~~~~~~~~~~~~~~~~~~~~~~~~~~~~~~~~^~~~~~~~~~~~~~~~~~~~~~~~~~~~~~~~~~~~~~~~~~~~~~[m[K
[3.069s] [01m[K/home/tsi/ws_moveit2/src/move_relative_ur/src/move_monitoring_node.cpp:[m[K In member function ‘[01m[Kvoid RobotMonitoringNode::[01;32m[KsendErrorMessage[m[K(const std::string&)[m[K’:
[3.070s] [01m[K/home/tsi/ws_moveit2/src/move_relative_ur/src/move_monitoring_node.cpp:31:13:[m[K [01;31m[Kerror: [m[K‘[01m[Kstruct move_relative_ur::msg::ErrorMsg_<std::allocator<void> >[m[K’ has no member named ‘[01m[Kmassage[m[K’; did you mean ‘[01m[Kmessage[m[K’?
[3.070s]    31 |         msg.[01;31m[Kmassage[m[K = error_msg;
[3.070s]       |             [01;31m[K^~~~~~~[m[K
[3.071s]       |             [32m[Kmessage[m[K
[3.071s] [01m[K/home/tsi/ws_moveit2/src/move_relative_ur/src/move_monitoring_node.cpp:32:28:[m[K [01;31m[Kerror: [m[Kno matching function for call to ‘[01m[Krclcpp::Publisher<std_msgs::msg::String_<std::allocator<void> > >::publish(move_relative_ur::msg::ErrorMsg_<std::allocator<void> >&)[m[K’
[3.071s]    32 |         [01;31m[Kerror_pub_->publish(msg)[m[K;
[3.072s]       |         [01;31m[K~~~~~~~~~~~~~~~~~~~^~~~~[m[K
[3.072s] In file included from [01m[K/opt/ros/jazzy/include/rclcpp/rclcpp/topic_statistics/subscription_topic_statistics.hpp:31[m[K,
[3.072s]                  from [01m[K/opt/ros/jazzy/include/rclcpp/rclcpp/subscription.hpp:50[m[K,
[3.073s]                  from [01m[K/opt/ros/jazzy/include/rclcpp/rclcpp/any_executable.hpp:25[m[K,
[3.073s]                  from [01m[K/opt/ros/jazzy/include/rclcpp/rclcpp/memory_strategy.hpp:25[m[K,
[3.073s]                  from [01m[K/opt/ros/jazzy/include/rclcpp/rclcpp/memory_strategies.hpp:18[m[K,
[3.074s]                  from [01m[K/opt/ros/jazzy/include/rclcpp/rclcpp/executor_options.hpp:22[m[K,
[3.074s]                  from [01m[K/opt/ros/jazzy/include/rclcpp/rclcpp/executor.hpp:38[m[K,
[3.074s]                  from [01m[K/opt/ros/jazzy/include/rclcpp/rclcpp/executors/multi_threaded_executor.hpp:25[m[K,
[3.075s]                  from [01m[K/opt/ros/jazzy/include/rclcpp/rclcpp/executors.hpp:21[m[K:
[3.075s] [01m[K/opt/ros/jazzy/include/rclcpp/rclcpp/publisher.hpp:242:3:[m[K [01;36m[Knote: [m[Kcandidate: ‘[01m[Ktemplate<class T> std::enable_if_t<(rosidl_generator_traits::is_message<T>::value && std::is_same<T, typename rclcpp::TypeAdapter<MessageT>::ros_message_type>::value)> rclcpp::Publisher<MessageT, AllocatorT>::[01;32m[Kpublish[m[K(std::unique_ptr<T, typename std::conditional<std::is_same<typename std::allocator_traits<typename std::allocator_traits<_Allocator>::rebind_traits<typename rclcpp::TypeAdapter<MessageT, void, void>::ros_message_type>::allocator_type>::rebind_alloc<typename rclcpp::TypeAdapter<MessageT, void, void>::ros_message_type>, std::allocator<typename rclcpp::TypeAdapter<MessageT>::ros_message_type> >::value, std::default_delete<typename rclcpp::TypeAdapter<MessageT>::ros_message_type>, rclcpp::allocator::AllocatorDeleter<typename std::allocator_traits<_Allocator>::rebind_traits<typename rclcpp::TypeAdapter<MessageT, void, void>::ros_message_type>::allocator_type> >::type>) [35m[K[with MessageT = std_msgs::msg::String_<std::allocator<void> >; AllocatorT = std::allocator<void>][m[K[m[K’
[3.075s]   242 |   [01;36m[Kpublish[m[K(std::unique_ptr<T, ROSMessageTypeDeleter> msg)
[3.076s]       |   [01;36m[K^~~~~~~[m[K
[3.076s] [01m[K/opt/ros/jazzy/include/rclcpp/rclcpp/publisher.hpp:242:3:[m[K [01;36m[Knote: [m[K  template argument deduction/substitution failed:
[3.076s] [01m[K/home/tsi/ws_moveit2/src/move_relative_ur/src/move_monitoring_node.cpp:32:28:[m[K [01;36m[Knote: [m[K  ‘[01m[Kmove_relative_ur::msg::ErrorMsg_<std::allocator<void> >[m[K’ is not derived from ‘[01m[Kstd::unique_ptr<T, std::default_delete<std_msgs::msg::String_<std::allocator<void> > > >[m[K’
[3.076s]    32 |         [01;36m[Kerror_pub_->publish(msg)[m[K;
[3.077s]       |         [01;36m[K~~~~~~~~~~~~~~~~~~~^~~~~[m[K
[3.077s] [01m[K/opt/ros/jazzy/include/rclcpp/rclcpp/publisher.hpp:292:3:[m[K [01;36m[Knote: [m[Kcandidate: ‘[01m[Ktemplate<class T> std::enable_if_t<(rosidl_generator_traits::is_message<T>::value && std::is_same<T, typename rclcpp::TypeAdapter<MessageT>::ros_message_type>::value)> rclcpp::Publisher<MessageT, AllocatorT>::[01;32m[Kpublish[m[K(const T&) [35m[K[with MessageT = std_msgs::msg::String_<std::allocator<void> >; AllocatorT = std::allocator<void>][m[K[m[K’
[3.077s]   292 |   [01;36m[Kpublish[m[K(const T & msg)
[3.077s]       |   [01;36m[K^~~~~~~[m[K
[3.077s] [01m[K/opt/ros/jazzy/include/rclcpp/rclcpp/publisher.hpp:292:3:[m[K [01;36m[Knote: [m[K  template argument deduction/substitution failed:
[3.078s] In file included from [01m[K/usr/include/c++/13/bits/move.h:37[m[K,
[3.078s]                  from [01m[K/usr/include/c++/13/bits/new_allocator.h:36[m[K,
[3.078s]                  from [01m[K/usr/include/x86_64-linux-gnu/c++/13/bits/c++allocator.h:33[m[K,
[3.078s]                  from [01m[K/usr/include/c++/13/bits/allocator.h:46[m[K,
[3.078s]                  from [01m[K/usr/include/c++/13/memory:65[m[K,
[3.079s]                  from [01m[K/opt/ros/jazzy/include/rclcpp/rclcpp/rclcpp.hpp:169[m[K:
[3.079s] /usr/include/c++/13/type_traits: In substitution of ‘[01m[Ktemplate<bool _Cond, class _Tp> using std::enable_if_t = typename std::enable_if::type [35m[K[with bool _Cond = false; _Tp = void][m[K[m[K’:
[3.079s] [01m[K/opt/ros/jazzy/include/rclcpp/rclcpp/publisher.hpp:292:3:[m[K   required by substitution of ‘[01m[Ktemplate<class T> std::enable_if_t<(rosidl_generator_traits::is_message<T>::value && std::is_same<T, std_msgs::msg::String_<std::allocator<void> > >::value), void> rclcpp::Publisher<std_msgs::msg::String_<std::allocator<void> > >::[01;32m[Kpublish[m[K(const T&) [35m[K[with T = move_relative_ur::msg::ErrorMsg_<std::allocator<void> >][m[K[m[K’
[3.079s] [01m[K/home/tsi/ws_moveit2/src/move_relative_ur/src/move_monitoring_node.cpp:32:28:[m[K   required from here
[3.079s] [01m[K/usr/include/c++/13/type_traits:2610:11:[m[K [01;31m[Kerror: [m[Kno type named ‘[01m[Ktype[m[K’ in ‘[01m[Kstruct std::enable_if<false, void>[m[K’
[3.080s]  2610 |     using [01;31m[Kenable_if_t[m[K = typename enable_if<_Cond, _Tp>::type;
[3.080s]       |           [01;31m[K^~~~~~~~~~~[m[K
[3.080s] [01m[K/opt/ros/jazzy/include/rclcpp/rclcpp/publisher.hpp:322:3:[m[K [01;36m[Knote: [m[Kcandidate: ‘[01m[Ktemplate<class T> std::enable_if_t<(typename rclcpp::TypeAdapter<MessageT>::is_specialized::value && std::is_same<T, typename rclcpp::TypeAdapter<MessageT>::custom_type>::value)> rclcpp::Publisher<MessageT, AllocatorT>::[01;32m[Kpublish[m[K(std::unique_ptr<T, typename std::conditional<std::is_same<typename std::allocator_traits<typename std::allocator_traits<_Allocator>::rebind_traits<typename rclcpp::TypeAdapter<MessageT, void, void>::custom_type>::allocator_type>::rebind_alloc<typename rclcpp::TypeAdapter<MessageT, void, void>::custom_type>, std::allocator<typename rclcpp::TypeAdapter<MessageT>::custom_type> >::value, std::default_delete<typename rclcpp::TypeAdapter<MessageT>::custom_type>, rclcpp::allocator::AllocatorDeleter<typename std::allocator_traits<_Allocator>::rebind_traits<typename rclcpp::TypeAdapter<MessageT, void, void>::custom_type>::allocator_type> >::type>) [35m[K[with MessageT = std_msgs::msg::String_<std::allocator<void> >; AllocatorT = std::allocator<void>][m[K[m[K’
[3.080s]   322 |   [01;36m[Kpublish[m[K(std::unique_ptr<T, PublishedTypeDeleter> msg)
[3.081s]       |   [01;36m[K^~~~~~~[m[K
[3.081s] [01m[K/opt/ros/jazzy/include/rclcpp/rclcpp/publisher.hpp:322:3:[m[K [01;36m[Knote: [m[K  template argument deduction/substitution failed:
[3.081s] [01m[K/home/tsi/ws_moveit2/src/move_relative_ur/src/move_monitoring_node.cpp:32:28:[m[K [01;36m[Knote: [m[K  ‘[01m[Kmove_relative_ur::msg::ErrorMsg_<std::allocator<void> >[m[K’ is not derived from ‘[01m[Kstd::unique_ptr<T, std::default_delete<std_msgs::msg::String_<std::allocator<void> > > >[m[K’
[3.081s]    32 |         [01;36m[Kerror_pub_->publish(msg)[m[K;
[3.082s]       |         [01;36m[K~~~~~~~~~~~~~~~~~~~^~~~~[m[K
[3.082s] [01m[K/opt/ros/jazzy/include/rclcpp/rclcpp/publisher.hpp:369:3:[m[K [01;36m[Knote: [m[Kcandidate: ‘[01m[Ktemplate<class T> std::enable_if_t<(typename rclcpp::TypeAdapter<MessageT>::is_specialized::value && std::is_same<T, typename rclcpp::TypeAdapter<MessageT>::custom_type>::value)> rclcpp::Publisher<MessageT, AllocatorT>::[01;32m[Kpublish[m[K(const T&) [35m[K[with MessageT = std_msgs::msg::String_<std::allocator<void> >; AllocatorT = std::allocator<void>][m[K[m[K’
[3.082s]   369 |   [01;36m[Kpublish[m[K(const T & msg)
[3.082s]       |   [01;36m[K^~~~~~~[m[K
[3.082s] [01m[K/opt/ros/jazzy/include/rclcpp/rclcpp/publisher.hpp:369:3:[m[K [01;36m[Knote: [m[K  template argument deduction/substitution failed:
[3.082s] [01m[K/opt/ros/jazzy/include/rclcpp/rclcpp/publisher.hpp:387:3:[m[K [01;36m[Knote: [m[Kcandidate: ‘[01m[Kvoid rclcpp::Publisher<MessageT, AllocatorT>::[01;32m[Kpublish[m[K(const rcl_serialized_message_t&) [35m[K[with MessageT = std_msgs::msg::String_<std::allocator<void> >; AllocatorT = std::allocator<void>; rcl_serialized_message_t = rcutils_uint8_array_s][m[K[m[K’
[3.083s]   387 |   [01;36m[Kpublish[m[K(const rcl_serialized_message_t & serialized_msg)
[3.083s]       |   [01;36m[K^~~~~~~[m[K
[3.083s] [01m[K/opt/ros/jazzy/include/rclcpp/rclcpp/publisher.hpp:387:44:[m[K [01;36m[Knote: [m[K  no known conversion for argument 1 from ‘[01m[Kmove_relative_ur::msg::ErrorMsg_<std::allocator<void> >[m[K’ to ‘[01m[Kconst rcl_serialized_message_t&[m[K’ {aka ‘[01m[Kconst rcutils_uint8_array_s&[m[K’}
[3.083s]   387 |   publish([01;36m[Kconst rcl_serialized_message_t & serialized_msg[m[K)
[3.083s]       |           [01;36m[K~~~~~~~~~~~~~~~~~~~~~~~~~~~~~~~~~^~~~~~~~~~~~~~[m[K
[3.083s] [01m[K/opt/ros/jazzy/include/rclcpp/rclcpp/publisher.hpp:393:3:[m[K [01;36m[Knote: [m[Kcandidate: ‘[01m[Kvoid rclcpp::Publisher<MessageT, AllocatorT>::[01;32m[Kpublish[m[K(const rclcpp::SerializedMessage&) [35m[K[with MessageT = std_msgs::msg::String_<std::allocator<void> >; AllocatorT = std::allocator<void>][m[K[m[K’
[3.083s]   393 |   [01;36m[Kpublish[m[K(const SerializedMessage & serialized_msg)
[3.083s]       |   [01;36m[K^~~~~~~[m[K
[3.084s] [01m[K/opt/ros/jazzy/include/rclcpp/rclcpp/publisher.hpp:393:37:[m[K [01;36m[Knote: [m[K  no known conversion for argument 1 from ‘[01m[Kmove_relative_ur::msg::ErrorMsg_<std::allocator<void> >[m[K’ to ‘[01m[Kconst rclcpp::SerializedMessage&[m[K’
[3.084s]   393 |   publish([01;36m[Kconst SerializedMessage & serialized_msg[m[K)
[3.084s]       |           [01;36m[K~~~~~~~~~~~~~~~~~~~~~~~~~~^~~~~~~~~~~~~~[m[K
[3.084s] [01m[K/opt/ros/jazzy/include/rclcpp/rclcpp/publisher.hpp:407:3:[m[K [01;36m[Knote: [m[Kcandidate: ‘[01m[Kvoid rclcpp::Publisher<MessageT, AllocatorT>::[01;32m[Kpublish[m[K(rclcpp::LoanedMessage<typename rclcpp::TypeAdapter<MessageT>::ros_message_type, AllocatorT>&&) [35m[K[with MessageT = std_msgs::msg::String_<std::allocator<void> >; AllocatorT = std::allocator<void>; typename rclcpp::TypeAdapter<MessageT>::ros_message_type = std_msgs::msg::String_<std::allocator<void> >][m[K[m[K’
[3.084s]   407 |   [01;36m[Kpublish[m[K(rclcpp::LoanedMessage<ROSMessageType, AllocatorT> && loaned_msg)
[3.084s]       |   [01;36m[K^~~~~~~[m[K
[3.084s] [01m[K/opt/ros/jazzy/include/rclcpp/rclcpp/publisher.hpp:407:64:[m[K [01;36m[Knote: [m[K  no known conversion for argument 1 from ‘[01m[Kmove_relative_ur::msg::ErrorMsg_<std::allocator<void> >[m[K’ to ‘[01m[Krclcpp::LoanedMessage<std_msgs::msg::String_<std::allocator<void> >, std::allocator<void> >&&[m[K’
[3.084s]   407 |   publish([01;36m[Krclcpp::LoanedMessage<ROSMessageType, AllocatorT> && loaned_msg[m[K)
[3.085s]       |           [01;36m[K~~~~~~~~~~~~~~~~~~~~~~~~~~~~~~~~~~~~~~~~~~~~~~~~~~~~~^~~~~~~~~~[m[K
[6.102s] gmake[2]: *** [CMakeFiles/robot_monitoring_node.dir/build.make:76: CMakeFiles/robot_monitoring_node.dir/src/move_monitoring_node.cpp.o] Error 1
[6.103s] gmake[1]: *** [CMakeFiles/Makefile2:655: CMakeFiles/robot_monitoring_node.dir/all] Error 2
[6.103s] gmake: *** [Makefile:146: all] Error 2
[6.107s] Invoked command in '/home/tsi/ws_moveit2/build/move_relative_ur' returned '2': CMAKE_PREFIX_PATH=${CMAKE_PREFIX_PATH}:/home/tsi/workspace/install/moveit_configs_utils:/opt/ros/jazzy DEBUGINFOD_URLS=https://debuginfod.ubuntu.com /usr/bin/cmake --build /home/tsi/ws_moveit2/build/move_relative_ur -- -j12 -l12
