[0.049s] Invoking command in '/home/tsi/ws_moveit2/build/move_relative_ur': CMAKE_PREFIX_PATH=${CMAKE_PREFIX_PATH}:/home/tsi/workspace/install/moveit_configs_utils:/opt/ros/jazzy DEBUGINFOD_URLS=https://debuginfod.ubuntu.com /usr/bin/cmake --build /home/tsi/ws_moveit2/build/move_relative_ur -- -j12 -l12
[0.166s] [  2%] Built target move_relative_ur__rosidl_generator_type_description
[0.190s] [  2%] Built target ament_cmake_python_symlink_move_relative_ur
[0.227s] [  5%] Built target move_relative_ur__cpp
[0.227s] [ 18%] Built target move_relative_ur__rosidl_generator_c
[0.284s] [ 26%] Built target move_relative_ur__rosidl_typesupport_fastrtps_cpp
[0.289s] [ 34%] Built target move_relative_ur__rosidl_typesupport_cpp
[0.291s] [ 47%] Built target move_relative_ur__rosidl_typesupport_c
[0.291s] [ 50%] Built target move_relative_ur__rosidl_typesupport_introspection_c
[0.316s] [ 57%] Built target move_relative_ur__rosidl_typesupport_introspection_cpp
[0.318s] [ 65%] Built target move_relative_ur__rosidl_typesupport_fastrtps_c
[0.340s] [ 65%] Built target move_relative_ur
[0.351s] [ 71%] Built target robot_monitoring_node
[0.376s] [ 73%] [32mBuilding CXX object CMakeFiles/move_relative_node.dir/src/move_relative.cpp.o[0m
[0.407s] [ 76%] Built target move_relative_ur__py
[0.478s] [ 81%] Built target move_relative_ur__rosidl_generator_py
[0.538s] [ 86%] Built target move_relative_ur_s__rosidl_typesupport_c
[0.540s] [ 92%] Built target move_relative_ur_s__rosidl_typesupport_introspection_c
[0.544s] [ 97%] Built target move_relative_ur_s__rosidl_typesupport_fastrtps_c
[0.672s] running egg_info
[0.720s] writing move_relative_ur.egg-info/PKG-INFO
[0.720s] writing dependency_links to move_relative_ur.egg-info/dependency_links.txt
[0.721s] writing top-level names to move_relative_ur.egg-info/top_level.txt
[0.880s] reading manifest file 'move_relative_ur.egg-info/SOURCES.txt'
[0.881s] writing manifest file 'move_relative_ur.egg-info/SOURCES.txt'
[0.951s] [ 97%] Built target ament_cmake_python_build_move_relative_ur_egg
[11.474s] [100%] [32m[1mLinking CXX executable move_relative_node[0m
[12.066s] [100%] Built target move_relative_node
[12.093s] Invoked command in '/home/tsi/ws_moveit2/build/move_relative_ur' returned '0': CMAKE_PREFIX_PATH=${CMAKE_PREFIX_PATH}:/home/tsi/workspace/install/moveit_configs_utils:/opt/ros/jazzy DEBUGINFOD_URLS=https://debuginfod.ubuntu.com /usr/bin/cmake --build /home/tsi/ws_moveit2/build/move_relative_ur -- -j12 -l12
[12.118s] Invoking command in '/home/tsi/ws_moveit2/build/move_relative_ur': CMAKE_PREFIX_PATH=${CMAKE_PREFIX_PATH}:/home/tsi/workspace/install/moveit_configs_utils:/opt/ros/jazzy DEBUGINFOD_URLS=https://debuginfod.ubuntu.com /usr/bin/cmake --install /home/tsi/ws_moveit2/build/move_relative_ur
[12.132s] -- Install configuration: ""
[12.132s] -- Execute custom install script
[12.133s] -- Up-to-date symlink: /home/tsi/ws_moveit2/install/move_relative_ur/share/ament_index/resource_index/rosidl_interfaces/move_relative_ur
[12.133s] -- Up-to-date symlink: /home/tsi/ws_moveit2/install/move_relative_ur/share/move_relative_ur/msg/ErrorMsg.json
[12.133s] -- Up-to-date symlink: /home/tsi/ws_moveit2/install/move_relative_ur/include/move_relative_ur/move_relative_ur/msg/detail/error_msg__functions.h
[12.134s] -- Up-to-date symlink: /home/tsi/ws_moveit2/install/move_relative_ur/include/move_relative_ur/move_relative_ur/msg/detail/error_msg__struct.h
[12.134s] -- Up-to-date symlink: /home/tsi/ws_moveit2/install/move_relative_ur/include/move_relative_ur/move_relative_ur/msg/detail/error_msg__type_support.h
[12.134s] -- Up-to-date symlink: /home/tsi/ws_moveit2/install/move_relative_ur/include/move_relative_ur/move_relative_ur/msg/error_msg.h
[12.134s] -- Up-to-date symlink: /home/tsi/ws_moveit2/install/move_relative_ur/include/move_relative_ur/move_relative_ur/msg/rosidl_generator_c__visibility_control.h
[12.135s] -- Up-to-date symlink: /home/tsi/ws_moveit2/install/move_relative_ur/share/move_relative_ur/environment/library_path.sh
[12.135s] -- Up-to-date symlink: /home/tsi/ws_moveit2/install/move_relative_ur/share/move_relative_ur/environment/library_path.dsv
[12.136s] -- Up-to-date symlink: /home/tsi/ws_moveit2/install/move_relative_ur/include/move_relative_ur/move_relative_ur/msg/detail/error_msg__rosidl_typesupport_fastrtps_c.h
[12.136s] -- Up-to-date symlink: /home/tsi/ws_moveit2/install/move_relative_ur/include/move_relative_ur/move_relative_ur/msg/rosidl_typesupport_fastrtps_c__visibility_control.h
[12.138s] -- Up-to-date symlink: /home/tsi/ws_moveit2/install/move_relative_ur/include/move_relative_ur/move_relative_ur/msg/detail/error_msg__builder.hpp
[12.138s] -- Up-to-date symlink: /home/tsi/ws_moveit2/install/move_relative_ur/include/move_relative_ur/move_relative_ur/msg/detail/error_msg__struct.hpp
[12.138s] -- Up-to-date symlink: /home/tsi/ws_moveit2/install/move_relative_ur/include/move_relative_ur/move_relative_ur/msg/detail/error_msg__traits.hpp
[12.139s] -- Up-to-date symlink: /home/tsi/ws_moveit2/install/move_relative_ur/include/move_relative_ur/move_relative_ur/msg/detail/error_msg__type_support.hpp
[12.139s] -- Up-to-date symlink: /home/tsi/ws_moveit2/install/move_relative_ur/include/move_relative_ur/move_relative_ur/msg/error_msg.hpp
[12.139s] -- Up-to-date symlink: /home/tsi/ws_moveit2/install/move_relative_ur/include/move_relative_ur/move_relative_ur/msg/rosidl_generator_cpp__visibility_control.hpp
[12.140s] -- Up-to-date symlink: /home/tsi/ws_moveit2/install/move_relative_ur/include/move_relative_ur/move_relative_ur/msg/detail/error_msg__rosidl_typesupport_fastrtps_cpp.hpp
[12.141s] -- Up-to-date symlink: /home/tsi/ws_moveit2/install/move_relative_ur/include/move_relative_ur/move_relative_ur/msg/rosidl_typesupport_fastrtps_cpp__visibility_control.h
[12.141s] -- Up-to-date symlink: /home/tsi/ws_moveit2/install/move_relative_ur/include/move_relative_ur/move_relative_ur/msg/detail/error_msg__rosidl_typesupport_introspection_c.h
[12.142s] -- Up-to-date symlink: /home/tsi/ws_moveit2/install/move_relative_ur/include/move_relative_ur/move_relative_ur/msg/rosidl_typesupport_introspection_c__visibility_control.h
[12.143s] -- Up-to-date symlink: /home/tsi/ws_moveit2/install/move_relative_ur/include/move_relative_ur/move_relative_ur/msg/detail/error_msg__rosidl_typesupport_introspection_cpp.hpp
[12.143s] -- Up-to-date symlink: /home/tsi/ws_moveit2/install/move_relative_ur/share/move_relative_ur/environment/pythonpath.sh
[12.143s] -- Up-to-date symlink: /home/tsi/ws_moveit2/install/move_relative_ur/share/move_relative_ur/environment/pythonpath.dsv
[12.144s] -- Up-to-date symlink: /home/tsi/ws_moveit2/install/move_relative_ur/lib/python3.12/site-packages/move_relative_ur-0.0.1-py3.12.egg-info/PKG-INFO
[12.144s] -- Up-to-date symlink: /home/tsi/ws_moveit2/install/move_relative_ur/lib/python3.12/site-packages/move_relative_ur-0.0.1-py3.12.egg-info/SOURCES.txt
[12.145s] -- Up-to-date symlink: /home/tsi/ws_moveit2/install/move_relative_ur/lib/python3.12/site-packages/move_relative_ur-0.0.1-py3.12.egg-info/dependency_links.txt
[12.145s] -- Up-to-date symlink: /home/tsi/ws_moveit2/install/move_relative_ur/lib/python3.12/site-packages/move_relative_ur-0.0.1-py3.12.egg-info/top_level.txt
[12.146s] -- Up-to-date symlink: /home/tsi/ws_moveit2/install/move_relative_ur/lib/python3.12/site-packages/move_relative_ur/__init__.py
[12.146s] -- Up-to-date symlink: /home/tsi/ws_moveit2/install/move_relative_ur/lib/python3.12/site-packages/move_relative_ur/_move_relative_ur_s.ep.rosidl_typesupport_c.c
[12.147s] -- Up-to-date symlink: /home/tsi/ws_moveit2/install/move_relative_ur/lib/python3.12/site-packages/move_relative_ur/_move_relative_ur_s.ep.rosidl_typesupport_fastrtps_c.c
[12.147s] -- Up-to-date symlink: /home/tsi/ws_moveit2/install/move_relative_ur/lib/python3.12/site-packages/move_relative_ur/_move_relative_ur_s.ep.rosidl_typesupport_introspection_c.c
[12.147s] -- Up-to-date symlink: /home/tsi/ws_moveit2/install/move_relative_ur/lib/python3.12/site-packages/move_relative_ur/move_relative_ur_s__rosidl_typesupport_c.so
[12.148s] -- Up-to-date symlink: /home/tsi/ws_moveit2/install/move_relative_ur/lib/python3.12/site-packages/move_relative_ur/move_relative_ur_s__rosidl_typesupport_fastrtps_c.so
[12.148s] -- Up-to-date symlink: /home/tsi/ws_moveit2/install/move_relative_ur/lib/python3.12/site-packages/move_relative_ur/move_relative_ur_s__rosidl_typesupport_introspection_c.so
[12.148s] -- Up-to-date symlink: /home/tsi/ws_moveit2/install/move_relative_ur/lib/python3.12/site-packages/move_relative_ur/msg/__init__.py
[12.149s] -- Up-to-date symlink: /home/tsi/ws_moveit2/install/move_relative_ur/lib/python3.12/site-packages/move_relative_ur/msg/_error_msg.py
[12.149s] -- Up-to-date symlink: /home/tsi/ws_moveit2/install/move_relative_ur/lib/python3.12/site-packages/move_relative_ur/msg/_error_msg_s.c
[12.149s] -- Up-to-date symlink: /home/tsi/ws_moveit2/install/move_relative_ur/lib/python3.12/site-packages/move_relative_ur/move_relative_ur_s__rosidl_typesupport_fastrtps_c.so
[12.150s] -- Up-to-date symlink: /home/tsi/ws_moveit2/install/move_relative_ur/lib/python3.12/site-packages/move_relative_ur/move_relative_ur_s__rosidl_typesupport_introspection_c.so
[12.150s] -- Up-to-date symlink: /home/tsi/ws_moveit2/install/move_relative_ur/lib/python3.12/site-packages/move_relative_ur/move_relative_ur_s__rosidl_typesupport_c.so
[12.150s] -- Up-to-date symlink: /home/tsi/ws_moveit2/install/move_relative_ur/share/move_relative_ur/msg/ErrorMsg.idl
[12.151s] -- Up-to-date symlink: /home/tsi/ws_moveit2/install/move_relative_ur/share/move_relative_ur/msg/ErrorMsg.msg
[12.151s] -- Up-to-date symlink: /home/tsi/ws_moveit2/install/move_relative_ur/lib/move_relative_ur/move_relative_node
[12.152s] -- Up-to-date symlink: /home/tsi/ws_moveit2/install/move_relative_ur/lib/move_relative_ur/robot_monitoring_node
[12.152s] -- Up-to-date symlink: /home/tsi/ws_moveit2/install/move_relative_ur/share/ament_index/resource_index/package_run_dependencies/move_relative_ur
[12.153s] -- Up-to-date symlink: /home/tsi/ws_moveit2/install/move_relative_ur/share/ament_index/resource_index/parent_prefix_path/move_relative_ur
[12.154s] -- Up-to-date symlink: /home/tsi/ws_moveit2/install/move_relative_ur/share/move_relative_ur/environment/ament_prefix_path.sh
[12.154s] -- Up-to-date symlink: /home/tsi/ws_moveit2/install/move_relative_ur/share/move_relative_ur/environment/ament_prefix_path.dsv
[12.155s] -- Up-to-date symlink: /home/tsi/ws_moveit2/install/move_relative_ur/share/move_relative_ur/environment/path.sh
[12.155s] -- Up-to-date symlink: /home/tsi/ws_moveit2/install/move_relative_ur/share/move_relative_ur/environment/path.dsv
[12.155s] -- Up-to-date symlink: /home/tsi/ws_moveit2/install/move_relative_ur/share/move_relative_ur/local_setup.bash
[12.156s] -- Up-to-date symlink: /home/tsi/ws_moveit2/install/move_relative_ur/share/move_relative_ur/local_setup.sh
[12.156s] -- Up-to-date symlink: /home/tsi/ws_moveit2/install/move_relative_ur/share/move_relative_ur/local_setup.zsh
[12.157s] -- Up-to-date symlink: /home/tsi/ws_moveit2/install/move_relative_ur/share/move_relative_ur/local_setup.dsv
[12.157s] -- Symlinking: /home/tsi/ws_moveit2/install/move_relative_ur/share/move_relative_ur/package.dsv
[12.186s] -- Up-to-date symlink: /home/tsi/ws_moveit2/install/move_relative_ur/share/ament_index/resource_index/packages/move_relative_ur
[12.187s] -- Up-to-date symlink: /home/tsi/ws_moveit2/install/move_relative_ur/share/move_relative_ur/cmake/rosidl_cmake-extras.cmake
[12.187s] -- Up-to-date symlink: /home/tsi/ws_moveit2/install/move_relative_ur/share/move_relative_ur/cmake/ament_cmake_export_include_directories-extras.cmake
[12.188s] -- Up-to-date symlink: /home/tsi/ws_moveit2/install/move_relative_ur/share/move_relative_ur/cmake/ament_cmake_export_libraries-extras.cmake
[12.188s] -- Up-to-date symlink: /home/tsi/ws_moveit2/install/move_relative_ur/share/move_relative_ur/cmake/ament_cmake_export_targets-extras.cmake
[12.189s] -- Up-to-date symlink: /home/tsi/ws_moveit2/install/move_relative_ur/share/move_relative_ur/cmake/rosidl_cmake_export_typesupport_targets-extras.cmake
[12.189s] -- Up-to-date symlink: /home/tsi/ws_moveit2/install/move_relative_ur/share/move_relative_ur/cmake/ament_cmake_export_dependencies-extras.cmake
[12.190s] -- Up-to-date symlink: /home/tsi/ws_moveit2/install/move_relative_ur/share/move_relative_ur/cmake/rosidl_cmake_export_typesupport_libraries-extras.cmake
[12.190s] -- Up-to-date symlink: /home/tsi/ws_moveit2/install/move_relative_ur/share/move_relative_ur/cmake/move_relative_urConfig.cmake
[12.191s] -- Up-to-date symlink: /home/tsi/ws_moveit2/install/move_relative_ur/share/move_relative_ur/cmake/move_relative_urConfig-version.cmake
[12.191s] -- Up-to-date symlink: /home/tsi/ws_moveit2/install/move_relative_ur/share/move_relative_ur/package.xml
[12.192s] -- Up-to-date: /home/tsi/ws_moveit2/install/move_relative_ur/lib/libmove_relative_ur__rosidl_generator_c.so
[12.193s] -- Up-to-date: /home/tsi/ws_moveit2/install/move_relative_ur/lib/libmove_relative_ur__rosidl_typesupport_fastrtps_c.so
[12.194s] -- Up-to-date: /home/tsi/ws_moveit2/install/move_relative_ur/lib/libmove_relative_ur__rosidl_typesupport_fastrtps_cpp.so
[12.195s] -- Up-to-date: /home/tsi/ws_moveit2/install/move_relative_ur/lib/libmove_relative_ur__rosidl_typesupport_introspection_c.so
[12.196s] -- Up-to-date: /home/tsi/ws_moveit2/install/move_relative_ur/lib/libmove_relative_ur__rosidl_typesupport_c.so
[12.197s] -- Up-to-date: /home/tsi/ws_moveit2/install/move_relative_ur/lib/libmove_relative_ur__rosidl_typesupport_introspection_cpp.so
[12.197s] -- Up-to-date: /home/tsi/ws_moveit2/install/move_relative_ur/lib/libmove_relative_ur__rosidl_typesupport_cpp.so
[12.253s] Listing '/home/tsi/ws_moveit2/install/move_relative_ur/lib/python3.12/site-packages/move_relative_ur'...
[12.253s] Listing '/home/tsi/ws_moveit2/install/move_relative_ur/lib/python3.12/site-packages/move_relative_ur/msg'...
[12.262s] -- Up-to-date: /home/tsi/ws_moveit2/install/move_relative_ur/lib/libmove_relative_ur__rosidl_generator_py.so
[12.262s] -- Up-to-date: /home/tsi/ws_moveit2/install/move_relative_ur/share/move_relative_ur/cmake/export_move_relative_ur__rosidl_generator_cExport.cmake
[12.263s] -- Up-to-date: /home/tsi/ws_moveit2/install/move_relative_ur/share/move_relative_ur/cmake/export_move_relative_ur__rosidl_generator_cExport-noconfig.cmake
[12.263s] -- Up-to-date: /home/tsi/ws_moveit2/install/move_relative_ur/share/move_relative_ur/cmake/export_move_relative_ur__rosidl_typesupport_fastrtps_cExport.cmake
[12.263s] -- Up-to-date: /home/tsi/ws_moveit2/install/move_relative_ur/share/move_relative_ur/cmake/export_move_relative_ur__rosidl_typesupport_fastrtps_cExport-noconfig.cmake
[12.264s] -- Up-to-date: /home/tsi/ws_moveit2/install/move_relative_ur/share/move_relative_ur/cmake/export_move_relative_ur__rosidl_generator_cppExport.cmake
[12.264s] -- Up-to-date: /home/tsi/ws_moveit2/install/move_relative_ur/share/move_relative_ur/cmake/export_move_relative_ur__rosidl_typesupport_fastrtps_cppExport.cmake
[12.264s] -- Up-to-date: /home/tsi/ws_moveit2/install/move_relative_ur/share/move_relative_ur/cmake/export_move_relative_ur__rosidl_typesupport_fastrtps_cppExport-noconfig.cmake
[12.264s] -- Up-to-date: /home/tsi/ws_moveit2/install/move_relative_ur/share/move_relative_ur/cmake/move_relative_ur__rosidl_typesupport_introspection_cExport.cmake
[12.265s] -- Up-to-date: /home/tsi/ws_moveit2/install/move_relative_ur/share/move_relative_ur/cmake/move_relative_ur__rosidl_typesupport_introspection_cExport-noconfig.cmake
[12.265s] -- Up-to-date: /home/tsi/ws_moveit2/install/move_relative_ur/share/move_relative_ur/cmake/move_relative_ur__rosidl_typesupport_cExport.cmake
[12.265s] -- Up-to-date: /home/tsi/ws_moveit2/install/move_relative_ur/share/move_relative_ur/cmake/move_relative_ur__rosidl_typesupport_cExport-noconfig.cmake
[12.265s] -- Up-to-date: /home/tsi/ws_moveit2/install/move_relative_ur/share/move_relative_ur/cmake/move_relative_ur__rosidl_typesupport_introspection_cppExport.cmake
[12.266s] -- Up-to-date: /home/tsi/ws_moveit2/install/move_relative_ur/share/move_relative_ur/cmake/move_relative_ur__rosidl_typesupport_introspection_cppExport-noconfig.cmake
[12.266s] -- Up-to-date: /home/tsi/ws_moveit2/install/move_relative_ur/share/move_relative_ur/cmake/move_relative_ur__rosidl_typesupport_cppExport.cmake
[12.266s] -- Up-to-date: /home/tsi/ws_moveit2/install/move_relative_ur/share/move_relative_ur/cmake/move_relative_ur__rosidl_typesupport_cppExport-noconfig.cmake
[12.267s] -- Up-to-date: /home/tsi/ws_moveit2/install/move_relative_ur/share/move_relative_ur/cmake/export_move_relative_ur__rosidl_generator_pyExport.cmake
[12.267s] -- Up-to-date: /home/tsi/ws_moveit2/install/move_relative_ur/share/move_relative_ur/cmake/export_move_relative_ur__rosidl_generator_pyExport-noconfig.cmake
[12.270s] Invoked command in '/home/tsi/ws_moveit2/build/move_relative_ur' returned '0': CMAKE_PREFIX_PATH=${CMAKE_PREFIX_PATH}:/home/tsi/workspace/install/moveit_configs_utils:/opt/ros/jazzy DEBUGINFOD_URLS=https://debuginfod.ubuntu.com /usr/bin/cmake --install /home/tsi/ws_moveit2/build/move_relative_ur
