[  2%] Built target move_relative_ur__rosidl_generator_type_description
[  2%] Built target ament_cmake_python_symlink_move_relative_ur
[  5%] Built target move_relative_ur__cpp
[ 18%] Built target move_relative_ur__rosidl_generator_c
[ 26%] Built target move_relative_ur__rosidl_typesupport_introspection_cpp
[ 34%] Built target move_relative_ur__rosidl_typesupport_fastrtps_c
[ 42%] Built target move_relative_ur__rosidl_typesupport_cpp
[ 50%] Built target move_relative_ur__rosidl_typesupport_c
[ 57%] Built target move_relative_ur__rosidl_typesupport_fastrtps_cpp
[ 65%] Built target move_relative_ur__rosidl_typesupport_introspection_c
[ 65%] Built target move_relative_ur
[ 71%] Built target move_relative_node
[ 73%] [32mBuilding CXX object CMakeFiles/robot_monitoring_node.dir/src/move_monitoring_node.cpp.o[0m
[ 76%] Built target move_relative_ur__py
[ 81%] Built target move_relative_ur__rosidl_generator_py
[ 86%] Built target move_relative_ur_s__rosidl_typesupport_fastrtps_c
[ 92%] Built target move_relative_ur_s__rosidl_typesupport_c
[ 97%] Built target move_relative_ur_s__rosidl_typesupport_introspection_c
running egg_info
writing move_relative_ur.egg-info/PKG-INFO
writing dependency_links to move_relative_ur.egg-info/dependency_links.txt
writing top-level names to move_relative_ur.egg-info/top_level.txt
reading manifest file 'move_relative_ur.egg-info/SOURCES.txt'
writing manifest file 'move_relative_ur.egg-info/SOURCES.txt'
[ 97%] Built target ament_cmake_python_build_move_relative_ur_egg
[01m[K/home/tsi/ws_moveit2/src/move_relative_ur/src/move_monitoring_node.cpp:[m[K In member function ‘[01m[Kvoid RobotMonitoringNode::[01;32m[KjointStateCallback[m[K(sensor_msgs::msg::JointState_<std::allocator<void> >::SharedPtr)[m[K’:
[01m[K/home/tsi/ws_moveit2/src/move_relative_ur/src/move_monitoring_node.cpp:76:42:[m[K [01;31m[Kerror: [m[K‘[01m[Kusing std::__shared_ptr_access<sensor_msgs::msg::JointState_<std::allocator<void> >, __gnu_cxx::_S_atomic, false, false>::element_type = struct sensor_msgs::msg::JointState_<std::allocator<void> >[m[K’ {aka ‘[01m[Kstruct sensor_msgs::msg::JointState_<std::allocator<void> >[m[K’} has no member named ‘[01m[Kmessage[m[K’
   76 |             std::string error_msg = msg->[01;31m[Kmessage[m[K;
      |                                          [01;31m[K^~~~~~~[m[K
gmake[2]: *** [CMakeFiles/robot_monitoring_node.dir/build.make:76: CMakeFiles/robot_monitoring_node.dir/src/move_monitoring_node.cpp.o] Error 1
gmake[1]: *** [CMakeFiles/Makefile2:655: CMakeFiles/robot_monitoring_node.dir/all] Error 2
gmake: *** [Makefile:146: all] Error 2
