[  0%] Built target ament_cmake_python_symlink_move_relative_ur
[  2%] Built target move_relative_ur__rosidl_generator_type_description
[  5%] Built target move_relative_ur__cpp
[ 18%] Built target move_relative_ur__rosidl_generator_c
[ 26%] Built target move_relative_ur__rosidl_typesupport_fastrtps_cpp
[ 34%] Built target move_relative_ur__rosidl_typesupport_fastrtps_c
[ 42%] Built target move_relative_ur__rosidl_typesupport_cpp
[ 50%] Built target move_relative_ur__rosidl_typesupport_introspection_c
[ 57%] Built target move_relative_ur__rosidl_typesupport_introspection_cpp
[ 65%] Built target move_relative_ur__rosidl_typesupport_c
[ 71%] Built target move_relative_node
[ 73%] [32mBuilding CXX object CMakeFiles/robot_monitoring_node.dir/src/move_monitoring_node.cpp.o[0m
[ 73%] Built target move_relative_ur
[ 76%] Built target move_relative_ur__py
[ 81%] Built target move_relative_ur__rosidl_generator_py
[ 86%] Built target move_relative_ur_s__rosidl_typesupport_c
[ 92%] Built target move_relative_ur_s__rosidl_typesupport_introspection_c
[ 97%] Built target move_relative_ur_s__rosidl_typesupport_fastrtps_c
running egg_info
writing move_relative_ur.egg-info/PKG-INFO
writing dependency_links to move_relative_ur.egg-info/dependency_links.txt
writing top-level names to move_relative_ur.egg-info/top_level.txt
reading manifest file 'move_relative_ur.egg-info/SOURCES.txt'
writing manifest file 'move_relative_ur.egg-info/SOURCES.txt'
[ 97%] Built target ament_cmake_python_build_move_relative_ur_egg
[01m[K/home/tsi/ws_moveit2/src/move_relative_ur/src/move_monitoring_node.cpp:[m[K In constructor ‘[01m[KRobotMonitoringNode::[01;32m[KRobotMonitoringNode[m[K()[m[K’:
[01m[K/home/tsi/ws_moveit2/src/move_relative_ur/src/move_monitoring_node.cpp:23:37:[m[K [01;31m[Kerror: [m[Kno matching function for call to ‘[01m[Kstd::chrono::duration<long int>::duration(double)[m[K’
   23 |             std::chrono::seconds(0.1[01;31m[K)[m[K,
      |                                     [01;31m[K^[m[K
In file included from [01m[K/usr/include/c++/13/chrono:41[m[K,
                 from [01m[K/opt/ros/jazzy/include/rclcpp/rclcpp/utilities.hpp:18[m[K,
                 from [01m[K/opt/ros/jazzy/include/rclcpp/rclcpp/logging.hpp:25[m[K,
                 from [01m[K/opt/ros/jazzy/include/rclcpp/rclcpp/copy_all_parameter_values.hpp:27[m[K,
                 from [01m[K/opt/ros/jazzy/include/rclcpp/rclcpp/rclcpp.hpp:171[m[K,
                 from [01m[K/home/tsi/ws_moveit2/src/move_relative_ur/src/move_monitoring_node.cpp:1[m[K:
[01m[K/usr/include/c++/13/bits/chrono.h:581:21:[m[K [01;36m[Knote: [m[Kcandidate: ‘[01m[Ktemplate<class _Rep2, class _Period2, class> constexpr std::chrono::duration<_Rep, _Period>::[01;32m[Kduration[m[K(const std::chrono::duration<_Rep, _Period>&) [35m[K[with _Period2 = _Rep2; <template-parameter-2-3> = _Period2; _Rep = long int; _Period = std::ratio<1>][m[K[m[K’
  581 |           constexpr [01;36m[Kduration[m[K(const duration<_Rep2, _Period2>& __d)
      |                     [01;36m[K^~~~~~~~[m[K
[01m[K/usr/include/c++/13/bits/chrono.h:581:21:[m[K [01;36m[Knote: [m[K  template argument deduction/substitution failed:
[01m[K/home/tsi/ws_moveit2/src/move_relative_ur/src/move_monitoring_node.cpp:23:37:[m[K [01;36m[Knote: [m[K  mismatched types ‘[01m[Kconst std::chrono::duration<_Rep1, _Period1>[m[K’ and ‘[01m[Kdouble[m[K’
   23 |             std::chrono::seconds(0.1[01;36m[K)[m[K,
      |                                     [01;36m[K^[m[K
[01m[K/usr/include/c++/13/bits/chrono.h:573:30:[m[K [01;36m[Knote: [m[Kcandidate: ‘[01m[Ktemplate<class _Rep2, class> constexpr std::chrono::duration<_Rep, _Period>::[01;32m[Kduration[m[K(const _Rep2&) [35m[K[with <template-parameter-2-2> = _Rep2; _Rep = long int; _Period = std::ratio<1>][m[K[m[K’
  573 |           constexpr explicit [01;36m[Kduration[m[K(const _Rep2& __rep)
      |                              [01;36m[K^~~~~~~~[m[K
[01m[K/usr/include/c++/13/bits/chrono.h:573:30:[m[K [01;36m[Knote: [m[K  template argument deduction/substitution failed:
In file included from [01m[K/usr/include/c++/13/bits/move.h:37[m[K,
                 from [01m[K/usr/include/c++/13/bits/new_allocator.h:36[m[K,
                 from [01m[K/usr/include/x86_64-linux-gnu/c++/13/bits/c++allocator.h:33[m[K,
                 from [01m[K/usr/include/c++/13/bits/allocator.h:46[m[K,
                 from [01m[K/usr/include/c++/13/memory:65[m[K,
                 from [01m[K/opt/ros/jazzy/include/rclcpp/rclcpp/rclcpp.hpp:169[m[K:
/usr/include/c++/13/type_traits: In substitution of ‘[01m[Ktemplate<bool _Cond, class _Tp> using std::__enable_if_t = typename std::enable_if::type [35m[K[with bool _Cond = false; _Tp = void][m[K[m[K’:
[01m[K/usr/include/c++/13/type_traits:2224:11:[m[K   required by substitution of ‘[01m[Ktemplate<class ... _Cond> using std::_Require = std::__enable_if_t<std::__and_<_Bn>::value> [35m[K[with _Cond = {std::is_convertible<const double&, long int>, std::__or_<std::chrono::treat_as_floating_point<long int>, std::__not_<std::chrono::treat_as_floating_point<double> > >}][m[K[m[K’
[01m[K/usr/include/c++/13/bits/chrono.h:570:27:[m[K   required from here
[01m[K/usr/include/c++/13/type_traits:116:11:[m[K [01;31m[Kerror: [m[Kno type named ‘[01m[Ktype[m[K’ in ‘[01m[Kstruct std::enable_if<false, void>[m[K’
  116 |     using [01;31m[K__enable_if_t[m[K = typename enable_if<_Cond, _Tp>::type;
      |           [01;31m[K^~~~~~~~~~~~~[m[K
[01m[K/usr/include/c++/13/bits/chrono.h:566:9:[m[K [01;36m[Knote: [m[Kcandidate: ‘[01m[Kconstexpr std::chrono::duration<_Rep, _Period>::[01;32m[Kduration[m[K(const std::chrono::duration<_Rep, _Period>&) [35m[K[with _Rep = long int; _Period = std::ratio<1>][m[K[m[K’
  566 |         [01;36m[Kduration[m[K(const duration&) = default;
      |         [01;36m[K^~~~~~~~[m[K
[01m[K/usr/include/c++/13/bits/chrono.h:566:18:[m[K [01;36m[Knote: [m[K  no known conversion for argument 1 from ‘[01m[Kdouble[m[K’ to ‘[01m[Kconst std::chrono::duration<long int>&[m[K’
  566 |         duration([01;36m[Kconst duration&[m[K) = default;
      |                  [01;36m[K^~~~~~~~~~~~~~~[m[K
[01m[K/usr/include/c++/13/bits/chrono.h:564:19:[m[K [01;36m[Knote: [m[Kcandidate: ‘[01m[Kstd::chrono::duration<_Rep, _Period>::[01;32m[Kduration[m[K() [35m[K[with _Rep = long int; _Period = std::ratio<1>][m[K[m[K’
  564 |         constexpr [01;36m[Kduration[m[K() = default;
      |                   [01;36m[K^~~~~~~~[m[K
[01m[K/usr/include/c++/13/bits/chrono.h:564:19:[m[K [01;36m[Knote: [m[K  candidate expects 0 arguments, 1 provided
[01m[K/home/tsi/ws_moveit2/src/move_relative_ur/src/move_monitoring_node.cpp:28:37:[m[K [01;31m[Kerror: [m[Kno matching function for call to ‘[01m[Kstd::chrono::duration<long int>::duration(double)[m[K’
   28 |             std::chrono::seconds(0.1[01;31m[K)[m[K,
      |                                     [01;31m[K^[m[K
[01m[K/usr/include/c++/13/bits/chrono.h:581:21:[m[K [01;36m[Knote: [m[Kcandidate: ‘[01m[Ktemplate<class _Rep2, class _Period2, class> constexpr std::chrono::duration<_Rep, _Period>::[01;32m[Kduration[m[K(const std::chrono::duration<_Rep, _Period>&) [35m[K[with _Period2 = _Rep2; <template-parameter-2-3> = _Period2; _Rep = long int; _Period = std::ratio<1>][m[K[m[K’
  581 |           constexpr [01;36m[Kduration[m[K(const duration<_Rep2, _Period2>& __d)
      |                     [01;36m[K^~~~~~~~[m[K
[01m[K/usr/include/c++/13/bits/chrono.h:581:21:[m[K [01;36m[Knote: [m[K  template argument deduction/substitution failed:
[01m[K/home/tsi/ws_moveit2/src/move_relative_ur/src/move_monitoring_node.cpp:28:37:[m[K [01;36m[Knote: [m[K  mismatched types ‘[01m[Kconst std::chrono::duration<_Rep1, _Period1>[m[K’ and ‘[01m[Kdouble[m[K’
   28 |             std::chrono::seconds(0.1[01;36m[K)[m[K,
      |                                     [01;36m[K^[m[K
[01m[K/usr/include/c++/13/bits/chrono.h:573:30:[m[K [01;36m[Knote: [m[Kcandidate: ‘[01m[Ktemplate<class _Rep2, class> constexpr std::chrono::duration<_Rep, _Period>::[01;32m[Kduration[m[K(const _Rep2&) [35m[K[with <template-parameter-2-2> = _Rep2; _Rep = long int; _Period = std::ratio<1>][m[K[m[K’
  573 |           constexpr explicit [01;36m[Kduration[m[K(const _Rep2& __rep)
      |                              [01;36m[K^~~~~~~~[m[K
[01m[K/usr/include/c++/13/bits/chrono.h:573:30:[m[K [01;36m[Knote: [m[K  template argument deduction/substitution failed:
[01m[K/usr/include/c++/13/bits/chrono.h:566:9:[m[K [01;36m[Knote: [m[Kcandidate: ‘[01m[Kconstexpr std::chrono::duration<_Rep, _Period>::[01;32m[Kduration[m[K(const std::chrono::duration<_Rep, _Period>&) [35m[K[with _Rep = long int; _Period = std::ratio<1>][m[K[m[K’
  566 |         [01;36m[Kduration[m[K(const duration&) = default;
      |         [01;36m[K^~~~~~~~[m[K
[01m[K/usr/include/c++/13/bits/chrono.h:566:18:[m[K [01;36m[Knote: [m[K  no known conversion for argument 1 from ‘[01m[Kdouble[m[K’ to ‘[01m[Kconst std::chrono::duration<long int>&[m[K’
  566 |         duration([01;36m[Kconst duration&[m[K) = default;
      |                  [01;36m[K^~~~~~~~~~~~~~~[m[K
[01m[K/usr/include/c++/13/bits/chrono.h:564:19:[m[K [01;36m[Knote: [m[Kcandidate: ‘[01m[Kstd::chrono::duration<_Rep, _Period>::[01;32m[Kduration[m[K() [35m[K[with _Rep = long int; _Period = std::ratio<1>][m[K[m[K’
  564 |         constexpr [01;36m[Kduration[m[K() = default;
      |                   [01;36m[K^~~~~~~~[m[K
[01m[K/usr/include/c++/13/bits/chrono.h:564:19:[m[K [01;36m[Knote: [m[K  candidate expects 0 arguments, 1 provided
[01m[K/home/tsi/ws_moveit2/src/move_relative_ur/src/move_monitoring_node.cpp:[m[K In member function ‘[01m[Kvoid RobotMonitoringNode::[01;32m[KrequestRobotMode[m[K()[m[K’:
[01m[K/home/tsi/ws_moveit2/src/move_relative_ur/src/move_monitoring_node.cpp:55:33:[m[K [01;31m[Kerror: [m[K‘[01m[Kusing std::__shared_ptr_access<rclcpp::TimerBase, __gnu_cxx::_S_atomic, false, false>::element_type = class rclcpp::TimerBase[m[K’ {aka ‘[01m[Kclass rclcpp::TimerBase[m[K’} has no member named ‘[01m[Kwait_for_service[m[K’
   55 |         if (!robot_mode_timer_->[01;31m[Kwait_for_service[m[K(std::chrono::seconds(1))) {
      |                                 [01;31m[K^~~~~~~~~~~~~~~~[m[K
[01m[K/home/tsi/ws_moveit2/src/move_relative_ur/src/move_monitoring_node.cpp:62:42:[m[K [01;31m[Kerror: [m[K‘[01m[Kusing std::__shared_ptr_access<rclcpp::TimerBase, __gnu_cxx::_S_atomic, false, false>::element_type = class rclcpp::TimerBase[m[K’ {aka ‘[01m[Kclass rclcpp::TimerBase[m[K’} has no member named ‘[01m[Kasync_send_request[m[K’
   62 |         auto future = robot_mode_timer_->[01;31m[Kasync_send_request[m[K(
      |                                          [01;31m[K^~~~~~~~~~~~~~~~~~[m[K
[01m[K/home/tsi/ws_moveit2/src/move_relative_ur/src/move_monitoring_node.cpp:[m[K In member function ‘[01m[Kvoid RobotMonitoringNode::[01;32m[KrobotModeResponse[m[K(rclcpp::Client<ur_dashboard_msgs::srv::GetRobotMode>::SharedFuture)[m[K’:
[01m[K/home/tsi/ws_moveit2/src/move_relative_ur/src/move_monitoring_node.cpp:79:42:[m[K [01;31m[Kerror: [m[Kexpected ‘[01m[K)[m[K’ before string constant
   79 |             RCLCPP_INFO(this->get_logger [01;31m[K"✅ 로봇 정상 동작 중."[m[K);
      |                                          [01;31m[K^~~~~~~~~~~~~~~~~~~~~~~[m[K
[01m[K/home/tsi/ws_moveit2/src/move_relative_ur/src/move_monitoring_node.cpp:79:13:[m[K [01;36m[Knote: [m[Kto match this ‘[01m[K([m[K’
   79 |             [01;36m[KRCLCPP_INFO[m[K(this->get_logger "✅ 로봇 정상 동작 중.");
      |             [01;36m[K^~~~~~~~~~~[m[K
[01m[K/home/tsi/ws_moveit2/src/move_relative_ur/src/move_monitoring_node.cpp:79:13:[m[K [01;31m[Kerror: [m[Ktemplate argument 1 is invalid
   79 |             [01;31m[KRCLCPP_INFO[m[K(this->get_logger "✅ 로봇 정상 동작 중.");
      |             [01;31m[K^~~~~~~~~~~[m[K
[01m[K/home/tsi/ws_moveit2/src/move_relative_ur/src/move_monitoring_node.cpp:79:13:[m[K [01;31m[Kerror: [m[Ktemplate argument 1 is invalid
   79 |             [01;31m[KRCLCPP_INFO[m[K(this->get_logger "✅ 로봇 정상 동작 중.");
      |             [01;31m[K^~~~~~~~~~~[m[K
[01m[K/home/tsi/ws_moveit2/src/move_relative_ur/src/move_monitoring_node.cpp:79:13:[m[K [01;31m[Kerror: [m[Ktemplate argument 1 is invalid
   79 |             [01;31m[KRCLCPP_INFO[m[K(this->get_logger "✅ 로봇 정상 동작 중.");
      |             [01;31m[K^~~~~~~~~~~[m[K
In file included from [01m[K/opt/ros/jazzy/include/rclcpp/rclcpp/logging.hpp:24[m[K:
[01m[K/home/tsi/ws_moveit2/src/move_relative_ur/src/move_monitoring_node.cpp:79:42:[m[K [01;31m[Kerror: [m[Kexpected ‘[01m[K)[m[K’ before string constant
   79 |             RCLCPP_INFO(this->get_logger [01;31m[K"✅ 로봇 정상 동작 중."[m[K);
      |                                          [01;31m[K^~~~~~~~~~~~~~~~~~~~~~~[m[K
[01m[K/home/tsi/ws_moveit2/src/move_relative_ur/src/move_monitoring_node.cpp:79:13:[m[K [01;36m[Knote: [m[Kto match this ‘[01m[K([m[K’
   79 |             [01;36m[KRCLCPP_INFO[m[K(this->get_logger "✅ 로봇 정상 동작 중.");
      |             [01;36m[K^~~~~~~~~~~[m[K
[01m[K/home/tsi/ws_moveit2/src/move_relative_ur/src/move_monitoring_node.cpp:79:13:[m[K [01;31m[Kerror: [m[Kexpected ‘[01m[K)[m[K’ before ‘[01m[K}[m[K’ token
   79 |             [01;31m[KRCLCPP_INFO[m[K(this->get_logger "✅ 로봇 정상 동작 중.");
      |             [01;31m[K^~~~~~~~~~~[m[K
[01m[K/home/tsi/ws_moveit2/src/move_relative_ur/src/move_monitoring_node.cpp:79:13:[m[K [01;36m[Knote: [m[Kto match this ‘[01m[K([m[K’
   79 |             [01;36m[KRCLCPP_INFO[m[K(this->get_logger "✅ 로봇 정상 동작 중.");
      |             [01;36m[K^~~~~~~~~~~[m[K
[01m[K/home/tsi/ws_moveit2/src/move_relative_ur/src/move_monitoring_node.cpp:79:13:[m[K [01;31m[Kerror: [m[Kexpected ‘[01m[K)[m[K’ before ‘[01m[K}[m[K’ token
   79 |             [01;31m[KRCLCPP_INFO[m[K(this->get_logger "✅ 로봇 정상 동작 중.");
      |             [01;31m[K^~~~~~~~~~~[m[K
[01m[K/home/tsi/ws_moveit2/src/move_relative_ur/src/move_monitoring_node.cpp:79:13:[m[K [01;36m[Knote: [m[Kto match this ‘[01m[K([m[K’
   79 |             [01;36m[KRCLCPP_INFO[m[K(this->get_logger "✅ 로봇 정상 동작 중.");
      |             [01;36m[K^~~~~~~~~~~[m[K
[01m[K/home/tsi/ws_moveit2/src/move_relative_ur/src/move_monitoring_node.cpp:79:13:[m[K [01;31m[Kerror: [m[Kexpected primary-expression before ‘[01m[K}[m[K’ token
   79 |             [01;31m[KRCLCPP_INFO[m[K(this->get_logger "✅ 로봇 정상 동작 중.");
      |             [01;31m[K^~~~~~~~~~~[m[K
[01m[K/home/tsi/ws_moveit2/src/move_relative_ur/src/move_monitoring_node.cpp:[m[K In member function ‘[01m[Kvoid RobotMonitoringNode::[01;32m[KrequestSafetyMode[m[K()[m[K’:
[01m[K/home/tsi/ws_moveit2/src/move_relative_ur/src/move_monitoring_node.cpp:85:34:[m[K [01;31m[Kerror: [m[K‘[01m[Kusing std::__shared_ptr_access<rclcpp::TimerBase, __gnu_cxx::_S_atomic, false, false>::element_type = class rclcpp::TimerBase[m[K’ {aka ‘[01m[Kclass rclcpp::TimerBase[m[K’} has no member named ‘[01m[Kwait_for_service[m[K’
   85 |         if (!safety_mode_timer_->[01;31m[Kwait_for_service[m[K(std::chrono::seconds(1))) {
      |                                  [01;31m[K^~~~~~~~~~~~~~~~[m[K
[01m[K/home/tsi/ws_moveit2/src/move_relative_ur/src/move_monitoring_node.cpp:92:43:[m[K [01;31m[Kerror: [m[K‘[01m[Kusing std::__shared_ptr_access<rclcpp::TimerBase, __gnu_cxx::_S_atomic, false, false>::element_type = class rclcpp::TimerBase[m[K’ {aka ‘[01m[Kclass rclcpp::TimerBase[m[K’} has no member named ‘[01m[Kasync_send_request[m[K’
   92 |         auto future = safety_mode_timer_->[01;31m[Kasync_send_request[m[K(
      |                                           [01;31m[K^~~~~~~~~~~~~~~~~~[m[K
gmake[2]: *** [CMakeFiles/robot_monitoring_node.dir/build.make:76: CMakeFiles/robot_monitoring_node.dir/src/move_monitoring_node.cpp.o] Error 1
gmake[1]: *** [CMakeFiles/Makefile2:655: CMakeFiles/robot_monitoring_node.dir/all] Error 2
gmake: *** [Makefile:146: all] Error 2
