[  2%] Built target move_relative_ur__rosidl_generator_type_description
[  2%] Built target ament_cmake_python_symlink_move_relative_ur
[ 15%] Built target move_relative_ur__rosidl_generator_c
[ 18%] Built target move_relative_ur__cpp
[ 26%] Built target move_relative_ur__rosidl_typesupport_c
[ 34%] Built target move_relative_ur__rosidl_typesupport_fastrtps_c
[ 42%] Built target move_relative_ur__rosidl_typesupport_introspection_c
[ 50%] Built target move_relative_ur__rosidl_typesupport_cpp
[ 57%] Built target move_relative_ur__rosidl_typesupport_fastrtps_cpp
[ 65%] Built target move_relative_ur__rosidl_typesupport_introspection_cpp
[ 65%] Built target move_relative_ur
[ 71%] Built target move_relative_node
[ 73%] [32mBuilding CXX object CMakeFiles/robot_monitoring_node.dir/src/move_monitoring_node.cpp.o[0m
[ 76%] Built target move_relative_ur__py
[ 81%] Built target move_relative_ur__rosidl_generator_py
[ 86%] Built target move_relative_ur_s__rosidl_typesupport_fastrtps_c
[ 92%] Built target move_relative_ur_s__rosidl_typesupport_introspection_c
[ 97%] Built target move_relative_ur_s__rosidl_typesupport_c
running egg_info
writing move_relative_ur.egg-info/PKG-INFO
writing dependency_links to move_relative_ur.egg-info/dependency_links.txt
writing top-level names to move_relative_ur.egg-info/top_level.txt
reading manifest file 'move_relative_ur.egg-info/SOURCES.txt'
writing manifest file 'move_relative_ur.egg-info/SOURCES.txt'
[ 97%] Built target ament_cmake_python_build_move_relative_ur_egg
[01m[K/home/tsi/ws_moveit2/src/move_relative_ur/src/move_monitoring_node.cpp:[m[K In constructor ‘[01m[KRobotMonitoringNode::[01;32m[KRobotMonitoringNode[m[K()[m[K’:
[01m[K/home/tsi/ws_moveit2/src/move_relative_ur/src/move_monitoring_node.cpp:22:100:[m[K [01;31m[Kerror: [m[Kno match for ‘[01m[Koperator=[m[K’ (operand types are ‘[01m[Krclcpp::Publisher<std_msgs::msg::String_<std::allocator<void> > >::SharedPtr[m[K’ {aka ‘[01m[Kstd::shared_ptr<rclcpp::Publisher<std_msgs::msg::String_<std::allocator<void> > > >[m[K’} and ‘[01m[Kstd::shared_ptr<rclcpp::Publisher<move_relative_ur::msg::ErrorMsg_<std::allocator<void> >, std::allocator<void> > >[m[K’)
   22 |         error_pub_ = this->create_publisher<move_relative_ur::msg::ErrorMsg>("robot_monitoring", 10[01;31m[K)[m[K;
      |                                                                                                    [01;31m[K^[m[K
In file included from [01m[K/usr/include/c++/13/memory:80[m[K,
                 from [01m[K/opt/ros/jazzy/include/rclcpp/rclcpp/rclcpp.hpp:169[m[K,
                 from [01m[K/home/tsi/ws_moveit2/src/move_relative_ur/src/move_monitoring_node.cpp:1[m[K:
[01m[K/usr/include/c++/13/bits/shared_ptr.h:418:9:[m[K [01;36m[Knote: [m[Kcandidate: ‘[01m[Ktemplate<class _Yp> std::shared_ptr<_Tp>::_Assignable<const std::shared_ptr<_Yp>&> std::shared_ptr<_Tp>::[01;32m[Koperator=[m[K(const std::shared_ptr<_Yp>&) [35m[K[with _Tp = rclcpp::Publisher<std_msgs::msg::String_<std::allocator<void> > >][m[K[m[K’
  418 |         [01;36m[Koperator[m[K=(const shared_ptr<_Yp>& __r) noexcept
      |         [01;36m[K^~~~~~~~[m[K
[01m[K/usr/include/c++/13/bits/shared_ptr.h:418:9:[m[K [01;36m[Knote: [m[K  template argument deduction/substitution failed:
/usr/include/c++/13/bits/shared_ptr.h: In substitution of ‘[01m[Ktemplate<class _Tp> template<class _Arg> using std::shared_ptr<_Tp>::_Assignable = typename std::enable_if<std::is_assignable<std::__shared_ptr<_Tp>&, _Arg>::value, std::shared_ptr<_Tp>&>::type [35m[K[with _Arg = const std::shared_ptr<rclcpp::Publisher<move_relative_ur::msg::ErrorMsg_<std::allocator<void> >, std::allocator<void> > >&; _Tp = rclcpp::Publisher<std_msgs::msg::String_<std::allocator<void> > >][m[K[m[K’:
[01m[K/usr/include/c++/13/bits/shared_ptr.h:418:2:[m[K   required by substitution of ‘[01m[Ktemplate<class _Yp> std::shared_ptr<rclcpp::Publisher<std_msgs::msg::String_<std::allocator<void> > > >::_Assignable<const std::shared_ptr<_Tp>&> std::shared_ptr<rclcpp::Publisher<std_msgs::msg::String_<std::allocator<void> > > >::[01;32m[Koperator=[m[K(const std::shared_ptr<_Tp>&) [35m[K[with _Yp = rclcpp::Publisher<move_relative_ur::msg::ErrorMsg_<std::allocator<void> >, std::allocator<void> >][m[K[m[K’
[01m[K/home/tsi/ws_moveit2/src/move_relative_ur/src/move_monitoring_node.cpp:22:100:[m[K   required from here
[01m[K/usr/include/c++/13/bits/shared_ptr.h:183:15:[m[K [01;31m[Kerror: [m[Kno type named ‘[01m[Ktype[m[K’ in ‘[01m[Kstruct std::enable_if<false, std::shared_ptr<rclcpp::Publisher<std_msgs::msg::String_<std::allocator<void> > > >&>[m[K’
  183 |         using [01;31m[K_Assignable[m[K = typename enable_if<
      |               [01;31m[K^~~~~~~~~~~[m[K
[01m[K/usr/include/c++/13/bits/shared_ptr.h:429:9:[m[K [01;36m[Knote: [m[Kcandidate: ‘[01m[Ktemplate<class _Yp> std::shared_ptr<_Tp>::_Assignable<std::auto_ptr<_Up> > std::shared_ptr<_Tp>::[01;32m[Koperator=[m[K(std::auto_ptr<_Up>&&) [35m[K[with _Tp = rclcpp::Publisher<std_msgs::msg::String_<std::allocator<void> > >][m[K[m[K’
  429 |         [01;36m[Koperator[m[K=(auto_ptr<_Yp>&& __r)
      |         [01;36m[K^~~~~~~~[m[K
[01m[K/usr/include/c++/13/bits/shared_ptr.h:429:9:[m[K [01;36m[Knote: [m[K  template argument deduction/substitution failed:
[01m[K/home/tsi/ws_moveit2/src/move_relative_ur/src/move_monitoring_node.cpp:22:100:[m[K [01;36m[Knote: [m[K  ‘[01m[Kstd::shared_ptr<rclcpp::Publisher<move_relative_ur::msg::ErrorMsg_<std::allocator<void> >, std::allocator<void> > >[m[K’ is not derived from ‘[01m[Kstd::auto_ptr<_Up>[m[K’
   22 |         error_pub_ = this->create_publisher<move_relative_ur::msg::ErrorMsg>("robot_monitoring", 10[01;36m[K)[m[K;
      |                                                                                                    [01;36m[K^[m[K
[01m[K/usr/include/c++/13/bits/shared_ptr.h:446:9:[m[K [01;36m[Knote: [m[Kcandidate: ‘[01m[Ktemplate<class _Yp> std::shared_ptr<_Tp>::_Assignable<std::shared_ptr<_Yp> > std::shared_ptr<_Tp>::[01;32m[Koperator=[m[K(std::shared_ptr<_Yp>&&) [35m[K[with _Tp = rclcpp::Publisher<std_msgs::msg::String_<std::allocator<void> > >][m[K[m[K’
  446 |         [01;36m[Koperator[m[K=(shared_ptr<_Yp>&& __r) noexcept
      |         [01;36m[K^~~~~~~~[m[K
[01m[K/usr/include/c++/13/bits/shared_ptr.h:446:9:[m[K [01;36m[Knote: [m[K  template argument deduction/substitution failed:
/usr/include/c++/13/bits/shared_ptr.h: In substitution of ‘[01m[Ktemplate<class _Tp> template<class _Arg> using std::shared_ptr<_Tp>::_Assignable = typename std::enable_if<std::is_assignable<std::__shared_ptr<_Tp>&, _Arg>::value, std::shared_ptr<_Tp>&>::type [35m[K[with _Arg = std::shared_ptr<rclcpp::Publisher<move_relative_ur::msg::ErrorMsg_<std::allocator<void> >, std::allocator<void> > >; _Tp = rclcpp::Publisher<std_msgs::msg::String_<std::allocator<void> > >][m[K[m[K’:
[01m[K/usr/include/c++/13/bits/shared_ptr.h:446:2:[m[K   required by substitution of ‘[01m[Ktemplate<class _Yp> std::shared_ptr<rclcpp::Publisher<std_msgs::msg::String_<std::allocator<void> > > >::_Assignable<std::shared_ptr<_Tp> > std::shared_ptr<rclcpp::Publisher<std_msgs::msg::String_<std::allocator<void> > > >::[01;32m[Koperator=[m[K(std::shared_ptr<_Tp>&&) [35m[K[with _Yp = rclcpp::Publisher<move_relative_ur::msg::ErrorMsg_<std::allocator<void> >, std::allocator<void> >][m[K[m[K’
[01m[K/home/tsi/ws_moveit2/src/move_relative_ur/src/move_monitoring_node.cpp:22:100:[m[K   required from here
[01m[K/usr/include/c++/13/bits/shared_ptr.h:183:15:[m[K [01;31m[Kerror: [m[Kno type named ‘[01m[Ktype[m[K’ in ‘[01m[Kstruct std::enable_if<false, std::shared_ptr<rclcpp::Publisher<std_msgs::msg::String_<std::allocator<void> > > >&>[m[K’
  183 |         using [01;31m[K_Assignable[m[K = typename enable_if<
      |               [01;31m[K^~~~~~~~~~~[m[K
[01m[K/usr/include/c++/13/bits/shared_ptr.h:454:9:[m[K [01;36m[Knote: [m[Kcandidate: ‘[01m[Ktemplate<class _Yp, class _Del> std::shared_ptr<_Tp>::_Assignable<std::unique_ptr<_Up, _Ep> > std::shared_ptr<_Tp>::[01;32m[Koperator=[m[K(std::unique_ptr<_Up, _Ep>&&) [35m[K[with _Del = _Yp; _Tp = rclcpp::Publisher<std_msgs::msg::String_<std::allocator<void> > >][m[K[m[K’
  454 |         [01;36m[Koperator[m[K=(unique_ptr<_Yp, _Del>&& __r)
      |         [01;36m[K^~~~~~~~[m[K
[01m[K/usr/include/c++/13/bits/shared_ptr.h:454:9:[m[K [01;36m[Knote: [m[K  template argument deduction/substitution failed:
[01m[K/home/tsi/ws_moveit2/src/move_relative_ur/src/move_monitoring_node.cpp:22:100:[m[K [01;36m[Knote: [m[K  ‘[01m[Kstd::shared_ptr<rclcpp::Publisher<move_relative_ur::msg::ErrorMsg_<std::allocator<void> >, std::allocator<void> > >[m[K’ is not derived from ‘[01m[Kstd::unique_ptr<_Tp, _Dp>[m[K’
   22 |         error_pub_ = this->create_publisher<move_relative_ur::msg::ErrorMsg>("robot_monitoring", 10[01;36m[K)[m[K;
      |                                                                                                    [01;36m[K^[m[K
[01m[K/usr/include/c++/13/bits/shared_ptr.h:414:19:[m[K [01;36m[Knote: [m[Kcandidate: ‘[01m[Kstd::shared_ptr<_Tp>& std::shared_ptr<_Tp>::[01;32m[Koperator=[m[K(const std::shared_ptr<_Tp>&) [35m[K[with _Tp = rclcpp::Publisher<std_msgs::msg::String_<std::allocator<void> > >][m[K[m[K’
  414 |       shared_ptr& [01;36m[Koperator[m[K=(const shared_ptr&) noexcept = default;
      |                   [01;36m[K^~~~~~~~[m[K
[01m[K/usr/include/c++/13/bits/shared_ptr.h:414:29:[m[K [01;36m[Knote: [m[K  no known conversion for argument 1 from ‘[01m[Kstd::shared_ptr<rclcpp::Publisher<move_relative_ur::msg::ErrorMsg_<std::allocator<void> >, std::allocator<void> > >[m[K’ to ‘[01m[Kconst std::shared_ptr<rclcpp::Publisher<std_msgs::msg::String_<std::allocator<void> > > >&[m[K’
  414 |       shared_ptr& operator=([01;36m[Kconst shared_ptr&[m[K) noexcept = default;
      |                             [01;36m[K^~~~~~~~~~~~~~~~~[m[K
[01m[K/usr/include/c++/13/bits/shared_ptr.h:438:7:[m[K [01;36m[Knote: [m[Kcandidate: ‘[01m[Kstd::shared_ptr<_Tp>& std::shared_ptr<_Tp>::[01;32m[Koperator=[m[K(std::shared_ptr<_Tp>&&) [35m[K[with _Tp = rclcpp::Publisher<std_msgs::msg::String_<std::allocator<void> > >][m[K[m[K’
  438 |       [01;36m[Koperator[m[K=(shared_ptr&& __r) noexcept
      |       [01;36m[K^~~~~~~~[m[K
[01m[K/usr/include/c++/13/bits/shared_ptr.h:438:30:[m[K [01;36m[Knote: [m[K  no known conversion for argument 1 from ‘[01m[Kstd::shared_ptr<rclcpp::Publisher<move_relative_ur::msg::ErrorMsg_<std::allocator<void> >, std::allocator<void> > >[m[K’ to ‘[01m[Kstd::shared_ptr<rclcpp::Publisher<std_msgs::msg::String_<std::allocator<void> > > >&&[m[K’
  438 |       operator=([01;36m[Kshared_ptr&& __r[m[K) noexcept
      |                 [01;36m[K~~~~~~~~~~~~~^~~[m[K
[01m[K/home/tsi/ws_moveit2/src/move_relative_ur/src/move_monitoring_node.cpp:[m[K In member function ‘[01m[Kvoid RobotMonitoringNode::[01;32m[KsendErrorMessage[m[K(const std::string&)[m[K’:
[01m[K/home/tsi/ws_moveit2/src/move_relative_ur/src/move_monitoring_node.cpp:30:20:[m[K [01;31m[Kerror: [m[K‘[01m[Ksmove_relative_ur[m[K’ has not been declared
   30 |         auto msg = [01;31m[Ksmove_relative_ur[m[K::msg::ErrorMsg();
      |                    [01;31m[K^~~~~~~~~~~~~~~~~[m[K
gmake[2]: *** [CMakeFiles/robot_monitoring_node.dir/build.make:76: CMakeFiles/robot_monitoring_node.dir/src/move_monitoring_node.cpp.o] Error 1
gmake[1]: *** [CMakeFiles/Makefile2:655: CMakeFiles/robot_monitoring_node.dir/all] Error 2
gmake: *** [Makefile:146: all] Error 2
