[0.126s] DEBUG:colcon:Command line arguments: ['/usr/bin/colcon', 'build', '--packages-select', 'move_relative_ur']
[0.126s] DEBUG:colcon:Parsed command line arguments: Namespace(log_base=None, log_level=None, verb_name='build', build_base='build', install_base='install', merge_install=False, symlink_install=False, test_result_base=None, continue_on_error=False, executor='parallel', parallel_workers=12, event_handlers=None, ignore_user_meta=False, metas=['./colcon.meta'], base_paths=['.'], packages_ignore=None, packages_ignore_regex=None, paths=None, packages_up_to=None, packages_up_to_regex=None, packages_above=None, packages_above_and_dependencies=None, packages_above_depth=None, packages_select_by_dep=None, packages_skip_by_dep=None, packages_skip_up_to=None, packages_select_build_failed=False, packages_skip_build_finished=False, packages_select_test_failures=False, packages_skip_test_passed=False, packages_select=['move_relative_ur'], packages_skip=None, packages_select_regex=None, packages_skip_regex=None, packages_start=None, packages_end=None, allow_overriding=[], cmake_args=None, cmake_target=None, cmake_target_skip_unavailable=False, cmake_clean_cache=False, cmake_clean_first=False, cmake_force_configure=False, ament_cmake_args=None, catkin_cmake_args=None, catkin_skip_building_tests=False, mixin_files=None, mixin=None, verb_parser=<colcon_mixin.mixin.mixin_argument.MixinArgumentDecorator object at 0x71db3dbc1970>, verb_extension=<colcon_core.verb.build.BuildVerb object at 0x71db3dbc16a0>, main=<bound method BuildVerb.main of <colcon_core.verb.build.BuildVerb object at 0x71db3dbc16a0>>, mixin_verb=('build',))
[0.164s] Level 1:colcon.colcon_core.package_discovery:discover_packages(colcon_meta) check parameters
[0.164s] Level 1:colcon.colcon_core.package_discovery:discover_packages(recursive) check parameters
[0.164s] Level 1:colcon.colcon_core.package_discovery:discover_packages(ignore) check parameters
[0.164s] Level 1:colcon.colcon_core.package_discovery:discover_packages(path) check parameters
[0.164s] Level 1:colcon.colcon_core.package_discovery:discover_packages(colcon_meta) discover
[0.164s] Level 1:colcon.colcon_core.package_discovery:discover_packages(recursive) discover
[0.164s] INFO:colcon.colcon_core.package_discovery:Crawling recursively for packages in '/home/tsi/ws_moveit2'
[0.164s] Level 1:colcon.colcon_core.package_identification:_identify(.) by extensions ['ignore', 'ignore_ament_install']
[0.164s] Level 1:colcon.colcon_core.package_identification:_identify(.) by extension 'ignore'
[0.164s] Level 1:colcon.colcon_core.package_identification:_identify(.) by extension 'ignore_ament_install'
[0.165s] Level 1:colcon.colcon_core.package_identification:_identify(.) by extensions ['colcon_pkg']
[0.165s] Level 1:colcon.colcon_core.package_identification:_identify(.) by extension 'colcon_pkg'
[0.165s] Level 1:colcon.colcon_core.package_identification:_identify(.) by extensions ['colcon_meta']
[0.165s] Level 1:colcon.colcon_core.package_identification:_identify(.) by extension 'colcon_meta'
[0.165s] Level 1:colcon.colcon_core.package_identification:_identify(.) by extensions ['ros']
[0.165s] Level 1:colcon.colcon_core.package_identification:_identify(.) by extension 'ros'
[0.190s] Level 1:colcon.colcon_core.package_identification:_identify(.) by extensions ['cmake', 'python']
[0.190s] Level 1:colcon.colcon_core.package_identification:_identify(.) by extension 'cmake'
[0.190s] Level 1:colcon.colcon_core.package_identification:_identify(.) by extension 'python'
[0.190s] Level 1:colcon.colcon_core.package_identification:_identify(.) by extensions ['python_setup_py']
[0.190s] Level 1:colcon.colcon_core.package_identification:_identify(.) by extension 'python_setup_py'
[0.190s] Level 1:colcon.colcon_core.package_identification:_identify(build) by extensions ['ignore', 'ignore_ament_install']
[0.190s] Level 1:colcon.colcon_core.package_identification:_identify(build) by extension 'ignore'
[0.190s] Level 1:colcon.colcon_core.package_identification:_identify(build) ignored
[0.190s] Level 1:colcon.colcon_core.package_identification:_identify(install) by extensions ['ignore', 'ignore_ament_install']
[0.191s] Level 1:colcon.colcon_core.package_identification:_identify(install) by extension 'ignore'
[0.191s] Level 1:colcon.colcon_core.package_identification:_identify(install) ignored
[0.191s] Level 1:colcon.colcon_core.package_identification:_identify(log) by extensions ['ignore', 'ignore_ament_install']
[0.191s] Level 1:colcon.colcon_core.package_identification:_identify(log) by extension 'ignore'
[0.191s] Level 1:colcon.colcon_core.package_identification:_identify(log) ignored
[0.191s] Level 1:colcon.colcon_core.package_identification:_identify(src) by extensions ['ignore', 'ignore_ament_install']
[0.191s] Level 1:colcon.colcon_core.package_identification:_identify(src) by extension 'ignore'
[0.191s] Level 1:colcon.colcon_core.package_identification:_identify(src) by extension 'ignore_ament_install'
[0.191s] Level 1:colcon.colcon_core.package_identification:_identify(src) by extensions ['colcon_pkg']
[0.191s] Level 1:colcon.colcon_core.package_identification:_identify(src) by extension 'colcon_pkg'
[0.191s] Level 1:colcon.colcon_core.package_identification:_identify(src) by extensions ['colcon_meta']
[0.191s] Level 1:colcon.colcon_core.package_identification:_identify(src) by extension 'colcon_meta'
[0.191s] Level 1:colcon.colcon_core.package_identification:_identify(src) by extensions ['ros']
[0.191s] Level 1:colcon.colcon_core.package_identification:_identify(src) by extension 'ros'
[0.191s] Level 1:colcon.colcon_core.package_identification:_identify(src) by extensions ['cmake', 'python']
[0.191s] Level 1:colcon.colcon_core.package_identification:_identify(src) by extension 'cmake'
[0.191s] Level 1:colcon.colcon_core.package_identification:_identify(src) by extension 'python'
[0.191s] Level 1:colcon.colcon_core.package_identification:_identify(src) by extensions ['python_setup_py']
[0.191s] Level 1:colcon.colcon_core.package_identification:_identify(src) by extension 'python_setup_py'
[0.191s] Level 1:colcon.colcon_core.package_identification:_identify(src/build) by extensions ['ignore', 'ignore_ament_install']
[0.192s] Level 1:colcon.colcon_core.package_identification:_identify(src/build) by extension 'ignore'
[0.192s] Level 1:colcon.colcon_core.package_identification:_identify(src/build) ignored
[0.192s] Level 1:colcon.colcon_core.package_identification:_identify(src/cpp_pubsub) by extensions ['ignore', 'ignore_ament_install']
[0.192s] Level 1:colcon.colcon_core.package_identification:_identify(src/cpp_pubsub) by extension 'ignore'
[0.192s] Level 1:colcon.colcon_core.package_identification:_identify(src/cpp_pubsub) by extension 'ignore_ament_install'
[0.192s] Level 1:colcon.colcon_core.package_identification:_identify(src/cpp_pubsub) by extensions ['colcon_pkg']
[0.192s] Level 1:colcon.colcon_core.package_identification:_identify(src/cpp_pubsub) by extension 'colcon_pkg'
[0.192s] Level 1:colcon.colcon_core.package_identification:_identify(src/cpp_pubsub) by extensions ['colcon_meta']
[0.192s] Level 1:colcon.colcon_core.package_identification:_identify(src/cpp_pubsub) by extension 'colcon_meta'
[0.192s] Level 1:colcon.colcon_core.package_identification:_identify(src/cpp_pubsub) by extensions ['ros']
[0.192s] Level 1:colcon.colcon_core.package_identification:_identify(src/cpp_pubsub) by extension 'ros'
[0.194s] DEBUG:colcon.colcon_core.package_identification:Package 'src/cpp_pubsub' with type 'ros.ament_cmake' and name 'cpp_pubsub'
[0.194s] Level 1:colcon.colcon_core.package_identification:_identify(src/custom_action_interfaces) by extensions ['ignore', 'ignore_ament_install']
[0.194s] Level 1:colcon.colcon_core.package_identification:_identify(src/custom_action_interfaces) by extension 'ignore'
[0.194s] Level 1:colcon.colcon_core.package_identification:_identify(src/custom_action_interfaces) by extension 'ignore_ament_install'
[0.194s] Level 1:colcon.colcon_core.package_identification:_identify(src/custom_action_interfaces) by extensions ['colcon_pkg']
[0.194s] Level 1:colcon.colcon_core.package_identification:_identify(src/custom_action_interfaces) by extension 'colcon_pkg'
[0.194s] Level 1:colcon.colcon_core.package_identification:_identify(src/custom_action_interfaces) by extensions ['colcon_meta']
[0.194s] Level 1:colcon.colcon_core.package_identification:_identify(src/custom_action_interfaces) by extension 'colcon_meta'
[0.195s] Level 1:colcon.colcon_core.package_identification:_identify(src/custom_action_interfaces) by extensions ['ros']
[0.195s] Level 1:colcon.colcon_core.package_identification:_identify(src/custom_action_interfaces) by extension 'ros'
[0.195s] DEBUG:colcon.colcon_core.package_identification:Package 'src/custom_action_interfaces' with type 'ros.ament_cmake' and name 'custom_action_interfaces'
[0.195s] Level 1:colcon.colcon_core.package_identification:_identify(src/install) by extensions ['ignore', 'ignore_ament_install']
[0.195s] Level 1:colcon.colcon_core.package_identification:_identify(src/install) by extension 'ignore'
[0.195s] Level 1:colcon.colcon_core.package_identification:_identify(src/install) ignored
[0.195s] Level 1:colcon.colcon_core.package_identification:_identify(src/log) by extensions ['ignore', 'ignore_ament_install']
[0.195s] Level 1:colcon.colcon_core.package_identification:_identify(src/log) by extension 'ignore'
[0.195s] Level 1:colcon.colcon_core.package_identification:_identify(src/log) ignored
[0.195s] Level 1:colcon.colcon_core.package_identification:_identify(src/move_relative_ur) by extensions ['ignore', 'ignore_ament_install']
[0.196s] Level 1:colcon.colcon_core.package_identification:_identify(src/move_relative_ur) by extension 'ignore'
[0.196s] Level 1:colcon.colcon_core.package_identification:_identify(src/move_relative_ur) by extension 'ignore_ament_install'
[0.196s] Level 1:colcon.colcon_core.package_identification:_identify(src/move_relative_ur) by extensions ['colcon_pkg']
[0.196s] Level 1:colcon.colcon_core.package_identification:_identify(src/move_relative_ur) by extension 'colcon_pkg'
[0.196s] Level 1:colcon.colcon_core.package_identification:_identify(src/move_relative_ur) by extensions ['colcon_meta']
[0.196s] Level 1:colcon.colcon_core.package_identification:_identify(src/move_relative_ur) by extension 'colcon_meta'
[0.196s] Level 1:colcon.colcon_core.package_identification:_identify(src/move_relative_ur) by extensions ['ros']
[0.196s] Level 1:colcon.colcon_core.package_identification:_identify(src/move_relative_ur) by extension 'ros'
[0.196s] DEBUG:colcon.colcon_core.package_identification:Package 'src/move_relative_ur' with type 'ros.ament_cmake' and name 'move_relative_ur'
[0.197s] Level 1:colcon.colcon_core.package_identification:_identify(src/robot_move) by extensions ['ignore', 'ignore_ament_install']
[0.197s] Level 1:colcon.colcon_core.package_identification:_identify(src/robot_move) by extension 'ignore'
[0.197s] Level 1:colcon.colcon_core.package_identification:_identify(src/robot_move) by extension 'ignore_ament_install'
[0.197s] Level 1:colcon.colcon_core.package_identification:_identify(src/robot_move) by extensions ['colcon_pkg']
[0.197s] Level 1:colcon.colcon_core.package_identification:_identify(src/robot_move) by extension 'colcon_pkg'
[0.197s] Level 1:colcon.colcon_core.package_identification:_identify(src/robot_move) by extensions ['colcon_meta']
[0.197s] Level 1:colcon.colcon_core.package_identification:_identify(src/robot_move) by extension 'colcon_meta'
[0.197s] Level 1:colcon.colcon_core.package_identification:_identify(src/robot_move) by extensions ['ros']
[0.197s] Level 1:colcon.colcon_core.package_identification:_identify(src/robot_move) by extension 'ros'
[0.198s] DEBUG:colcon.colcon_core.package_identification:Package 'src/robot_move' with type 'ros.ament_cmake' and name 'robot_move'
[0.198s] Level 1:colcon.colcon_core.package_identification:_identify(src/ur_action_move) by extensions ['ignore', 'ignore_ament_install']
[0.198s] Level 1:colcon.colcon_core.package_identification:_identify(src/ur_action_move) by extension 'ignore'
[0.198s] Level 1:colcon.colcon_core.package_identification:_identify(src/ur_action_move) by extension 'ignore_ament_install'
[0.198s] Level 1:colcon.colcon_core.package_identification:_identify(src/ur_action_move) by extensions ['colcon_pkg']
[0.198s] Level 1:colcon.colcon_core.package_identification:_identify(src/ur_action_move) by extension 'colcon_pkg'
[0.198s] Level 1:colcon.colcon_core.package_identification:_identify(src/ur_action_move) by extensions ['colcon_meta']
[0.198s] Level 1:colcon.colcon_core.package_identification:_identify(src/ur_action_move) by extension 'colcon_meta'
[0.198s] Level 1:colcon.colcon_core.package_identification:_identify(src/ur_action_move) by extensions ['ros']
[0.198s] Level 1:colcon.colcon_core.package_identification:_identify(src/ur_action_move) by extension 'ros'
[0.199s] DEBUG:colcon.colcon_core.package_identification:Package 'src/ur_action_move' with type 'ros.ament_cmake' and name 'ur_action_move'
[0.199s] Level 1:colcon.colcon_core.package_discovery:discover_packages(recursive) using defaults
[0.199s] Level 1:colcon.colcon_core.package_discovery:discover_packages(ignore) discover
[0.199s] Level 1:colcon.colcon_core.package_discovery:discover_packages(ignore) using defaults
[0.199s] Level 1:colcon.colcon_core.package_discovery:discover_packages(path) discover
[0.199s] Level 1:colcon.colcon_core.package_discovery:discover_packages(path) using defaults
[0.216s] INFO:colcon.colcon_core.package_selection:Skipping not selected package 'cpp_pubsub' in 'src/cpp_pubsub'
[0.216s] INFO:colcon.colcon_core.package_selection:Skipping not selected package 'custom_action_interfaces' in 'src/custom_action_interfaces'
[0.216s] INFO:colcon.colcon_core.package_selection:Skipping not selected package 'robot_move' in 'src/robot_move'
[0.216s] INFO:colcon.colcon_core.package_selection:Skipping not selected package 'ur_action_move' in 'src/ur_action_move'
[0.217s] Level 1:colcon.colcon_core.package_discovery:discover_packages(prefix_path) check parameters
[0.217s] Level 1:colcon.colcon_core.package_discovery:discover_packages(prefix_path) discover
[0.220s] DEBUG:colcon.colcon_installed_package_information.package_discovery:Found 1 installed packages in /home/tsi/ws_moveit2/install
[0.220s] DEBUG:colcon.colcon_installed_package_information.package_discovery:Found 1 installed packages in /home/tsi/ws_moveit2/src/install
[0.222s] DEBUG:colcon.colcon_installed_package_information.package_discovery:Found 45 installed packages in /home/tsi/workspace/install
[0.224s] DEBUG:colcon.colcon_installed_package_information.package_discovery:Found 419 installed packages in /opt/ros/jazzy
[0.227s] Level 1:colcon.colcon_core.package_discovery:discover_packages(prefix_path) using defaults
[0.287s] Level 5:colcon.colcon_core.verb:set package 'move_relative_ur' build argument 'cmake_args' from command line to 'None'
[0.287s] Level 5:colcon.colcon_core.verb:set package 'move_relative_ur' build argument 'cmake_target' from command line to 'None'
[0.287s] Level 5:colcon.colcon_core.verb:set package 'move_relative_ur' build argument 'cmake_target_skip_unavailable' from command line to 'False'
[0.287s] Level 5:colcon.colcon_core.verb:set package 'move_relative_ur' build argument 'cmake_clean_cache' from command line to 'False'
[0.288s] Level 5:colcon.colcon_core.verb:set package 'move_relative_ur' build argument 'cmake_clean_first' from command line to 'False'
[0.288s] Level 5:colcon.colcon_core.verb:set package 'move_relative_ur' build argument 'cmake_force_configure' from command line to 'False'
[0.288s] Level 5:colcon.colcon_core.verb:set package 'move_relative_ur' build argument 'ament_cmake_args' from command line to 'None'
[0.288s] Level 5:colcon.colcon_core.verb:set package 'move_relative_ur' build argument 'catkin_cmake_args' from command line to 'None'
[0.288s] Level 5:colcon.colcon_core.verb:set package 'move_relative_ur' build argument 'catkin_skip_building_tests' from command line to 'False'
[0.288s] DEBUG:colcon.colcon_core.verb:Building package 'move_relative_ur' with the following arguments: {'ament_cmake_args': None, 'build_base': '/home/tsi/ws_moveit2/build/move_relative_ur', 'catkin_cmake_args': None, 'catkin_skip_building_tests': False, 'cmake_args': None, 'cmake_clean_cache': False, 'cmake_clean_first': False, 'cmake_force_configure': False, 'cmake_target': None, 'cmake_target_skip_unavailable': False, 'install_base': '/home/tsi/ws_moveit2/install/move_relative_ur', 'merge_install': False, 'path': '/home/tsi/ws_moveit2/src/move_relative_ur', 'symlink_install': False, 'test_result_base': None}
[0.288s] INFO:colcon.colcon_core.executor:Executing jobs using 'parallel' executor
[0.289s] DEBUG:colcon.colcon_parallel_executor.executor.parallel:run_until_complete
[0.289s] INFO:colcon.colcon_ros.task.ament_cmake.build:Building ROS package in '/home/tsi/ws_moveit2/src/move_relative_ur' with build type 'ament_cmake'
[0.289s] INFO:colcon.colcon_cmake.task.cmake.build:Building CMake package in '/home/tsi/ws_moveit2/src/move_relative_ur'
[0.292s] INFO:colcon.colcon_core.plugin_system:Skipping extension 'colcon_core.shell.bat': Not used on non-Windows systems
[0.292s] INFO:colcon.colcon_core.shell:Skip shell extension 'powershell' for command environment: Not usable outside of PowerShell
[0.292s] DEBUG:colcon.colcon_core.shell:Skip shell extension 'dsv' for command environment
[0.329s] DEBUG:colcon.colcon_core.event_handler.log_command:Invoking command in '/home/tsi/ws_moveit2/build/move_relative_ur': CMAKE_PREFIX_PATH=${CMAKE_PREFIX_PATH}:/home/tsi/workspace/install/moveit_configs_utils:/opt/ros/jazzy DEBUGINFOD_URLS=https://debuginfod.ubuntu.com /usr/bin/cmake --build /home/tsi/ws_moveit2/build/move_relative_ur -- -j12 -l12
[13.735s] DEBUG:colcon.colcon_core.event_handler.log_command:Invoked command in '/home/tsi/ws_moveit2/build/move_relative_ur' returned '2': CMAKE_PREFIX_PATH=${CMAKE_PREFIX_PATH}:/home/tsi/workspace/install/moveit_configs_utils:/opt/ros/jazzy DEBUGINFOD_URLS=https://debuginfod.ubuntu.com /usr/bin/cmake --build /home/tsi/ws_moveit2/build/move_relative_ur -- -j12 -l12
[13.736s] Level 1:colcon.colcon_core.environment:create_environment_scripts_only(move_relative_ur)
[13.742s] Level 1:colcon.colcon_core.environment:checking '/home/tsi/ws_moveit2/install/move_relative_ur' for CMake module files
[13.746s] Level 1:colcon.colcon_core.environment:checking '/home/tsi/ws_moveit2/install/move_relative_ur' for CMake config files
[13.753s] Level 1:colcon.colcon_core.shell:create_environment_hook('move_relative_ur', 'cmake_prefix_path')
[13.753s] INFO:colcon.colcon_core.shell:Creating environment hook '/home/tsi/ws_moveit2/install/move_relative_ur/share/move_relative_ur/hook/cmake_prefix_path.ps1'
[13.755s] INFO:colcon.colcon_core.shell:Creating environment descriptor '/home/tsi/ws_moveit2/install/move_relative_ur/share/move_relative_ur/hook/cmake_prefix_path.dsv'
[13.756s] INFO:colcon.colcon_core.shell:Creating environment hook '/home/tsi/ws_moveit2/install/move_relative_ur/share/move_relative_ur/hook/cmake_prefix_path.sh'
[13.758s] Level 1:colcon.colcon_core.environment:checking '/home/tsi/ws_moveit2/install/move_relative_ur/lib'
[13.758s] Level 1:colcon.colcon_core.shell:create_environment_hook('move_relative_ur', 'ld_library_path_lib')
[13.759s] INFO:colcon.colcon_core.shell:Creating environment hook '/home/tsi/ws_moveit2/install/move_relative_ur/share/move_relative_ur/hook/ld_library_path_lib.ps1'
[13.759s] INFO:colcon.colcon_core.shell:Creating environment descriptor '/home/tsi/ws_moveit2/install/move_relative_ur/share/move_relative_ur/hook/ld_library_path_lib.dsv'
[13.761s] INFO:colcon.colcon_core.shell:Creating environment hook '/home/tsi/ws_moveit2/install/move_relative_ur/share/move_relative_ur/hook/ld_library_path_lib.sh'
[13.771s] Level 1:colcon.colcon_core.environment:checking '/home/tsi/ws_moveit2/install/move_relative_ur/bin'
[13.772s] Level 1:colcon.colcon_core.environment:checking '/home/tsi/ws_moveit2/install/move_relative_ur/lib/pkgconfig/move_relative_ur.pc'
[13.773s] Level 1:colcon.colcon_core.environment:checking '/home/tsi/ws_moveit2/install/move_relative_ur/lib/python3.12/site-packages'
[13.776s] Level 1:colcon.colcon_core.shell:create_environment_hook('move_relative_ur', 'pythonpath')
[13.776s] INFO:colcon.colcon_core.shell:Creating environment hook '/home/tsi/ws_moveit2/install/move_relative_ur/share/move_relative_ur/hook/pythonpath.ps1'
[13.777s] INFO:colcon.colcon_core.shell:Creating environment descriptor '/home/tsi/ws_moveit2/install/move_relative_ur/share/move_relative_ur/hook/pythonpath.dsv'
[13.777s] INFO:colcon.colcon_core.shell:Creating environment hook '/home/tsi/ws_moveit2/install/move_relative_ur/share/move_relative_ur/hook/pythonpath.sh'
[13.779s] Level 1:colcon.colcon_core.environment:checking '/home/tsi/ws_moveit2/install/move_relative_ur/bin'
[13.780s] INFO:colcon.colcon_core.shell:Creating package script '/home/tsi/ws_moveit2/install/move_relative_ur/share/move_relative_ur/package.ps1'
[13.782s] INFO:colcon.colcon_core.shell:Creating package descriptor '/home/tsi/ws_moveit2/install/move_relative_ur/share/move_relative_ur/package.dsv'
[13.784s] INFO:colcon.colcon_core.shell:Creating package script '/home/tsi/ws_moveit2/install/move_relative_ur/share/move_relative_ur/package.sh'
[13.786s] INFO:colcon.colcon_core.shell:Creating package script '/home/tsi/ws_moveit2/install/move_relative_ur/share/move_relative_ur/package.bash'
[13.788s] INFO:colcon.colcon_core.shell:Creating package script '/home/tsi/ws_moveit2/install/move_relative_ur/share/move_relative_ur/package.zsh'
[13.789s] Level 1:colcon.colcon_core.environment:create_file_with_runtime_dependencies(/home/tsi/ws_moveit2/install/move_relative_ur/share/colcon-core/packages/move_relative_ur)
[13.789s] DEBUG:colcon.colcon_parallel_executor.executor.parallel:closing loop
[13.790s] DEBUG:colcon.colcon_parallel_executor.executor.parallel:loop closed
[13.790s] DEBUG:colcon.colcon_parallel_executor.executor.parallel:run_until_complete finished with '2'
[13.790s] DEBUG:colcon.colcon_core.event_reactor:joining thread
[13.805s] INFO:colcon.colcon_core.plugin_system:Skipping extension 'colcon_notification.desktop_notification.terminal_notifier': Not used on non-Darwin systems
[13.806s] INFO:colcon.colcon_core.plugin_system:Skipping extension 'colcon_notification.desktop_notification.win32': Not used on non-Windows systems
[13.806s] INFO:colcon.colcon_notification.desktop_notification:Sending desktop notification using 'notify2'
[13.828s] DEBUG:colcon.colcon_core.event_reactor:joined thread
[13.839s] INFO:colcon.colcon_core.shell:Creating prefix script '/home/tsi/ws_moveit2/install/local_setup.ps1'
[13.842s] INFO:colcon.colcon_core.shell:Creating prefix util module '/home/tsi/ws_moveit2/install/_local_setup_util_ps1.py'
[13.843s] INFO:colcon.colcon_core.shell:Creating prefix chain script '/home/tsi/ws_moveit2/install/setup.ps1'
[13.851s] INFO:colcon.colcon_core.shell:Creating prefix script '/home/tsi/ws_moveit2/install/local_setup.sh'
[13.852s] INFO:colcon.colcon_core.shell:Creating prefix util module '/home/tsi/ws_moveit2/install/_local_setup_util_sh.py'
[13.877s] INFO:colcon.colcon_core.shell:Creating prefix chain script '/home/tsi/ws_moveit2/install/setup.sh'
[13.886s] INFO:colcon.colcon_core.shell:Creating prefix script '/home/tsi/ws_moveit2/install/local_setup.bash'
[13.886s] INFO:colcon.colcon_core.shell:Creating prefix chain script '/home/tsi/ws_moveit2/install/setup.bash'
[13.889s] INFO:colcon.colcon_core.shell:Creating prefix script '/home/tsi/ws_moveit2/install/local_setup.zsh'
[13.889s] INFO:colcon.colcon_core.shell:Creating prefix chain script '/home/tsi/ws_moveit2/install/setup.zsh'
