[0.251s] DEBUG:colcon:Command line arguments: ['/usr/bin/colcon', 'build', '--packages-select', 'move_relative_ur']
[0.252s] DEBUG:colcon:Parsed command line arguments: Namespace(log_base=None, log_level=None, verb_name='build', build_base='build', install_base='install', merge_install=False, symlink_install=False, test_result_base=None, continue_on_error=False, executor='parallel', parallel_workers=12, event_handlers=None, ignore_user_meta=False, metas=['./colcon.meta'], base_paths=['.'], packages_ignore=None, packages_ignore_regex=None, paths=None, packages_up_to=None, packages_up_to_regex=None, packages_above=None, packages_above_and_dependencies=None, packages_above_depth=None, packages_select_by_dep=None, packages_skip_by_dep=None, packages_skip_up_to=None, packages_select_build_failed=False, packages_skip_build_finished=False, packages_select_test_failures=False, packages_skip_test_passed=False, packages_select=['move_relative_ur'], packages_skip=None, packages_select_regex=None, packages_skip_regex=None, packages_start=None, packages_end=None, allow_overriding=[], cmake_args=None, cmake_target=None, cmake_target_skip_unavailable=False, cmake_clean_cache=False, cmake_clean_first=False, cmake_force_configure=False, ament_cmake_args=None, catkin_cmake_args=None, catkin_skip_building_tests=False, mixin_files=None, mixin=None, verb_parser=<colcon_mixin.mixin.mixin_argument.MixinArgumentDecorator object at 0x77140c0655e0>, verb_extension=<colcon_core.verb.build.BuildVerb object at 0x77140b1bd190>, main=<bound method BuildVerb.main of <colcon_core.verb.build.BuildVerb object at 0x77140b1bd190>>, mixin_verb=('build',))
[0.296s] Level 1:colcon.colcon_core.package_discovery:discover_packages(colcon_meta) check parameters
[0.296s] Level 1:colcon.colcon_core.package_discovery:discover_packages(recursive) check parameters
[0.296s] Level 1:colcon.colcon_core.package_discovery:discover_packages(ignore) check parameters
[0.296s] Level 1:colcon.colcon_core.package_discovery:discover_packages(path) check parameters
[0.296s] Level 1:colcon.colcon_core.package_discovery:discover_packages(colcon_meta) discover
[0.296s] Level 1:colcon.colcon_core.package_discovery:discover_packages(recursive) discover
[0.296s] INFO:colcon.colcon_core.package_discovery:Crawling recursively for packages in '/home/tsi/ws_moveit2'
[0.296s] Level 1:colcon.colcon_core.package_identification:_identify(.) by extensions ['ignore', 'ignore_ament_install']
[0.297s] Level 1:colcon.colcon_core.package_identification:_identify(.) by extension 'ignore'
[0.297s] Level 1:colcon.colcon_core.package_identification:_identify(.) by extension 'ignore_ament_install'
[0.297s] Level 1:colcon.colcon_core.package_identification:_identify(.) by extensions ['colcon_pkg']
[0.297s] Level 1:colcon.colcon_core.package_identification:_identify(.) by extension 'colcon_pkg'
[0.297s] Level 1:colcon.colcon_core.package_identification:_identify(.) by extensions ['colcon_meta']
[0.297s] Level 1:colcon.colcon_core.package_identification:_identify(.) by extension 'colcon_meta'
[0.297s] Level 1:colcon.colcon_core.package_identification:_identify(.) by extensions ['ros']
[0.297s] Level 1:colcon.colcon_core.package_identification:_identify(.) by extension 'ros'
[0.336s] Level 1:colcon.colcon_core.package_identification:_identify(.) by extensions ['cmake', 'python']
[0.336s] Level 1:colcon.colcon_core.package_identification:_identify(.) by extension 'cmake'
[0.336s] Level 1:colcon.colcon_core.package_identification:_identify(.) by extension 'python'
[0.336s] Level 1:colcon.colcon_core.package_identification:_identify(.) by extensions ['python_setup_py']
[0.336s] Level 1:colcon.colcon_core.package_identification:_identify(.) by extension 'python_setup_py'
[0.336s] Level 1:colcon.colcon_core.package_identification:_identify(build) by extensions ['ignore', 'ignore_ament_install']
[0.336s] Level 1:colcon.colcon_core.package_identification:_identify(build) by extension 'ignore'
[0.336s] Level 1:colcon.colcon_core.package_identification:_identify(build) ignored
[0.336s] Level 1:colcon.colcon_core.package_identification:_identify(install) by extensions ['ignore', 'ignore_ament_install']
[0.336s] Level 1:colcon.colcon_core.package_identification:_identify(install) by extension 'ignore'
[0.336s] Level 1:colcon.colcon_core.package_identification:_identify(install) ignored
[0.337s] Level 1:colcon.colcon_core.package_identification:_identify(log) by extensions ['ignore', 'ignore_ament_install']
[0.337s] Level 1:colcon.colcon_core.package_identification:_identify(log) by extension 'ignore'
[0.337s] Level 1:colcon.colcon_core.package_identification:_identify(log) ignored
[0.337s] Level 1:colcon.colcon_core.package_identification:_identify(src) by extensions ['ignore', 'ignore_ament_install']
[0.337s] Level 1:colcon.colcon_core.package_identification:_identify(src) by extension 'ignore'
[0.337s] Level 1:colcon.colcon_core.package_identification:_identify(src) by extension 'ignore_ament_install'
[0.337s] Level 1:colcon.colcon_core.package_identification:_identify(src) by extensions ['colcon_pkg']
[0.337s] Level 1:colcon.colcon_core.package_identification:_identify(src) by extension 'colcon_pkg'
[0.337s] Level 1:colcon.colcon_core.package_identification:_identify(src) by extensions ['colcon_meta']
[0.337s] Level 1:colcon.colcon_core.package_identification:_identify(src) by extension 'colcon_meta'
[0.337s] Level 1:colcon.colcon_core.package_identification:_identify(src) by extensions ['ros']
[0.337s] Level 1:colcon.colcon_core.package_identification:_identify(src) by extension 'ros'
[0.337s] Level 1:colcon.colcon_core.package_identification:_identify(src) by extensions ['cmake', 'python']
[0.337s] Level 1:colcon.colcon_core.package_identification:_identify(src) by extension 'cmake'
[0.337s] Level 1:colcon.colcon_core.package_identification:_identify(src) by extension 'python'
[0.337s] Level 1:colcon.colcon_core.package_identification:_identify(src) by extensions ['python_setup_py']
[0.337s] Level 1:colcon.colcon_core.package_identification:_identify(src) by extension 'python_setup_py'
[0.337s] Level 1:colcon.colcon_core.package_identification:_identify(src/build) by extensions ['ignore', 'ignore_ament_install']
[0.337s] Level 1:colcon.colcon_core.package_identification:_identify(src/build) by extension 'ignore'
[0.337s] Level 1:colcon.colcon_core.package_identification:_identify(src/build) ignored
[0.338s] Level 1:colcon.colcon_core.package_identification:_identify(src/cpp_pubsub) by extensions ['ignore', 'ignore_ament_install']
[0.338s] Level 1:colcon.colcon_core.package_identification:_identify(src/cpp_pubsub) by extension 'ignore'
[0.338s] Level 1:colcon.colcon_core.package_identification:_identify(src/cpp_pubsub) by extension 'ignore_ament_install'
[0.338s] Level 1:colcon.colcon_core.package_identification:_identify(src/cpp_pubsub) by extensions ['colcon_pkg']
[0.338s] Level 1:colcon.colcon_core.package_identification:_identify(src/cpp_pubsub) by extension 'colcon_pkg'
[0.338s] Level 1:colcon.colcon_core.package_identification:_identify(src/cpp_pubsub) by extensions ['colcon_meta']
[0.338s] Level 1:colcon.colcon_core.package_identification:_identify(src/cpp_pubsub) by extension 'colcon_meta'
[0.338s] Level 1:colcon.colcon_core.package_identification:_identify(src/cpp_pubsub) by extensions ['ros']
[0.338s] Level 1:colcon.colcon_core.package_identification:_identify(src/cpp_pubsub) by extension 'ros'
[0.340s] DEBUG:colcon.colcon_core.package_identification:Package 'src/cpp_pubsub' with type 'ros.ament_cmake' and name 'cpp_pubsub'
[0.340s] Level 1:colcon.colcon_core.package_identification:_identify(src/custom_action_interfaces) by extensions ['ignore', 'ignore_ament_install']
[0.340s] Level 1:colcon.colcon_core.package_identification:_identify(src/custom_action_interfaces) by extension 'ignore'
[0.340s] Level 1:colcon.colcon_core.package_identification:_identify(src/custom_action_interfaces) by extension 'ignore_ament_install'
[0.340s] Level 1:colcon.colcon_core.package_identification:_identify(src/custom_action_interfaces) by extensions ['colcon_pkg']
[0.340s] Level 1:colcon.colcon_core.package_identification:_identify(src/custom_action_interfaces) by extension 'colcon_pkg'
[0.340s] Level 1:colcon.colcon_core.package_identification:_identify(src/custom_action_interfaces) by extensions ['colcon_meta']
[0.340s] Level 1:colcon.colcon_core.package_identification:_identify(src/custom_action_interfaces) by extension 'colcon_meta'
[0.340s] Level 1:colcon.colcon_core.package_identification:_identify(src/custom_action_interfaces) by extensions ['ros']
[0.340s] Level 1:colcon.colcon_core.package_identification:_identify(src/custom_action_interfaces) by extension 'ros'
[0.341s] DEBUG:colcon.colcon_core.package_identification:Package 'src/custom_action_interfaces' with type 'ros.ament_cmake' and name 'custom_action_interfaces'
[0.341s] Level 1:colcon.colcon_core.package_identification:_identify(src/install) by extensions ['ignore', 'ignore_ament_install']
[0.341s] Level 1:colcon.colcon_core.package_identification:_identify(src/install) by extension 'ignore'
[0.341s] Level 1:colcon.colcon_core.package_identification:_identify(src/install) ignored
[0.341s] Level 1:colcon.colcon_core.package_identification:_identify(src/log) by extensions ['ignore', 'ignore_ament_install']
[0.341s] Level 1:colcon.colcon_core.package_identification:_identify(src/log) by extension 'ignore'
[0.341s] Level 1:colcon.colcon_core.package_identification:_identify(src/log) ignored
[0.341s] Level 1:colcon.colcon_core.package_identification:_identify(src/move_relative_ur) by extensions ['ignore', 'ignore_ament_install']
[0.341s] Level 1:colcon.colcon_core.package_identification:_identify(src/move_relative_ur) by extension 'ignore'
[0.341s] Level 1:colcon.colcon_core.package_identification:_identify(src/move_relative_ur) by extension 'ignore_ament_install'
[0.342s] Level 1:colcon.colcon_core.package_identification:_identify(src/move_relative_ur) by extensions ['colcon_pkg']
[0.342s] Level 1:colcon.colcon_core.package_identification:_identify(src/move_relative_ur) by extension 'colcon_pkg'
[0.342s] Level 1:colcon.colcon_core.package_identification:_identify(src/move_relative_ur) by extensions ['colcon_meta']
[0.342s] Level 1:colcon.colcon_core.package_identification:_identify(src/move_relative_ur) by extension 'colcon_meta'
[0.342s] Level 1:colcon.colcon_core.package_identification:_identify(src/move_relative_ur) by extensions ['ros']
[0.342s] Level 1:colcon.colcon_core.package_identification:_identify(src/move_relative_ur) by extension 'ros'
[0.342s] DEBUG:colcon.colcon_core.package_identification:Package 'src/move_relative_ur' with type 'ros.ament_cmake' and name 'move_relative_ur'
[0.343s] Level 1:colcon.colcon_core.package_identification:_identify(src/robot_move) by extensions ['ignore', 'ignore_ament_install']
[0.343s] Level 1:colcon.colcon_core.package_identification:_identify(src/robot_move) by extension 'ignore'
[0.343s] Level 1:colcon.colcon_core.package_identification:_identify(src/robot_move) by extension 'ignore_ament_install'
[0.343s] Level 1:colcon.colcon_core.package_identification:_identify(src/robot_move) by extensions ['colcon_pkg']
[0.343s] Level 1:colcon.colcon_core.package_identification:_identify(src/robot_move) by extension 'colcon_pkg'
[0.343s] Level 1:colcon.colcon_core.package_identification:_identify(src/robot_move) by extensions ['colcon_meta']
[0.343s] Level 1:colcon.colcon_core.package_identification:_identify(src/robot_move) by extension 'colcon_meta'
[0.343s] Level 1:colcon.colcon_core.package_identification:_identify(src/robot_move) by extensions ['ros']
[0.343s] Level 1:colcon.colcon_core.package_identification:_identify(src/robot_move) by extension 'ros'
[0.345s] DEBUG:colcon.colcon_core.package_identification:Package 'src/robot_move' with type 'ros.ament_cmake' and name 'robot_move'
[0.345s] Level 1:colcon.colcon_core.package_identification:_identify(src/ur_action_move) by extensions ['ignore', 'ignore_ament_install']
[0.345s] Level 1:colcon.colcon_core.package_identification:_identify(src/ur_action_move) by extension 'ignore'
[0.345s] Level 1:colcon.colcon_core.package_identification:_identify(src/ur_action_move) by extension 'ignore_ament_install'
[0.345s] Level 1:colcon.colcon_core.package_identification:_identify(src/ur_action_move) by extensions ['colcon_pkg']
[0.345s] Level 1:colcon.colcon_core.package_identification:_identify(src/ur_action_move) by extension 'colcon_pkg'
[0.345s] Level 1:colcon.colcon_core.package_identification:_identify(src/ur_action_move) by extensions ['colcon_meta']
[0.345s] Level 1:colcon.colcon_core.package_identification:_identify(src/ur_action_move) by extension 'colcon_meta'
[0.345s] Level 1:colcon.colcon_core.package_identification:_identify(src/ur_action_move) by extensions ['ros']
[0.345s] Level 1:colcon.colcon_core.package_identification:_identify(src/ur_action_move) by extension 'ros'
[0.346s] DEBUG:colcon.colcon_core.package_identification:Package 'src/ur_action_move' with type 'ros.ament_cmake' and name 'ur_action_move'
[0.346s] Level 1:colcon.colcon_core.package_discovery:discover_packages(recursive) using defaults
[0.346s] Level 1:colcon.colcon_core.package_discovery:discover_packages(ignore) discover
[0.346s] Level 1:colcon.colcon_core.package_discovery:discover_packages(ignore) using defaults
[0.346s] Level 1:colcon.colcon_core.package_discovery:discover_packages(path) discover
[0.346s] Level 1:colcon.colcon_core.package_discovery:discover_packages(path) using defaults
[0.373s] INFO:colcon.colcon_core.package_selection:Skipping not selected package 'cpp_pubsub' in 'src/cpp_pubsub'
[0.373s] INFO:colcon.colcon_core.package_selection:Skipping not selected package 'custom_action_interfaces' in 'src/custom_action_interfaces'
[0.373s] INFO:colcon.colcon_core.package_selection:Skipping not selected package 'robot_move' in 'src/robot_move'
[0.373s] INFO:colcon.colcon_core.package_selection:Skipping not selected package 'ur_action_move' in 'src/ur_action_move'
[0.373s] Level 1:colcon.colcon_core.package_discovery:discover_packages(prefix_path) check parameters
[0.373s] Level 1:colcon.colcon_core.package_discovery:discover_packages(prefix_path) discover
[0.378s] DEBUG:colcon.colcon_installed_package_information.package_discovery:Found 1 installed packages in /home/tsi/ws_moveit2/install
[0.378s] DEBUG:colcon.colcon_installed_package_information.package_discovery:Found 1 installed packages in /home/tsi/ws_moveit2/src/install
[0.381s] DEBUG:colcon.colcon_installed_package_information.package_discovery:Found 45 installed packages in /home/tsi/workspace/install
[0.384s] DEBUG:colcon.colcon_installed_package_information.package_discovery:Found 419 installed packages in /opt/ros/jazzy
[0.388s] Level 1:colcon.colcon_core.package_discovery:discover_packages(prefix_path) using defaults
[0.456s] Level 5:colcon.colcon_core.verb:set package 'move_relative_ur' build argument 'cmake_args' from command line to 'None'
[0.456s] Level 5:colcon.colcon_core.verb:set package 'move_relative_ur' build argument 'cmake_target' from command line to 'None'
[0.456s] Level 5:colcon.colcon_core.verb:set package 'move_relative_ur' build argument 'cmake_target_skip_unavailable' from command line to 'False'
[0.456s] Level 5:colcon.colcon_core.verb:set package 'move_relative_ur' build argument 'cmake_clean_cache' from command line to 'False'
[0.456s] Level 5:colcon.colcon_core.verb:set package 'move_relative_ur' build argument 'cmake_clean_first' from command line to 'False'
[0.456s] Level 5:colcon.colcon_core.verb:set package 'move_relative_ur' build argument 'cmake_force_configure' from command line to 'False'
[0.456s] Level 5:colcon.colcon_core.verb:set package 'move_relative_ur' build argument 'ament_cmake_args' from command line to 'None'
[0.456s] Level 5:colcon.colcon_core.verb:set package 'move_relative_ur' build argument 'catkin_cmake_args' from command line to 'None'
[0.456s] Level 5:colcon.colcon_core.verb:set package 'move_relative_ur' build argument 'catkin_skip_building_tests' from command line to 'False'
[0.456s] DEBUG:colcon.colcon_core.verb:Building package 'move_relative_ur' with the following arguments: {'ament_cmake_args': None, 'build_base': '/home/tsi/ws_moveit2/build/move_relative_ur', 'catkin_cmake_args': None, 'catkin_skip_building_tests': False, 'cmake_args': None, 'cmake_clean_cache': False, 'cmake_clean_first': False, 'cmake_force_configure': False, 'cmake_target': None, 'cmake_target_skip_unavailable': False, 'install_base': '/home/tsi/ws_moveit2/install/move_relative_ur', 'merge_install': False, 'path': '/home/tsi/ws_moveit2/src/move_relative_ur', 'symlink_install': False, 'test_result_base': None}
[0.456s] INFO:colcon.colcon_core.executor:Executing jobs using 'parallel' executor
[0.457s] DEBUG:colcon.colcon_parallel_executor.executor.parallel:run_until_complete
[0.458s] INFO:colcon.colcon_ros.task.ament_cmake.build:Building ROS package in '/home/tsi/ws_moveit2/src/move_relative_ur' with build type 'ament_cmake'
[0.458s] INFO:colcon.colcon_cmake.task.cmake.build:Building CMake package in '/home/tsi/ws_moveit2/src/move_relative_ur'
[0.461s] INFO:colcon.colcon_core.plugin_system:Skipping extension 'colcon_core.shell.bat': Not used on non-Windows systems
[0.461s] INFO:colcon.colcon_core.shell:Skip shell extension 'powershell' for command environment: Not usable outside of PowerShell
[0.461s] DEBUG:colcon.colcon_core.shell:Skip shell extension 'dsv' for command environment
[0.507s] DEBUG:colcon.colcon_core.event_handler.log_command:Invoking command in '/home/tsi/ws_moveit2/build/move_relative_ur': CMAKE_PREFIX_PATH=${CMAKE_PREFIX_PATH}:/home/tsi/workspace/install/moveit_configs_utils:/opt/ros/jazzy DEBUGINFOD_URLS=https://debuginfod.ubuntu.com /usr/bin/cmake --build /home/tsi/ws_moveit2/build/move_relative_ur -- -j12 -l12
[1.410s] DEBUG:colcon.colcon_core.event_handler.log_command:Invoked command in '/home/tsi/ws_moveit2/build/move_relative_ur' returned '0': CMAKE_PREFIX_PATH=${CMAKE_PREFIX_PATH}:/home/tsi/workspace/install/moveit_configs_utils:/opt/ros/jazzy DEBUGINFOD_URLS=https://debuginfod.ubuntu.com /usr/bin/cmake --build /home/tsi/ws_moveit2/build/move_relative_ur -- -j12 -l12
[1.446s] DEBUG:colcon.colcon_core.event_handler.log_command:Invoking command in '/home/tsi/ws_moveit2/build/move_relative_ur': CMAKE_PREFIX_PATH=${CMAKE_PREFIX_PATH}:/home/tsi/workspace/install/moveit_configs_utils:/opt/ros/jazzy DEBUGINFOD_URLS=https://debuginfod.ubuntu.com /usr/bin/cmake --install /home/tsi/ws_moveit2/build/move_relative_ur
[1.622s] Level 1:colcon.colcon_core.environment:create_environment_scripts_only(move_relative_ur)
[1.624s] DEBUG:colcon.colcon_core.event_handler.log_command:Invoked command in '/home/tsi/ws_moveit2/build/move_relative_ur' returned '0': CMAKE_PREFIX_PATH=${CMAKE_PREFIX_PATH}:/home/tsi/workspace/install/moveit_configs_utils:/opt/ros/jazzy DEBUGINFOD_URLS=https://debuginfod.ubuntu.com /usr/bin/cmake --install /home/tsi/ws_moveit2/build/move_relative_ur
[1.627s] Level 1:colcon.colcon_core.environment:checking '/home/tsi/ws_moveit2/install/move_relative_ur' for CMake module files
[1.629s] Level 1:colcon.colcon_core.environment:checking '/home/tsi/ws_moveit2/install/move_relative_ur' for CMake config files
[1.630s] Level 1:colcon.colcon_core.shell:create_environment_hook('move_relative_ur', 'cmake_prefix_path')
[1.631s] INFO:colcon.colcon_core.shell:Creating environment hook '/home/tsi/ws_moveit2/install/move_relative_ur/share/move_relative_ur/hook/cmake_prefix_path.ps1'
[1.632s] INFO:colcon.colcon_core.shell:Creating environment descriptor '/home/tsi/ws_moveit2/install/move_relative_ur/share/move_relative_ur/hook/cmake_prefix_path.dsv'
[1.632s] INFO:colcon.colcon_core.shell:Creating environment hook '/home/tsi/ws_moveit2/install/move_relative_ur/share/move_relative_ur/hook/cmake_prefix_path.sh'
[1.633s] Level 1:colcon.colcon_core.environment:checking '/home/tsi/ws_moveit2/install/move_relative_ur/lib'
[1.634s] Level 1:colcon.colcon_core.shell:create_environment_hook('move_relative_ur', 'ld_library_path_lib')
[1.634s] INFO:colcon.colcon_core.shell:Creating environment hook '/home/tsi/ws_moveit2/install/move_relative_ur/share/move_relative_ur/hook/ld_library_path_lib.ps1'
[1.634s] INFO:colcon.colcon_core.shell:Creating environment descriptor '/home/tsi/ws_moveit2/install/move_relative_ur/share/move_relative_ur/hook/ld_library_path_lib.dsv'
[1.635s] INFO:colcon.colcon_core.shell:Creating environment hook '/home/tsi/ws_moveit2/install/move_relative_ur/share/move_relative_ur/hook/ld_library_path_lib.sh'
[1.635s] Level 1:colcon.colcon_core.environment:checking '/home/tsi/ws_moveit2/install/move_relative_ur/bin'
[1.635s] Level 1:colcon.colcon_core.environment:checking '/home/tsi/ws_moveit2/install/move_relative_ur/lib/pkgconfig/move_relative_ur.pc'
[1.635s] Level 1:colcon.colcon_core.environment:checking '/home/tsi/ws_moveit2/install/move_relative_ur/lib/python3.12/site-packages'
[1.636s] Level 1:colcon.colcon_core.shell:create_environment_hook('move_relative_ur', 'pythonpath')
[1.636s] INFO:colcon.colcon_core.shell:Creating environment hook '/home/tsi/ws_moveit2/install/move_relative_ur/share/move_relative_ur/hook/pythonpath.ps1'
[1.636s] INFO:colcon.colcon_core.shell:Creating environment descriptor '/home/tsi/ws_moveit2/install/move_relative_ur/share/move_relative_ur/hook/pythonpath.dsv'
[1.637s] INFO:colcon.colcon_core.shell:Creating environment hook '/home/tsi/ws_moveit2/install/move_relative_ur/share/move_relative_ur/hook/pythonpath.sh'
[1.637s] Level 1:colcon.colcon_core.environment:checking '/home/tsi/ws_moveit2/install/move_relative_ur/bin'
[1.637s] INFO:colcon.colcon_core.shell:Creating package script '/home/tsi/ws_moveit2/install/move_relative_ur/share/move_relative_ur/package.ps1'
[1.638s] INFO:colcon.colcon_core.shell:Creating package descriptor '/home/tsi/ws_moveit2/install/move_relative_ur/share/move_relative_ur/package.dsv'
[1.639s] INFO:colcon.colcon_core.shell:Creating package script '/home/tsi/ws_moveit2/install/move_relative_ur/share/move_relative_ur/package.sh'
[1.641s] INFO:colcon.colcon_core.shell:Creating package script '/home/tsi/ws_moveit2/install/move_relative_ur/share/move_relative_ur/package.bash'
[1.642s] INFO:colcon.colcon_core.shell:Creating package script '/home/tsi/ws_moveit2/install/move_relative_ur/share/move_relative_ur/package.zsh'
[1.643s] Level 1:colcon.colcon_core.environment:create_file_with_runtime_dependencies(/home/tsi/ws_moveit2/install/move_relative_ur/share/colcon-core/packages/move_relative_ur)
[1.644s] Level 1:colcon.colcon_core.environment:create_environment_scripts_only(move_relative_ur)
[1.644s] Level 1:colcon.colcon_core.environment:checking '/home/tsi/ws_moveit2/install/move_relative_ur' for CMake module files
[1.646s] Level 1:colcon.colcon_core.environment:checking '/home/tsi/ws_moveit2/install/move_relative_ur' for CMake config files
[1.647s] Level 1:colcon.colcon_core.shell:create_environment_hook('move_relative_ur', 'cmake_prefix_path')
[1.648s] INFO:colcon.colcon_core.shell:Creating environment hook '/home/tsi/ws_moveit2/install/move_relative_ur/share/move_relative_ur/hook/cmake_prefix_path.ps1'
[1.648s] INFO:colcon.colcon_core.shell:Creating environment descriptor '/home/tsi/ws_moveit2/install/move_relative_ur/share/move_relative_ur/hook/cmake_prefix_path.dsv'
[1.648s] INFO:colcon.colcon_core.shell:Creating environment hook '/home/tsi/ws_moveit2/install/move_relative_ur/share/move_relative_ur/hook/cmake_prefix_path.sh'
[1.649s] Level 1:colcon.colcon_core.environment:checking '/home/tsi/ws_moveit2/install/move_relative_ur/lib'
[1.649s] Level 1:colcon.colcon_core.shell:create_environment_hook('move_relative_ur', 'ld_library_path_lib')
[1.650s] INFO:colcon.colcon_core.shell:Creating environment hook '/home/tsi/ws_moveit2/install/move_relative_ur/share/move_relative_ur/hook/ld_library_path_lib.ps1'
[1.650s] INFO:colcon.colcon_core.shell:Creating environment descriptor '/home/tsi/ws_moveit2/install/move_relative_ur/share/move_relative_ur/hook/ld_library_path_lib.dsv'
[1.650s] INFO:colcon.colcon_core.shell:Creating environment hook '/home/tsi/ws_moveit2/install/move_relative_ur/share/move_relative_ur/hook/ld_library_path_lib.sh'
[1.651s] Level 1:colcon.colcon_core.environment:checking '/home/tsi/ws_moveit2/install/move_relative_ur/bin'
[1.651s] Level 1:colcon.colcon_core.environment:checking '/home/tsi/ws_moveit2/install/move_relative_ur/lib/pkgconfig/move_relative_ur.pc'
[1.651s] Level 1:colcon.colcon_core.environment:checking '/home/tsi/ws_moveit2/install/move_relative_ur/lib/python3.12/site-packages'
[1.651s] Level 1:colcon.colcon_core.shell:create_environment_hook('move_relative_ur', 'pythonpath')
[1.652s] INFO:colcon.colcon_core.shell:Creating environment hook '/home/tsi/ws_moveit2/install/move_relative_ur/share/move_relative_ur/hook/pythonpath.ps1'
[1.652s] INFO:colcon.colcon_core.shell:Creating environment descriptor '/home/tsi/ws_moveit2/install/move_relative_ur/share/move_relative_ur/hook/pythonpath.dsv'
[1.653s] INFO:colcon.colcon_core.shell:Creating environment hook '/home/tsi/ws_moveit2/install/move_relative_ur/share/move_relative_ur/hook/pythonpath.sh'
[1.654s] Level 1:colcon.colcon_core.environment:checking '/home/tsi/ws_moveit2/install/move_relative_ur/bin'
[1.654s] INFO:colcon.colcon_core.shell:Creating package script '/home/tsi/ws_moveit2/install/move_relative_ur/share/move_relative_ur/package.ps1'
[1.655s] INFO:colcon.colcon_core.shell:Creating package descriptor '/home/tsi/ws_moveit2/install/move_relative_ur/share/move_relative_ur/package.dsv'
[1.661s] INFO:colcon.colcon_core.shell:Creating package script '/home/tsi/ws_moveit2/install/move_relative_ur/share/move_relative_ur/package.sh'
[1.662s] INFO:colcon.colcon_core.shell:Creating package script '/home/tsi/ws_moveit2/install/move_relative_ur/share/move_relative_ur/package.bash'
[1.662s] INFO:colcon.colcon_core.shell:Creating package script '/home/tsi/ws_moveit2/install/move_relative_ur/share/move_relative_ur/package.zsh'
[1.662s] Level 1:colcon.colcon_core.environment:create_file_with_runtime_dependencies(/home/tsi/ws_moveit2/install/move_relative_ur/share/colcon-core/packages/move_relative_ur)
[1.663s] DEBUG:colcon.colcon_parallel_executor.executor.parallel:closing loop
[1.663s] DEBUG:colcon.colcon_parallel_executor.executor.parallel:loop closed
[1.663s] DEBUG:colcon.colcon_parallel_executor.executor.parallel:run_until_complete finished with '0'
[1.663s] DEBUG:colcon.colcon_core.event_reactor:joining thread
[1.712s] INFO:colcon.colcon_core.plugin_system:Skipping extension 'colcon_notification.desktop_notification.terminal_notifier': Not used on non-Darwin systems
[1.712s] INFO:colcon.colcon_core.plugin_system:Skipping extension 'colcon_notification.desktop_notification.win32': Not used on non-Windows systems
[1.712s] INFO:colcon.colcon_notification.desktop_notification:Sending desktop notification using 'notify2'
[1.745s] DEBUG:colcon.colcon_core.event_reactor:joined thread
[1.745s] INFO:colcon.colcon_core.shell:Creating prefix script '/home/tsi/ws_moveit2/install/local_setup.ps1'
[1.747s] INFO:colcon.colcon_core.shell:Creating prefix util module '/home/tsi/ws_moveit2/install/_local_setup_util_ps1.py'
[1.750s] INFO:colcon.colcon_core.shell:Creating prefix chain script '/home/tsi/ws_moveit2/install/setup.ps1'
[1.757s] INFO:colcon.colcon_core.shell:Creating prefix script '/home/tsi/ws_moveit2/install/local_setup.sh'
[1.758s] INFO:colcon.colcon_core.shell:Creating prefix util module '/home/tsi/ws_moveit2/install/_local_setup_util_sh.py'
[1.759s] INFO:colcon.colcon_core.shell:Creating prefix chain script '/home/tsi/ws_moveit2/install/setup.sh'
[1.765s] INFO:colcon.colcon_core.shell:Creating prefix script '/home/tsi/ws_moveit2/install/local_setup.bash'
[1.766s] INFO:colcon.colcon_core.shell:Creating prefix chain script '/home/tsi/ws_moveit2/install/setup.bash'
[1.771s] INFO:colcon.colcon_core.shell:Creating prefix script '/home/tsi/ws_moveit2/install/local_setup.zsh'
[1.772s] INFO:colcon.colcon_core.shell:Creating prefix chain script '/home/tsi/ws_moveit2/install/setup.zsh'
