[0.036s] Invoking command in '/home/tsi/ws_moveit2/build/move_relative_ur': CMAKE_PREFIX_PATH=${CMAKE_PREFIX_PATH}:/home/tsi/workspace/install/moveit_configs_utils:/opt/ros/jazzy DEBUGINFOD_URLS=https://debuginfod.ubuntu.com /usr/bin/cmake --build /home/tsi/ws_moveit2/build/move_relative_ur -- -j12 -l12
[0.195s] [  2%] Built target move_relative_ur__rosidl_generator_type_description
[0.215s] [  2%] Built target ament_cmake_python_symlink_move_relative_ur
[0.234s] [  5%] Built target move_relative_ur__cpp
[0.257s] [ 18%] Built target move_relative_ur__rosidl_generator_c
[0.310s] [ 26%] Built target move_relative_ur__rosidl_typesupport_introspection_c
[0.311s] [ 34%] Built target move_relative_ur__rosidl_typesupport_c
[0.312s] [ 42%] Built target move_relative_ur__rosidl_typesupport_cpp
[0.312s] [ 50%] Built target move_relative_ur__rosidl_typesupport_fastrtps_c
[0.317s] [ 57%] Built target move_relative_ur__rosidl_typesupport_introspection_cpp
[0.319s] [ 65%] Built target move_relative_ur__rosidl_typesupport_fastrtps_cpp
[0.355s] [ 65%] Built target move_relative_ur
[0.360s] [ 68%] [32mBuilding CXX object CMakeFiles/robot_monitoring_node.dir/src/move_monitoring_node.cpp.o[0m
[0.397s] [ 71%] [32mBuilding CXX object CMakeFiles/move_relative_node.dir/src/move_relative.cpp.o[0m
[0.406s] [ 73%] Built target move_relative_ur__py
[0.463s] [ 78%] Built target move_relative_ur__rosidl_generator_py
[0.504s] [ 84%] Built target move_relative_ur_s__rosidl_typesupport_introspection_c
[0.513s] [ 89%] Built target move_relative_ur_s__rosidl_typesupport_fastrtps_c
[0.522s] [ 94%] Built target move_relative_ur_s__rosidl_typesupport_c
[0.661s] running egg_info
[0.704s] writing move_relative_ur.egg-info/PKG-INFO
[0.704s] writing dependency_links to move_relative_ur.egg-info/dependency_links.txt
[0.705s] writing top-level names to move_relative_ur.egg-info/top_level.txt
[0.831s] reading manifest file 'move_relative_ur.egg-info/SOURCES.txt'
[0.832s] writing manifest file 'move_relative_ur.egg-info/SOURCES.txt'
[0.893s] [ 94%] Built target ament_cmake_python_build_move_relative_ur_egg
[1.569s] gmake[1]: *** [CMakeFiles/Makefile2:627: CMakeFiles/move_relative_node.dir/all] Killed
[1.569s] gmake[1]: *** Waiting for unfinished jobs....
[11.716s] [ 97%] [32m[1mLinking CXX executable robot_monitoring_node[0m
[12.382s] [ 97%] Built target robot_monitoring_node
[12.383s] gmake: *** [Makefile:146: all] Error 2
[12.389s] Invoked command in '/home/tsi/ws_moveit2/build/move_relative_ur' returned '2': CMAKE_PREFIX_PATH=${CMAKE_PREFIX_PATH}:/home/tsi/workspace/install/moveit_configs_utils:/opt/ros/jazzy DEBUGINFOD_URLS=https://debuginfod.ubuntu.com /usr/bin/cmake --build /home/tsi/ws_moveit2/build/move_relative_ur -- -j12 -l12
