-- The C compiler identification is GNU 13.3.0
-- The CXX compiler identification is GNU 13.3.0
-- Detecting C compiler ABI info
-- Detecting C compiler ABI info - done
-- Check for working C compiler: /usr/bin/cc - skipped
-- Detecting C compile features
-- Detecting C compile features - done
-- Detecting CXX compiler ABI info
-- Detecting CXX compiler ABI info - done
-- Check for working CXX compiler: /usr/bin/c++ - skipped
-- Detecting CXX compile features
-- Detecting CXX compile features - done
-- Found ament_cmake: 2.5.3 (/opt/ros/jazzy/share/ament_cmake/cmake)
-- Found Python3: /usr/bin/python3 (found version "3.12.3") found components: Interpreter 
-- Found rosidl_default_generators: 1.6.0 (/opt/ros/jazzy/share/rosidl_default_generators/cmake)
-- Using all available rosidl_typesupport_c: rosidl_typesupport_fastrtps_c;rosidl_typesupport_introspection_c
-- Using all available rosidl_typesupport_cpp: rosidl_typesupport_fastrtps_cpp;rosidl_typesupport_introspection_cpp
-- Found rosidl_adapter: 4.6.5 (/opt/ros/jazzy/share/rosidl_adapter/cmake)
-- Found geometry_msgs: 5.3.5 (/opt/ros/jazzy/share/geometry_msgs/cmake)
-- Found action_msgs: 2.0.2 (/opt/ros/jazzy/share/action_msgs/cmake)
-- Found ament_cmake_ros: 0.12.0 (/opt/ros/jazzy/share/ament_cmake_ros/cmake)
-- Using all available rosidl_typesupport_c: rosidl_typesupport_fastrtps_c;rosidl_typesupport_introspection_c
-- Using all available rosidl_typesupport_cpp: rosidl_typesupport_fastrtps_cpp;rosidl_typesupport_introspection_cpp
-- Found python_cmake_module: 0.11.1 (/opt/ros/jazzy/share/python_cmake_module/cmake)
-- Found PythonExtra: /usr/bin/python3  
-- Found Python3: /usr/bin/python3 (found version "3.12.3") found components: Interpreter Development NumPy Development.Module Development.Embed 
-- Found ament_lint_auto: 0.17.1 (/opt/ros/jazzy/share/ament_lint_auto/cmake)
-- Added test 'lint_cmake' to check CMake code style
-- Added test 'xmllint' to check XML markup files
-- Configuring done (5.6s)
-- Generating done (0.0s)
-- Build files have been written to: /home/tsi/ws_moveit2/src/build/robot_move
[  2%] [34m[1mGenerating type hashes for ROS interfaces[0m
[  2%] Built target ament_cmake_python_copy_robot_move
[  2%] Built target robot_move__rosidl_generator_type_description
[  5%] [34m[1mGenerating C code for ROS interfaces[0m
[  8%] [34m[1mGenerating C++ code for ROS interfaces[0m
running egg_info
creating robot_move.egg-info
writing robot_move.egg-info/PKG-INFO
writing dependency_links to robot_move.egg-info/dependency_links.txt
writing top-level names to robot_move.egg-info/top_level.txt
writing manifest file 'robot_move.egg-info/SOURCES.txt'
reading manifest file 'robot_move.egg-info/SOURCES.txt'
writing manifest file 'robot_move.egg-info/SOURCES.txt'
[  8%] Built target ament_cmake_python_build_robot_move_egg
[  8%] Built target robot_move__cpp
[ 11%] [32mBuilding C object CMakeFiles/robot_move__rosidl_generator_c.dir/rosidl_generator_c/robot_move/action/detail/coordinate__functions.c.o[0m
[ 14%] [32mBuilding C object CMakeFiles/robot_move__rosidl_generator_c.dir/rosidl_generator_c/robot_move/action/detail/coordinate__description.c.o[0m
[ 17%] [32mBuilding C object CMakeFiles/robot_move__rosidl_generator_c.dir/rosidl_generator_c/robot_move/action/detail/coordinate__type_support.c.o[0m
[ 20%] [32m[1mLinking C shared library librobot_move__rosidl_generator_c.so[0m
[ 20%] Built target robot_move__rosidl_generator_c
[ 23%] [34m[1mGenerating C++ type support for eProsima Fast-RTPS[0m
[ 26%] [34m[1mGenerating C type support dispatch for ROS interfaces[0m
[ 32%] [34m[1mGenerating C++ type support dispatch for ROS interfaces[0m
[ 32%] [34m[1mGenerating C type support for eProsima Fast-RTPS[0m
[ 38%] [34m[1mGenerating C introspection for ROS interfaces[0m
[ 38%] [34m[1mGenerating C++ introspection for ROS interfaces[0m
[ 41%] [32mBuilding CXX object CMakeFiles/robot_move__rosidl_typesupport_c.dir/rosidl_typesupport_c/robot_move/action/coordinate__type_support.cpp.o[0m
[ 44%] [32mBuilding CXX object CMakeFiles/robot_move__rosidl_typesupport_cpp.dir/rosidl_typesupport_cpp/robot_move/action/coordinate__type_support.cpp.o[0m
[ 47%] [32m[1mLinking CXX shared library librobot_move__rosidl_typesupport_c.so[0m
[ 47%] Built target robot_move__rosidl_typesupport_c
[ 50%] [32mBuilding CXX object CMakeFiles/robot_move__rosidl_typesupport_introspection_cpp.dir/rosidl_typesupport_introspection_cpp/robot_move/action/detail/coordinate__type_support.cpp.o[0m
[ 52%] [32mBuilding C object CMakeFiles/robot_move__rosidl_typesupport_introspection_c.dir/rosidl_typesupport_introspection_c/robot_move/action/detail/coordinate__type_support.c.o[0m
[ 55%] [32mBuilding CXX object CMakeFiles/robot_move__rosidl_typesupport_fastrtps_cpp.dir/rosidl_typesupport_fastrtps_cpp/robot_move/action/detail/dds_fastrtps/coordinate__type_support.cpp.o[0m
[ 58%] [32mBuilding CXX object CMakeFiles/robot_move__rosidl_typesupport_fastrtps_c.dir/rosidl_typesupport_fastrtps_c/robot_move/action/detail/coordinate__type_support_c.cpp.o[0m
[ 61%] [32m[1mLinking C shared library librobot_move__rosidl_typesupport_introspection_c.so[0m
[ 61%] Built target robot_move__rosidl_typesupport_introspection_c
[ 64%] [32m[1mLinking CXX shared library librobot_move__rosidl_typesupport_cpp.so[0m
[ 64%] Built target robot_move__rosidl_typesupport_cpp
[ 67%] [32m[1mLinking CXX shared library librobot_move__rosidl_typesupport_fastrtps_c.so[0m
[ 70%] [32m[1mLinking CXX shared library librobot_move__rosidl_typesupport_introspection_cpp.so[0m
[ 70%] Built target robot_move__rosidl_typesupport_fastrtps_c
[ 70%] Built target robot_move__rosidl_typesupport_introspection_cpp
[ 73%] [32m[1mLinking CXX shared library librobot_move__rosidl_typesupport_fastrtps_cpp.so[0m
[ 73%] Built target robot_move__rosidl_typesupport_fastrtps_cpp
[ 73%] Built target robot_move
[ 76%] [34m[1mGenerating Python code for ROS interfaces[0m
[ 76%] Built target robot_move__py
[ 79%] [32mBuilding C object CMakeFiles/robot_move__rosidl_generator_py.dir/rosidl_generator_py/robot_move/action/_coordinate_s.c.o[0m
[ 82%] [32m[1mLinking C shared library librobot_move__rosidl_generator_py.so[0m
[ 82%] Built target robot_move__rosidl_generator_py
[ 85%] [32mBuilding C object CMakeFiles/robot_move_s__rosidl_typesupport_introspection_c.dir/rosidl_generator_py/robot_move/_robot_move_s.ep.rosidl_typesupport_introspection_c.c.o[0m
[ 88%] [32mBuilding C object CMakeFiles/robot_move_s__rosidl_typesupport_c.dir/rosidl_generator_py/robot_move/_robot_move_s.ep.rosidl_typesupport_c.c.o[0m
[ 91%] [32mBuilding C object CMakeFiles/robot_move_s__rosidl_typesupport_fastrtps_c.dir/rosidl_generator_py/robot_move/_robot_move_s.ep.rosidl_typesupport_fastrtps_c.c.o[0m
[ 94%] [32m[1mLinking C shared module rosidl_generator_py/robot_move/robot_move_s__rosidl_typesupport_introspection_c.so[0m
[ 97%] [32m[1mLinking C shared module rosidl_generator_py/robot_move/robot_move_s__rosidl_typesupport_fastrtps_c.so[0m
[100%] [32m[1mLinking C shared module rosidl_generator_py/robot_move/robot_move_s__rosidl_typesupport_c.so[0m
[100%] Built target robot_move_s__rosidl_typesupport_introspection_c
[100%] Built target robot_move_s__rosidl_typesupport_fastrtps_c
[100%] Built target robot_move_s__rosidl_typesupport_c
-- Install configuration: ""
-- Installing: /home/tsi/ws_moveit2/src/install/robot_move/share/ament_index/resource_index/rosidl_interfaces/robot_move
-- Installing: /home/tsi/ws_moveit2/src/install/robot_move/share/robot_move/action/Coordinate.json
-- Installing: /home/tsi/ws_moveit2/src/install/robot_move/include/robot_move/robot_move
-- Installing: /home/tsi/ws_moveit2/src/install/robot_move/include/robot_move/robot_move/action
-- Installing: /home/tsi/ws_moveit2/src/install/robot_move/include/robot_move/robot_move/action/coordinate.h
-- Installing: /home/tsi/ws_moveit2/src/install/robot_move/include/robot_move/robot_move/action/detail
-- Installing: /home/tsi/ws_moveit2/src/install/robot_move/include/robot_move/robot_move/action/detail/coordinate__struct.h
-- Installing: /home/tsi/ws_moveit2/src/install/robot_move/include/robot_move/robot_move/action/detail/coordinate__type_support.h
-- Installing: /home/tsi/ws_moveit2/src/install/robot_move/include/robot_move/robot_move/action/detail/coordinate__type_support.c
-- Installing: /home/tsi/ws_moveit2/src/install/robot_move/include/robot_move/robot_move/action/detail/coordinate__description.c
-- Installing: /home/tsi/ws_moveit2/src/install/robot_move/include/robot_move/robot_move/action/detail/coordinate__functions.h
-- Installing: /home/tsi/ws_moveit2/src/install/robot_move/include/robot_move/robot_move/action/detail/coordinate__functions.c
-- Installing: /home/tsi/ws_moveit2/src/install/robot_move/include/robot_move/robot_move/msg
-- Installing: /home/tsi/ws_moveit2/src/install/robot_move/include/robot_move/robot_move/msg/rosidl_generator_c__visibility_control.h
-- Installing: /home/tsi/ws_moveit2/src/install/robot_move/share/robot_move/environment/library_path.sh
-- Installing: /home/tsi/ws_moveit2/src/install/robot_move/share/robot_move/environment/library_path.dsv
-- Installing: /home/tsi/ws_moveit2/src/install/robot_move/lib/librobot_move__rosidl_generator_c.so
-- Set non-toolchain portion of runtime path of "/home/tsi/ws_moveit2/src/install/robot_move/lib/librobot_move__rosidl_generator_c.so" to ""
-- Up-to-date: /home/tsi/ws_moveit2/src/install/robot_move/include/robot_move/robot_move
-- Up-to-date: /home/tsi/ws_moveit2/src/install/robot_move/include/robot_move/robot_move/action
-- Up-to-date: /home/tsi/ws_moveit2/src/install/robot_move/include/robot_move/robot_move/action/detail
-- Installing: /home/tsi/ws_moveit2/src/install/robot_move/include/robot_move/robot_move/action/detail/coordinate__rosidl_typesupport_fastrtps_c.h
-- Up-to-date: /home/tsi/ws_moveit2/src/install/robot_move/include/robot_move/robot_move/msg
-- Installing: /home/tsi/ws_moveit2/src/install/robot_move/include/robot_move/robot_move/msg/rosidl_typesupport_fastrtps_c__visibility_control.h
-- Installing: /home/tsi/ws_moveit2/src/install/robot_move/lib/librobot_move__rosidl_typesupport_fastrtps_c.so
-- Set non-toolchain portion of runtime path of "/home/tsi/ws_moveit2/src/install/robot_move/lib/librobot_move__rosidl_typesupport_fastrtps_c.so" to ""
-- Up-to-date: /home/tsi/ws_moveit2/src/install/robot_move/include/robot_move/robot_move
-- Up-to-date: /home/tsi/ws_moveit2/src/install/robot_move/include/robot_move/robot_move/action
-- Up-to-date: /home/tsi/ws_moveit2/src/install/robot_move/include/robot_move/robot_move/action/detail
-- Installing: /home/tsi/ws_moveit2/src/install/robot_move/include/robot_move/robot_move/action/detail/coordinate__type_support.c
-- Installing: /home/tsi/ws_moveit2/src/install/robot_move/include/robot_move/robot_move/action/detail/coordinate__rosidl_typesupport_introspection_c.h
-- Up-to-date: /home/tsi/ws_moveit2/src/install/robot_move/include/robot_move/robot_move/msg
-- Installing: /home/tsi/ws_moveit2/src/install/robot_move/include/robot_move/robot_move/msg/rosidl_typesupport_introspection_c__visibility_control.h
-- Installing: /home/tsi/ws_moveit2/src/install/robot_move/lib/librobot_move__rosidl_typesupport_introspection_c.so
-- Set non-toolchain portion of runtime path of "/home/tsi/ws_moveit2/src/install/robot_move/lib/librobot_move__rosidl_typesupport_introspection_c.so" to ""
-- Installing: /home/tsi/ws_moveit2/src/install/robot_move/lib/librobot_move__rosidl_typesupport_c.so
-- Set non-toolchain portion of runtime path of "/home/tsi/ws_moveit2/src/install/robot_move/lib/librobot_move__rosidl_typesupport_c.so" to ""
-- Up-to-date: /home/tsi/ws_moveit2/src/install/robot_move/include/robot_move/robot_move
-- Up-to-date: /home/tsi/ws_moveit2/src/install/robot_move/include/robot_move/robot_move/action
-- Up-to-date: /home/tsi/ws_moveit2/src/install/robot_move/include/robot_move/robot_move/action/detail
-- Installing: /home/tsi/ws_moveit2/src/install/robot_move/include/robot_move/robot_move/action/detail/coordinate__builder.hpp
-- Installing: /home/tsi/ws_moveit2/src/install/robot_move/include/robot_move/robot_move/action/detail/coordinate__struct.hpp
-- Installing: /home/tsi/ws_moveit2/src/install/robot_move/include/robot_move/robot_move/action/detail/coordinate__traits.hpp
-- Installing: /home/tsi/ws_moveit2/src/install/robot_move/include/robot_move/robot_move/action/detail/coordinate__type_support.hpp
-- Installing: /home/tsi/ws_moveit2/src/install/robot_move/include/robot_move/robot_move/action/coordinate.hpp
-- Up-to-date: /home/tsi/ws_moveit2/src/install/robot_move/include/robot_move/robot_move/msg
-- Installing: /home/tsi/ws_moveit2/src/install/robot_move/include/robot_move/robot_move/msg/rosidl_generator_cpp__visibility_control.hpp
-- Up-to-date: /home/tsi/ws_moveit2/src/install/robot_move/include/robot_move/robot_move
-- Up-to-date: /home/tsi/ws_moveit2/src/install/robot_move/include/robot_move/robot_move/action
-- Up-to-date: /home/tsi/ws_moveit2/src/install/robot_move/include/robot_move/robot_move/action/detail
-- Installing: /home/tsi/ws_moveit2/src/install/robot_move/include/robot_move/robot_move/action/detail/dds_fastrtps
-- Installing: /home/tsi/ws_moveit2/src/install/robot_move/include/robot_move/robot_move/action/detail/coordinate__rosidl_typesupport_fastrtps_cpp.hpp
-- Up-to-date: /home/tsi/ws_moveit2/src/install/robot_move/include/robot_move/robot_move/msg
-- Installing: /home/tsi/ws_moveit2/src/install/robot_move/include/robot_move/robot_move/msg/rosidl_typesupport_fastrtps_cpp__visibility_control.h
-- Installing: /home/tsi/ws_moveit2/src/install/robot_move/lib/librobot_move__rosidl_typesupport_fastrtps_cpp.so
-- Set non-toolchain portion of runtime path of "/home/tsi/ws_moveit2/src/install/robot_move/lib/librobot_move__rosidl_typesupport_fastrtps_cpp.so" to ""
-- Up-to-date: /home/tsi/ws_moveit2/src/install/robot_move/include/robot_move/robot_move
-- Up-to-date: /home/tsi/ws_moveit2/src/install/robot_move/include/robot_move/robot_move/action
-- Up-to-date: /home/tsi/ws_moveit2/src/install/robot_move/include/robot_move/robot_move/action/detail
-- Installing: /home/tsi/ws_moveit2/src/install/robot_move/include/robot_move/robot_move/action/detail/coordinate__type_support.cpp
-- Installing: /home/tsi/ws_moveit2/src/install/robot_move/include/robot_move/robot_move/action/detail/coordinate__rosidl_typesupport_introspection_cpp.hpp
-- Installing: /home/tsi/ws_moveit2/src/install/robot_move/lib/librobot_move__rosidl_typesupport_introspection_cpp.so
-- Set non-toolchain portion of runtime path of "/home/tsi/ws_moveit2/src/install/robot_move/lib/librobot_move__rosidl_typesupport_introspection_cpp.so" to ""
-- Installing: /home/tsi/ws_moveit2/src/install/robot_move/lib/librobot_move__rosidl_typesupport_cpp.so
-- Set non-toolchain portion of runtime path of "/home/tsi/ws_moveit2/src/install/robot_move/lib/librobot_move__rosidl_typesupport_cpp.so" to ""
-- Installing: /home/tsi/ws_moveit2/src/install/robot_move/share/robot_move/environment/pythonpath.sh
-- Installing: /home/tsi/ws_moveit2/src/install/robot_move/share/robot_move/environment/pythonpath.dsv
-- Installing: /home/tsi/ws_moveit2/src/install/robot_move/lib/python3.12/site-packages/robot_move-0.0.0-py3.12.egg-info
-- Installing: /home/tsi/ws_moveit2/src/install/robot_move/lib/python3.12/site-packages/robot_move-0.0.0-py3.12.egg-info/top_level.txt
-- Installing: /home/tsi/ws_moveit2/src/install/robot_move/lib/python3.12/site-packages/robot_move-0.0.0-py3.12.egg-info/SOURCES.txt
-- Installing: /home/tsi/ws_moveit2/src/install/robot_move/lib/python3.12/site-packages/robot_move-0.0.0-py3.12.egg-info/dependency_links.txt
-- Installing: /home/tsi/ws_moveit2/src/install/robot_move/lib/python3.12/site-packages/robot_move-0.0.0-py3.12.egg-info/PKG-INFO
-- Installing: /home/tsi/ws_moveit2/src/install/robot_move/lib/python3.12/site-packages/robot_move
-- Installing: /home/tsi/ws_moveit2/src/install/robot_move/lib/python3.12/site-packages/robot_move/__init__.py
-- Installing: /home/tsi/ws_moveit2/src/install/robot_move/lib/python3.12/site-packages/robot_move/_robot_move_s.ep.rosidl_typesupport_c.c
-- Installing: /home/tsi/ws_moveit2/src/install/robot_move/lib/python3.12/site-packages/robot_move/_robot_move_s.ep.rosidl_typesupport_fastrtps_c.c
-- Installing: /home/tsi/ws_moveit2/src/install/robot_move/lib/python3.12/site-packages/robot_move/_robot_move_s.ep.rosidl_typesupport_introspection_c.c
-- Installing: /home/tsi/ws_moveit2/src/install/robot_move/lib/python3.12/site-packages/robot_move/action
-- Installing: /home/tsi/ws_moveit2/src/install/robot_move/lib/python3.12/site-packages/robot_move/action/__init__.py
-- Installing: /home/tsi/ws_moveit2/src/install/robot_move/lib/python3.12/site-packages/robot_move/action/_coordinate.py
-- Installing: /home/tsi/ws_moveit2/src/install/robot_move/lib/python3.12/site-packages/robot_move/action/_coordinate_s.c
-- Installing: /home/tsi/ws_moveit2/src/install/robot_move/lib/python3.12/site-packages/robot_move/robot_move_s__rosidl_typesupport_fastrtps_c.so
-- Installing: /home/tsi/ws_moveit2/src/install/robot_move/lib/python3.12/site-packages/robot_move/robot_move_s__rosidl_typesupport_introspection_c.so
-- Installing: /home/tsi/ws_moveit2/src/install/robot_move/lib/python3.12/site-packages/robot_move/robot_move_s__rosidl_typesupport_c.so
Listing '/home/tsi/ws_moveit2/src/install/robot_move/lib/python3.12/site-packages/robot_move'...
Compiling '/home/tsi/ws_moveit2/src/install/robot_move/lib/python3.12/site-packages/robot_move/__init__.py'...
Listing '/home/tsi/ws_moveit2/src/install/robot_move/lib/python3.12/site-packages/robot_move/action'...
Compiling '/home/tsi/ws_moveit2/src/install/robot_move/lib/python3.12/site-packages/robot_move/action/__init__.py'...
Compiling '/home/tsi/ws_moveit2/src/install/robot_move/lib/python3.12/site-packages/robot_move/action/_coordinate.py'...
-- Installing: /home/tsi/ws_moveit2/src/install/robot_move/lib/python3.12/site-packages/robot_move/robot_move_s__rosidl_typesupport_fastrtps_c.so
-- Set non-toolchain portion of runtime path of "/home/tsi/ws_moveit2/src/install/robot_move/lib/python3.12/site-packages/robot_move/robot_move_s__rosidl_typesupport_fastrtps_c.so" to ""
-- Installing: /home/tsi/ws_moveit2/src/install/robot_move/lib/python3.12/site-packages/robot_move/robot_move_s__rosidl_typesupport_introspection_c.so
-- Set non-toolchain portion of runtime path of "/home/tsi/ws_moveit2/src/install/robot_move/lib/python3.12/site-packages/robot_move/robot_move_s__rosidl_typesupport_introspection_c.so" to ""
-- Installing: /home/tsi/ws_moveit2/src/install/robot_move/lib/python3.12/site-packages/robot_move/robot_move_s__rosidl_typesupport_c.so
-- Set non-toolchain portion of runtime path of "/home/tsi/ws_moveit2/src/install/robot_move/lib/python3.12/site-packages/robot_move/robot_move_s__rosidl_typesupport_c.so" to ""
-- Installing: /home/tsi/ws_moveit2/src/install/robot_move/lib/librobot_move__rosidl_generator_py.so
-- Set non-toolchain portion of runtime path of "/home/tsi/ws_moveit2/src/install/robot_move/lib/librobot_move__rosidl_generator_py.so" to ""
-- Installing: /home/tsi/ws_moveit2/src/install/robot_move/share/robot_move/action/Coordinate.idl
-- Installing: /home/tsi/ws_moveit2/src/install/robot_move/share/robot_move/action/Coordinate.action
-- Installing: /home/tsi/ws_moveit2/src/install/robot_move/share/ament_index/resource_index/package_run_dependencies/robot_move
-- Installing: /home/tsi/ws_moveit2/src/install/robot_move/share/ament_index/resource_index/parent_prefix_path/robot_move
-- Installing: /home/tsi/ws_moveit2/src/install/robot_move/share/robot_move/environment/ament_prefix_path.sh
-- Installing: /home/tsi/ws_moveit2/src/install/robot_move/share/robot_move/environment/ament_prefix_path.dsv
-- Installing: /home/tsi/ws_moveit2/src/install/robot_move/share/robot_move/environment/path.sh
-- Installing: /home/tsi/ws_moveit2/src/install/robot_move/share/robot_move/environment/path.dsv
-- Installing: /home/tsi/ws_moveit2/src/install/robot_move/share/robot_move/local_setup.bash
-- Installing: /home/tsi/ws_moveit2/src/install/robot_move/share/robot_move/local_setup.sh
-- Installing: /home/tsi/ws_moveit2/src/install/robot_move/share/robot_move/local_setup.zsh
-- Installing: /home/tsi/ws_moveit2/src/install/robot_move/share/robot_move/local_setup.dsv
-- Installing: /home/tsi/ws_moveit2/src/install/robot_move/share/robot_move/package.dsv
-- Installing: /home/tsi/ws_moveit2/src/install/robot_move/share/ament_index/resource_index/packages/robot_move
-- Installing: /home/tsi/ws_moveit2/src/install/robot_move/share/robot_move/cmake/export_robot_move__rosidl_generator_cExport.cmake
-- Installing: /home/tsi/ws_moveit2/src/install/robot_move/share/robot_move/cmake/export_robot_move__rosidl_generator_cExport-noconfig.cmake
-- Installing: /home/tsi/ws_moveit2/src/install/robot_move/share/robot_move/cmake/export_robot_move__rosidl_typesupport_fastrtps_cExport.cmake
-- Installing: /home/tsi/ws_moveit2/src/install/robot_move/share/robot_move/cmake/export_robot_move__rosidl_typesupport_fastrtps_cExport-noconfig.cmake
-- Installing: /home/tsi/ws_moveit2/src/install/robot_move/share/robot_move/cmake/robot_move__rosidl_typesupport_introspection_cExport.cmake
-- Installing: /home/tsi/ws_moveit2/src/install/robot_move/share/robot_move/cmake/robot_move__rosidl_typesupport_introspection_cExport-noconfig.cmake
-- Installing: /home/tsi/ws_moveit2/src/install/robot_move/share/robot_move/cmake/robot_move__rosidl_typesupport_cExport.cmake
-- Installing: /home/tsi/ws_moveit2/src/install/robot_move/share/robot_move/cmake/robot_move__rosidl_typesupport_cExport-noconfig.cmake
-- Installing: /home/tsi/ws_moveit2/src/install/robot_move/share/robot_move/cmake/export_robot_move__rosidl_generator_cppExport.cmake
-- Installing: /home/tsi/ws_moveit2/src/install/robot_move/share/robot_move/cmake/export_robot_move__rosidl_typesupport_fastrtps_cppExport.cmake
-- Installing: /home/tsi/ws_moveit2/src/install/robot_move/share/robot_move/cmake/export_robot_move__rosidl_typesupport_fastrtps_cppExport-noconfig.cmake
-- Installing: /home/tsi/ws_moveit2/src/install/robot_move/share/robot_move/cmake/robot_move__rosidl_typesupport_introspection_cppExport.cmake
-- Installing: /home/tsi/ws_moveit2/src/install/robot_move/share/robot_move/cmake/robot_move__rosidl_typesupport_introspection_cppExport-noconfig.cmake
-- Installing: /home/tsi/ws_moveit2/src/install/robot_move/share/robot_move/cmake/robot_move__rosidl_typesupport_cppExport.cmake
-- Installing: /home/tsi/ws_moveit2/src/install/robot_move/share/robot_move/cmake/robot_move__rosidl_typesupport_cppExport-noconfig.cmake
-- Installing: /home/tsi/ws_moveit2/src/install/robot_move/share/robot_move/cmake/export_robot_move__rosidl_generator_pyExport.cmake
-- Installing: /home/tsi/ws_moveit2/src/install/robot_move/share/robot_move/cmake/export_robot_move__rosidl_generator_pyExport-noconfig.cmake
-- Installing: /home/tsi/ws_moveit2/src/install/robot_move/share/robot_move/cmake/rosidl_cmake-extras.cmake
-- Installing: /home/tsi/ws_moveit2/src/install/robot_move/share/robot_move/cmake/ament_cmake_export_dependencies-extras.cmake
-- Installing: /home/tsi/ws_moveit2/src/install/robot_move/share/robot_move/cmake/ament_cmake_export_include_directories-extras.cmake
-- Installing: /home/tsi/ws_moveit2/src/install/robot_move/share/robot_move/cmake/ament_cmake_export_libraries-extras.cmake
-- Installing: /home/tsi/ws_moveit2/src/install/robot_move/share/robot_move/cmake/ament_cmake_export_targets-extras.cmake
-- Installing: /home/tsi/ws_moveit2/src/install/robot_move/share/robot_move/cmake/rosidl_cmake_export_typesupport_targets-extras.cmake
-- Installing: /home/tsi/ws_moveit2/src/install/robot_move/share/robot_move/cmake/rosidl_cmake_export_typesupport_libraries-extras.cmake
-- Installing: /home/tsi/ws_moveit2/src/install/robot_move/share/robot_move/cmake/robot_moveConfig.cmake
-- Installing: /home/tsi/ws_moveit2/src/install/robot_move/share/robot_move/cmake/robot_moveConfig-version.cmake
-- Installing: /home/tsi/ws_moveit2/src/install/robot_move/share/robot_move/package.xml
