[0.023s] Invoking command in '/home/tsi/ws_moveit2/src/build/robot_move': CMAKE_PREFIX_PATH=${CMAKE_PREFIX_PATH}:/home/tsi/ws_moveit2/install/moveit_configs_utils:/home/tsi/workspace/install/moveit_configs_utils:/opt/ros/jazzy DEBUGINFOD_URLS=https://debuginfod.ubuntu.com /usr/bin/cmake /home/tsi/ws_moveit2/src/robot_move -DCMAKE_INSTALL_PREFIX=/home/tsi/ws_moveit2/src/install/robot_move
[0.169s] -- The C compiler identification is GNU 13.3.0
[0.299s] -- The CXX compiler identification is GNU 13.3.0
[0.351s] -- Detecting C compiler ABI info
[0.577s] -- Detecting C compiler ABI info - done
[0.591s] -- Check for working C compiler: /usr/bin/cc - skipped
[0.591s] -- Detecting C compile features
[0.591s] -- Detecting C compile features - done
[0.613s] -- Detecting CXX compiler ABI info
[0.865s] -- Detecting CXX compiler ABI info - done
[0.882s] -- Check for working CXX compiler: /usr/bin/c++ - skipped
[0.882s] -- Detecting CXX compile features
[0.883s] -- Detecting CXX compile features - done
[0.894s] -- Found ament_cmake: 2.5.3 (/opt/ros/jazzy/share/ament_cmake/cmake)
[1.196s] -- Found Python3: /usr/bin/python3 (found version "3.12.3") found components: Interpreter 
[1.430s] -- Found rosidl_default_generators: 1.6.0 (/opt/ros/jazzy/share/rosidl_default_generators/cmake)
[1.458s] -- Using all available rosidl_typesupport_c: rosidl_typesupport_fastrtps_c;rosidl_typesupport_introspection_c
[1.592s] -- Using all available rosidl_typesupport_cpp: rosidl_typesupport_fastrtps_cpp;rosidl_typesupport_introspection_cpp
[1.694s] -- Found rosidl_adapter: 4.6.5 (/opt/ros/jazzy/share/rosidl_adapter/cmake)
[1.704s] -- Found geometry_msgs: 5.3.5 (/opt/ros/jazzy/share/geometry_msgs/cmake)
[1.819s] -- Found action_msgs: 2.0.2 (/opt/ros/jazzy/share/action_msgs/cmake)
[2.809s] -- Found ament_cmake_ros: 0.12.0 (/opt/ros/jazzy/share/ament_cmake_ros/cmake)
[3.585s] -- Using all available rosidl_typesupport_c: rosidl_typesupport_fastrtps_c;rosidl_typesupport_introspection_c
[4.619s] -- Using all available rosidl_typesupport_cpp: rosidl_typesupport_fastrtps_cpp;rosidl_typesupport_introspection_cpp
[4.636s] -- Found python_cmake_module: 0.11.1 (/opt/ros/jazzy/share/python_cmake_module/cmake)
[4.815s] -- Found PythonExtra: /usr/bin/python3  
[5.460s] -- Found Python3: /usr/bin/python3 (found version "3.12.3") found components: Interpreter Development NumPy Development.Module Development.Embed 
[5.572s] -- Found ament_lint_auto: 0.17.1 (/opt/ros/jazzy/share/ament_lint_auto/cmake)
[5.638s] -- Added test 'lint_cmake' to check CMake code style
[5.641s] -- Added test 'xmllint' to check XML markup files
[5.646s] -- Configuring done (5.6s)
[5.688s] -- Generating done (0.0s)
[5.701s] -- Build files have been written to: /home/tsi/ws_moveit2/src/build/robot_move
[5.717s] Invoked command in '/home/tsi/ws_moveit2/src/build/robot_move' returned '0': CMAKE_PREFIX_PATH=${CMAKE_PREFIX_PATH}:/home/tsi/ws_moveit2/install/moveit_configs_utils:/home/tsi/workspace/install/moveit_configs_utils:/opt/ros/jazzy DEBUGINFOD_URLS=https://debuginfod.ubuntu.com /usr/bin/cmake /home/tsi/ws_moveit2/src/robot_move -DCMAKE_INSTALL_PREFIX=/home/tsi/ws_moveit2/src/install/robot_move
[5.719s] Invoking command in '/home/tsi/ws_moveit2/src/build/robot_move': CMAKE_PREFIX_PATH=${CMAKE_PREFIX_PATH}:/home/tsi/ws_moveit2/install/moveit_configs_utils:/home/tsi/workspace/install/moveit_configs_utils:/opt/ros/jazzy DEBUGINFOD_URLS=https://debuginfod.ubuntu.com /usr/bin/cmake --build /home/tsi/ws_moveit2/src/build/robot_move -- -j12 -l12
[5.877s] [  2%] [34m[1mGenerating type hashes for ROS interfaces[0m
[5.904s] [  2%] Built target ament_cmake_python_copy_robot_move
[6.087s] [  2%] Built target robot_move__rosidl_generator_type_description
[6.106s] [  5%] [34m[1mGenerating C code for ROS interfaces[0m
[6.150s] [  8%] [34m[1mGenerating C++ code for ROS interfaces[0m
[6.222s] running egg_info
[6.222s] creating robot_move.egg-info
[6.249s] writing robot_move.egg-info/PKG-INFO
[6.249s] writing dependency_links to robot_move.egg-info/dependency_links.txt
[6.249s] writing top-level names to robot_move.egg-info/top_level.txt
[6.250s] writing manifest file 'robot_move.egg-info/SOURCES.txt'
[6.331s] reading manifest file 'robot_move.egg-info/SOURCES.txt'
[6.332s] writing manifest file 'robot_move.egg-info/SOURCES.txt'
[6.382s] [  8%] Built target ament_cmake_python_build_robot_move_egg
[6.618s] [  8%] Built target robot_move__cpp
[6.644s] [ 11%] [32mBuilding C object CMakeFiles/robot_move__rosidl_generator_c.dir/rosidl_generator_c/robot_move/action/detail/coordinate__functions.c.o[0m
[6.648s] [ 14%] [32mBuilding C object CMakeFiles/robot_move__rosidl_generator_c.dir/rosidl_generator_c/robot_move/action/detail/coordinate__description.c.o[0m
[6.656s] [ 17%] [32mBuilding C object CMakeFiles/robot_move__rosidl_generator_c.dir/rosidl_generator_c/robot_move/action/detail/coordinate__type_support.c.o[0m
[6.826s] [ 20%] [32m[1mLinking C shared library librobot_move__rosidl_generator_c.so[0m
[6.923s] [ 20%] Built target robot_move__rosidl_generator_c
[6.945s] [ 23%] [34m[1mGenerating C++ type support for eProsima Fast-RTPS[0m
[6.953s] [ 26%] [34m[1mGenerating C type support dispatch for ROS interfaces[0m
[6.961s] [ 32%] [34m[1mGenerating C++ type support dispatch for ROS interfaces[0m
[6.961s] [ 32%] [34m[1mGenerating C type support for eProsima Fast-RTPS[0m
[6.961s] [ 38%] [34m[1mGenerating C introspection for ROS interfaces[0m
[6.962s] [ 38%] [34m[1mGenerating C++ introspection for ROS interfaces[0m
[7.245s] [ 41%] [32mBuilding CXX object CMakeFiles/robot_move__rosidl_typesupport_c.dir/rosidl_typesupport_c/robot_move/action/coordinate__type_support.cpp.o[0m
[7.300s] [ 44%] [32mBuilding CXX object CMakeFiles/robot_move__rosidl_typesupport_cpp.dir/rosidl_typesupport_cpp/robot_move/action/coordinate__type_support.cpp.o[0m
[7.350s] [ 47%] [32m[1mLinking CXX shared library librobot_move__rosidl_typesupport_c.so[0m
[7.416s] [ 47%] Built target robot_move__rosidl_typesupport_c
[7.538s] [ 50%] [32mBuilding CXX object CMakeFiles/robot_move__rosidl_typesupport_introspection_cpp.dir/rosidl_typesupport_introspection_cpp/robot_move/action/detail/coordinate__type_support.cpp.o[0m
[7.558s] [ 52%] [32mBuilding C object CMakeFiles/robot_move__rosidl_typesupport_introspection_c.dir/rosidl_typesupport_introspection_c/robot_move/action/detail/coordinate__type_support.c.o[0m
[7.559s] [ 55%] [32mBuilding CXX object CMakeFiles/robot_move__rosidl_typesupport_fastrtps_cpp.dir/rosidl_typesupport_fastrtps_cpp/robot_move/action/detail/dds_fastrtps/coordinate__type_support.cpp.o[0m
[7.602s] [ 58%] [32mBuilding CXX object CMakeFiles/robot_move__rosidl_typesupport_fastrtps_c.dir/rosidl_typesupport_fastrtps_c/robot_move/action/detail/coordinate__type_support_c.cpp.o[0m
[7.644s] [ 61%] [32m[1mLinking C shared library librobot_move__rosidl_typesupport_introspection_c.so[0m
[7.709s] [ 61%] Built target robot_move__rosidl_typesupport_introspection_c
[7.998s] [ 64%] [32m[1mLinking CXX shared library librobot_move__rosidl_typesupport_cpp.so[0m
[8.128s] [ 64%] Built target robot_move__rosidl_typesupport_cpp
[8.239s] [ 67%] [32m[1mLinking CXX shared library librobot_move__rosidl_typesupport_fastrtps_c.so[0m
[8.303s] [ 70%] [32m[1mLinking CXX shared library librobot_move__rosidl_typesupport_introspection_cpp.so[0m
[8.319s] [ 70%] Built target robot_move__rosidl_typesupport_fastrtps_c
[8.444s] [ 70%] Built target robot_move__rosidl_typesupport_introspection_cpp
[8.636s] [ 73%] [32m[1mLinking CXX shared library librobot_move__rosidl_typesupport_fastrtps_cpp.so[0m
[8.779s] [ 73%] Built target robot_move__rosidl_typesupport_fastrtps_cpp
[8.839s] [ 73%] Built target robot_move
[8.907s] [ 76%] [34m[1mGenerating Python code for ROS interfaces[0m
[9.606s] [ 76%] Built target robot_move__py
[9.671s] [ 79%] [32mBuilding C object CMakeFiles/robot_move__rosidl_generator_py.dir/rosidl_generator_py/robot_move/action/_coordinate_s.c.o[0m
[9.970s] [ 82%] [32m[1mLinking C shared library librobot_move__rosidl_generator_py.so[0m
[10.075s] [ 82%] Built target robot_move__rosidl_generator_py
[10.126s] [ 85%] [32mBuilding C object CMakeFiles/robot_move_s__rosidl_typesupport_introspection_c.dir/rosidl_generator_py/robot_move/_robot_move_s.ep.rosidl_typesupport_introspection_c.c.o[0m
[10.138s] [ 88%] [32mBuilding C object CMakeFiles/robot_move_s__rosidl_typesupport_c.dir/rosidl_generator_py/robot_move/_robot_move_s.ep.rosidl_typesupport_c.c.o[0m
[10.143s] [ 91%] [32mBuilding C object CMakeFiles/robot_move_s__rosidl_typesupport_fastrtps_c.dir/rosidl_generator_py/robot_move/_robot_move_s.ep.rosidl_typesupport_fastrtps_c.c.o[0m
[10.311s] [ 94%] [32m[1mLinking C shared module rosidl_generator_py/robot_move/robot_move_s__rosidl_typesupport_introspection_c.so[0m
[10.317s] [ 97%] [32m[1mLinking C shared module rosidl_generator_py/robot_move/robot_move_s__rosidl_typesupport_fastrtps_c.so[0m
[10.342s] [100%] [32m[1mLinking C shared module rosidl_generator_py/robot_move/robot_move_s__rosidl_typesupport_c.so[0m
[10.376s] [100%] Built target robot_move_s__rosidl_typesupport_introspection_c
[10.389s] [100%] Built target robot_move_s__rosidl_typesupport_fastrtps_c
[10.401s] [100%] Built target robot_move_s__rosidl_typesupport_c
[10.422s] Invoked command in '/home/tsi/ws_moveit2/src/build/robot_move' returned '0': CMAKE_PREFIX_PATH=${CMAKE_PREFIX_PATH}:/home/tsi/ws_moveit2/install/moveit_configs_utils:/home/tsi/workspace/install/moveit_configs_utils:/opt/ros/jazzy DEBUGINFOD_URLS=https://debuginfod.ubuntu.com /usr/bin/cmake --build /home/tsi/ws_moveit2/src/build/robot_move -- -j12 -l12
[10.443s] Invoking command in '/home/tsi/ws_moveit2/src/build/robot_move': CMAKE_PREFIX_PATH=${CMAKE_PREFIX_PATH}:/home/tsi/ws_moveit2/install/moveit_configs_utils:/home/tsi/workspace/install/moveit_configs_utils:/opt/ros/jazzy DEBUGINFOD_URLS=https://debuginfod.ubuntu.com /usr/bin/cmake --install /home/tsi/ws_moveit2/src/build/robot_move
[10.455s] -- Install configuration: ""
[10.456s] -- Installing: /home/tsi/ws_moveit2/src/install/robot_move/share/ament_index/resource_index/rosidl_interfaces/robot_move
[10.456s] -- Installing: /home/tsi/ws_moveit2/src/install/robot_move/share/robot_move/action/Coordinate.json
[10.457s] -- Installing: /home/tsi/ws_moveit2/src/install/robot_move/include/robot_move/robot_move
[10.457s] -- Installing: /home/tsi/ws_moveit2/src/install/robot_move/include/robot_move/robot_move/action
[10.457s] -- Installing: /home/tsi/ws_moveit2/src/install/robot_move/include/robot_move/robot_move/action/coordinate.h
[10.458s] -- Installing: /home/tsi/ws_moveit2/src/install/robot_move/include/robot_move/robot_move/action/detail
[10.458s] -- Installing: /home/tsi/ws_moveit2/src/install/robot_move/include/robot_move/robot_move/action/detail/coordinate__struct.h
[10.459s] -- Installing: /home/tsi/ws_moveit2/src/install/robot_move/include/robot_move/robot_move/action/detail/coordinate__type_support.h
[10.459s] -- Installing: /home/tsi/ws_moveit2/src/install/robot_move/include/robot_move/robot_move/action/detail/coordinate__type_support.c
[10.460s] -- Installing: /home/tsi/ws_moveit2/src/install/robot_move/include/robot_move/robot_move/action/detail/coordinate__description.c
[10.460s] -- Installing: /home/tsi/ws_moveit2/src/install/robot_move/include/robot_move/robot_move/action/detail/coordinate__functions.h
[10.461s] -- Installing: /home/tsi/ws_moveit2/src/install/robot_move/include/robot_move/robot_move/action/detail/coordinate__functions.c
[10.461s] -- Installing: /home/tsi/ws_moveit2/src/install/robot_move/include/robot_move/robot_move/msg
[10.461s] -- Installing: /home/tsi/ws_moveit2/src/install/robot_move/include/robot_move/robot_move/msg/rosidl_generator_c__visibility_control.h
[10.462s] -- Installing: /home/tsi/ws_moveit2/src/install/robot_move/share/robot_move/environment/library_path.sh
[10.462s] -- Installing: /home/tsi/ws_moveit2/src/install/robot_move/share/robot_move/environment/library_path.dsv
[10.462s] -- Installing: /home/tsi/ws_moveit2/src/install/robot_move/lib/librobot_move__rosidl_generator_c.so
[10.463s] -- Set non-toolchain portion of runtime path of "/home/tsi/ws_moveit2/src/install/robot_move/lib/librobot_move__rosidl_generator_c.so" to ""
[10.463s] -- Up-to-date: /home/tsi/ws_moveit2/src/install/robot_move/include/robot_move/robot_move
[10.463s] -- Up-to-date: /home/tsi/ws_moveit2/src/install/robot_move/include/robot_move/robot_move/action
[10.463s] -- Up-to-date: /home/tsi/ws_moveit2/src/install/robot_move/include/robot_move/robot_move/action/detail
[10.463s] -- Installing: /home/tsi/ws_moveit2/src/install/robot_move/include/robot_move/robot_move/action/detail/coordinate__rosidl_typesupport_fastrtps_c.h
[10.463s] -- Up-to-date: /home/tsi/ws_moveit2/src/install/robot_move/include/robot_move/robot_move/msg
[10.463s] -- Installing: /home/tsi/ws_moveit2/src/install/robot_move/include/robot_move/robot_move/msg/rosidl_typesupport_fastrtps_c__visibility_control.h
[10.464s] -- Installing: /home/tsi/ws_moveit2/src/install/robot_move/lib/librobot_move__rosidl_typesupport_fastrtps_c.so
[10.464s] -- Set non-toolchain portion of runtime path of "/home/tsi/ws_moveit2/src/install/robot_move/lib/librobot_move__rosidl_typesupport_fastrtps_c.so" to ""
[10.464s] -- Up-to-date: /home/tsi/ws_moveit2/src/install/robot_move/include/robot_move/robot_move
[10.464s] -- Up-to-date: /home/tsi/ws_moveit2/src/install/robot_move/include/robot_move/robot_move/action
[10.464s] -- Up-to-date: /home/tsi/ws_moveit2/src/install/robot_move/include/robot_move/robot_move/action/detail
[10.464s] -- Installing: /home/tsi/ws_moveit2/src/install/robot_move/include/robot_move/robot_move/action/detail/coordinate__type_support.c
[10.464s] -- Installing: /home/tsi/ws_moveit2/src/install/robot_move/include/robot_move/robot_move/action/detail/coordinate__rosidl_typesupport_introspection_c.h
[10.465s] -- Up-to-date: /home/tsi/ws_moveit2/src/install/robot_move/include/robot_move/robot_move/msg
[10.465s] -- Installing: /home/tsi/ws_moveit2/src/install/robot_move/include/robot_move/robot_move/msg/rosidl_typesupport_introspection_c__visibility_control.h
[10.465s] -- Installing: /home/tsi/ws_moveit2/src/install/robot_move/lib/librobot_move__rosidl_typesupport_introspection_c.so
[10.465s] -- Set non-toolchain portion of runtime path of "/home/tsi/ws_moveit2/src/install/robot_move/lib/librobot_move__rosidl_typesupport_introspection_c.so" to ""
[10.465s] -- Installing: /home/tsi/ws_moveit2/src/install/robot_move/lib/librobot_move__rosidl_typesupport_c.so
[10.465s] -- Set non-toolchain portion of runtime path of "/home/tsi/ws_moveit2/src/install/robot_move/lib/librobot_move__rosidl_typesupport_c.so" to ""
[10.465s] -- Up-to-date: /home/tsi/ws_moveit2/src/install/robot_move/include/robot_move/robot_move
[10.466s] -- Up-to-date: /home/tsi/ws_moveit2/src/install/robot_move/include/robot_move/robot_move/action
[10.466s] -- Up-to-date: /home/tsi/ws_moveit2/src/install/robot_move/include/robot_move/robot_move/action/detail
[10.466s] -- Installing: /home/tsi/ws_moveit2/src/install/robot_move/include/robot_move/robot_move/action/detail/coordinate__builder.hpp
[10.466s] -- Installing: /home/tsi/ws_moveit2/src/install/robot_move/include/robot_move/robot_move/action/detail/coordinate__struct.hpp
[10.466s] -- Installing: /home/tsi/ws_moveit2/src/install/robot_move/include/robot_move/robot_move/action/detail/coordinate__traits.hpp
[10.466s] -- Installing: /home/tsi/ws_moveit2/src/install/robot_move/include/robot_move/robot_move/action/detail/coordinate__type_support.hpp
[10.467s] -- Installing: /home/tsi/ws_moveit2/src/install/robot_move/include/robot_move/robot_move/action/coordinate.hpp
[10.467s] -- Up-to-date: /home/tsi/ws_moveit2/src/install/robot_move/include/robot_move/robot_move/msg
[10.467s] -- Installing: /home/tsi/ws_moveit2/src/install/robot_move/include/robot_move/robot_move/msg/rosidl_generator_cpp__visibility_control.hpp
[10.467s] -- Up-to-date: /home/tsi/ws_moveit2/src/install/robot_move/include/robot_move/robot_move
[10.467s] -- Up-to-date: /home/tsi/ws_moveit2/src/install/robot_move/include/robot_move/robot_move/action
[10.467s] -- Up-to-date: /home/tsi/ws_moveit2/src/install/robot_move/include/robot_move/robot_move/action/detail
[10.467s] -- Installing: /home/tsi/ws_moveit2/src/install/robot_move/include/robot_move/robot_move/action/detail/dds_fastrtps
[10.468s] -- Installing: /home/tsi/ws_moveit2/src/install/robot_move/include/robot_move/robot_move/action/detail/coordinate__rosidl_typesupport_fastrtps_cpp.hpp
[10.468s] -- Up-to-date: /home/tsi/ws_moveit2/src/install/robot_move/include/robot_move/robot_move/msg
[10.468s] -- Installing: /home/tsi/ws_moveit2/src/install/robot_move/include/robot_move/robot_move/msg/rosidl_typesupport_fastrtps_cpp__visibility_control.h
[10.468s] -- Installing: /home/tsi/ws_moveit2/src/install/robot_move/lib/librobot_move__rosidl_typesupport_fastrtps_cpp.so
[10.468s] -- Set non-toolchain portion of runtime path of "/home/tsi/ws_moveit2/src/install/robot_move/lib/librobot_move__rosidl_typesupport_fastrtps_cpp.so" to ""
[10.468s] -- Up-to-date: /home/tsi/ws_moveit2/src/install/robot_move/include/robot_move/robot_move
[10.468s] -- Up-to-date: /home/tsi/ws_moveit2/src/install/robot_move/include/robot_move/robot_move/action
[10.469s] -- Up-to-date: /home/tsi/ws_moveit2/src/install/robot_move/include/robot_move/robot_move/action/detail
[10.469s] -- Installing: /home/tsi/ws_moveit2/src/install/robot_move/include/robot_move/robot_move/action/detail/coordinate__type_support.cpp
[10.469s] -- Installing: /home/tsi/ws_moveit2/src/install/robot_move/include/robot_move/robot_move/action/detail/coordinate__rosidl_typesupport_introspection_cpp.hpp
[10.469s] -- Installing: /home/tsi/ws_moveit2/src/install/robot_move/lib/librobot_move__rosidl_typesupport_introspection_cpp.so
[10.469s] -- Set non-toolchain portion of runtime path of "/home/tsi/ws_moveit2/src/install/robot_move/lib/librobot_move__rosidl_typesupport_introspection_cpp.so" to ""
[10.469s] -- Installing: /home/tsi/ws_moveit2/src/install/robot_move/lib/librobot_move__rosidl_typesupport_cpp.so
[10.469s] -- Set non-toolchain portion of runtime path of "/home/tsi/ws_moveit2/src/install/robot_move/lib/librobot_move__rosidl_typesupport_cpp.so" to ""
[10.470s] -- Installing: /home/tsi/ws_moveit2/src/install/robot_move/share/robot_move/environment/pythonpath.sh
[10.470s] -- Installing: /home/tsi/ws_moveit2/src/install/robot_move/share/robot_move/environment/pythonpath.dsv
[10.470s] -- Installing: /home/tsi/ws_moveit2/src/install/robot_move/lib/python3.12/site-packages/robot_move-0.0.0-py3.12.egg-info
[10.470s] -- Installing: /home/tsi/ws_moveit2/src/install/robot_move/lib/python3.12/site-packages/robot_move-0.0.0-py3.12.egg-info/top_level.txt
[10.470s] -- Installing: /home/tsi/ws_moveit2/src/install/robot_move/lib/python3.12/site-packages/robot_move-0.0.0-py3.12.egg-info/SOURCES.txt
[10.470s] -- Installing: /home/tsi/ws_moveit2/src/install/robot_move/lib/python3.12/site-packages/robot_move-0.0.0-py3.12.egg-info/dependency_links.txt
[10.470s] -- Installing: /home/tsi/ws_moveit2/src/install/robot_move/lib/python3.12/site-packages/robot_move-0.0.0-py3.12.egg-info/PKG-INFO
[10.470s] -- Installing: /home/tsi/ws_moveit2/src/install/robot_move/lib/python3.12/site-packages/robot_move
[10.470s] -- Installing: /home/tsi/ws_moveit2/src/install/robot_move/lib/python3.12/site-packages/robot_move/__init__.py
[10.471s] -- Installing: /home/tsi/ws_moveit2/src/install/robot_move/lib/python3.12/site-packages/robot_move/_robot_move_s.ep.rosidl_typesupport_c.c
[10.471s] -- Installing: /home/tsi/ws_moveit2/src/install/robot_move/lib/python3.12/site-packages/robot_move/_robot_move_s.ep.rosidl_typesupport_fastrtps_c.c
[10.471s] -- Installing: /home/tsi/ws_moveit2/src/install/robot_move/lib/python3.12/site-packages/robot_move/_robot_move_s.ep.rosidl_typesupport_introspection_c.c
[10.471s] -- Installing: /home/tsi/ws_moveit2/src/install/robot_move/lib/python3.12/site-packages/robot_move/action
[10.471s] -- Installing: /home/tsi/ws_moveit2/src/install/robot_move/lib/python3.12/site-packages/robot_move/action/__init__.py
[10.471s] -- Installing: /home/tsi/ws_moveit2/src/install/robot_move/lib/python3.12/site-packages/robot_move/action/_coordinate.py
[10.471s] -- Installing: /home/tsi/ws_moveit2/src/install/robot_move/lib/python3.12/site-packages/robot_move/action/_coordinate_s.c
[10.471s] -- Installing: /home/tsi/ws_moveit2/src/install/robot_move/lib/python3.12/site-packages/robot_move/robot_move_s__rosidl_typesupport_fastrtps_c.so
[10.471s] -- Installing: /home/tsi/ws_moveit2/src/install/robot_move/lib/python3.12/site-packages/robot_move/robot_move_s__rosidl_typesupport_introspection_c.so
[10.471s] -- Installing: /home/tsi/ws_moveit2/src/install/robot_move/lib/python3.12/site-packages/robot_move/robot_move_s__rosidl_typesupport_c.so
[10.532s] Listing '/home/tsi/ws_moveit2/src/install/robot_move/lib/python3.12/site-packages/robot_move'...
[10.532s] Compiling '/home/tsi/ws_moveit2/src/install/robot_move/lib/python3.12/site-packages/robot_move/__init__.py'...
[10.532s] Listing '/home/tsi/ws_moveit2/src/install/robot_move/lib/python3.12/site-packages/robot_move/action'...
[10.532s] Compiling '/home/tsi/ws_moveit2/src/install/robot_move/lib/python3.12/site-packages/robot_move/action/__init__.py'...
[10.532s] Compiling '/home/tsi/ws_moveit2/src/install/robot_move/lib/python3.12/site-packages/robot_move/action/_coordinate.py'...
[10.546s] -- Installing: /home/tsi/ws_moveit2/src/install/robot_move/lib/python3.12/site-packages/robot_move/robot_move_s__rosidl_typesupport_fastrtps_c.so
[10.547s] -- Set non-toolchain portion of runtime path of "/home/tsi/ws_moveit2/src/install/robot_move/lib/python3.12/site-packages/robot_move/robot_move_s__rosidl_typesupport_fastrtps_c.so" to ""
[10.548s] -- Installing: /home/tsi/ws_moveit2/src/install/robot_move/lib/python3.12/site-packages/robot_move/robot_move_s__rosidl_typesupport_introspection_c.so
[10.549s] -- Set non-toolchain portion of runtime path of "/home/tsi/ws_moveit2/src/install/robot_move/lib/python3.12/site-packages/robot_move/robot_move_s__rosidl_typesupport_introspection_c.so" to ""
[10.550s] -- Installing: /home/tsi/ws_moveit2/src/install/robot_move/lib/python3.12/site-packages/robot_move/robot_move_s__rosidl_typesupport_c.so
[10.551s] -- Set non-toolchain portion of runtime path of "/home/tsi/ws_moveit2/src/install/robot_move/lib/python3.12/site-packages/robot_move/robot_move_s__rosidl_typesupport_c.so" to ""
[10.551s] -- Installing: /home/tsi/ws_moveit2/src/install/robot_move/lib/librobot_move__rosidl_generator_py.so
[10.553s] -- Set non-toolchain portion of runtime path of "/home/tsi/ws_moveit2/src/install/robot_move/lib/librobot_move__rosidl_generator_py.so" to ""
[10.553s] -- Installing: /home/tsi/ws_moveit2/src/install/robot_move/share/robot_move/action/Coordinate.idl
[10.553s] -- Installing: /home/tsi/ws_moveit2/src/install/robot_move/share/robot_move/action/Coordinate.action
[10.554s] -- Installing: /home/tsi/ws_moveit2/src/install/robot_move/share/ament_index/resource_index/package_run_dependencies/robot_move
[10.554s] -- Installing: /home/tsi/ws_moveit2/src/install/robot_move/share/ament_index/resource_index/parent_prefix_path/robot_move
[10.555s] -- Installing: /home/tsi/ws_moveit2/src/install/robot_move/share/robot_move/environment/ament_prefix_path.sh
[10.555s] -- Installing: /home/tsi/ws_moveit2/src/install/robot_move/share/robot_move/environment/ament_prefix_path.dsv
[10.555s] -- Installing: /home/tsi/ws_moveit2/src/install/robot_move/share/robot_move/environment/path.sh
[10.556s] -- Installing: /home/tsi/ws_moveit2/src/install/robot_move/share/robot_move/environment/path.dsv
[10.556s] -- Installing: /home/tsi/ws_moveit2/src/install/robot_move/share/robot_move/local_setup.bash
[10.556s] -- Installing: /home/tsi/ws_moveit2/src/install/robot_move/share/robot_move/local_setup.sh
[10.557s] -- Installing: /home/tsi/ws_moveit2/src/install/robot_move/share/robot_move/local_setup.zsh
[10.557s] -- Installing: /home/tsi/ws_moveit2/src/install/robot_move/share/robot_move/local_setup.dsv
[10.557s] -- Installing: /home/tsi/ws_moveit2/src/install/robot_move/share/robot_move/package.dsv
[10.558s] -- Installing: /home/tsi/ws_moveit2/src/install/robot_move/share/ament_index/resource_index/packages/robot_move
[10.558s] -- Installing: /home/tsi/ws_moveit2/src/install/robot_move/share/robot_move/cmake/export_robot_move__rosidl_generator_cExport.cmake
[10.559s] -- Installing: /home/tsi/ws_moveit2/src/install/robot_move/share/robot_move/cmake/export_robot_move__rosidl_generator_cExport-noconfig.cmake
[10.559s] -- Installing: /home/tsi/ws_moveit2/src/install/robot_move/share/robot_move/cmake/export_robot_move__rosidl_typesupport_fastrtps_cExport.cmake
[10.560s] -- Installing: /home/tsi/ws_moveit2/src/install/robot_move/share/robot_move/cmake/export_robot_move__rosidl_typesupport_fastrtps_cExport-noconfig.cmake
[10.560s] -- Installing: /home/tsi/ws_moveit2/src/install/robot_move/share/robot_move/cmake/robot_move__rosidl_typesupport_introspection_cExport.cmake
[10.560s] -- Installing: /home/tsi/ws_moveit2/src/install/robot_move/share/robot_move/cmake/robot_move__rosidl_typesupport_introspection_cExport-noconfig.cmake
[10.561s] -- Installing: /home/tsi/ws_moveit2/src/install/robot_move/share/robot_move/cmake/robot_move__rosidl_typesupport_cExport.cmake
[10.561s] -- Installing: /home/tsi/ws_moveit2/src/install/robot_move/share/robot_move/cmake/robot_move__rosidl_typesupport_cExport-noconfig.cmake
[10.562s] -- Installing: /home/tsi/ws_moveit2/src/install/robot_move/share/robot_move/cmake/export_robot_move__rosidl_generator_cppExport.cmake
[10.562s] -- Installing: /home/tsi/ws_moveit2/src/install/robot_move/share/robot_move/cmake/export_robot_move__rosidl_typesupport_fastrtps_cppExport.cmake
[10.562s] -- Installing: /home/tsi/ws_moveit2/src/install/robot_move/share/robot_move/cmake/export_robot_move__rosidl_typesupport_fastrtps_cppExport-noconfig.cmake
[10.562s] -- Installing: /home/tsi/ws_moveit2/src/install/robot_move/share/robot_move/cmake/robot_move__rosidl_typesupport_introspection_cppExport.cmake
[10.563s] -- Installing: /home/tsi/ws_moveit2/src/install/robot_move/share/robot_move/cmake/robot_move__rosidl_typesupport_introspection_cppExport-noconfig.cmake
[10.563s] -- Installing: /home/tsi/ws_moveit2/src/install/robot_move/share/robot_move/cmake/robot_move__rosidl_typesupport_cppExport.cmake
[10.563s] -- Installing: /home/tsi/ws_moveit2/src/install/robot_move/share/robot_move/cmake/robot_move__rosidl_typesupport_cppExport-noconfig.cmake
[10.563s] -- Installing: /home/tsi/ws_moveit2/src/install/robot_move/share/robot_move/cmake/export_robot_move__rosidl_generator_pyExport.cmake
[10.564s] -- Installing: /home/tsi/ws_moveit2/src/install/robot_move/share/robot_move/cmake/export_robot_move__rosidl_generator_pyExport-noconfig.cmake
[10.564s] -- Installing: /home/tsi/ws_moveit2/src/install/robot_move/share/robot_move/cmake/rosidl_cmake-extras.cmake
[10.564s] -- Installing: /home/tsi/ws_moveit2/src/install/robot_move/share/robot_move/cmake/ament_cmake_export_dependencies-extras.cmake
[10.564s] -- Installing: /home/tsi/ws_moveit2/src/install/robot_move/share/robot_move/cmake/ament_cmake_export_include_directories-extras.cmake
[10.565s] -- Installing: /home/tsi/ws_moveit2/src/install/robot_move/share/robot_move/cmake/ament_cmake_export_libraries-extras.cmake
[10.565s] -- Installing: /home/tsi/ws_moveit2/src/install/robot_move/share/robot_move/cmake/ament_cmake_export_targets-extras.cmake
[10.565s] -- Installing: /home/tsi/ws_moveit2/src/install/robot_move/share/robot_move/cmake/rosidl_cmake_export_typesupport_targets-extras.cmake
[10.565s] -- Installing: /home/tsi/ws_moveit2/src/install/robot_move/share/robot_move/cmake/rosidl_cmake_export_typesupport_libraries-extras.cmake
[10.566s] -- Installing: /home/tsi/ws_moveit2/src/install/robot_move/share/robot_move/cmake/robot_moveConfig.cmake
[10.566s] -- Installing: /home/tsi/ws_moveit2/src/install/robot_move/share/robot_move/cmake/robot_moveConfig-version.cmake
[10.567s] -- Installing: /home/tsi/ws_moveit2/src/install/robot_move/share/robot_move/package.xml
[10.571s] Invoked command in '/home/tsi/ws_moveit2/src/build/robot_move' returned '0': CMAKE_PREFIX_PATH=${CMAKE_PREFIX_PATH}:/home/tsi/ws_moveit2/install/moveit_configs_utils:/home/tsi/workspace/install/moveit_configs_utils:/opt/ros/jazzy DEBUGINFOD_URLS=https://debuginfod.ubuntu.com /usr/bin/cmake --install /home/tsi/ws_moveit2/src/build/robot_move
