[0.033s] Invoking command in '/home/tsi/ws_moveit2/build/move_relative_ur': CMAKE_PREFIX_PATH=${CMAKE_PREFIX_PATH}:/home/tsi/workspace/install/moveit_configs_utils:/opt/ros/jazzy DEBUGINFOD_URLS=https://debuginfod.ubuntu.com /usr/bin/cmake --build /home/tsi/ws_moveit2/build/move_relative_ur -- -j12 -l12
[0.174s] [  2%] Built target move_relative_ur__rosidl_generator_type_description
[0.191s] [  2%] Built target ament_cmake_python_symlink_move_relative_ur
[0.226s] [  5%] Built target move_relative_ur__cpp
[0.232s] [ 18%] Built target move_relative_ur__rosidl_generator_c
[0.285s] [ 26%] Built target move_relative_ur__rosidl_typesupport_cpp
[0.289s] [ 47%] Built target move_relative_ur__rosidl_typesupport_fastrtps_c
[0.289s] [ 50%] Built target move_relative_ur__rosidl_typesupport_introspection_c
[0.289s] [ 50%] Built target move_relative_ur__rosidl_typesupport_c
[0.293s] [ 57%] Built target move_relative_ur__rosidl_typesupport_fastrtps_cpp
[0.295s] [ 65%] Built target move_relative_ur__rosidl_typesupport_introspection_cpp
[0.342s] [ 65%] Built target move_relative_ur
[0.347s] [ 68%] [32mBuilding CXX object CMakeFiles/robot_monitoring_node.dir/src/move_monitoring_node.cpp.o[0m
[0.348s] [ 73%] Built target move_relative_node
[0.382s] [ 76%] Built target move_relative_ur__py
[0.456s] [ 81%] Built target move_relative_ur__rosidl_generator_py
[0.517s] [ 86%] Built target move_relative_ur_s__rosidl_typesupport_fastrtps_c
[0.520s] [ 92%] Built target move_relative_ur_s__rosidl_typesupport_c
[0.520s] [ 97%] Built target move_relative_ur_s__rosidl_typesupport_introspection_c
[0.661s] running egg_info
[0.704s] writing move_relative_ur.egg-info/PKG-INFO
[0.704s] writing dependency_links to move_relative_ur.egg-info/dependency_links.txt
[0.704s] writing top-level names to move_relative_ur.egg-info/top_level.txt
[0.851s] reading manifest file 'move_relative_ur.egg-info/SOURCES.txt'
[0.852s] writing manifest file 'move_relative_ur.egg-info/SOURCES.txt'
[0.917s] [ 97%] Built target ament_cmake_python_build_move_relative_ur_egg
[8.022s] [100%] [32m[1mLinking CXX executable robot_monitoring_node[0m
[8.443s] [100%] Built target robot_monitoring_node
[8.477s] Invoked command in '/home/tsi/ws_moveit2/build/move_relative_ur' returned '0': CMAKE_PREFIX_PATH=${CMAKE_PREFIX_PATH}:/home/tsi/workspace/install/moveit_configs_utils:/opt/ros/jazzy DEBUGINFOD_URLS=https://debuginfod.ubuntu.com /usr/bin/cmake --build /home/tsi/ws_moveit2/build/move_relative_ur -- -j12 -l12
[8.503s] Invoking command in '/home/tsi/ws_moveit2/build/move_relative_ur': CMAKE_PREFIX_PATH=${CMAKE_PREFIX_PATH}:/home/tsi/workspace/install/moveit_configs_utils:/opt/ros/jazzy DEBUGINFOD_URLS=https://debuginfod.ubuntu.com /usr/bin/cmake --install /home/tsi/ws_moveit2/build/move_relative_ur
[8.529s] -- Install configuration: ""
[8.531s] -- Execute custom install script
[8.531s] -- Up-to-date symlink: /home/tsi/ws_moveit2/install/move_relative_ur/share/ament_index/resource_index/rosidl_interfaces/move_relative_ur
[8.532s] -- Up-to-date symlink: /home/tsi/ws_moveit2/install/move_relative_ur/share/move_relative_ur/msg/ErrorMsg.json
[8.532s] -- Up-to-date symlink: /home/tsi/ws_moveit2/install/move_relative_ur/include/move_relative_ur/move_relative_ur/msg/detail/error_msg__functions.h
[8.533s] -- Up-to-date symlink: /home/tsi/ws_moveit2/install/move_relative_ur/include/move_relative_ur/move_relative_ur/msg/detail/error_msg__struct.h
[8.533s] -- Up-to-date symlink: /home/tsi/ws_moveit2/install/move_relative_ur/include/move_relative_ur/move_relative_ur/msg/detail/error_msg__type_support.h
[8.533s] -- Up-to-date symlink: /home/tsi/ws_moveit2/install/move_relative_ur/include/move_relative_ur/move_relative_ur/msg/error_msg.h
[8.534s] -- Up-to-date symlink: /home/tsi/ws_moveit2/install/move_relative_ur/include/move_relative_ur/move_relative_ur/msg/rosidl_generator_c__visibility_control.h
[8.534s] -- Up-to-date symlink: /home/tsi/ws_moveit2/install/move_relative_ur/share/move_relative_ur/environment/library_path.sh
[8.534s] -- Up-to-date symlink: /home/tsi/ws_moveit2/install/move_relative_ur/share/move_relative_ur/environment/library_path.dsv
[8.535s] -- Up-to-date symlink: /home/tsi/ws_moveit2/install/move_relative_ur/include/move_relative_ur/move_relative_ur/msg/detail/error_msg__rosidl_typesupport_fastrtps_c.h
[8.536s] -- Up-to-date symlink: /home/tsi/ws_moveit2/install/move_relative_ur/include/move_relative_ur/move_relative_ur/msg/rosidl_typesupport_fastrtps_c__visibility_control.h
[8.536s] -- Up-to-date symlink: /home/tsi/ws_moveit2/install/move_relative_ur/include/move_relative_ur/move_relative_ur/msg/detail/error_msg__builder.hpp
[8.537s] -- Up-to-date symlink: /home/tsi/ws_moveit2/install/move_relative_ur/include/move_relative_ur/move_relative_ur/msg/detail/error_msg__struct.hpp
[8.537s] -- Up-to-date symlink: /home/tsi/ws_moveit2/install/move_relative_ur/include/move_relative_ur/move_relative_ur/msg/detail/error_msg__traits.hpp
[8.537s] -- Up-to-date symlink: /home/tsi/ws_moveit2/install/move_relative_ur/include/move_relative_ur/move_relative_ur/msg/detail/error_msg__type_support.hpp
[8.537s] -- Up-to-date symlink: /home/tsi/ws_moveit2/install/move_relative_ur/include/move_relative_ur/move_relative_ur/msg/error_msg.hpp
[8.538s] -- Up-to-date symlink: /home/tsi/ws_moveit2/install/move_relative_ur/include/move_relative_ur/move_relative_ur/msg/rosidl_generator_cpp__visibility_control.hpp
[8.538s] -- Up-to-date symlink: /home/tsi/ws_moveit2/install/move_relative_ur/include/move_relative_ur/move_relative_ur/msg/detail/error_msg__rosidl_typesupport_fastrtps_cpp.hpp
[8.538s] -- Up-to-date symlink: /home/tsi/ws_moveit2/install/move_relative_ur/include/move_relative_ur/move_relative_ur/msg/rosidl_typesupport_fastrtps_cpp__visibility_control.h
[8.538s] -- Up-to-date symlink: /home/tsi/ws_moveit2/install/move_relative_ur/include/move_relative_ur/move_relative_ur/msg/detail/error_msg__rosidl_typesupport_introspection_c.h
[8.539s] -- Up-to-date symlink: /home/tsi/ws_moveit2/install/move_relative_ur/include/move_relative_ur/move_relative_ur/msg/rosidl_typesupport_introspection_c__visibility_control.h
[8.539s] -- Up-to-date symlink: /home/tsi/ws_moveit2/install/move_relative_ur/include/move_relative_ur/move_relative_ur/msg/detail/error_msg__rosidl_typesupport_introspection_cpp.hpp
[8.540s] -- Up-to-date symlink: /home/tsi/ws_moveit2/install/move_relative_ur/share/move_relative_ur/environment/pythonpath.sh
[8.540s] -- Up-to-date symlink: /home/tsi/ws_moveit2/install/move_relative_ur/share/move_relative_ur/environment/pythonpath.dsv
[8.541s] -- Up-to-date symlink: /home/tsi/ws_moveit2/install/move_relative_ur/lib/python3.12/site-packages/move_relative_ur-0.0.1-py3.12.egg-info/PKG-INFO
[8.541s] -- Up-to-date symlink: /home/tsi/ws_moveit2/install/move_relative_ur/lib/python3.12/site-packages/move_relative_ur-0.0.1-py3.12.egg-info/SOURCES.txt
[8.541s] -- Up-to-date symlink: /home/tsi/ws_moveit2/install/move_relative_ur/lib/python3.12/site-packages/move_relative_ur-0.0.1-py3.12.egg-info/dependency_links.txt
[8.541s] -- Up-to-date symlink: /home/tsi/ws_moveit2/install/move_relative_ur/lib/python3.12/site-packages/move_relative_ur-0.0.1-py3.12.egg-info/top_level.txt
[8.542s] -- Up-to-date symlink: /home/tsi/ws_moveit2/install/move_relative_ur/lib/python3.12/site-packages/move_relative_ur/__init__.py
[8.542s] -- Up-to-date symlink: /home/tsi/ws_moveit2/install/move_relative_ur/lib/python3.12/site-packages/move_relative_ur/_move_relative_ur_s.ep.rosidl_typesupport_c.c
[8.542s] -- Up-to-date symlink: /home/tsi/ws_moveit2/install/move_relative_ur/lib/python3.12/site-packages/move_relative_ur/_move_relative_ur_s.ep.rosidl_typesupport_fastrtps_c.c
[8.542s] -- Up-to-date symlink: /home/tsi/ws_moveit2/install/move_relative_ur/lib/python3.12/site-packages/move_relative_ur/_move_relative_ur_s.ep.rosidl_typesupport_introspection_c.c
[8.542s] -- Up-to-date symlink: /home/tsi/ws_moveit2/install/move_relative_ur/lib/python3.12/site-packages/move_relative_ur/move_relative_ur_s__rosidl_typesupport_c.so
[8.542s] -- Up-to-date symlink: /home/tsi/ws_moveit2/install/move_relative_ur/lib/python3.12/site-packages/move_relative_ur/move_relative_ur_s__rosidl_typesupport_fastrtps_c.so
[8.542s] -- Up-to-date symlink: /home/tsi/ws_moveit2/install/move_relative_ur/lib/python3.12/site-packages/move_relative_ur/move_relative_ur_s__rosidl_typesupport_introspection_c.so
[8.543s] -- Up-to-date symlink: /home/tsi/ws_moveit2/install/move_relative_ur/lib/python3.12/site-packages/move_relative_ur/msg/__init__.py
[8.543s] -- Up-to-date symlink: /home/tsi/ws_moveit2/install/move_relative_ur/lib/python3.12/site-packages/move_relative_ur/msg/_error_msg.py
[8.543s] -- Up-to-date symlink: /home/tsi/ws_moveit2/install/move_relative_ur/lib/python3.12/site-packages/move_relative_ur/msg/_error_msg_s.c
[8.544s] -- Up-to-date symlink: /home/tsi/ws_moveit2/install/move_relative_ur/lib/python3.12/site-packages/move_relative_ur/move_relative_ur_s__rosidl_typesupport_fastrtps_c.so
[8.544s] -- Up-to-date symlink: /home/tsi/ws_moveit2/install/move_relative_ur/lib/python3.12/site-packages/move_relative_ur/move_relative_ur_s__rosidl_typesupport_introspection_c.so
[8.544s] -- Up-to-date symlink: /home/tsi/ws_moveit2/install/move_relative_ur/lib/python3.12/site-packages/move_relative_ur/move_relative_ur_s__rosidl_typesupport_c.so
[8.544s] -- Up-to-date symlink: /home/tsi/ws_moveit2/install/move_relative_ur/share/move_relative_ur/msg/ErrorMsg.idl
[8.544s] -- Up-to-date symlink: /home/tsi/ws_moveit2/install/move_relative_ur/share/move_relative_ur/msg/ErrorMsg.msg
[8.544s] -- Up-to-date symlink: /home/tsi/ws_moveit2/install/move_relative_ur/lib/move_relative_ur/move_relative_node
[8.545s] -- Up-to-date symlink: /home/tsi/ws_moveit2/install/move_relative_ur/lib/move_relative_ur/robot_monitoring_node
[8.545s] -- Up-to-date symlink: /home/tsi/ws_moveit2/install/move_relative_ur/share/ament_index/resource_index/package_run_dependencies/move_relative_ur
[8.545s] -- Up-to-date symlink: /home/tsi/ws_moveit2/install/move_relative_ur/share/ament_index/resource_index/parent_prefix_path/move_relative_ur
[8.545s] -- Up-to-date symlink: /home/tsi/ws_moveit2/install/move_relative_ur/share/move_relative_ur/environment/ament_prefix_path.sh
[8.545s] -- Up-to-date symlink: /home/tsi/ws_moveit2/install/move_relative_ur/share/move_relative_ur/environment/ament_prefix_path.dsv
[8.545s] -- Up-to-date symlink: /home/tsi/ws_moveit2/install/move_relative_ur/share/move_relative_ur/environment/path.sh
[8.546s] -- Up-to-date symlink: /home/tsi/ws_moveit2/install/move_relative_ur/share/move_relative_ur/environment/path.dsv
[8.546s] -- Up-to-date symlink: /home/tsi/ws_moveit2/install/move_relative_ur/share/move_relative_ur/local_setup.bash
[8.546s] -- Up-to-date symlink: /home/tsi/ws_moveit2/install/move_relative_ur/share/move_relative_ur/local_setup.sh
[8.546s] -- Up-to-date symlink: /home/tsi/ws_moveit2/install/move_relative_ur/share/move_relative_ur/local_setup.zsh
[8.546s] -- Up-to-date symlink: /home/tsi/ws_moveit2/install/move_relative_ur/share/move_relative_ur/local_setup.dsv
[8.547s] -- Symlinking: /home/tsi/ws_moveit2/install/move_relative_ur/share/move_relative_ur/package.dsv
[8.577s] -- Up-to-date symlink: /home/tsi/ws_moveit2/install/move_relative_ur/share/ament_index/resource_index/packages/move_relative_ur
[8.577s] -- Up-to-date symlink: /home/tsi/ws_moveit2/install/move_relative_ur/share/move_relative_ur/cmake/rosidl_cmake-extras.cmake
[8.577s] -- Up-to-date symlink: /home/tsi/ws_moveit2/install/move_relative_ur/share/move_relative_ur/cmake/ament_cmake_export_include_directories-extras.cmake
[8.578s] -- Up-to-date symlink: /home/tsi/ws_moveit2/install/move_relative_ur/share/move_relative_ur/cmake/ament_cmake_export_libraries-extras.cmake
[8.578s] -- Up-to-date symlink: /home/tsi/ws_moveit2/install/move_relative_ur/share/move_relative_ur/cmake/ament_cmake_export_targets-extras.cmake
[8.579s] -- Up-to-date symlink: /home/tsi/ws_moveit2/install/move_relative_ur/share/move_relative_ur/cmake/rosidl_cmake_export_typesupport_targets-extras.cmake
[8.579s] -- Up-to-date symlink: /home/tsi/ws_moveit2/install/move_relative_ur/share/move_relative_ur/cmake/ament_cmake_export_dependencies-extras.cmake
[8.580s] -- Up-to-date symlink: /home/tsi/ws_moveit2/install/move_relative_ur/share/move_relative_ur/cmake/rosidl_cmake_export_typesupport_libraries-extras.cmake
[8.580s] -- Up-to-date symlink: /home/tsi/ws_moveit2/install/move_relative_ur/share/move_relative_ur/cmake/move_relative_urConfig.cmake
[8.580s] -- Up-to-date symlink: /home/tsi/ws_moveit2/install/move_relative_ur/share/move_relative_ur/cmake/move_relative_urConfig-version.cmake
[8.581s] -- Up-to-date symlink: /home/tsi/ws_moveit2/install/move_relative_ur/share/move_relative_ur/package.xml
[8.582s] -- Up-to-date: /home/tsi/ws_moveit2/install/move_relative_ur/lib/libmove_relative_ur__rosidl_generator_c.so
[8.582s] -- Up-to-date: /home/tsi/ws_moveit2/install/move_relative_ur/lib/libmove_relative_ur__rosidl_typesupport_fastrtps_c.so
[8.583s] -- Up-to-date: /home/tsi/ws_moveit2/install/move_relative_ur/lib/libmove_relative_ur__rosidl_typesupport_fastrtps_cpp.so
[8.584s] -- Up-to-date: /home/tsi/ws_moveit2/install/move_relative_ur/lib/libmove_relative_ur__rosidl_typesupport_introspection_c.so
[8.585s] -- Up-to-date: /home/tsi/ws_moveit2/install/move_relative_ur/lib/libmove_relative_ur__rosidl_typesupport_c.so
[8.586s] -- Up-to-date: /home/tsi/ws_moveit2/install/move_relative_ur/lib/libmove_relative_ur__rosidl_typesupport_introspection_cpp.so
[8.587s] -- Up-to-date: /home/tsi/ws_moveit2/install/move_relative_ur/lib/libmove_relative_ur__rosidl_typesupport_cpp.so
[8.660s] Listing '/home/tsi/ws_moveit2/install/move_relative_ur/lib/python3.12/site-packages/move_relative_ur'...
[8.660s] Listing '/home/tsi/ws_moveit2/install/move_relative_ur/lib/python3.12/site-packages/move_relative_ur/msg'...
[8.672s] -- Up-to-date: /home/tsi/ws_moveit2/install/move_relative_ur/lib/libmove_relative_ur__rosidl_generator_py.so
[8.673s] -- Up-to-date: /home/tsi/ws_moveit2/install/move_relative_ur/share/move_relative_ur/cmake/export_move_relative_ur__rosidl_generator_cExport.cmake
[8.673s] -- Up-to-date: /home/tsi/ws_moveit2/install/move_relative_ur/share/move_relative_ur/cmake/export_move_relative_ur__rosidl_generator_cExport-noconfig.cmake
[8.674s] -- Up-to-date: /home/tsi/ws_moveit2/install/move_relative_ur/share/move_relative_ur/cmake/export_move_relative_ur__rosidl_typesupport_fastrtps_cExport.cmake
[8.674s] -- Up-to-date: /home/tsi/ws_moveit2/install/move_relative_ur/share/move_relative_ur/cmake/export_move_relative_ur__rosidl_typesupport_fastrtps_cExport-noconfig.cmake
[8.675s] -- Up-to-date: /home/tsi/ws_moveit2/install/move_relative_ur/share/move_relative_ur/cmake/export_move_relative_ur__rosidl_generator_cppExport.cmake
[8.675s] -- Up-to-date: /home/tsi/ws_moveit2/install/move_relative_ur/share/move_relative_ur/cmake/export_move_relative_ur__rosidl_typesupport_fastrtps_cppExport.cmake
[8.676s] -- Up-to-date: /home/tsi/ws_moveit2/install/move_relative_ur/share/move_relative_ur/cmake/export_move_relative_ur__rosidl_typesupport_fastrtps_cppExport-noconfig.cmake
[8.676s] -- Up-to-date: /home/tsi/ws_moveit2/install/move_relative_ur/share/move_relative_ur/cmake/move_relative_ur__rosidl_typesupport_introspection_cExport.cmake
[8.677s] -- Up-to-date: /home/tsi/ws_moveit2/install/move_relative_ur/share/move_relative_ur/cmake/move_relative_ur__rosidl_typesupport_introspection_cExport-noconfig.cmake
[8.678s] -- Up-to-date: /home/tsi/ws_moveit2/install/move_relative_ur/share/move_relative_ur/cmake/move_relative_ur__rosidl_typesupport_cExport.cmake
[8.678s] -- Up-to-date: /home/tsi/ws_moveit2/install/move_relative_ur/share/move_relative_ur/cmake/move_relative_ur__rosidl_typesupport_cExport-noconfig.cmake
[8.678s] -- Up-to-date: /home/tsi/ws_moveit2/install/move_relative_ur/share/move_relative_ur/cmake/move_relative_ur__rosidl_typesupport_introspection_cppExport.cmake
[8.679s] -- Up-to-date: /home/tsi/ws_moveit2/install/move_relative_ur/share/move_relative_ur/cmake/move_relative_ur__rosidl_typesupport_introspection_cppExport-noconfig.cmake
[8.679s] -- Up-to-date: /home/tsi/ws_moveit2/install/move_relative_ur/share/move_relative_ur/cmake/move_relative_ur__rosidl_typesupport_cppExport.cmake
[8.680s] -- Up-to-date: /home/tsi/ws_moveit2/install/move_relative_ur/share/move_relative_ur/cmake/move_relative_ur__rosidl_typesupport_cppExport-noconfig.cmake
[8.680s] -- Up-to-date: /home/tsi/ws_moveit2/install/move_relative_ur/share/move_relative_ur/cmake/export_move_relative_ur__rosidl_generator_pyExport.cmake
[8.680s] -- Up-to-date: /home/tsi/ws_moveit2/install/move_relative_ur/share/move_relative_ur/cmake/export_move_relative_ur__rosidl_generator_pyExport-noconfig.cmake
[8.686s] Invoked command in '/home/tsi/ws_moveit2/build/move_relative_ur' returned '0': CMAKE_PREFIX_PATH=${CMAKE_PREFIX_PATH}:/home/tsi/workspace/install/moveit_configs_utils:/opt/ros/jazzy DEBUGINFOD_URLS=https://debuginfod.ubuntu.com /usr/bin/cmake --install /home/tsi/ws_moveit2/build/move_relative_ur
