[0.041s] Invoking command in '/home/tsi/ws_moveit2/build/move_relative_ur': CMAKE_PREFIX_PATH=${CMAKE_PREFIX_PATH}:/home/tsi/workspace/install/moveit_configs_utils:/opt/ros/jazzy DEBUGINFOD_URLS=https://debuginfod.ubuntu.com /usr/bin/cmake --build /home/tsi/ws_moveit2/build/move_relative_ur -- -j12 -l12
[0.084s] -- Found ament_cmake: 2.5.3 (/opt/ros/jazzy/share/ament_cmake/cmake)
[0.410s] -- Override CMake install command with custom implementation using symlinks instead of copying resources
[0.425s] -- Found rclcpp: 28.1.6 (/opt/ros/jazzy/share/rclcpp/cmake)
[0.493s] -- Found rosidl_generator_c: 4.6.5 (/opt/ros/jazzy/share/rosidl_generator_c/cmake)
[0.504s] -- Found rosidl_generator_cpp: 4.6.5 (/opt/ros/jazzy/share/rosidl_generator_cpp/cmake)
[0.530s] -- Using all available rosidl_typesupport_c: rosidl_typesupport_fastrtps_c;rosidl_typesupport_introspection_c
[0.557s] -- Using all available rosidl_typesupport_cpp: rosidl_typesupport_fastrtps_cpp;rosidl_typesupport_introspection_cpp
[0.692s] -- Found rmw_implementation_cmake: 7.3.1 (/opt/ros/jazzy/share/rmw_implementation_cmake/cmake)
[0.699s] -- Found rmw_fastrtps_cpp: 8.4.1 (/opt/ros/jazzy/share/rmw_fastrtps_cpp/cmake)
[0.852s] -- Using RMW implementation 'rmw_fastrtps_cpp' as default
[0.962s] -- Found std_msgs: 5.3.5 (/opt/ros/jazzy/share/std_msgs/cmake)
[0.985s] -- Found geometry_msgs: 5.3.5 (/opt/ros/jazzy/share/geometry_msgs/cmake)
[1.007s] -- Found ur_dashboard_msgs: 3.0.2 (/home/tsi/workspace/install/ur_dashboard_msgs/share/ur_dashboard_msgs/cmake)
[1.115s] -- Found rosidl_default_generators: 1.6.0 (/opt/ros/jazzy/share/rosidl_default_generators/cmake)
[1.140s] -- Found rosidl_adapter: 4.6.5 (/opt/ros/jazzy/share/rosidl_adapter/cmake)
[2.383s] -- Found ament_cmake_ros: 0.12.0 (/opt/ros/jazzy/share/ament_cmake_ros/cmake)
[3.836s] -- Using all available rosidl_typesupport_c: rosidl_typesupport_fastrtps_c;rosidl_typesupport_introspection_c
[4.370s] -- Using all available rosidl_typesupport_cpp: rosidl_typesupport_fastrtps_cpp;rosidl_typesupport_introspection_cpp
[4.391s] -- Found python_cmake_module: 0.11.1 (/opt/ros/jazzy/share/python_cmake_module/cmake)
[4.633s] -- Found PythonExtra: /usr/bin/python3  
[5.567s] -- Found Python3: /usr/bin/python3 (found version "3.12.3") found components: Interpreter Development NumPy Development.Module Development.Embed 
[5.749s] -- Found ament_lint_auto: 0.17.1 (/opt/ros/jazzy/share/ament_lint_auto/cmake)
[5.799s] -- Added test 'cppcheck' to perform static code analysis on C / C++ code
[5.802s] -- Configured cppcheck include dirs: 
[5.802s] -- Configured cppcheck exclude dirs and/or files: 
[5.805s] -- Added test 'lint_cmake' to check CMake code style
[5.805s] -- Added test 'uncrustify' to check C / C++ code style
[5.806s] -- Configured uncrustify additional arguments: 
[5.806s] -- Added test 'xmllint' to check XML markup files
[5.810s] -- Configuring done (5.7s)
[5.884s] -- Generating done (0.1s)
[5.912s] -- Build files have been written to: /home/tsi/ws_moveit2/build/move_relative_ur
[6.002s] [  2%] [34m[1mGenerating type hashes for ROS interfaces[0m
[6.039s] [  2%] Built target ament_cmake_python_symlink_move_relative_ur
[6.381s] [  2%] Built target move_relative_ur__rosidl_generator_type_description
[6.400s] [  5%] [34m[1mGenerating C code for ROS interfaces[0m
[6.456s] [  7%] [34m[1mGenerating C++ code for ROS interfaces[0m
[6.547s] running egg_info
[6.548s] creating move_relative_ur.egg-info
[6.622s] writing move_relative_ur.egg-info/PKG-INFO
[6.623s] writing dependency_links to move_relative_ur.egg-info/dependency_links.txt
[6.623s] writing top-level names to move_relative_ur.egg-info/top_level.txt
[6.624s] writing manifest file 'move_relative_ur.egg-info/SOURCES.txt'
[6.781s] reading manifest file 'move_relative_ur.egg-info/SOURCES.txt'
[6.782s] writing manifest file 'move_relative_ur.egg-info/SOURCES.txt'
[6.846s] [  7%] Built target ament_cmake_python_build_move_relative_ur_egg
[6.880s] [  7%] Built target move_relative_ur__cpp
[6.905s] [ 10%] [32mBuilding C object CMakeFiles/move_relative_ur__rosidl_generator_c.dir/rosidl_generator_c/move_relative_ur/msg/detail/error_msg__functions.c.o[0m
[6.906s] [ 13%] [32mBuilding C object CMakeFiles/move_relative_ur__rosidl_generator_c.dir/rosidl_generator_c/move_relative_ur/msg/detail/error_msg__type_support.c.o[0m
[6.908s] [ 15%] [32mBuilding C object CMakeFiles/move_relative_ur__rosidl_generator_c.dir/rosidl_generator_c/move_relative_ur/msg/detail/error_msg__description.c.o[0m
[7.574s] [ 18%] [32m[1mLinking C shared library libmove_relative_ur__rosidl_generator_c.so[0m
[7.760s] [ 18%] Built target move_relative_ur__rosidl_generator_c
[7.783s] [ 21%] [34m[1mGenerating C type support dispatch for ROS interfaces[0m
[7.784s] [ 23%] [34m[1mGenerating C++ type support for eProsima Fast-RTPS[0m
[7.790s] [ 26%] [34m[1mGenerating C type support for eProsima Fast-RTPS[0m
[7.792s] [ 28%] [34m[1mGenerating C++ introspection for ROS interfaces[0m
[7.795s] [ 31%] [34m[1mGenerating C introspection for ROS interfaces[0m
[7.797s] [ 34%] [34m[1mGenerating C++ type support dispatch for ROS interfaces[0m
[8.175s] [ 36%] [32mBuilding CXX object CMakeFiles/move_relative_ur__rosidl_typesupport_c.dir/rosidl_typesupport_c/move_relative_ur/msg/error_msg__type_support.cpp.o[0m
[8.224s] [ 39%] [32mBuilding CXX object CMakeFiles/move_relative_ur__rosidl_typesupport_fastrtps_cpp.dir/rosidl_typesupport_fastrtps_cpp/move_relative_ur/msg/detail/dds_fastrtps/error_msg__type_support.cpp.o[0m
[8.230s] [ 42%] [32mBuilding CXX object CMakeFiles/move_relative_ur__rosidl_typesupport_cpp.dir/rosidl_typesupport_cpp/move_relative_ur/msg/error_msg__type_support.cpp.o[0m
[8.249s] [ 44%] [32mBuilding C object CMakeFiles/move_relative_ur__rosidl_typesupport_introspection_c.dir/rosidl_typesupport_introspection_c/move_relative_ur/msg/detail/error_msg__type_support.c.o[0m
[8.299s] [ 47%] [32mBuilding CXX object CMakeFiles/move_relative_ur__rosidl_typesupport_introspection_cpp.dir/rosidl_typesupport_introspection_cpp/move_relative_ur/msg/detail/error_msg__type_support.cpp.o[0m
[8.316s] [ 50%] [32mBuilding CXX object CMakeFiles/move_relative_ur__rosidl_typesupport_fastrtps_c.dir/rosidl_typesupport_fastrtps_c/move_relative_ur/msg/detail/error_msg__type_support_c.cpp.o[0m
[8.316s] [ 52%] [32m[1mLinking C shared library libmove_relative_ur__rosidl_typesupport_introspection_c.so[0m
[8.383s] [ 52%] Built target move_relative_ur__rosidl_typesupport_introspection_c
[8.562s] [ 55%] [32m[1mLinking CXX shared library libmove_relative_ur__rosidl_typesupport_c.so[0m
[8.677s] [ 55%] Built target move_relative_ur__rosidl_typesupport_c
[8.781s] [ 57%] [32m[1mLinking CXX shared library libmove_relative_ur__rosidl_typesupport_cpp.so[0m
[8.814s] [ 60%] [32m[1mLinking CXX shared library libmove_relative_ur__rosidl_typesupport_introspection_cpp.so[0m
[8.857s] [ 60%] Built target move_relative_ur__rosidl_typesupport_cpp
[8.899s] [ 63%] [32mBuilding CXX object CMakeFiles/move_relative_node.dir/src/move_relative.cpp.o[0m
[8.906s] [ 65%] [32mBuilding CXX object CMakeFiles/robot_monitoring_node.dir/src/move_monitoring_node.cpp.o[0m
[8.954s] [ 65%] Built target move_relative_ur__rosidl_typesupport_introspection_cpp
[9.103s] [ 68%] [32m[1mLinking CXX shared library libmove_relative_ur__rosidl_typesupport_fastrtps_cpp.so[0m
[9.145s] [ 71%] [32m[1mLinking CXX shared library libmove_relative_ur__rosidl_typesupport_fastrtps_c.so[0m
[9.270s] [ 71%] Built target move_relative_ur__rosidl_typesupport_fastrtps_cpp
[9.291s] [ 71%] Built target move_relative_ur__rosidl_typesupport_fastrtps_c
[9.351s] [ 71%] Built target move_relative_ur
[9.400s] [ 73%] [34m[1mGenerating Python code for ROS interfaces[0m
[9.917s] [ 73%] Built target move_relative_ur__py
[9.967s] [ 76%] [32mBuilding C object CMakeFiles/move_relative_ur__rosidl_generator_py.dir/rosidl_generator_py/move_relative_ur/msg/_error_msg_s.c.o[0m
[10.452s] [ 78%] [32m[1mLinking C shared library libmove_relative_ur__rosidl_generator_py.so[0m
[10.533s] [ 78%] Built target move_relative_ur__rosidl_generator_py
[10.579s] [ 81%] [32mBuilding C object CMakeFiles/move_relative_ur_s__rosidl_typesupport_introspection_c.dir/rosidl_generator_py/move_relative_ur/_move_relative_ur_s.ep.rosidl_typesupport_introspection_c.c.o[0m
[10.586s] [ 84%] [32mBuilding C object CMakeFiles/move_relative_ur_s__rosidl_typesupport_fastrtps_c.dir/rosidl_generator_py/move_relative_ur/_move_relative_ur_s.ep.rosidl_typesupport_fastrtps_c.c.o[0m
[10.589s] [ 86%] [32mBuilding C object CMakeFiles/move_relative_ur_s__rosidl_typesupport_c.dir/rosidl_generator_py/move_relative_ur/_move_relative_ur_s.ep.rosidl_typesupport_c.c.o[0m
[10.757s] [ 89%] [32m[1mLinking C shared module rosidl_generator_py/move_relative_ur/move_relative_ur_s__rosidl_typesupport_c.so[0m
[10.772s] [ 92%] [32m[1mLinking C shared module rosidl_generator_py/move_relative_ur/move_relative_ur_s__rosidl_typesupport_introspection_c.so[0m
[10.774s] [ 94%] [32m[1mLinking C shared module rosidl_generator_py/move_relative_ur/move_relative_ur_s__rosidl_typesupport_fastrtps_c.so[0m
[10.812s] [ 94%] Built target move_relative_ur_s__rosidl_typesupport_c
[10.827s] [ 94%] Built target move_relative_ur_s__rosidl_typesupport_introspection_c
[10.831s] [ 94%] Built target move_relative_ur_s__rosidl_typesupport_fastrtps_c
[20.232s] [ 97%] [32m[1mLinking CXX executable move_relative_node[0m
[21.362s] [ 97%] Built target move_relative_node
[22.859s] [100%] [32m[1mLinking CXX executable robot_monitoring_node[0m
[23.608s] [100%] Built target robot_monitoring_node
[23.643s] Invoked command in '/home/tsi/ws_moveit2/build/move_relative_ur' returned '0': CMAKE_PREFIX_PATH=${CMAKE_PREFIX_PATH}:/home/tsi/workspace/install/moveit_configs_utils:/opt/ros/jazzy DEBUGINFOD_URLS=https://debuginfod.ubuntu.com /usr/bin/cmake --build /home/tsi/ws_moveit2/build/move_relative_ur -- -j12 -l12
[23.667s] Invoking command in '/home/tsi/ws_moveit2/build/move_relative_ur': CMAKE_PREFIX_PATH=${CMAKE_PREFIX_PATH}:/home/tsi/workspace/install/moveit_configs_utils:/opt/ros/jazzy DEBUGINFOD_URLS=https://debuginfod.ubuntu.com /usr/bin/cmake --install /home/tsi/ws_moveit2/build/move_relative_ur
[23.679s] -- Install configuration: ""
[23.679s] -- Execute custom install script
[23.680s] -- Symlinking: /home/tsi/ws_moveit2/install/move_relative_ur/share/ament_index/resource_index/rosidl_interfaces/move_relative_ur
[23.721s] -- Symlinking: /home/tsi/ws_moveit2/install/move_relative_ur/share/move_relative_ur/msg/ErrorMsg.json
[23.736s] -- Symlinking: /home/tsi/ws_moveit2/install/move_relative_ur/include/move_relative_ur/move_relative_ur/msg/detail/error_msg__functions.h
[23.766s] -- Symlinking: /home/tsi/ws_moveit2/install/move_relative_ur/include/move_relative_ur/move_relative_ur/msg/detail/error_msg__struct.h
[23.798s] -- Symlinking: /home/tsi/ws_moveit2/install/move_relative_ur/include/move_relative_ur/move_relative_ur/msg/detail/error_msg__type_support.h
[23.817s] -- Symlinking: /home/tsi/ws_moveit2/install/move_relative_ur/include/move_relative_ur/move_relative_ur/msg/error_msg.h
[23.849s] -- Symlinking: /home/tsi/ws_moveit2/install/move_relative_ur/include/move_relative_ur/move_relative_ur/msg/rosidl_generator_c__visibility_control.h
[23.879s] -- Symlinking: /home/tsi/ws_moveit2/install/move_relative_ur/share/move_relative_ur/environment/library_path.sh
[23.915s] -- Symlinking: /home/tsi/ws_moveit2/install/move_relative_ur/share/move_relative_ur/environment/library_path.dsv
[23.947s] -- Symlinking: /home/tsi/ws_moveit2/install/move_relative_ur/include/move_relative_ur/move_relative_ur/msg/detail/error_msg__rosidl_typesupport_fastrtps_c.h
[23.965s] -- Symlinking: /home/tsi/ws_moveit2/install/move_relative_ur/include/move_relative_ur/move_relative_ur/msg/rosidl_typesupport_fastrtps_c__visibility_control.h
[23.983s] -- Symlinking: /home/tsi/ws_moveit2/install/move_relative_ur/include/move_relative_ur/move_relative_ur/msg/detail/error_msg__builder.hpp
[24.015s] -- Symlinking: /home/tsi/ws_moveit2/install/move_relative_ur/include/move_relative_ur/move_relative_ur/msg/detail/error_msg__struct.hpp
[24.050s] -- Symlinking: /home/tsi/ws_moveit2/install/move_relative_ur/include/move_relative_ur/move_relative_ur/msg/detail/error_msg__traits.hpp
[24.082s] -- Symlinking: /home/tsi/ws_moveit2/install/move_relative_ur/include/move_relative_ur/move_relative_ur/msg/detail/error_msg__type_support.hpp
[24.104s] -- Symlinking: /home/tsi/ws_moveit2/install/move_relative_ur/include/move_relative_ur/move_relative_ur/msg/error_msg.hpp
[24.124s] -- Symlinking: /home/tsi/ws_moveit2/install/move_relative_ur/include/move_relative_ur/move_relative_ur/msg/rosidl_generator_cpp__visibility_control.hpp
[24.140s] -- Symlinking: /home/tsi/ws_moveit2/install/move_relative_ur/include/move_relative_ur/move_relative_ur/msg/detail/error_msg__rosidl_typesupport_fastrtps_cpp.hpp
[24.155s] -- Symlinking: /home/tsi/ws_moveit2/install/move_relative_ur/include/move_relative_ur/move_relative_ur/msg/rosidl_typesupport_fastrtps_cpp__visibility_control.h
[24.172s] -- Symlinking: /home/tsi/ws_moveit2/install/move_relative_ur/include/move_relative_ur/move_relative_ur/msg/detail/error_msg__rosidl_typesupport_introspection_c.h
[24.187s] -- Symlinking: /home/tsi/ws_moveit2/install/move_relative_ur/include/move_relative_ur/move_relative_ur/msg/rosidl_typesupport_introspection_c__visibility_control.h
[24.225s] -- Symlinking: /home/tsi/ws_moveit2/install/move_relative_ur/include/move_relative_ur/move_relative_ur/msg/detail/error_msg__rosidl_typesupport_introspection_cpp.hpp
[24.245s] -- Symlinking: /home/tsi/ws_moveit2/install/move_relative_ur/share/move_relative_ur/environment/pythonpath.sh
[24.262s] -- Symlinking: /home/tsi/ws_moveit2/install/move_relative_ur/share/move_relative_ur/environment/pythonpath.dsv
[24.278s] -- Symlinking: /home/tsi/ws_moveit2/install/move_relative_ur/lib/python3.12/site-packages/move_relative_ur-0.0.1-py3.12.egg-info/PKG-INFO
[24.297s] -- Symlinking: /home/tsi/ws_moveit2/install/move_relative_ur/lib/python3.12/site-packages/move_relative_ur-0.0.1-py3.12.egg-info/SOURCES.txt
[24.313s] -- Symlinking: /home/tsi/ws_moveit2/install/move_relative_ur/lib/python3.12/site-packages/move_relative_ur-0.0.1-py3.12.egg-info/dependency_links.txt
[24.346s] -- Symlinking: /home/tsi/ws_moveit2/install/move_relative_ur/lib/python3.12/site-packages/move_relative_ur-0.0.1-py3.12.egg-info/top_level.txt
[24.375s] -- Symlinking: /home/tsi/ws_moveit2/install/move_relative_ur/lib/python3.12/site-packages/move_relative_ur/__init__.py
[24.402s] -- Symlinking: /home/tsi/ws_moveit2/install/move_relative_ur/lib/python3.12/site-packages/move_relative_ur/_move_relative_ur_s.ep.rosidl_typesupport_c.c
[24.421s] -- Symlinking: /home/tsi/ws_moveit2/install/move_relative_ur/lib/python3.12/site-packages/move_relative_ur/_move_relative_ur_s.ep.rosidl_typesupport_fastrtps_c.c
[24.438s] -- Symlinking: /home/tsi/ws_moveit2/install/move_relative_ur/lib/python3.12/site-packages/move_relative_ur/_move_relative_ur_s.ep.rosidl_typesupport_introspection_c.c
[24.466s] -- Symlinking: /home/tsi/ws_moveit2/install/move_relative_ur/lib/python3.12/site-packages/move_relative_ur/move_relative_ur_s__rosidl_typesupport_c.so
[24.483s] -- Symlinking: /home/tsi/ws_moveit2/install/move_relative_ur/lib/python3.12/site-packages/move_relative_ur/move_relative_ur_s__rosidl_typesupport_fastrtps_c.so
[24.516s] -- Symlinking: /home/tsi/ws_moveit2/install/move_relative_ur/lib/python3.12/site-packages/move_relative_ur/move_relative_ur_s__rosidl_typesupport_introspection_c.so
[24.541s] -- Symlinking: /home/tsi/ws_moveit2/install/move_relative_ur/lib/python3.12/site-packages/move_relative_ur/msg/__init__.py
[24.559s] -- Symlinking: /home/tsi/ws_moveit2/install/move_relative_ur/lib/python3.12/site-packages/move_relative_ur/msg/_error_msg.py
[24.573s] -- Symlinking: /home/tsi/ws_moveit2/install/move_relative_ur/lib/python3.12/site-packages/move_relative_ur/msg/_error_msg_s.c
[24.589s] -- Up-to-date symlink: /home/tsi/ws_moveit2/install/move_relative_ur/lib/python3.12/site-packages/move_relative_ur/move_relative_ur_s__rosidl_typesupport_fastrtps_c.so
[24.590s] -- Up-to-date symlink: /home/tsi/ws_moveit2/install/move_relative_ur/lib/python3.12/site-packages/move_relative_ur/move_relative_ur_s__rosidl_typesupport_introspection_c.so
[24.591s] -- Up-to-date symlink: /home/tsi/ws_moveit2/install/move_relative_ur/lib/python3.12/site-packages/move_relative_ur/move_relative_ur_s__rosidl_typesupport_c.so
[24.591s] -- Symlinking: /home/tsi/ws_moveit2/install/move_relative_ur/share/move_relative_ur/msg/ErrorMsg.idl
[24.609s] -- Symlinking: /home/tsi/ws_moveit2/install/move_relative_ur/share/move_relative_ur/msg/ErrorMsg.msg
[24.628s] -- Symlinking: /home/tsi/ws_moveit2/install/move_relative_ur/lib/move_relative_ur/move_relative_node
[24.644s] -- Symlinking: /home/tsi/ws_moveit2/install/move_relative_ur/lib/move_relative_ur/robot_monitoring_node
[24.661s] -- Symlinking: /home/tsi/ws_moveit2/install/move_relative_ur/share/ament_index/resource_index/package_run_dependencies/move_relative_ur
[24.690s] -- Symlinking: /home/tsi/ws_moveit2/install/move_relative_ur/share/ament_index/resource_index/parent_prefix_path/move_relative_ur
[24.714s] -- Symlinking: /home/tsi/ws_moveit2/install/move_relative_ur/share/move_relative_ur/environment/ament_prefix_path.sh
[24.732s] -- Symlinking: /home/tsi/ws_moveit2/install/move_relative_ur/share/move_relative_ur/environment/ament_prefix_path.dsv
[24.751s] -- Symlinking: /home/tsi/ws_moveit2/install/move_relative_ur/share/move_relative_ur/environment/path.sh
[24.777s] -- Symlinking: /home/tsi/ws_moveit2/install/move_relative_ur/share/move_relative_ur/environment/path.dsv
[24.792s] -- Symlinking: /home/tsi/ws_moveit2/install/move_relative_ur/share/move_relative_ur/local_setup.bash
[24.808s] -- Symlinking: /home/tsi/ws_moveit2/install/move_relative_ur/share/move_relative_ur/local_setup.sh
[24.824s] -- Symlinking: /home/tsi/ws_moveit2/install/move_relative_ur/share/move_relative_ur/local_setup.zsh
[24.856s] -- Symlinking: /home/tsi/ws_moveit2/install/move_relative_ur/share/move_relative_ur/local_setup.dsv
[24.881s] -- Symlinking: /home/tsi/ws_moveit2/install/move_relative_ur/share/move_relative_ur/package.dsv
[24.907s] -- Symlinking: /home/tsi/ws_moveit2/install/move_relative_ur/share/ament_index/resource_index/packages/move_relative_ur
[24.938s] -- Symlinking: /home/tsi/ws_moveit2/install/move_relative_ur/share/move_relative_ur/cmake/rosidl_cmake-extras.cmake
[24.963s] -- Symlinking: /home/tsi/ws_moveit2/install/move_relative_ur/share/move_relative_ur/cmake/ament_cmake_export_include_directories-extras.cmake
[24.979s] -- Symlinking: /home/tsi/ws_moveit2/install/move_relative_ur/share/move_relative_ur/cmake/ament_cmake_export_libraries-extras.cmake
[25.015s] -- Symlinking: /home/tsi/ws_moveit2/install/move_relative_ur/share/move_relative_ur/cmake/ament_cmake_export_targets-extras.cmake
[25.039s] -- Symlinking: /home/tsi/ws_moveit2/install/move_relative_ur/share/move_relative_ur/cmake/rosidl_cmake_export_typesupport_targets-extras.cmake
[25.071s] -- Symlinking: /home/tsi/ws_moveit2/install/move_relative_ur/share/move_relative_ur/cmake/ament_cmake_export_dependencies-extras.cmake
[25.088s] -- Symlinking: /home/tsi/ws_moveit2/install/move_relative_ur/share/move_relative_ur/cmake/rosidl_cmake_export_typesupport_libraries-extras.cmake
[25.103s] -- Symlinking: /home/tsi/ws_moveit2/install/move_relative_ur/share/move_relative_ur/cmake/move_relative_urConfig.cmake
[25.138s] -- Symlinking: /home/tsi/ws_moveit2/install/move_relative_ur/share/move_relative_ur/cmake/move_relative_urConfig-version.cmake
[25.154s] -- Symlinking: /home/tsi/ws_moveit2/install/move_relative_ur/share/move_relative_ur/package.xml
[25.170s] -- Installing: /home/tsi/ws_moveit2/install/move_relative_ur/lib/libmove_relative_ur__rosidl_generator_c.so
[25.170s] -- Set non-toolchain portion of runtime path of "/home/tsi/ws_moveit2/install/move_relative_ur/lib/libmove_relative_ur__rosidl_generator_c.so" to ""
[25.171s] -- Installing: /home/tsi/ws_moveit2/install/move_relative_ur/lib/libmove_relative_ur__rosidl_typesupport_fastrtps_c.so
[25.171s] -- Set non-toolchain portion of runtime path of "/home/tsi/ws_moveit2/install/move_relative_ur/lib/libmove_relative_ur__rosidl_typesupport_fastrtps_c.so" to ""
[25.171s] -- Installing: /home/tsi/ws_moveit2/install/move_relative_ur/lib/libmove_relative_ur__rosidl_typesupport_fastrtps_cpp.so
[25.172s] -- Set non-toolchain portion of runtime path of "/home/tsi/ws_moveit2/install/move_relative_ur/lib/libmove_relative_ur__rosidl_typesupport_fastrtps_cpp.so" to ""
[25.172s] -- Installing: /home/tsi/ws_moveit2/install/move_relative_ur/lib/libmove_relative_ur__rosidl_typesupport_introspection_c.so
[25.173s] -- Set non-toolchain portion of runtime path of "/home/tsi/ws_moveit2/install/move_relative_ur/lib/libmove_relative_ur__rosidl_typesupport_introspection_c.so" to ""
[25.173s] -- Installing: /home/tsi/ws_moveit2/install/move_relative_ur/lib/libmove_relative_ur__rosidl_typesupport_c.so
[25.173s] -- Set non-toolchain portion of runtime path of "/home/tsi/ws_moveit2/install/move_relative_ur/lib/libmove_relative_ur__rosidl_typesupport_c.so" to ""
[25.173s] -- Installing: /home/tsi/ws_moveit2/install/move_relative_ur/lib/libmove_relative_ur__rosidl_typesupport_introspection_cpp.so
[25.174s] -- Set non-toolchain portion of runtime path of "/home/tsi/ws_moveit2/install/move_relative_ur/lib/libmove_relative_ur__rosidl_typesupport_introspection_cpp.so" to ""
[25.174s] -- Installing: /home/tsi/ws_moveit2/install/move_relative_ur/lib/libmove_relative_ur__rosidl_typesupport_cpp.so
[25.175s] -- Set non-toolchain portion of runtime path of "/home/tsi/ws_moveit2/install/move_relative_ur/lib/libmove_relative_ur__rosidl_typesupport_cpp.so" to ""
[25.255s] Listing '/home/tsi/ws_moveit2/install/move_relative_ur/lib/python3.12/site-packages/move_relative_ur'...
[25.255s] Compiling '/home/tsi/ws_moveit2/install/move_relative_ur/lib/python3.12/site-packages/move_relative_ur/__init__.py'...
[25.255s] Listing '/home/tsi/ws_moveit2/install/move_relative_ur/lib/python3.12/site-packages/move_relative_ur/msg'...
[25.255s] Compiling '/home/tsi/ws_moveit2/install/move_relative_ur/lib/python3.12/site-packages/move_relative_ur/msg/__init__.py'...
[25.255s] Compiling '/home/tsi/ws_moveit2/install/move_relative_ur/lib/python3.12/site-packages/move_relative_ur/msg/_error_msg.py'...
[25.264s] -- Installing: /home/tsi/ws_moveit2/install/move_relative_ur/lib/libmove_relative_ur__rosidl_generator_py.so
[25.265s] -- Set non-toolchain portion of runtime path of "/home/tsi/ws_moveit2/install/move_relative_ur/lib/libmove_relative_ur__rosidl_generator_py.so" to ""
[25.265s] -- Installing: /home/tsi/ws_moveit2/install/move_relative_ur/share/move_relative_ur/cmake/export_move_relative_ur__rosidl_generator_cExport.cmake
[25.265s] -- Installing: /home/tsi/ws_moveit2/install/move_relative_ur/share/move_relative_ur/cmake/export_move_relative_ur__rosidl_generator_cExport-noconfig.cmake
[25.266s] -- Installing: /home/tsi/ws_moveit2/install/move_relative_ur/share/move_relative_ur/cmake/export_move_relative_ur__rosidl_typesupport_fastrtps_cExport.cmake
[25.266s] -- Installing: /home/tsi/ws_moveit2/install/move_relative_ur/share/move_relative_ur/cmake/export_move_relative_ur__rosidl_typesupport_fastrtps_cExport-noconfig.cmake
[25.266s] -- Installing: /home/tsi/ws_moveit2/install/move_relative_ur/share/move_relative_ur/cmake/export_move_relative_ur__rosidl_generator_cppExport.cmake
[25.267s] -- Installing: /home/tsi/ws_moveit2/install/move_relative_ur/share/move_relative_ur/cmake/export_move_relative_ur__rosidl_typesupport_fastrtps_cppExport.cmake
[25.267s] -- Installing: /home/tsi/ws_moveit2/install/move_relative_ur/share/move_relative_ur/cmake/export_move_relative_ur__rosidl_typesupport_fastrtps_cppExport-noconfig.cmake
[25.267s] -- Installing: /home/tsi/ws_moveit2/install/move_relative_ur/share/move_relative_ur/cmake/move_relative_ur__rosidl_typesupport_introspection_cExport.cmake
[25.267s] -- Installing: /home/tsi/ws_moveit2/install/move_relative_ur/share/move_relative_ur/cmake/move_relative_ur__rosidl_typesupport_introspection_cExport-noconfig.cmake
[25.267s] -- Installing: /home/tsi/ws_moveit2/install/move_relative_ur/share/move_relative_ur/cmake/move_relative_ur__rosidl_typesupport_cExport.cmake
[25.268s] -- Installing: /home/tsi/ws_moveit2/install/move_relative_ur/share/move_relative_ur/cmake/move_relative_ur__rosidl_typesupport_cExport-noconfig.cmake
[25.268s] -- Installing: /home/tsi/ws_moveit2/install/move_relative_ur/share/move_relative_ur/cmake/move_relative_ur__rosidl_typesupport_introspection_cppExport.cmake
[25.268s] -- Installing: /home/tsi/ws_moveit2/install/move_relative_ur/share/move_relative_ur/cmake/move_relative_ur__rosidl_typesupport_introspection_cppExport-noconfig.cmake
[25.268s] -- Installing: /home/tsi/ws_moveit2/install/move_relative_ur/share/move_relative_ur/cmake/move_relative_ur__rosidl_typesupport_cppExport.cmake
[25.269s] -- Installing: /home/tsi/ws_moveit2/install/move_relative_ur/share/move_relative_ur/cmake/move_relative_ur__rosidl_typesupport_cppExport-noconfig.cmake
[25.269s] -- Installing: /home/tsi/ws_moveit2/install/move_relative_ur/share/move_relative_ur/cmake/export_move_relative_ur__rosidl_generator_pyExport.cmake
[25.269s] -- Installing: /home/tsi/ws_moveit2/install/move_relative_ur/share/move_relative_ur/cmake/export_move_relative_ur__rosidl_generator_pyExport-noconfig.cmake
[25.273s] Invoked command in '/home/tsi/ws_moveit2/build/move_relative_ur' returned '0': CMAKE_PREFIX_PATH=${CMAKE_PREFIX_PATH}:/home/tsi/workspace/install/moveit_configs_utils:/opt/ros/jazzy DEBUGINFOD_URLS=https://debuginfod.ubuntu.com /usr/bin/cmake --install /home/tsi/ws_moveit2/build/move_relative_ur
