[0.047s] Invoking command in '/home/tsi/ws_moveit2/build/move_relative_ur': CMAKE_PREFIX_PATH=${CMAKE_PREFIX_PATH}:/home/tsi/workspace/install/moveit_configs_utils:/opt/ros/jazzy DEBUGINFOD_URLS=https://debuginfod.ubuntu.com /usr/bin/cmake --build /home/tsi/ws_moveit2/build/move_relative_ur -- -j12 -l12
[0.233s] [  2%] Built target move_relative_ur__rosidl_generator_type_description
[0.254s] [  2%] Built target ament_cmake_python_symlink_move_relative_ur
[0.271s] [  5%] Built target move_relative_ur__cpp
[0.278s] [ 18%] Built target move_relative_ur__rosidl_generator_c
[0.326s] [ 26%] Built target move_relative_ur__rosidl_typesupport_fastrtps_c
[0.330s] [ 34%] Built target move_relative_ur__rosidl_typesupport_c
[0.332s] [ 42%] Built target move_relative_ur__rosidl_typesupport_fastrtps_cpp
[0.332s] [ 50%] Built target move_relative_ur__rosidl_typesupport_cpp
[0.334s] [ 57%] Built target move_relative_ur__rosidl_typesupport_introspection_cpp
[0.341s] [ 65%] Built target move_relative_ur__rosidl_typesupport_introspection_c
[0.377s] [ 65%] Built target move_relative_ur
[0.379s] [ 71%] Built target move_relative_node
[0.385s] [ 73%] [32mBuilding CXX object CMakeFiles/robot_monitoring_node.dir/src/move_monitoring_node.cpp.o[0m
[0.415s] [ 76%] Built target move_relative_ur__py
[0.465s] [ 81%] Built target move_relative_ur__rosidl_generator_py
[0.519s] [ 86%] Built target move_relative_ur_s__rosidl_typesupport_c
[0.520s] [ 92%] Built target move_relative_ur_s__rosidl_typesupport_fastrtps_c
[0.526s] [ 97%] Built target move_relative_ur_s__rosidl_typesupport_introspection_c
[0.702s] running egg_info
[0.751s] writing move_relative_ur.egg-info/PKG-INFO
[0.752s] writing dependency_links to move_relative_ur.egg-info/dependency_links.txt
[0.752s] writing top-level names to move_relative_ur.egg-info/top_level.txt
[0.883s] reading manifest file 'move_relative_ur.egg-info/SOURCES.txt'
[0.883s] writing manifest file 'move_relative_ur.egg-info/SOURCES.txt'
[0.944s] [ 97%] Built target ament_cmake_python_build_move_relative_ur_egg
[3.213s] [01m[K/home/tsi/ws_moveit2/src/move_relative_ur/src/move_monitoring_node.cpp:[m[K In member function ‘[01m[Kvoid RobotMonitoringNode::[01;32m[KrequestRobotMode[m[K()[m[K’:
[3.213s] [01m[K/home/tsi/ws_moveit2/src/move_relative_ur/src/move_monitoring_node.cpp:55:33:[m[K [01;31m[Kerror: [m[K‘[01m[Kusing std::__shared_ptr_access<rclcpp::TimerBase, __gnu_cxx::_S_atomic, false, false>::element_type = class rclcpp::TimerBase[m[K’ {aka ‘[01m[Kclass rclcpp::TimerBase[m[K’} has no member named ‘[01m[Kwait_for_service[m[K’
[3.214s]    55 |         if (!robot_mode_timer_->[01;31m[Kwait_for_service[m[K(std::chrono::milliseconds(1))) {
[3.214s]       |                                 [01;31m[K^~~~~~~~~~~~~~~~[m[K
[3.215s] [01m[K/home/tsi/ws_moveit2/src/move_relative_ur/src/move_monitoring_node.cpp:62:42:[m[K [01;31m[Kerror: [m[K‘[01m[Kusing std::__shared_ptr_access<rclcpp::TimerBase, __gnu_cxx::_S_atomic, false, false>::element_type = class rclcpp::TimerBase[m[K’ {aka ‘[01m[Kclass rclcpp::TimerBase[m[K’} has no member named ‘[01m[Kasync_send_request[m[K’
[3.215s]    62 |         auto future = robot_mode_timer_->[01;31m[Kasync_send_request[m[K(
[3.215s]       |                                          [01;31m[K^~~~~~~~~~~~~~~~~~[m[K
[3.225s] In file included from [01m[K/opt/ros/jazzy/include/rclcpp/rclcpp/copy_all_parameter_values.hpp:27[m[K,
[3.226s]                  from [01m[K/opt/ros/jazzy/include/rclcpp/rclcpp/rclcpp.hpp:171[m[K,
[3.226s]                  from [01m[K/home/tsi/ws_moveit2/src/move_relative_ur/src/move_monitoring_node.cpp:1[m[K:
[3.226s] [01m[K/home/tsi/ws_moveit2/src/move_relative_ur/src/move_monitoring_node.cpp:[m[K In member function ‘[01m[Kvoid RobotMonitoringNode::[01;32m[KrobotModeResponse[m[K(rclcpp::Client<ur_dashboard_msgs::srv::GetRobotMode>::SharedFuture)[m[K’:
[3.227s] [01m[K/home/tsi/ws_moveit2/src/move_relative_ur/src/move_monitoring_node.cpp:79:42:[m[K [01;31m[Kerror: [m[Kexpected ‘[01m[K)[m[K’ before string constant
[3.227s]    79 |             RCLCPP_INFO(this->get_logger [01;31m[K"✅ 로봇 정상 동작 중."[m[K);
[3.227s]       |                                          [01;31m[K^~~~~~~~~~~~~~~~~~~~~~~[m[K
[3.227s] [01m[K/home/tsi/ws_moveit2/src/move_relative_ur/src/move_monitoring_node.cpp:79:13:[m[K [01;36m[Knote: [m[Kto match this ‘[01m[K([m[K’
[3.228s]    79 |             [01;36m[KRCLCPP_INFO[m[K(this->get_logger "✅ 로봇 정상 동작 중.");
[3.228s]       |             [01;36m[K^~~~~~~~~~~[m[K
[3.228s] [01m[K/home/tsi/ws_moveit2/src/move_relative_ur/src/move_monitoring_node.cpp:79:13:[m[K [01;31m[Kerror: [m[Ktemplate argument 1 is invalid
[3.228s]    79 |             [01;31m[KRCLCPP_INFO[m[K(this->get_logger "✅ 로봇 정상 동작 중.");
[3.228s]       |             [01;31m[K^~~~~~~~~~~[m[K
[3.228s] [01m[K/home/tsi/ws_moveit2/src/move_relative_ur/src/move_monitoring_node.cpp:79:13:[m[K [01;31m[Kerror: [m[Ktemplate argument 1 is invalid
[3.229s]    79 |             [01;31m[KRCLCPP_INFO[m[K(this->get_logger "✅ 로봇 정상 동작 중.");
[3.229s]       |             [01;31m[K^~~~~~~~~~~[m[K
[3.229s] [01m[K/home/tsi/ws_moveit2/src/move_relative_ur/src/move_monitoring_node.cpp:79:13:[m[K [01;31m[Kerror: [m[Ktemplate argument 1 is invalid
[3.229s]    79 |             [01;31m[KRCLCPP_INFO[m[K(this->get_logger "✅ 로봇 정상 동작 중.");
[3.229s]       |             [01;31m[K^~~~~~~~~~~[m[K
[3.229s] In file included from [01m[K/opt/ros/jazzy/include/rclcpp/rclcpp/logging.hpp:24[m[K:
[3.230s] [01m[K/home/tsi/ws_moveit2/src/move_relative_ur/src/move_monitoring_node.cpp:79:42:[m[K [01;31m[Kerror: [m[Kexpected ‘[01m[K)[m[K’ before string constant
[3.230s]    79 |             RCLCPP_INFO(this->get_logger [01;31m[K"✅ 로봇 정상 동작 중."[m[K);
[3.230s]       |                                          [01;31m[K^~~~~~~~~~~~~~~~~~~~~~~[m[K
[3.231s] [01m[K/home/tsi/ws_moveit2/src/move_relative_ur/src/move_monitoring_node.cpp:79:13:[m[K [01;36m[Knote: [m[Kto match this ‘[01m[K([m[K’
[3.231s]    79 |             [01;36m[KRCLCPP_INFO[m[K(this->get_logger "✅ 로봇 정상 동작 중.");
[3.231s]       |             [01;36m[K^~~~~~~~~~~[m[K
[3.232s] [01m[K/home/tsi/ws_moveit2/src/move_relative_ur/src/move_monitoring_node.cpp:79:13:[m[K [01;31m[Kerror: [m[Kexpected ‘[01m[K)[m[K’ before ‘[01m[K}[m[K’ token
[3.232s]    79 |             [01;31m[KRCLCPP_INFO[m[K(this->get_logger "✅ 로봇 정상 동작 중.");
[3.232s]       |             [01;31m[K^~~~~~~~~~~[m[K
[3.233s] [01m[K/home/tsi/ws_moveit2/src/move_relative_ur/src/move_monitoring_node.cpp:79:13:[m[K [01;36m[Knote: [m[Kto match this ‘[01m[K([m[K’
[3.233s]    79 |             [01;36m[KRCLCPP_INFO[m[K(this->get_logger "✅ 로봇 정상 동작 중.");
[3.233s]       |             [01;36m[K^~~~~~~~~~~[m[K
[3.234s] [01m[K/home/tsi/ws_moveit2/src/move_relative_ur/src/move_monitoring_node.cpp:79:13:[m[K [01;31m[Kerror: [m[Kexpected ‘[01m[K)[m[K’ before ‘[01m[K}[m[K’ token
[3.234s]    79 |             [01;31m[KRCLCPP_INFO[m[K(this->get_logger "✅ 로봇 정상 동작 중.");
[3.234s]       |             [01;31m[K^~~~~~~~~~~[m[K
[3.234s] [01m[K/home/tsi/ws_moveit2/src/move_relative_ur/src/move_monitoring_node.cpp:79:13:[m[K [01;36m[Knote: [m[Kto match this ‘[01m[K([m[K’
[3.234s]    79 |             [01;36m[KRCLCPP_INFO[m[K(this->get_logger "✅ 로봇 정상 동작 중.");
[3.234s]       |             [01;36m[K^~~~~~~~~~~[m[K
[3.235s] [01m[K/home/tsi/ws_moveit2/src/move_relative_ur/src/move_monitoring_node.cpp:79:13:[m[K [01;31m[Kerror: [m[Kexpected primary-expression before ‘[01m[K}[m[K’ token
[3.235s]    79 |             [01;31m[KRCLCPP_INFO[m[K(this->get_logger "✅ 로봇 정상 동작 중.");
[3.235s]       |             [01;31m[K^~~~~~~~~~~[m[K
[3.235s] [01m[K/home/tsi/ws_moveit2/src/move_relative_ur/src/move_monitoring_node.cpp:[m[K In member function ‘[01m[Kvoid RobotMonitoringNode::[01;32m[KrequestSafetyMode[m[K()[m[K’:
[3.235s] [01m[K/home/tsi/ws_moveit2/src/move_relative_ur/src/move_monitoring_node.cpp:85:34:[m[K [01;31m[Kerror: [m[K‘[01m[Kusing std::__shared_ptr_access<rclcpp::TimerBase, __gnu_cxx::_S_atomic, false, false>::element_type = class rclcpp::TimerBase[m[K’ {aka ‘[01m[Kclass rclcpp::TimerBase[m[K’} has no member named ‘[01m[Kwait_for_service[m[K’
[3.235s]    85 |         if (!safety_mode_timer_->[01;31m[Kwait_for_service[m[K(std::chrono::milliseconds(1))) {
[3.236s]       |                                  [01;31m[K^~~~~~~~~~~~~~~~[m[K
[3.236s] [01m[K/home/tsi/ws_moveit2/src/move_relative_ur/src/move_monitoring_node.cpp:92:43:[m[K [01;31m[Kerror: [m[K‘[01m[Kusing std::__shared_ptr_access<rclcpp::TimerBase, __gnu_cxx::_S_atomic, false, false>::element_type = class rclcpp::TimerBase[m[K’ {aka ‘[01m[Kclass rclcpp::TimerBase[m[K’} has no member named ‘[01m[Kasync_send_request[m[K’
[3.236s]    92 |         auto future = safety_mode_timer_->[01;31m[Kasync_send_request[m[K(
[3.237s]       |                                           [01;31m[K^~~~~~~~~~~~~~~~~~[m[K
[4.575s] gmake[2]: *** [CMakeFiles/robot_monitoring_node.dir/build.make:76: CMakeFiles/robot_monitoring_node.dir/src/move_monitoring_node.cpp.o] Error 1
[4.576s] gmake[1]: *** [CMakeFiles/Makefile2:655: CMakeFiles/robot_monitoring_node.dir/all] Error 2
[4.577s] gmake: *** [Makefile:146: all] Error 2
[4.581s] Invoked command in '/home/tsi/ws_moveit2/build/move_relative_ur' returned '2': CMAKE_PREFIX_PATH=${CMAKE_PREFIX_PATH}:/home/tsi/workspace/install/moveit_configs_utils:/opt/ros/jazzy DEBUGINFOD_URLS=https://debuginfod.ubuntu.com /usr/bin/cmake --build /home/tsi/ws_moveit2/build/move_relative_ur -- -j12 -l12
