[0.137s] DEBUG:colcon:Command line arguments: ['/usr/bin/colcon', 'build', '--packages-select', 'robot_move']
[0.137s] DEBUG:colcon:Parsed command line arguments: Namespace(log_base=None, log_level=None, verb_name='build', build_base='build', install_base='install', merge_install=False, symlink_install=False, test_result_base=None, continue_on_error=False, executor='parallel', parallel_workers=12, event_handlers=None, ignore_user_meta=False, metas=['./colcon.meta'], base_paths=['.'], packages_ignore=None, packages_ignore_regex=None, paths=None, packages_up_to=None, packages_up_to_regex=None, packages_above=None, packages_above_and_dependencies=None, packages_above_depth=None, packages_select_by_dep=None, packages_skip_by_dep=None, packages_skip_up_to=None, packages_select_build_failed=False, packages_skip_build_finished=False, packages_select_test_failures=False, packages_skip_test_passed=False, packages_select=['robot_move'], packages_skip=None, packages_select_regex=None, packages_skip_regex=None, packages_start=None, packages_end=None, allow_overriding=[], cmake_args=None, cmake_target=None, cmake_target_skip_unavailable=False, cmake_clean_cache=False, cmake_clean_first=False, cmake_force_configure=False, ament_cmake_args=None, catkin_cmake_args=None, catkin_skip_building_tests=False, mixin_files=None, mixin=None, verb_parser=<colcon_mixin.mixin.mixin_argument.MixinArgumentDecorator object at 0x7e054f7ba120>, verb_extension=<colcon_core.verb.build.BuildVerb object at 0x7e054f7b9e80>, main=<bound method BuildVerb.main of <colcon_core.verb.build.BuildVerb object at 0x7e054f7b9e80>>, mixin_verb=('build',))
[0.173s] Level 1:colcon.colcon_core.package_discovery:discover_packages(colcon_meta) check parameters
[0.173s] Level 1:colcon.colcon_core.package_discovery:discover_packages(recursive) check parameters
[0.173s] Level 1:colcon.colcon_core.package_discovery:discover_packages(ignore) check parameters
[0.173s] Level 1:colcon.colcon_core.package_discovery:discover_packages(path) check parameters
[0.173s] Level 1:colcon.colcon_core.package_discovery:discover_packages(colcon_meta) discover
[0.173s] Level 1:colcon.colcon_core.package_discovery:discover_packages(recursive) discover
[0.173s] INFO:colcon.colcon_core.package_discovery:Crawling recursively for packages in '/home/tsi/ws_moveit2/src'
[0.173s] Level 1:colcon.colcon_core.package_identification:_identify(.) by extensions ['ignore', 'ignore_ament_install']
[0.174s] Level 1:colcon.colcon_core.package_identification:_identify(.) by extension 'ignore'
[0.174s] Level 1:colcon.colcon_core.package_identification:_identify(.) by extension 'ignore_ament_install'
[0.174s] Level 1:colcon.colcon_core.package_identification:_identify(.) by extensions ['colcon_pkg']
[0.174s] Level 1:colcon.colcon_core.package_identification:_identify(.) by extension 'colcon_pkg'
[0.174s] Level 1:colcon.colcon_core.package_identification:_identify(.) by extensions ['colcon_meta']
[0.174s] Level 1:colcon.colcon_core.package_identification:_identify(.) by extension 'colcon_meta'
[0.174s] Level 1:colcon.colcon_core.package_identification:_identify(.) by extensions ['ros']
[0.174s] Level 1:colcon.colcon_core.package_identification:_identify(.) by extension 'ros'
[0.198s] Level 1:colcon.colcon_core.package_identification:_identify(.) by extensions ['cmake', 'python']
[0.198s] Level 1:colcon.colcon_core.package_identification:_identify(.) by extension 'cmake'
[0.198s] Level 1:colcon.colcon_core.package_identification:_identify(.) by extension 'python'
[0.198s] Level 1:colcon.colcon_core.package_identification:_identify(.) by extensions ['python_setup_py']
[0.198s] Level 1:colcon.colcon_core.package_identification:_identify(.) by extension 'python_setup_py'
[0.198s] Level 1:colcon.colcon_core.package_identification:_identify(build) by extensions ['ignore', 'ignore_ament_install']
[0.198s] Level 1:colcon.colcon_core.package_identification:_identify(build) by extension 'ignore'
[0.198s] Level 1:colcon.colcon_core.package_identification:_identify(build) ignored
[0.198s] Level 1:colcon.colcon_core.package_identification:_identify(custom_action_interfaces) by extensions ['ignore', 'ignore_ament_install']
[0.199s] Level 1:colcon.colcon_core.package_identification:_identify(custom_action_interfaces) by extension 'ignore'
[0.199s] Level 1:colcon.colcon_core.package_identification:_identify(custom_action_interfaces) by extension 'ignore_ament_install'
[0.199s] Level 1:colcon.colcon_core.package_identification:_identify(custom_action_interfaces) by extensions ['colcon_pkg']
[0.199s] Level 1:colcon.colcon_core.package_identification:_identify(custom_action_interfaces) by extension 'colcon_pkg'
[0.199s] Level 1:colcon.colcon_core.package_identification:_identify(custom_action_interfaces) by extensions ['colcon_meta']
[0.199s] Level 1:colcon.colcon_core.package_identification:_identify(custom_action_interfaces) by extension 'colcon_meta'
[0.199s] Level 1:colcon.colcon_core.package_identification:_identify(custom_action_interfaces) by extensions ['ros']
[0.199s] Level 1:colcon.colcon_core.package_identification:_identify(custom_action_interfaces) by extension 'ros'
[0.201s] DEBUG:colcon.colcon_core.package_identification:Package 'custom_action_interfaces' with type 'ros.ament_cmake' and name 'custom_action_interfaces'
[0.201s] Level 1:colcon.colcon_core.package_identification:_identify(install) by extensions ['ignore', 'ignore_ament_install']
[0.201s] Level 1:colcon.colcon_core.package_identification:_identify(install) by extension 'ignore'
[0.201s] Level 1:colcon.colcon_core.package_identification:_identify(install) ignored
[0.201s] Level 1:colcon.colcon_core.package_identification:_identify(log) by extensions ['ignore', 'ignore_ament_install']
[0.201s] Level 1:colcon.colcon_core.package_identification:_identify(log) by extension 'ignore'
[0.201s] Level 1:colcon.colcon_core.package_identification:_identify(log) ignored
[0.201s] Level 1:colcon.colcon_core.package_identification:_identify(robot_move) by extensions ['ignore', 'ignore_ament_install']
[0.201s] Level 1:colcon.colcon_core.package_identification:_identify(robot_move) by extension 'ignore'
[0.201s] Level 1:colcon.colcon_core.package_identification:_identify(robot_move) by extension 'ignore_ament_install'
[0.201s] Level 1:colcon.colcon_core.package_identification:_identify(robot_move) by extensions ['colcon_pkg']
[0.201s] Level 1:colcon.colcon_core.package_identification:_identify(robot_move) by extension 'colcon_pkg'
[0.201s] Level 1:colcon.colcon_core.package_identification:_identify(robot_move) by extensions ['colcon_meta']
[0.201s] Level 1:colcon.colcon_core.package_identification:_identify(robot_move) by extension 'colcon_meta'
[0.201s] Level 1:colcon.colcon_core.package_identification:_identify(robot_move) by extensions ['ros']
[0.201s] Level 1:colcon.colcon_core.package_identification:_identify(robot_move) by extension 'ros'
[0.202s] DEBUG:colcon.colcon_core.package_identification:Package 'robot_move' with type 'ros.ament_cmake' and name 'robot_move'
[0.202s] Level 1:colcon.colcon_core.package_identification:_identify(ur_action_move) by extensions ['ignore', 'ignore_ament_install']
[0.202s] Level 1:colcon.colcon_core.package_identification:_identify(ur_action_move) by extension 'ignore'
[0.202s] Level 1:colcon.colcon_core.package_identification:_identify(ur_action_move) by extension 'ignore_ament_install'
[0.202s] Level 1:colcon.colcon_core.package_identification:_identify(ur_action_move) by extensions ['colcon_pkg']
[0.202s] Level 1:colcon.colcon_core.package_identification:_identify(ur_action_move) by extension 'colcon_pkg'
[0.202s] Level 1:colcon.colcon_core.package_identification:_identify(ur_action_move) by extensions ['colcon_meta']
[0.202s] Level 1:colcon.colcon_core.package_identification:_identify(ur_action_move) by extension 'colcon_meta'
[0.202s] Level 1:colcon.colcon_core.package_identification:_identify(ur_action_move) by extensions ['ros']
[0.202s] Level 1:colcon.colcon_core.package_identification:_identify(ur_action_move) by extension 'ros'
[0.203s] DEBUG:colcon.colcon_core.package_identification:Package 'ur_action_move' with type 'ros.ament_cmake' and name 'ur_action_move'
[0.203s] Level 1:colcon.colcon_core.package_discovery:discover_packages(recursive) using defaults
[0.203s] Level 1:colcon.colcon_core.package_discovery:discover_packages(ignore) discover
[0.203s] Level 1:colcon.colcon_core.package_discovery:discover_packages(ignore) using defaults
[0.203s] Level 1:colcon.colcon_core.package_discovery:discover_packages(path) discover
[0.203s] Level 1:colcon.colcon_core.package_discovery:discover_packages(path) using defaults
[0.219s] INFO:colcon.colcon_core.package_selection:Skipping not selected package 'custom_action_interfaces' in 'custom_action_interfaces'
[0.219s] INFO:colcon.colcon_core.package_selection:Skipping not selected package 'ur_action_move' in 'ur_action_move'
[0.220s] Level 1:colcon.colcon_core.package_discovery:discover_packages(prefix_path) check parameters
[0.220s] Level 1:colcon.colcon_core.package_discovery:discover_packages(prefix_path) discover
[0.220s] WARNING:colcon.colcon_ros.prefix_path.ament:The path '/home/tsi/ws_moveit2/install/moveit_msgs' in the environment variable AMENT_PREFIX_PATH doesn't exist
[0.220s] WARNING:colcon.colcon_ros.prefix_path.ament:The path '/home/tsi/ws_moveit2/install/geometric_shapes' in the environment variable AMENT_PREFIX_PATH doesn't exist
[0.221s] WARNING:colcon.colcon_ros.prefix_path.ament:The path '/home/tsi/ws_moveit2/install/ur_dashboard_msgs' in the environment variable AMENT_PREFIX_PATH doesn't exist
[0.221s] WARNING:colcon.colcon_ros.prefix_path.ament:The path '/home/tsi/ws_moveit2/install/moveit_configs_utils' in the environment variable AMENT_PREFIX_PATH doesn't exist
[0.221s] WARNING:colcon.colcon_ros.prefix_path.ament:The path '/home/tsi/ws_moveit2/install/srdfdom' in the environment variable AMENT_PREFIX_PATH doesn't exist
[0.221s] WARNING:colcon.colcon_ros.prefix_path.ament:The path '/home/tsi/ws_moveit2/install/moveit_resources_prbt_support' in the environment variable AMENT_PREFIX_PATH doesn't exist
[0.221s] WARNING:colcon.colcon_ros.prefix_path.ament:The path '/home/tsi/ws_moveit2/install/moveit_common' in the environment variable AMENT_PREFIX_PATH doesn't exist
[0.223s] WARNING:colcon.colcon_ros.prefix_path.catkin:The path '/home/tsi/ws_moveit2/install/moveit_msgs' in the environment variable CMAKE_PREFIX_PATH doesn't exist
[0.223s] WARNING:colcon.colcon_ros.prefix_path.catkin:The path '/home/tsi/ws_moveit2/install/geometric_shapes' in the environment variable CMAKE_PREFIX_PATH doesn't exist
[0.223s] WARNING:colcon.colcon_ros.prefix_path.catkin:The path '/home/tsi/ws_moveit2/install/ur_dashboard_msgs' in the environment variable CMAKE_PREFIX_PATH doesn't exist
[0.223s] WARNING:colcon.colcon_ros.prefix_path.catkin:The path '/home/tsi/ws_moveit2/install/srdfdom' in the environment variable CMAKE_PREFIX_PATH doesn't exist
[0.223s] WARNING:colcon.colcon_ros.prefix_path.catkin:The path '/home/tsi/ws_moveit2/install/moveit_resources_prbt_support' in the environment variable CMAKE_PREFIX_PATH doesn't exist
[0.223s] WARNING:colcon.colcon_ros.prefix_path.catkin:The path '/home/tsi/ws_moveit2/install/moveit_common' in the environment variable CMAKE_PREFIX_PATH doesn't exist
[0.225s] DEBUG:colcon.colcon_installed_package_information.package_discovery:Found 9 installed packages in /home/tsi/ws_moveit2/install
[0.227s] DEBUG:colcon.colcon_installed_package_information.package_discovery:Found 45 installed packages in /home/tsi/workspace/install
[0.229s] DEBUG:colcon.colcon_installed_package_information.package_discovery:Found 414 installed packages in /opt/ros/jazzy
[0.232s] Level 1:colcon.colcon_core.package_discovery:discover_packages(prefix_path) using defaults
[0.311s] Level 5:colcon.colcon_core.verb:set package 'robot_move' build argument 'cmake_args' from command line to 'None'
[0.311s] Level 5:colcon.colcon_core.verb:set package 'robot_move' build argument 'cmake_target' from command line to 'None'
[0.311s] Level 5:colcon.colcon_core.verb:set package 'robot_move' build argument 'cmake_target_skip_unavailable' from command line to 'False'
[0.311s] Level 5:colcon.colcon_core.verb:set package 'robot_move' build argument 'cmake_clean_cache' from command line to 'False'
[0.311s] Level 5:colcon.colcon_core.verb:set package 'robot_move' build argument 'cmake_clean_first' from command line to 'False'
[0.311s] Level 5:colcon.colcon_core.verb:set package 'robot_move' build argument 'cmake_force_configure' from command line to 'False'
[0.311s] Level 5:colcon.colcon_core.verb:set package 'robot_move' build argument 'ament_cmake_args' from command line to 'None'
[0.311s] Level 5:colcon.colcon_core.verb:set package 'robot_move' build argument 'catkin_cmake_args' from command line to 'None'
[0.311s] Level 5:colcon.colcon_core.verb:set package 'robot_move' build argument 'catkin_skip_building_tests' from command line to 'False'
[0.311s] DEBUG:colcon.colcon_core.verb:Building package 'robot_move' with the following arguments: {'ament_cmake_args': None, 'build_base': '/home/tsi/ws_moveit2/src/build/robot_move', 'catkin_cmake_args': None, 'catkin_skip_building_tests': False, 'cmake_args': None, 'cmake_clean_cache': False, 'cmake_clean_first': False, 'cmake_force_configure': False, 'cmake_target': None, 'cmake_target_skip_unavailable': False, 'install_base': '/home/tsi/ws_moveit2/src/install/robot_move', 'merge_install': False, 'path': '/home/tsi/ws_moveit2/src/robot_move', 'symlink_install': False, 'test_result_base': None}
[0.311s] INFO:colcon.colcon_core.executor:Executing jobs using 'parallel' executor
[0.312s] DEBUG:colcon.colcon_parallel_executor.executor.parallel:run_until_complete
[0.312s] INFO:colcon.colcon_ros.task.ament_cmake.build:Building ROS package in '/home/tsi/ws_moveit2/src/robot_move' with build type 'ament_cmake'
[0.312s] INFO:colcon.colcon_cmake.task.cmake.build:Building CMake package in '/home/tsi/ws_moveit2/src/robot_move'
[0.315s] INFO:colcon.colcon_core.plugin_system:Skipping extension 'colcon_core.shell.bat': Not used on non-Windows systems
[0.315s] INFO:colcon.colcon_core.shell:Skip shell extension 'powershell' for command environment: Not usable outside of PowerShell
[0.315s] DEBUG:colcon.colcon_core.shell:Skip shell extension 'dsv' for command environment
[0.336s] DEBUG:colcon.colcon_core.event_handler.log_command:Invoking command in '/home/tsi/ws_moveit2/src/build/robot_move': CMAKE_PREFIX_PATH=${CMAKE_PREFIX_PATH}:/home/tsi/ws_moveit2/install/moveit_configs_utils:/home/tsi/workspace/install/moveit_configs_utils:/opt/ros/jazzy DEBUGINFOD_URLS=https://debuginfod.ubuntu.com /usr/bin/cmake /home/tsi/ws_moveit2/src/robot_move -DCMAKE_INSTALL_PREFIX=/home/tsi/ws_moveit2/src/install/robot_move
[6.030s] DEBUG:colcon.colcon_core.event_handler.log_command:Invoked command in '/home/tsi/ws_moveit2/src/build/robot_move' returned '0': CMAKE_PREFIX_PATH=${CMAKE_PREFIX_PATH}:/home/tsi/ws_moveit2/install/moveit_configs_utils:/home/tsi/workspace/install/moveit_configs_utils:/opt/ros/jazzy DEBUGINFOD_URLS=https://debuginfod.ubuntu.com /usr/bin/cmake /home/tsi/ws_moveit2/src/robot_move -DCMAKE_INSTALL_PREFIX=/home/tsi/ws_moveit2/src/install/robot_move
[6.032s] DEBUG:colcon.colcon_core.event_handler.log_command:Invoking command in '/home/tsi/ws_moveit2/src/build/robot_move': CMAKE_PREFIX_PATH=${CMAKE_PREFIX_PATH}:/home/tsi/ws_moveit2/install/moveit_configs_utils:/home/tsi/workspace/install/moveit_configs_utils:/opt/ros/jazzy DEBUGINFOD_URLS=https://debuginfod.ubuntu.com /usr/bin/cmake --build /home/tsi/ws_moveit2/src/build/robot_move -- -j12 -l12
[10.736s] DEBUG:colcon.colcon_core.event_handler.log_command:Invoked command in '/home/tsi/ws_moveit2/src/build/robot_move' returned '0': CMAKE_PREFIX_PATH=${CMAKE_PREFIX_PATH}:/home/tsi/ws_moveit2/install/moveit_configs_utils:/home/tsi/workspace/install/moveit_configs_utils:/opt/ros/jazzy DEBUGINFOD_URLS=https://debuginfod.ubuntu.com /usr/bin/cmake --build /home/tsi/ws_moveit2/src/build/robot_move -- -j12 -l12
[10.757s] DEBUG:colcon.colcon_core.event_handler.log_command:Invoking command in '/home/tsi/ws_moveit2/src/build/robot_move': CMAKE_PREFIX_PATH=${CMAKE_PREFIX_PATH}:/home/tsi/ws_moveit2/install/moveit_configs_utils:/home/tsi/workspace/install/moveit_configs_utils:/opt/ros/jazzy DEBUGINFOD_URLS=https://debuginfod.ubuntu.com /usr/bin/cmake --install /home/tsi/ws_moveit2/src/build/robot_move
[10.883s] Level 1:colcon.colcon_core.environment:create_environment_scripts_only(robot_move)
[10.885s] DEBUG:colcon.colcon_core.event_handler.log_command:Invoked command in '/home/tsi/ws_moveit2/src/build/robot_move' returned '0': CMAKE_PREFIX_PATH=${CMAKE_PREFIX_PATH}:/home/tsi/ws_moveit2/install/moveit_configs_utils:/home/tsi/workspace/install/moveit_configs_utils:/opt/ros/jazzy DEBUGINFOD_URLS=https://debuginfod.ubuntu.com /usr/bin/cmake --install /home/tsi/ws_moveit2/src/build/robot_move
[10.890s] Level 1:colcon.colcon_core.environment:checking '/home/tsi/ws_moveit2/src/install/robot_move' for CMake module files
[10.893s] Level 1:colcon.colcon_core.environment:checking '/home/tsi/ws_moveit2/src/install/robot_move' for CMake config files
[10.894s] Level 1:colcon.colcon_core.shell:create_environment_hook('robot_move', 'cmake_prefix_path')
[10.894s] INFO:colcon.colcon_core.shell:Creating environment hook '/home/tsi/ws_moveit2/src/install/robot_move/share/robot_move/hook/cmake_prefix_path.ps1'
[10.895s] INFO:colcon.colcon_core.shell:Creating environment descriptor '/home/tsi/ws_moveit2/src/install/robot_move/share/robot_move/hook/cmake_prefix_path.dsv'
[10.896s] INFO:colcon.colcon_core.shell:Creating environment hook '/home/tsi/ws_moveit2/src/install/robot_move/share/robot_move/hook/cmake_prefix_path.sh'
[10.898s] Level 1:colcon.colcon_core.environment:checking '/home/tsi/ws_moveit2/src/install/robot_move/lib'
[10.898s] Level 1:colcon.colcon_core.shell:create_environment_hook('robot_move', 'ld_library_path_lib')
[10.898s] INFO:colcon.colcon_core.shell:Creating environment hook '/home/tsi/ws_moveit2/src/install/robot_move/share/robot_move/hook/ld_library_path_lib.ps1'
[10.899s] INFO:colcon.colcon_core.shell:Creating environment descriptor '/home/tsi/ws_moveit2/src/install/robot_move/share/robot_move/hook/ld_library_path_lib.dsv'
[10.900s] INFO:colcon.colcon_core.shell:Creating environment hook '/home/tsi/ws_moveit2/src/install/robot_move/share/robot_move/hook/ld_library_path_lib.sh'
[10.900s] Level 1:colcon.colcon_core.environment:checking '/home/tsi/ws_moveit2/src/install/robot_move/bin'
[10.900s] Level 1:colcon.colcon_core.environment:checking '/home/tsi/ws_moveit2/src/install/robot_move/lib/pkgconfig/robot_move.pc'
[10.901s] Level 1:colcon.colcon_core.environment:checking '/home/tsi/ws_moveit2/src/install/robot_move/lib/python3.12/site-packages'
[10.901s] Level 1:colcon.colcon_core.shell:create_environment_hook('robot_move', 'pythonpath')
[10.901s] INFO:colcon.colcon_core.shell:Creating environment hook '/home/tsi/ws_moveit2/src/install/robot_move/share/robot_move/hook/pythonpath.ps1'
[10.902s] INFO:colcon.colcon_core.shell:Creating environment descriptor '/home/tsi/ws_moveit2/src/install/robot_move/share/robot_move/hook/pythonpath.dsv'
[10.903s] INFO:colcon.colcon_core.shell:Creating environment hook '/home/tsi/ws_moveit2/src/install/robot_move/share/robot_move/hook/pythonpath.sh'
[10.904s] Level 1:colcon.colcon_core.environment:checking '/home/tsi/ws_moveit2/src/install/robot_move/bin'
[10.904s] INFO:colcon.colcon_core.shell:Creating package script '/home/tsi/ws_moveit2/src/install/robot_move/share/robot_move/package.ps1'
[10.905s] INFO:colcon.colcon_core.shell:Creating package descriptor '/home/tsi/ws_moveit2/src/install/robot_move/share/robot_move/package.dsv'
[10.906s] INFO:colcon.colcon_core.shell:Creating package script '/home/tsi/ws_moveit2/src/install/robot_move/share/robot_move/package.sh'
[10.907s] INFO:colcon.colcon_core.shell:Creating package script '/home/tsi/ws_moveit2/src/install/robot_move/share/robot_move/package.bash'
[10.908s] INFO:colcon.colcon_core.shell:Creating package script '/home/tsi/ws_moveit2/src/install/robot_move/share/robot_move/package.zsh'
[10.908s] Level 1:colcon.colcon_core.environment:create_file_with_runtime_dependencies(/home/tsi/ws_moveit2/src/install/robot_move/share/colcon-core/packages/robot_move)
[10.909s] Level 1:colcon.colcon_core.environment:create_environment_scripts_only(robot_move)
[10.909s] Level 1:colcon.colcon_core.environment:checking '/home/tsi/ws_moveit2/src/install/robot_move' for CMake module files
[10.910s] Level 1:colcon.colcon_core.environment:checking '/home/tsi/ws_moveit2/src/install/robot_move' for CMake config files
[10.911s] Level 1:colcon.colcon_core.shell:create_environment_hook('robot_move', 'cmake_prefix_path')
[10.911s] INFO:colcon.colcon_core.shell:Creating environment hook '/home/tsi/ws_moveit2/src/install/robot_move/share/robot_move/hook/cmake_prefix_path.ps1'
[10.911s] INFO:colcon.colcon_core.shell:Creating environment descriptor '/home/tsi/ws_moveit2/src/install/robot_move/share/robot_move/hook/cmake_prefix_path.dsv'
[10.912s] INFO:colcon.colcon_core.shell:Creating environment hook '/home/tsi/ws_moveit2/src/install/robot_move/share/robot_move/hook/cmake_prefix_path.sh'
[10.913s] Level 1:colcon.colcon_core.environment:checking '/home/tsi/ws_moveit2/src/install/robot_move/lib'
[10.913s] Level 1:colcon.colcon_core.shell:create_environment_hook('robot_move', 'ld_library_path_lib')
[10.913s] INFO:colcon.colcon_core.shell:Creating environment hook '/home/tsi/ws_moveit2/src/install/robot_move/share/robot_move/hook/ld_library_path_lib.ps1'
[10.914s] INFO:colcon.colcon_core.shell:Creating environment descriptor '/home/tsi/ws_moveit2/src/install/robot_move/share/robot_move/hook/ld_library_path_lib.dsv'
[10.915s] INFO:colcon.colcon_core.shell:Creating environment hook '/home/tsi/ws_moveit2/src/install/robot_move/share/robot_move/hook/ld_library_path_lib.sh'
[10.915s] Level 1:colcon.colcon_core.environment:checking '/home/tsi/ws_moveit2/src/install/robot_move/bin'
[10.915s] Level 1:colcon.colcon_core.environment:checking '/home/tsi/ws_moveit2/src/install/robot_move/lib/pkgconfig/robot_move.pc'
[10.916s] Level 1:colcon.colcon_core.environment:checking '/home/tsi/ws_moveit2/src/install/robot_move/lib/python3.12/site-packages'
[10.916s] Level 1:colcon.colcon_core.shell:create_environment_hook('robot_move', 'pythonpath')
[10.916s] INFO:colcon.colcon_core.shell:Creating environment hook '/home/tsi/ws_moveit2/src/install/robot_move/share/robot_move/hook/pythonpath.ps1'
[10.916s] INFO:colcon.colcon_core.shell:Creating environment descriptor '/home/tsi/ws_moveit2/src/install/robot_move/share/robot_move/hook/pythonpath.dsv'
[10.917s] INFO:colcon.colcon_core.shell:Creating environment hook '/home/tsi/ws_moveit2/src/install/robot_move/share/robot_move/hook/pythonpath.sh'
[10.917s] Level 1:colcon.colcon_core.environment:checking '/home/tsi/ws_moveit2/src/install/robot_move/bin'
[10.918s] INFO:colcon.colcon_core.shell:Creating package script '/home/tsi/ws_moveit2/src/install/robot_move/share/robot_move/package.ps1'
[10.918s] INFO:colcon.colcon_core.shell:Creating package descriptor '/home/tsi/ws_moveit2/src/install/robot_move/share/robot_move/package.dsv'
[10.919s] INFO:colcon.colcon_core.shell:Creating package script '/home/tsi/ws_moveit2/src/install/robot_move/share/robot_move/package.sh'
[10.919s] INFO:colcon.colcon_core.shell:Creating package script '/home/tsi/ws_moveit2/src/install/robot_move/share/robot_move/package.bash'
[10.919s] INFO:colcon.colcon_core.shell:Creating package script '/home/tsi/ws_moveit2/src/install/robot_move/share/robot_move/package.zsh'
[10.920s] Level 1:colcon.colcon_core.environment:create_file_with_runtime_dependencies(/home/tsi/ws_moveit2/src/install/robot_move/share/colcon-core/packages/robot_move)
[10.920s] DEBUG:colcon.colcon_parallel_executor.executor.parallel:closing loop
[10.920s] DEBUG:colcon.colcon_parallel_executor.executor.parallel:loop closed
[10.920s] DEBUG:colcon.colcon_parallel_executor.executor.parallel:run_until_complete finished with '0'
[10.920s] DEBUG:colcon.colcon_core.event_reactor:joining thread
[10.960s] INFO:colcon.colcon_core.plugin_system:Skipping extension 'colcon_notification.desktop_notification.terminal_notifier': Not used on non-Darwin systems
[10.960s] INFO:colcon.colcon_core.plugin_system:Skipping extension 'colcon_notification.desktop_notification.win32': Not used on non-Windows systems
[10.960s] INFO:colcon.colcon_notification.desktop_notification:Sending desktop notification using 'notify2'
[10.988s] DEBUG:colcon.colcon_core.event_reactor:joined thread
[10.988s] INFO:colcon.colcon_core.shell:Creating prefix script '/home/tsi/ws_moveit2/src/install/local_setup.ps1'
[10.990s] INFO:colcon.colcon_core.shell:Creating prefix util module '/home/tsi/ws_moveit2/src/install/_local_setup_util_ps1.py'
[10.993s] INFO:colcon.colcon_core.shell:Creating prefix chain script '/home/tsi/ws_moveit2/src/install/setup.ps1'
[11.002s] INFO:colcon.colcon_core.shell:Creating prefix script '/home/tsi/ws_moveit2/src/install/local_setup.sh'
[11.003s] INFO:colcon.colcon_core.shell:Creating prefix util module '/home/tsi/ws_moveit2/src/install/_local_setup_util_sh.py'
[11.004s] INFO:colcon.colcon_core.shell:Creating prefix chain script '/home/tsi/ws_moveit2/src/install/setup.sh'
[11.010s] INFO:colcon.colcon_core.shell:Creating prefix script '/home/tsi/ws_moveit2/src/install/local_setup.bash'
[11.011s] INFO:colcon.colcon_core.shell:Creating prefix chain script '/home/tsi/ws_moveit2/src/install/setup.bash'
[11.016s] INFO:colcon.colcon_core.shell:Creating prefix script '/home/tsi/ws_moveit2/src/install/local_setup.zsh'
[11.016s] INFO:colcon.colcon_core.shell:Creating prefix chain script '/home/tsi/ws_moveit2/src/install/setup.zsh'
