[0.027s] Invoking command in '/home/tsi/ws_moveit2/build/move_relative_ur': CMAKE_PREFIX_PATH=${CMAKE_PREFIX_PATH}:/home/tsi/workspace/install/moveit_configs_utils:/opt/ros/jazzy DEBUGINFOD_URLS=https://debuginfod.ubuntu.com /usr/bin/cmake --build /home/tsi/ws_moveit2/build/move_relative_ur -- -j12 -l12
[0.174s] [  2%] Built target move_relative_ur__rosidl_generator_type_description
[0.196s] [  2%] Built target ament_cmake_python_symlink_move_relative_ur
[0.218s] [  5%] Built target move_relative_ur__cpp
[0.229s] [ 18%] Built target move_relative_ur__rosidl_generator_c
[0.274s] [ 26%] Built target move_relative_ur__rosidl_typesupport_introspection_c
[0.278s] [ 34%] Built target move_relative_ur__rosidl_typesupport_c
[0.280s] [ 42%] Built target move_relative_ur__rosidl_typesupport_cpp
[0.282s] [ 52%] Built target move_relative_ur__rosidl_typesupport_fastrtps_cpp
[0.282s] [ 57%] Built target move_relative_ur__rosidl_typesupport_fastrtps_c
[0.284s] [ 65%] Built target move_relative_ur__rosidl_typesupport_introspection_cpp
[0.330s] [ 65%] Built target move_relative_ur
[0.333s] [ 71%] Built target move_relative_node
[0.345s] [ 73%] [32mBuilding CXX object CMakeFiles/robot_monitoring_node.dir/src/move_monitoring_node.cpp.o[0m
[0.364s] [ 76%] Built target move_relative_ur__py
[0.418s] [ 81%] Built target move_relative_ur__rosidl_generator_py
[0.461s] [ 86%] Built target move_relative_ur_s__rosidl_typesupport_introspection_c
[0.467s] [ 92%] Built target move_relative_ur_s__rosidl_typesupport_c
[0.474s] [ 97%] Built target move_relative_ur_s__rosidl_typesupport_fastrtps_c
[0.609s] running egg_info
[0.659s] writing move_relative_ur.egg-info/PKG-INFO
[0.660s] writing dependency_links to move_relative_ur.egg-info/dependency_links.txt
[0.660s] writing top-level names to move_relative_ur.egg-info/top_level.txt
[0.781s] reading manifest file 'move_relative_ur.egg-info/SOURCES.txt'
[0.782s] writing manifest file 'move_relative_ur.egg-info/SOURCES.txt'
[0.832s] [ 97%] Built target ament_cmake_python_build_move_relative_ur_egg
[3.136s] In file included from [01m[K/opt/ros/jazzy/include/rclcpp/rclcpp/logging.hpp:24[m[K,
[3.136s]                  from [01m[K/opt/ros/jazzy/include/rclcpp/rclcpp/copy_all_parameter_values.hpp:27[m[K,
[3.137s]                  from [01m[K/opt/ros/jazzy/include/rclcpp/rclcpp/rclcpp.hpp:171[m[K,
[3.137s]                  from [01m[K/home/tsi/ws_moveit2/src/move_relative_ur/src/move_monitoring_node.cpp:1[m[K:
[3.137s] [01m[K/home/tsi/ws_moveit2/src/move_relative_ur/src/move_monitoring_node.cpp:[m[K In member function ‘[01m[Kvoid RobotMonitoringNode::[01;32m[KrobotProgramState[m[K(rclcpp::Client<ur_dashboard_msgs::srv::IsProgramRunning>::SharedFuture)[m[K’:
[3.138s] [01m[K/home/tsi/ws_moveit2/src/move_relative_ur/src/move_monitoring_node.cpp:86:115:[m[K [01;31m[Kerror: [m[Kno matching function for call to ‘[01m[Kstd::__cxx11::basic_string<char>::basic_string(ur_dashboard_msgs::srv::IsProgramRunning_Response_<std::allocator<void> >::_program_running_type&)[m[K’
[3.138s]    86 |             RCLCPP_INFO(this->get_logger(), "🟢 program_running?: %s", std::string(state_response->program_running[01;31m[K)[m[K);
[3.138s]       |                                                                                                                   [01;31m[K^[m[K
[3.139s] In file included from [01m[K/usr/include/c++/13/string:54[m[K,
[3.139s]                  from [01m[K/opt/ros/jazzy/include/rclcpp/rclcpp/copy_all_parameter_values.hpp:18[m[K:
[3.139s] [01m[K/usr/include/c++/13/bits/basic_string.h:795:9:[m[K [01;36m[Knote: [m[Kcandidate: ‘[01m[Ktemplate<class _Tp, class> std::__cxx11::basic_string<_CharT, _Traits, _Alloc>::[01;32m[Kbasic_string[m[K(const _Tp&, const _Alloc&) [35m[K[with <template-parameter-2-2> = _Tp; _CharT = char; _Traits = std::char_traits<char>; _Alloc = std::allocator<char>][m[K[m[K’
[3.140s]   795 |         [01;36m[Kbasic_string[m[K(const _Tp& __t, const _Alloc& __a = _Alloc())
[3.140s]       |         [01;36m[K^~~~~~~~~~~~[m[K
[3.140s] [01m[K/usr/include/c++/13/bits/basic_string.h:795:9:[m[K [01;36m[Knote: [m[K  template argument deduction/substitution failed:
[3.141s] In file included from [01m[K/usr/include/c++/13/bits/move.h:37[m[K,
[3.141s]                  from [01m[K/usr/include/c++/13/bits/new_allocator.h:36[m[K,
[3.141s]                  from [01m[K/usr/include/x86_64-linux-gnu/c++/13/bits/c++allocator.h:33[m[K,
[3.142s]                  from [01m[K/usr/include/c++/13/bits/allocator.h:46[m[K,
[3.142s]                  from [01m[K/usr/include/c++/13/memory:65[m[K,
[3.142s]                  from [01m[K/opt/ros/jazzy/include/rclcpp/rclcpp/rclcpp.hpp:169[m[K:
[3.143s] /usr/include/c++/13/type_traits: In substitution of ‘[01m[Ktemplate<bool _Cond, class _Tp> using std::enable_if_t = typename std::enable_if::type [35m[K[with bool _Cond = false; _Tp = void][m[K[m[K’:
[3.143s] [01m[K/usr/include/c++/13/bits/basic_string.h:144:8:[m[K   required by substitution of ‘[01m[Ktemplate<class _CharT, class _Traits, class _Alloc> template<class _Tp, class _Res> using std::__cxx11::basic_string<_CharT, _Traits, _Alloc>::_If_sv = std::enable_if_t<std::__and_<std::is_convertible<const _Tp&, std::basic_string_view<_CharT, _Traits> >, std::__not_<std::is_convertible<const _Tp*, const std::__cxx11::basic_string<_CharT, _Traits, _Alloc>*> >, std::__not_<std::is_convertible<const _Tp&, const _CharT*> > >::value, _Res> [35m[K[with _Tp = bool; _Res = void; _CharT = char; _Traits = std::char_traits<char>; _Alloc = std::allocator<char>][m[K[m[K’
[3.143s] [01m[K/usr/include/c++/13/bits/basic_string.h:792:30:[m[K   required from here
[3.144s] [01m[K/usr/include/c++/13/type_traits:2610:11:[m[K [01;31m[Kerror: [m[Kno type named ‘[01m[Ktype[m[K’ in ‘[01m[Kstruct std::enable_if<false, void>[m[K’
[3.144s]  2610 |     using [01;31m[Kenable_if_t[m[K = typename enable_if<_Cond, _Tp>::type;
[3.145s]       |           [01;31m[K^~~~~~~~~~~[m[K
[3.145s] [01m[K/usr/include/c++/13/bits/basic_string.h:783:9:[m[K [01;36m[Knote: [m[Kcandidate: ‘[01m[Ktemplate<class _Tp, class> std::__cxx11::basic_string<_CharT, _Traits, _Alloc>::[01;32m[Kbasic_string[m[K(const _Tp&, size_type, size_type, const _Alloc&) [35m[K[with <template-parameter-2-2> = _Tp; _CharT = char; _Traits = std::char_traits<char>; _Alloc = std::allocator<char>][m[K[m[K’
[3.145s]   783 |         [01;36m[Kbasic_string[m[K(const _Tp& __t, size_type __pos, size_type __n,
[3.145s]       |         [01;36m[K^~~~~~~~~~~~[m[K
[3.145s] [01m[K/usr/include/c++/13/bits/basic_string.h:783:9:[m[K [01;36m[Knote: [m[K  template argument deduction/substitution failed:
[3.146s] [01m[K/home/tsi/ws_moveit2/src/move_relative_ur/src/move_monitoring_node.cpp:86:115:[m[K [01;36m[Knote: [m[K  candidate expects 4 arguments, 1 provided
[3.146s]    86 |             RCLCPP_INFO(this->get_logger(), "🟢 program_running?: %s", std::string(state_response->program_running[01;36m[K)[m[K);
[3.146s]       |                                                                                                                   [01;36m[K^[m[K
[3.146s] [01m[K/usr/include/c++/13/bits/basic_string.h:760:9:[m[K [01;36m[Knote: [m[Kcandidate: ‘[01m[Ktemplate<class _InputIterator, class> std::__cxx11::basic_string<_CharT, _Traits, _Alloc>::[01;32m[Kbasic_string[m[K(_InputIterator, _InputIterator, const _Alloc&) [35m[K[with <template-parameter-2-2> = _InputIterator; _CharT = char; _Traits = std::char_traits<char>; _Alloc = std::allocator<char>][m[K[m[K’
[3.147s]   760 |         [01;36m[Kbasic_string[m[K(_InputIterator __beg, _InputIterator __end,
[3.147s]       |         [01;36m[K^~~~~~~~~~~~[m[K
[3.147s] [01m[K/usr/include/c++/13/bits/basic_string.h:760:9:[m[K [01;36m[Knote: [m[K  template argument deduction/substitution failed:
[3.147s] [01m[K/home/tsi/ws_moveit2/src/move_relative_ur/src/move_monitoring_node.cpp:86:115:[m[K [01;36m[Knote: [m[K  candidate expects 3 arguments, 1 provided
[3.147s]    86 |             RCLCPP_INFO(this->get_logger(), "🟢 program_running?: %s", std::string(state_response->program_running[01;36m[K)[m[K);
[3.148s]       |                                                                                                                   [01;36m[K^[m[K
[3.148s] [01m[K/usr/include/c++/13/bits/basic_string.h:664:7:[m[K [01;36m[Knote: [m[Kcandidate: ‘[01m[Ktemplate<class> std::__cxx11::basic_string<_CharT, _Traits, _Alloc>::[01;32m[Kbasic_string[m[K(size_type, _CharT, const _Alloc&) [35m[K[with _CharT = char; _Traits = std::char_traits<char>; _Alloc = std::allocator<char>][m[K[m[K’
[3.148s]   664 |       [01;36m[Kbasic_string[m[K(size_type __n, _CharT __c, const _Alloc& __a = _Alloc())
[3.148s]       |       [01;36m[K^~~~~~~~~~~~[m[K
[3.149s] [01m[K/usr/include/c++/13/bits/basic_string.h:664:7:[m[K [01;36m[Knote: [m[K  template argument deduction/substitution failed:
[3.149s] [01m[K/home/tsi/ws_moveit2/src/move_relative_ur/src/move_monitoring_node.cpp:86:115:[m[K [01;36m[Knote: [m[K  candidate expects 3 arguments, 1 provided
[3.149s]    86 |             RCLCPP_INFO(this->get_logger(), "🟢 program_running?: %s", std::string(state_response->program_running[01;36m[K)[m[K);
[3.149s]       |                                                                                                                   [01;36m[K^[m[K
[3.149s] [01m[K/usr/include/c++/13/bits/basic_string.h:641:7:[m[K [01;36m[Knote: [m[Kcandidate: ‘[01m[Ktemplate<class> std::__cxx11::basic_string<_CharT, _Traits, _Alloc>::[01;32m[Kbasic_string[m[K(const _CharT*, const _Alloc&) [35m[K[with _CharT = char; _Traits = std::char_traits<char>; _Alloc = std::allocator<char>][m[K[m[K’
[3.150s]   641 |       [01;36m[Kbasic_string[m[K(const _CharT* __s, const _Alloc& __a = _Alloc())
[3.150s]       |       [01;36m[K^~~~~~~~~~~~[m[K
[3.150s] [01m[K/usr/include/c++/13/bits/basic_string.h:641:7:[m[K [01;36m[Knote: [m[K  template argument deduction/substitution failed:
[3.150s] [01m[K/home/tsi/ws_moveit2/src/move_relative_ur/src/move_monitoring_node.cpp:86:100:[m[K [01;36m[Knote: [m[K  cannot convert ‘[01m[K((std::__shared_ptr_access<ur_dashboard_msgs::srv::IsProgramRunning_Response_<std::allocator<void> >, __gnu_cxx::_S_atomic, false, false>*)(& state_response))->std::__shared_ptr_access<ur_dashboard_msgs::srv::IsProgramRunning_Response_<std::allocator<void> >, __gnu_cxx::_S_atomic, false, false>::operator->()->ur_dashboard_msgs::srv::IsProgramRunning_Response_<std::allocator<void> >::program_running[m[K’ (type ‘[01m[Kur_dashboard_msgs::srv::IsProgramRunning_Response_<std::allocator<void> >::_program_running_type[m[K’ {aka ‘[01m[Kbool[m[K’}) to type ‘[01m[Kconst char*[m[K’
[3.151s]    86 |             RCLCPP_INFO(this->get_logger(), "🟢 program_running?: %s", std::string([01;36m[Kstate_response->program_running[m[K));
[3.151s]       |                                                                                    [01;36m[K~~~~~~~~~~~~~~~~^~~~~~~~~~~~~~~[m[K
[3.151s] [01m[K/usr/include/c++/13/bits/basic_string.h:716:7:[m[K [01;36m[Knote: [m[Kcandidate: ‘[01m[Kstd::__cxx11::basic_string<_CharT, _Traits, _Alloc>::[01;32m[Kbasic_string[m[K(std::__cxx11::basic_string<_CharT, _Traits, _Alloc>&&, const _Alloc&) [35m[K[with _CharT = char; _Traits = std::char_traits<char>; _Alloc = std::allocator<char>][m[K[m[K’
[3.151s]   716 |       [01;36m[Kbasic_string[m[K(basic_string&& __str, const _Alloc& __a)
[3.151s]       |       [01;36m[K^~~~~~~~~~~~[m[K
[3.152s] [01m[K/usr/include/c++/13/bits/basic_string.h:716:7:[m[K [01;36m[Knote: [m[K  candidate expects 2 arguments, 1 provided
[3.152s] [01m[K/usr/include/c++/13/bits/basic_string.h:711:7:[m[K [01;36m[Knote: [m[Kcandidate: ‘[01m[Kstd::__cxx11::basic_string<_CharT, _Traits, _Alloc>::[01;32m[Kbasic_string[m[K(const std::__cxx11::basic_string<_CharT, _Traits, _Alloc>&, const _Alloc&) [35m[K[with _CharT = char; _Traits = std::char_traits<char>; _Alloc = std::allocator<char>][m[K[m[K’
[3.152s]   711 |       [01;36m[Kbasic_string[m[K(const basic_string& __str, const _Alloc& __a)
[3.152s]       |       [01;36m[K^~~~~~~~~~~~[m[K
[3.153s] [01m[K/usr/include/c++/13/bits/basic_string.h:711:7:[m[K [01;36m[Knote: [m[K  candidate expects 2 arguments, 1 provided
[3.153s] [01m[K/usr/include/c++/13/bits/basic_string.h:706:7:[m[K [01;36m[Knote: [m[Kcandidate: ‘[01m[Kstd::__cxx11::basic_string<_CharT, _Traits, _Alloc>::[01;32m[Kbasic_string[m[K(std::initializer_list<_Tp>, const _Alloc&) [35m[K[with _CharT = char; _Traits = std::char_traits<char>; _Alloc = std::allocator<char>][m[K[m[K’
[3.153s]   706 |       [01;36m[Kbasic_string[m[K(initializer_list<_CharT> __l, const _Alloc& __a = _Alloc())
[3.153s]       |       [01;36m[K^~~~~~~~~~~~[m[K
[3.153s] [01m[K/usr/include/c++/13/bits/basic_string.h:706:45:[m[K [01;36m[Knote: [m[K  no known conversion for argument 1 from ‘[01m[Kur_dashboard_msgs::srv::IsProgramRunning_Response_<std::allocator<void> >::_program_running_type[m[K’ {aka ‘[01m[Kbool[m[K’} to ‘[01m[Kstd::initializer_list<char>[m[K’
[3.154s]   706 |       basic_string([01;36m[Kinitializer_list<_CharT> __l[m[K, const _Alloc& __a = _Alloc())
[3.154s]       |                    [01;36m[K~~~~~~~~~~~~~~~~~~~~~~~~~^~~[m[K
[3.154s] [01m[K/usr/include/c++/13/bits/basic_string.h:677:7:[m[K [01;36m[Knote: [m[Kcandidate: ‘[01m[Kstd::__cxx11::basic_string<_CharT, _Traits, _Alloc>::[01;32m[Kbasic_string[m[K(std::__cxx11::basic_string<_CharT, _Traits, _Alloc>&&) [35m[K[with _CharT = char; _Traits = std::char_traits<char>; _Alloc = std::allocator<char>][m[K[m[K’
[3.154s]   677 |       [01;36m[Kbasic_string[m[K(basic_string&& __str) noexcept
[3.154s]       |       [01;36m[K^~~~~~~~~~~~[m[K
[3.155s] [01m[K/usr/include/c++/13/bits/basic_string.h:677:35:[m[K [01;36m[Knote: [m[K  no known conversion for argument 1 from ‘[01m[Kur_dashboard_msgs::srv::IsProgramRunning_Response_<std::allocator<void> >::_program_running_type[m[K’ {aka ‘[01m[Kbool[m[K’} to ‘[01m[Kstd::__cxx11::basic_string<char>&&[m[K’
[3.155s]   677 |       basic_string([01;36m[Kbasic_string&& __str[m[K) noexcept
[3.155s]       |                    [01;36m[K~~~~~~~~~~~~~~~^~~~~[m[K
[3.155s] [01m[K/usr/include/c++/13/bits/basic_string.h:619:7:[m[K [01;36m[Knote: [m[Kcandidate: ‘[01m[Kstd::__cxx11::basic_string<_CharT, _Traits, _Alloc>::[01;32m[Kbasic_string[m[K(const _CharT*, size_type, const _Alloc&) [35m[K[with _CharT = char; _Traits = std::char_traits<char>; _Alloc = std::allocator<char>; size_type = long unsigned int][m[K[m[K’
[3.155s]   619 |       [01;36m[Kbasic_string[m[K(const _CharT* __s, size_type __n,
[3.155s]       |       [01;36m[K^~~~~~~~~~~~[m[K
[3.156s] [01m[K/usr/include/c++/13/bits/basic_string.h:619:7:[m[K [01;36m[Knote: [m[K  candidate expects 3 arguments, 1 provided
[3.156s] [01m[K/usr/include/c++/13/bits/basic_string.h:599:7:[m[K [01;36m[Knote: [m[Kcandidate: ‘[01m[Kstd::__cxx11::basic_string<_CharT, _Traits, _Alloc>::[01;32m[Kbasic_string[m[K(const std::__cxx11::basic_string<_CharT, _Traits, _Alloc>&, size_type, size_type, const _Alloc&) [35m[K[with _CharT = char; _Traits = std::char_traits<char>; _Alloc = std::allocator<char>; size_type = long unsigned int][m[K[m[K’
[3.156s]   599 |       [01;36m[Kbasic_string[m[K(const basic_string& __str, size_type __pos,
[3.156s]       |       [01;36m[K^~~~~~~~~~~~[m[K
[3.156s] [01m[K/usr/include/c++/13/bits/basic_string.h:599:7:[m[K [01;36m[Knote: [m[K  candidate expects 4 arguments, 1 provided
[3.156s] [01m[K/usr/include/c++/13/bits/basic_string.h:581:7:[m[K [01;36m[Knote: [m[Kcandidate: ‘[01m[Kstd::__cxx11::basic_string<_CharT, _Traits, _Alloc>::[01;32m[Kbasic_string[m[K(const std::__cxx11::basic_string<_CharT, _Traits, _Alloc>&, size_type, size_type) [35m[K[with _CharT = char; _Traits = std::char_traits<char>; _Alloc = std::allocator<char>; size_type = long unsigned int][m[K[m[K’
[3.156s]   581 |       [01;36m[Kbasic_string[m[K(const basic_string& __str, size_type __pos,
[3.157s]       |       [01;36m[K^~~~~~~~~~~~[m[K
[3.157s] [01m[K/usr/include/c++/13/bits/basic_string.h:581:7:[m[K [01;36m[Knote: [m[K  candidate expects 3 arguments, 1 provided
[3.157s] [01m[K/usr/include/c++/13/bits/basic_string.h:564:7:[m[K [01;36m[Knote: [m[Kcandidate: ‘[01m[Kstd::__cxx11::basic_string<_CharT, _Traits, _Alloc>::[01;32m[Kbasic_string[m[K(const std::__cxx11::basic_string<_CharT, _Traits, _Alloc>&, size_type, const _Alloc&) [35m[K[with _CharT = char; _Traits = std::char_traits<char>; _Alloc = std::allocator<char>; size_type = long unsigned int][m[K[m[K’
[3.157s]   564 |       [01;36m[Kbasic_string[m[K(const basic_string& __str, size_type __pos,
[3.157s]       |       [01;36m[K^~~~~~~~~~~~[m[K
[3.157s] [01m[K/usr/include/c++/13/bits/basic_string.h:564:7:[m[K [01;36m[Knote: [m[K  candidate expects 3 arguments, 1 provided
[3.157s] [01m[K/usr/include/c++/13/bits/basic_string.h:547:7:[m[K [01;36m[Knote: [m[Kcandidate: ‘[01m[Kstd::__cxx11::basic_string<_CharT, _Traits, _Alloc>::[01;32m[Kbasic_string[m[K(const std::__cxx11::basic_string<_CharT, _Traits, _Alloc>&) [35m[K[with _CharT = char; _Traits = std::char_traits<char>; _Alloc = std::allocator<char>][m[K[m[K’
[3.158s]   547 |       [01;36m[Kbasic_string[m[K(const basic_string& __str)
[3.158s]       |       [01;36m[K^~~~~~~~~~~~[m[K
[3.158s] [01m[K/usr/include/c++/13/bits/basic_string.h:547:40:[m[K [01;36m[Knote: [m[K  no known conversion for argument 1 from ‘[01m[Kur_dashboard_msgs::srv::IsProgramRunning_Response_<std::allocator<void> >::_program_running_type[m[K’ {aka ‘[01m[Kbool[m[K’} to ‘[01m[Kconst std::__cxx11::basic_string<char>&[m[K’
[3.158s]   547 |       basic_string([01;36m[Kconst basic_string& __str[m[K)
[3.158s]       |                    [01;36m[K~~~~~~~~~~~~~~~~~~~~^~~~~[m[K
[3.158s] [01m[K/usr/include/c++/13/bits/basic_string.h:535:7:[m[K [01;36m[Knote: [m[Kcandidate: ‘[01m[Kstd::__cxx11::basic_string<_CharT, _Traits, _Alloc>::[01;32m[Kbasic_string[m[K(const _Alloc&) [35m[K[with _CharT = char; _Traits = std::char_traits<char>; _Alloc = std::allocator<char>][m[K[m[K’
[3.158s]   535 |       [01;36m[Kbasic_string[m[K(const _Alloc& __a) _GLIBCXX_NOEXCEPT
[3.159s]       |       [01;36m[K^~~~~~~~~~~~[m[K
[3.159s] [01m[K/usr/include/c++/13/bits/basic_string.h:535:34:[m[K [01;36m[Knote: [m[K  no known conversion for argument 1 from ‘[01m[Kur_dashboard_msgs::srv::IsProgramRunning_Response_<std::allocator<void> >::_program_running_type[m[K’ {aka ‘[01m[Kbool[m[K’} to ‘[01m[Kconst std::allocator<char>&[m[K’
[3.159s]   535 |       basic_string([01;36m[Kconst _Alloc& __a[m[K) _GLIBCXX_NOEXCEPT
[3.159s]       |                    [01;36m[K~~~~~~~~~~~~~~^~~[m[K
[3.159s] [01m[K/usr/include/c++/13/bits/basic_string.h:522:7:[m[K [01;36m[Knote: [m[Kcandidate: ‘[01m[Kstd::__cxx11::basic_string<_CharT, _Traits, _Alloc>::[01;32m[Kbasic_string[m[K() [35m[K[with _CharT = char; _Traits = std::char_traits<char>; _Alloc = std::allocator<char>][m[K[m[K’
[3.159s]   522 |       [01;36m[Kbasic_string[m[K()
[3.159s]       |       [01;36m[K^~~~~~~~~~~~[m[K
[3.160s] [01m[K/usr/include/c++/13/bits/basic_string.h:522:7:[m[K [01;36m[Knote: [m[K  candidate expects 0 arguments, 1 provided
[3.160s] [01m[K/usr/include/c++/13/bits/basic_string.h:176:7:[m[K [01;36m[Knote: [m[Kcandidate: ‘[01m[Kstd::__cxx11::basic_string<_CharT, _Traits, _Alloc>::[01;32m[Kbasic_string[m[K(__sv_wrapper, const _Alloc&) [35m[K[with _CharT = char; _Traits = std::char_traits<char>; _Alloc = std::allocator<char>][m[K[m[K’
[3.160s]   176 |       [01;36m[Kbasic_string[m[K(__sv_wrapper __svw, const _Alloc& __a)
[3.160s]       |       [01;36m[K^~~~~~~~~~~~[m[K
[3.160s] [01m[K/usr/include/c++/13/bits/basic_string.h:176:7:[m[K [01;36m[Knote: [m[K  candidate expects 2 arguments, 1 provided
[6.291s] gmake[2]: *** [CMakeFiles/robot_monitoring_node.dir/build.make:76: CMakeFiles/robot_monitoring_node.dir/src/move_monitoring_node.cpp.o] Error 1
[6.292s] gmake[1]: *** [CMakeFiles/Makefile2:655: CMakeFiles/robot_monitoring_node.dir/all] Error 2
[6.292s] gmake: *** [Makefile:146: all] Error 2
[6.298s] Invoked command in '/home/tsi/ws_moveit2/build/move_relative_ur' returned '2': CMAKE_PREFIX_PATH=${CMAKE_PREFIX_PATH}:/home/tsi/workspace/install/moveit_configs_utils:/opt/ros/jazzy DEBUGINFOD_URLS=https://debuginfod.ubuntu.com /usr/bin/cmake --build /home/tsi/ws_moveit2/build/move_relative_ur -- -j12 -l12
