[0.041s] Invoking command in '/home/tsi/ws_moveit2/build/move_relative_ur': CMAKE_PREFIX_PATH=${CMAKE_PREFIX_PATH}:/home/tsi/workspace/install/moveit_configs_utils:/opt/ros/jazzy DEBUGINFOD_URLS=https://debuginfod.ubuntu.com /usr/bin/cmake --build /home/tsi/ws_moveit2/build/move_relative_ur -- -j12 -l12
[0.220s] [  0%] Built target ament_cmake_python_symlink_move_relative_ur
[0.220s] [  2%] Built target move_relative_ur__rosidl_generator_type_description
[0.259s] [ 15%] Built target move_relative_ur__rosidl_generator_c
[0.261s] [ 18%] Built target move_relative_ur__cpp
[0.307s] [ 26%] Built target move_relative_ur__rosidl_typesupport_fastrtps_c
[0.308s] [ 44%] Built target move_relative_ur__rosidl_typesupport_introspection_c
[0.308s] [ 50%] Built target move_relative_ur__rosidl_typesupport_fastrtps_cpp
[0.308s] [ 50%] Built target move_relative_ur__rosidl_typesupport_cpp
[0.313s] [ 57%] Built target move_relative_ur__rosidl_typesupport_c
[0.313s] [ 65%] Built target move_relative_ur__rosidl_typesupport_introspection_cpp
[0.351s] [ 65%] Built target move_relative_ur
[0.362s] [ 68%] [32mBuilding CXX object CMakeFiles/robot_monitoring_node.dir/src/move_monitoring_node.cpp.o[0m
[0.365s] [ 73%] Built target move_relative_node
[0.390s] [ 76%] Built target move_relative_ur__py
[0.460s] [ 81%] Built target move_relative_ur__rosidl_generator_py
[0.515s] [ 92%] Built target move_relative_ur_s__rosidl_typesupport_fastrtps_c
[0.515s] [ 92%] Built target move_relative_ur_s__rosidl_typesupport_c
[0.521s] [ 97%] Built target move_relative_ur_s__rosidl_typesupport_introspection_c
[0.698s] running egg_info
[0.749s] writing move_relative_ur.egg-info/PKG-INFO
[0.750s] writing dependency_links to move_relative_ur.egg-info/dependency_links.txt
[0.750s] writing top-level names to move_relative_ur.egg-info/top_level.txt
[0.891s] reading manifest file 'move_relative_ur.egg-info/SOURCES.txt'
[0.892s] writing manifest file 'move_relative_ur.egg-info/SOURCES.txt'
[0.953s] [ 97%] Built target ament_cmake_python_build_move_relative_ur_egg
[3.188s] [01m[K/home/tsi/ws_moveit2/src/move_relative_ur/src/move_monitoring_node.cpp:[m[K In member function ‘[01m[Kvoid RobotMonitoringNode::[01;32m[KrobotProgramState[m[K(rclcpp::Client<std_srvs::srv::Trigger>::SharedFuture)[m[K’:
[3.189s] [01m[K/home/tsi/ws_moveit2/src/move_relative_ur/src/move_monitoring_node.cpp:82:31:[m[K [01;31m[Kerror: [m[Kno match for ‘[01m[Koperator==[m[K’ (operand types are ‘[01m[Kstd::shared_ptr<std_srvs::srv::Trigger_Response_<std::allocator<void> > >[m[K’ and ‘[01m[Kbool[m[K’)
[3.189s]    82 |             if([01;31m[Kstate_response == false[m[K && safe_respones > 0)
[3.189s]       |                [01;31m[K~~~~~~~~~~~~~~~^~~~~~~~[m[K
[3.189s] [01m[K/home/tsi/ws_moveit2/src/move_relative_ur/src/move_monitoring_node.cpp:82:31:[m[K [01;36m[Knote: [m[Kcandidate: ‘[01m[Koperator==(int, int)[m[K’ (built-in)
[3.189s] [01m[K/home/tsi/ws_moveit2/src/move_relative_ur/src/move_monitoring_node.cpp:82:31:[m[K [01;36m[Knote: [m[K  no known conversion for argument 1 from ‘[01m[Kstd::shared_ptr<std_srvs::srv::Trigger_Response_<std::allocator<void> > >[m[K’ to ‘[01m[Kint[m[K’
[3.189s] In file included from [01m[K/usr/include/c++/13/memory:65[m[K,
[3.190s]                  from [01m[K/opt/ros/jazzy/include/rclcpp/rclcpp/rclcpp.hpp:169[m[K,
[3.190s]                  from [01m[K/home/tsi/ws_moveit2/src/move_relative_ur/src/move_monitoring_node.cpp:1[m[K:
[3.190s] [01m[K/usr/include/c++/13/bits/allocator.h:237:5:[m[K [01;36m[Knote: [m[Kcandidate: ‘[01m[Ktemplate<class _T1, class _T2> bool std::[01;32m[Koperator==[m[K(const allocator<_Tp1>&, const allocator<_T2>&)[m[K’
[3.190s]   237 |     [01;36m[Koperator[m[K==(const allocator<_T1>&, const allocator<_T2>&)
[3.190s]       |     [01;36m[K^~~~~~~~[m[K
[3.190s] [01m[K/usr/include/c++/13/bits/allocator.h:237:5:[m[K [01;36m[Knote: [m[K  template argument deduction/substitution failed:
[3.190s] [01m[K/home/tsi/ws_moveit2/src/move_relative_ur/src/move_monitoring_node.cpp:82:34:[m[K [01;36m[Knote: [m[K  ‘[01m[Kstd::shared_ptr<std_srvs::srv::Trigger_Response_<std::allocator<void> > >[m[K’ is not derived from ‘[01m[Kconst std::allocator<_Tp1>[m[K’
[3.191s]    82 |             if(state_response == [01;36m[Kfalse[m[K && safe_respones > 0)
[3.191s]       |                                  [01;36m[K^~~~~[m[K
[3.192s] In file included from [01m[K/usr/include/c++/13/bits/stl_tempbuf.h:62[m[K,
[3.192s]                  from [01m[K/usr/include/c++/13/memory:66[m[K:
[3.192s] [01m[K/usr/include/c++/13/bits/stl_pair.h:812:5:[m[K [01;36m[Knote: [m[Kcandidate: ‘[01m[Ktemplate<class _T1, class _T2> constexpr bool std::[01;32m[Koperator==[m[K(const pair<_T1, _T2>&, const pair<_T1, _T2>&)[m[K’
[3.192s]   812 |     [01;36m[Koperator[m[K==(const pair<_T1, _T2>& __x, const pair<_T1, _T2>& __y)
[3.192s]       |     [01;36m[K^~~~~~~~[m[K
[3.192s] [01m[K/usr/include/c++/13/bits/stl_pair.h:812:5:[m[K [01;36m[Knote: [m[K  template argument deduction/substitution failed:
[3.193s] [01m[K/home/tsi/ws_moveit2/src/move_relative_ur/src/move_monitoring_node.cpp:82:34:[m[K [01;36m[Knote: [m[K  ‘[01m[Kstd::shared_ptr<std_srvs::srv::Trigger_Response_<std::allocator<void> > >[m[K’ is not derived from ‘[01m[Kconst std::pair<_T1, _T2>[m[K’
[3.193s]    82 |             if(state_response == [01;36m[Kfalse[m[K && safe_respones > 0)
[3.193s]       |                                  [01;36m[K^~~~~[m[K
[3.193s] In file included from [01m[K/usr/include/c++/13/bits/stl_algobase.h:67[m[K,
[3.193s]                  from [01m[K/usr/include/c++/13/bits/stl_uninitialized.h:63[m[K,
[3.193s]                  from [01m[K/usr/include/c++/13/memory:69[m[K:
[3.194s] [01m[K/usr/include/c++/13/bits/stl_iterator.h:448:5:[m[K [01;36m[Knote: [m[Kcandidate: ‘[01m[Ktemplate<class _Iterator> constexpr bool std::[01;32m[Koperator==[m[K(const reverse_iterator<_Iterator>&, const reverse_iterator<_Iterator>&)[m[K’
[3.194s]   448 |     [01;36m[Koperator[m[K==(const reverse_iterator<_Iterator>& __x,
[3.194s]       |     [01;36m[K^~~~~~~~[m[K
[3.194s] [01m[K/usr/include/c++/13/bits/stl_iterator.h:448:5:[m[K [01;36m[Knote: [m[K  template argument deduction/substitution failed:
[3.194s] [01m[K/home/tsi/ws_moveit2/src/move_relative_ur/src/move_monitoring_node.cpp:82:34:[m[K [01;36m[Knote: [m[K  ‘[01m[Kstd::shared_ptr<std_srvs::srv::Trigger_Response_<std::allocator<void> > >[m[K’ is not derived from ‘[01m[Kconst std::reverse_iterator<_Iterator>[m[K’
[3.195s]    82 |             if(state_response == [01;36m[Kfalse[m[K && safe_respones > 0)
[3.195s]       |                                  [01;36m[K^~~~~[m[K
[3.195s] [01m[K/usr/include/c++/13/bits/stl_iterator.h:493:5:[m[K [01;36m[Knote: [m[Kcandidate: ‘[01m[Ktemplate<class _IteratorL, class _IteratorR> constexpr bool std::[01;32m[Koperator==[m[K(const reverse_iterator<_Iterator>&, const reverse_iterator<_IteratorR>&)[m[K’
[3.195s]   493 |     [01;36m[Koperator[m[K==(const reverse_iterator<_IteratorL>& __x,
[3.195s]       |     [01;36m[K^~~~~~~~[m[K
[3.195s] [01m[K/usr/include/c++/13/bits/stl_iterator.h:493:5:[m[K [01;36m[Knote: [m[K  template argument deduction/substitution failed:
[3.195s] [01m[K/home/tsi/ws_moveit2/src/move_relative_ur/src/move_monitoring_node.cpp:82:34:[m[K [01;36m[Knote: [m[K  ‘[01m[Kstd::shared_ptr<std_srvs::srv::Trigger_Response_<std::allocator<void> > >[m[K’ is not derived from ‘[01m[Kconst std::reverse_iterator<_Iterator>[m[K’
[3.195s]    82 |             if(state_response == [01;36m[Kfalse[m[K && safe_respones > 0)
[3.195s]       |                                  [01;36m[K^~~~~[m[K
[3.196s] [01m[K/usr/include/c++/13/bits/stl_iterator.h:1678:5:[m[K [01;36m[Knote: [m[Kcandidate: ‘[01m[Ktemplate<class _IteratorL, class _IteratorR> constexpr bool std::[01;32m[Koperator==[m[K(const move_iterator<_IteratorL>&, const move_iterator<_IteratorR>&)[m[K’
[3.196s]  1678 |     [01;36m[Koperator[m[K==(const move_iterator<_IteratorL>& __x,
[3.196s]       |     [01;36m[K^~~~~~~~[m[K
[3.196s] [01m[K/usr/include/c++/13/bits/stl_iterator.h:1678:5:[m[K [01;36m[Knote: [m[K  template argument deduction/substitution failed:
[3.197s] [01m[K/home/tsi/ws_moveit2/src/move_relative_ur/src/move_monitoring_node.cpp:82:34:[m[K [01;36m[Knote: [m[K  ‘[01m[Kstd::shared_ptr<std_srvs::srv::Trigger_Response_<std::allocator<void> > >[m[K’ is not derived from ‘[01m[Kconst std::move_iterator<_IteratorL>[m[K’
[3.197s]    82 |             if(state_response == [01;36m[Kfalse[m[K && safe_respones > 0)
[3.197s]       |                                  [01;36m[K^~~~~[m[K
[3.198s] [01m[K/usr/include/c++/13/bits/stl_iterator.h:1748:5:[m[K [01;36m[Knote: [m[Kcandidate: ‘[01m[Ktemplate<class _Iterator> constexpr bool std::[01;32m[Koperator==[m[K(const move_iterator<_IteratorL>&, const move_iterator<_IteratorL>&)[m[K’
[3.198s]  1748 |     [01;36m[Koperator[m[K==(const move_iterator<_Iterator>& __x,
[3.198s]       |     [01;36m[K^~~~~~~~[m[K
[3.198s] [01m[K/usr/include/c++/13/bits/stl_iterator.h:1748:5:[m[K [01;36m[Knote: [m[K  template argument deduction/substitution failed:
[3.198s] [01m[K/home/tsi/ws_moveit2/src/move_relative_ur/src/move_monitoring_node.cpp:82:34:[m[K [01;36m[Knote: [m[K  ‘[01m[Kstd::shared_ptr<std_srvs::srv::Trigger_Response_<std::allocator<void> > >[m[K’ is not derived from ‘[01m[Kconst std::move_iterator<_IteratorL>[m[K’
[3.198s]    82 |             if(state_response == [01;36m[Kfalse[m[K && safe_respones > 0)
[3.198s]       |                                  [01;36m[K^~~~~[m[K
[3.198s] In file included from [01m[K/usr/include/c++/13/bits/unique_ptr.h:36[m[K,
[3.199s]                  from [01m[K/usr/include/c++/13/memory:78[m[K:
[3.199s] [01m[K/usr/include/c++/13/tuple:1919:5:[m[K [01;36m[Knote: [m[Kcandidate: ‘[01m[Ktemplate<class ... _TElements, class ... _UElements> constexpr bool std::[01;32m[Koperator==[m[K(const tuple<_UTypes ...>&, const tuple<_UTypes ...>&)[m[K’
[3.199s]  1919 |     [01;36m[Koperator[m[K==(const tuple<_TElements...>& __t,
[3.199s]       |     [01;36m[K^~~~~~~~[m[K
[3.199s] [01m[K/usr/include/c++/13/tuple:1919:5:[m[K [01;36m[Knote: [m[K  template argument deduction/substitution failed:
[3.199s] [01m[K/home/tsi/ws_moveit2/src/move_relative_ur/src/move_monitoring_node.cpp:82:34:[m[K [01;36m[Knote: [m[K  ‘[01m[Kstd::shared_ptr<std_srvs::srv::Trigger_Response_<std::allocator<void> > >[m[K’ is not derived from ‘[01m[Kconst std::tuple<_UTypes ...>[m[K’
[3.199s]    82 |             if(state_response == [01;36m[Kfalse[m[K && safe_respones > 0)
[3.199s]       |                                  [01;36m[K^~~~~[m[K
[3.200s] [01m[K/usr/include/c++/13/bits/unique_ptr.h:829:5:[m[K [01;36m[Knote: [m[Kcandidate: ‘[01m[Ktemplate<class _Tp, class _Dp, class _Up, class _Ep> bool std::[01;32m[Koperator==[m[K(const unique_ptr<_Tp, _Dp>&, const unique_ptr<_Up, _Ep>&)[m[K’
[3.200s]   829 |     [01;36m[Koperator[m[K==(const unique_ptr<_Tp, _Dp>& __x,
[3.200s]       |     [01;36m[K^~~~~~~~[m[K
[3.200s] [01m[K/usr/include/c++/13/bits/unique_ptr.h:829:5:[m[K [01;36m[Knote: [m[K  template argument deduction/substitution failed:
[3.200s] [01m[K/home/tsi/ws_moveit2/src/move_relative_ur/src/move_monitoring_node.cpp:82:34:[m[K [01;36m[Knote: [m[K  ‘[01m[Kstd::shared_ptr<std_srvs::srv::Trigger_Response_<std::allocator<void> > >[m[K’ is not derived from ‘[01m[Kconst std::unique_ptr<_Tp, _Dp>[m[K’
[3.200s]    82 |             if(state_response == [01;36m[Kfalse[m[K && safe_respones > 0)
[3.200s]       |                                  [01;36m[K^~~~~[m[K
[3.200s] [01m[K/usr/include/c++/13/bits/unique_ptr.h:837:5:[m[K [01;36m[Knote: [m[Kcandidate: ‘[01m[Ktemplate<class _Tp, class _Dp> bool std::[01;32m[Koperator==[m[K(const unique_ptr<_Tp, _Dp>&, nullptr_t)[m[K’
[3.201s]   837 |     [01;36m[Koperator[m[K==(const unique_ptr<_Tp, _Dp>& __x, nullptr_t) noexcept
[3.202s]       |     [01;36m[K^~~~~~~~[m[K
[3.202s] [01m[K/usr/include/c++/13/bits/unique_ptr.h:837:5:[m[K [01;36m[Knote: [m[K  template argument deduction/substitution failed:
[3.202s] [01m[K/home/tsi/ws_moveit2/src/move_relative_ur/src/move_monitoring_node.cpp:82:34:[m[K [01;36m[Knote: [m[K  ‘[01m[Kstd::shared_ptr<std_srvs::srv::Trigger_Response_<std::allocator<void> > >[m[K’ is not derived from ‘[01m[Kconst std::unique_ptr<_Tp, _Dp>[m[K’
[3.202s]    82 |             if(state_response == [01;36m[Kfalse[m[K && safe_respones > 0)
[3.202s]       |                                  [01;36m[K^~~~~[m[K
[3.202s] [01m[K/usr/include/c++/13/bits/unique_ptr.h:845:5:[m[K [01;36m[Knote: [m[Kcandidate: ‘[01m[Ktemplate<class _Tp, class _Dp> bool std::[01;32m[Koperator==[m[K(nullptr_t, const unique_ptr<_Tp, _Dp>&)[m[K’
[3.202s]   845 |     [01;36m[Koperator[m[K==(nullptr_t, const unique_ptr<_Tp, _Dp>& __x) noexcept
[3.203s]       |     [01;36m[K^~~~~~~~[m[K
[3.203s] [01m[K/usr/include/c++/13/bits/unique_ptr.h:845:5:[m[K [01;36m[Knote: [m[K  template argument deduction/substitution failed:
[3.203s] [01m[K/home/tsi/ws_moveit2/src/move_relative_ur/src/move_monitoring_node.cpp:82:34:[m[K [01;36m[Knote: [m[K  mismatched types ‘[01m[Kconst std::unique_ptr<_Tp, _Dp>[m[K’ and ‘[01m[Kbool[m[K’
[3.203s]    82 |             if(state_response == [01;36m[Kfalse[m[K && safe_respones > 0)
[3.203s]       |                                  [01;36m[K^~~~~[m[K
[3.203s] In file included from [01m[K/usr/include/c++/13/iosfwd:42[m[K,
[3.203s]                  from [01m[K/usr/include/c++/13/bits/shared_ptr.h:52[m[K,
[3.203s]                  from [01m[K/usr/include/c++/13/memory:80[m[K:
[3.204s] [01m[K/usr/include/c++/13/bits/postypes.h:192:5:[m[K [01;36m[Knote: [m[Kcandidate: ‘[01m[Ktemplate<class _StateT> bool std::[01;32m[Koperator==[m[K(const fpos<_StateT>&, const fpos<_StateT>&)[m[K’
[3.204s]   192 |     [01;36m[Koperator[m[K==(const fpos<_StateT>& __lhs, const fpos<_StateT>& __rhs)
[3.204s]       |     [01;36m[K^~~~~~~~[m[K
[3.204s] [01m[K/usr/include/c++/13/bits/postypes.h:192:5:[m[K [01;36m[Knote: [m[K  template argument deduction/substitution failed:
[3.204s] [01m[K/home/tsi/ws_moveit2/src/move_relative_ur/src/move_monitoring_node.cpp:82:34:[m[K [01;36m[Knote: [m[K  ‘[01m[Kstd::shared_ptr<std_srvs::srv::Trigger_Response_<std::allocator<void> > >[m[K’ is not derived from ‘[01m[Kconst std::fpos<_StateT>[m[K’
[3.204s]    82 |             if(state_response == [01;36m[Kfalse[m[K && safe_respones > 0)
[3.204s]       |                                  [01;36m[K^~~~~[m[K
[3.204s] In file included from [01m[K/usr/include/c++/13/bits/shared_ptr.h:53[m[K:
[3.204s] [01m[K/usr/include/c++/13/bits/shared_ptr_base.h:1793:5:[m[K [01;36m[Knote: [m[Kcandidate: ‘[01m[Ktemplate<class _Tp1, class _Tp2, __gnu_cxx::_Lock_policy _Lp> bool std::[01;32m[Koperator==[m[K(const __shared_ptr<_Tp1, _Lp>&, const __shared_ptr<_Tp2, _Lp>&)[m[K’
[3.205s]  1793 |     [01;36m[Koperator[m[K==(const __shared_ptr<_Tp1, _Lp>& __a,
[3.205s]       |     [01;36m[K^~~~~~~~[m[K
[3.205s] [01m[K/usr/include/c++/13/bits/shared_ptr_base.h:1793:5:[m[K [01;36m[Knote: [m[K  template argument deduction/substitution failed:
[3.205s] [01m[K/home/tsi/ws_moveit2/src/move_relative_ur/src/move_monitoring_node.cpp:82:34:[m[K [01;36m[Knote: [m[K  mismatched types ‘[01m[Kconst std::__shared_ptr<_Tp2, _Lp>[m[K’ and ‘[01m[Kbool[m[K’
[3.205s]    82 |             if(state_response == [01;36m[Kfalse[m[K && safe_respones > 0)
[3.205s]       |                                  [01;36m[K^~~~~[m[K
[3.205s] [01m[K/usr/include/c++/13/bits/shared_ptr_base.h:1799:5:[m[K [01;36m[Knote: [m[Kcandidate: ‘[01m[Ktemplate<class _Tp, __gnu_cxx::_Lock_policy _Lp> bool std::[01;32m[Koperator==[m[K(const __shared_ptr<_Tp, _Lp>&, nullptr_t)[m[K’
[3.205s]  1799 |     [01;36m[Koperator[m[K==(const __shared_ptr<_Tp, _Lp>& __a, nullptr_t) noexcept
[3.205s]       |     [01;36m[K^~~~~~~~[m[K
[3.205s] [01m[K/usr/include/c++/13/bits/shared_ptr_base.h:1799:5:[m[K [01;36m[Knote: [m[K  template argument deduction/substitution failed:
[3.206s] [01m[K/home/tsi/ws_moveit2/src/move_relative_ur/src/move_monitoring_node.cpp:82:34:[m[K [01;36m[Knote: [m[K  cannot convert ‘[01m[Kfalse[m[K’ (type ‘[01m[Kbool[m[K’) to type ‘[01m[Kstd::nullptr_t[m[K’
[3.206s]    82 |             if(state_response == [01;36m[Kfalse[m[K && safe_respones > 0)
[3.206s]       |                                  [01;36m[K^~~~~[m[K
[3.206s] [01m[K/usr/include/c++/13/bits/shared_ptr_base.h:1819:5:[m[K [01;36m[Knote: [m[Kcandidate: ‘[01m[Ktemplate<class _Tp, __gnu_cxx::_Lock_policy _Lp> bool std::[01;32m[Koperator==[m[K(nullptr_t, const __shared_ptr<_Tp, _Lp>&)[m[K’
[3.206s]  1819 |     [01;36m[Koperator[m[K==(nullptr_t, const __shared_ptr<_Tp, _Lp>& __a) noexcept
[3.206s]       |     [01;36m[K^~~~~~~~[m[K
[3.206s] [01m[K/usr/include/c++/13/bits/shared_ptr_base.h:1819:5:[m[K [01;36m[Knote: [m[K  template argument deduction/substitution failed:
[3.206s] [01m[K/home/tsi/ws_moveit2/src/move_relative_ur/src/move_monitoring_node.cpp:82:34:[m[K [01;36m[Knote: [m[K  mismatched types ‘[01m[Kconst std::__shared_ptr<_Tp, _Lp>[m[K’ and ‘[01m[Kbool[m[K’
[3.206s]    82 |             if(state_response == [01;36m[Kfalse[m[K && safe_respones > 0)
[3.207s]       |                                  [01;36m[K^~~~~[m[K
[3.207s] [01m[K/usr/include/c++/13/bits/shared_ptr.h:555:5:[m[K [01;36m[Knote: [m[Kcandidate: ‘[01m[Ktemplate<class _Tp, class _Up> bool std::[01;32m[Koperator==[m[K(const shared_ptr<_Tp>&, const shared_ptr<_Tp>&)[m[K’
[3.207s]   555 |     [01;36m[Koperator[m[K==(const shared_ptr<_Tp>& __a, const shared_ptr<_Up>& __b) noexcept
[3.207s]       |     [01;36m[K^~~~~~~~[m[K
[3.207s] [01m[K/usr/include/c++/13/bits/shared_ptr.h:555:5:[m[K [01;36m[Knote: [m[K  template argument deduction/substitution failed:
[3.207s] [01m[K/home/tsi/ws_moveit2/src/move_relative_ur/src/move_monitoring_node.cpp:82:34:[m[K [01;36m[Knote: [m[K  mismatched types ‘[01m[Kconst std::shared_ptr<_Tp>[m[K’ and ‘[01m[Kbool[m[K’
[3.207s]    82 |             if(state_response == [01;36m[Kfalse[m[K && safe_respones > 0)
[3.207s]       |                                  [01;36m[K^~~~~[m[K
[3.207s] [01m[K/usr/include/c++/13/bits/shared_ptr.h:561:5:[m[K [01;36m[Knote: [m[Kcandidate: ‘[01m[Ktemplate<class _Tp> bool std::[01;32m[Koperator==[m[K(const shared_ptr<_Tp>&, nullptr_t)[m[K’
[3.208s]   561 |     [01;36m[Koperator[m[K==(const shared_ptr<_Tp>& __a, nullptr_t) noexcept
[3.208s]       |     [01;36m[K^~~~~~~~[m[K
[3.208s] [01m[K/usr/include/c++/13/bits/shared_ptr.h:561:5:[m[K [01;36m[Knote: [m[K  template argument deduction/substitution failed:
[3.208s] [01m[K/home/tsi/ws_moveit2/src/move_relative_ur/src/move_monitoring_node.cpp:82:34:[m[K [01;36m[Knote: [m[K  cannot convert ‘[01m[Kfalse[m[K’ (type ‘[01m[Kbool[m[K’) to type ‘[01m[Kstd::nullptr_t[m[K’
[3.208s]    82 |             if(state_response == [01;36m[Kfalse[m[K && safe_respones > 0)
[3.208s]       |                                  [01;36m[K^~~~~[m[K
[3.208s] [01m[K/usr/include/c++/13/bits/shared_ptr.h:582:5:[m[K [01;36m[Knote: [m[Kcandidate: ‘[01m[Ktemplate<class _Tp> bool std::[01;32m[Koperator==[m[K(nullptr_t, const shared_ptr<_Tp>&)[m[K’
[3.208s]   582 |     [01;36m[Koperator[m[K==(nullptr_t, const shared_ptr<_Tp>& __a) noexcept
[3.208s]       |     [01;36m[K^~~~~~~~[m[K
[3.209s] [01m[K/usr/include/c++/13/bits/shared_ptr.h:582:5:[m[K [01;36m[Knote: [m[K  template argument deduction/substitution failed:
[3.209s] [01m[K/home/tsi/ws_moveit2/src/move_relative_ur/src/move_monitoring_node.cpp:82:34:[m[K [01;36m[Knote: [m[K  mismatched types ‘[01m[Kconst std::shared_ptr<_Tp>[m[K’ and ‘[01m[Kbool[m[K’
[3.209s]    82 |             if(state_response == [01;36m[Kfalse[m[K && safe_respones > 0)
[3.209s]       |                                  [01;36m[K^~~~~[m[K
[3.209s] In file included from [01m[K/usr/include/c++/13/bits/basic_string.h:47[m[K,
[3.209s]                  from [01m[K/usr/include/c++/13/string:54[m[K,
[3.209s]                  from [01m[K/opt/ros/jazzy/include/rclcpp/rclcpp/copy_all_parameter_values.hpp:18[m[K,
[3.209s]                  from [01m[K/opt/ros/jazzy/include/rclcpp/rclcpp/rclcpp.hpp:171[m[K:
[3.209s] [01m[K/usr/include/c++/13/string_view:609:5:[m[K [01;36m[Knote: [m[Kcandidate: ‘[01m[Ktemplate<class _CharT, class _Traits> constexpr bool std::[01;32m[Koperator==[m[K(basic_string_view<_CharT, _Traits>, basic_string_view<_CharT, _Traits>)[m[K’
[3.209s]   609 |     [01;36m[Koperator[m[K==(basic_string_view<_CharT, _Traits> __x,
[3.210s]       |     [01;36m[K^~~~~~~~[m[K
[3.210s] [01m[K/usr/include/c++/13/string_view:609:5:[m[K [01;36m[Knote: [m[K  template argument deduction/substitution failed:
[3.210s] [01m[K/home/tsi/ws_moveit2/src/move_relative_ur/src/move_monitoring_node.cpp:82:34:[m[K [01;36m[Knote: [m[K  ‘[01m[Kstd::shared_ptr<std_srvs::srv::Trigger_Response_<std::allocator<void> > >[m[K’ is not derived from ‘[01m[Kstd::basic_string_view<_CharT, _Traits>[m[K’
[3.210s]    82 |             if(state_response == [01;36m[Kfalse[m[K && safe_respones > 0)
[3.210s]       |                                  [01;36m[K^~~~~[m[K
[3.210s] [01m[K/usr/include/c++/13/string_view:616:5:[m[K [01;36m[Knote: [m[Kcandidate: ‘[01m[Ktemplate<class _CharT, class _Traits> constexpr bool std::[01;32m[Koperator==[m[K(basic_string_view<_CharT, _Traits>, __type_identity_t<basic_string_view<_CharT, _Traits> >)[m[K’
[3.210s]   616 |     [01;36m[Koperator[m[K==(basic_string_view<_CharT, _Traits> __x,
[3.211s]       |     [01;36m[K^~~~~~~~[m[K
[3.211s] [01m[K/usr/include/c++/13/string_view:616:5:[m[K [01;36m[Knote: [m[K  template argument deduction/substitution failed:
[3.211s] [01m[K/home/tsi/ws_moveit2/src/move_relative_ur/src/move_monitoring_node.cpp:82:34:[m[K [01;36m[Knote: [m[K  ‘[01m[Kstd::shared_ptr<std_srvs::srv::Trigger_Response_<std::allocator<void> > >[m[K’ is not derived from ‘[01m[Kstd::basic_string_view<_CharT, _Traits>[m[K’
[3.211s]    82 |             if(state_response == [01;36m[Kfalse[m[K && safe_respones > 0)
[3.211s]       |                                  [01;36m[K^~~~~[m[K
[3.211s] [01m[K/usr/include/c++/13/string_view:642:5:[m[K [01;36m[Knote: [m[Kcandidate: ‘[01m[Ktemplate<class _CharT, class _Traits> constexpr bool std::[01;32m[Koperator==[m[K(__type_identity_t<basic_string_view<_CharT, _Traits> >, basic_string_view<_CharT, _Traits>)[m[K’
[3.211s]   642 |     [01;36m[Koperator[m[K==(__type_identity_t<basic_string_view<_CharT, _Traits>> __x,
[3.211s]       |     [01;36m[K^~~~~~~~[m[K
[3.211s] [01m[K/usr/include/c++/13/string_view:642:5:[m[K [01;36m[Knote: [m[K  template argument deduction/substitution failed:
[3.212s] [01m[K/home/tsi/ws_moveit2/src/move_relative_ur/src/move_monitoring_node.cpp:82:34:[m[K [01;36m[Knote: [m[K  mismatched types ‘[01m[Kstd::basic_string_view<_CharT, _Traits>[m[K’ and ‘[01m[Kbool[m[K’
[3.212s]    82 |             if(state_response == [01;36m[Kfalse[m[K && safe_respones > 0)
[3.212s]       |                                  [01;36m[K^~~~~[m[K
[3.212s] [01m[K/usr/include/c++/13/bits/basic_string.h:3710:5:[m[K [01;36m[Knote: [m[Kcandidate: ‘[01m[Ktemplate<class _CharT, class _Traits, class _Alloc> bool std::[01;32m[Koperator==[m[K(const __cxx11::basic_string<_CharT, _Traits, _Allocator>&, const __cxx11::basic_string<_CharT, _Traits, _Allocator>&)[m[K’
[3.212s]  3710 |     [01;36m[Koperator[m[K==(const basic_string<_CharT, _Traits, _Alloc>& __lhs,
[3.212s]       |     [01;36m[K^~~~~~~~[m[K
[3.212s] [01m[K/usr/include/c++/13/bits/basic_string.h:3710:5:[m[K [01;36m[Knote: [m[K  template argument deduction/substitution failed:
[3.212s] [01m[K/home/tsi/ws_moveit2/src/move_relative_ur/src/move_monitoring_node.cpp:82:34:[m[K [01;36m[Knote: [m[K  ‘[01m[Kstd::shared_ptr<std_srvs::srv::Trigger_Response_<std::allocator<void> > >[m[K’ is not derived from ‘[01m[Kconst std::__cxx11::basic_string<_CharT, _Traits, _Allocator>[m[K’
[3.212s]    82 |             if(state_response == [01;36m[Kfalse[m[K && safe_respones > 0)
[3.213s]       |                                  [01;36m[K^~~~~[m[K
[3.213s] [01m[K/usr/include/c++/13/bits/basic_string.h:3727:5:[m[K [01;36m[Knote: [m[Kcandidate: ‘[01m[Ktemplate<class _CharT, class _Traits, class _Alloc> bool std::[01;32m[Koperator==[m[K(const __cxx11::basic_string<_CharT, _Traits, _Allocator>&, const _CharT*)[m[K’
[3.213s]  3727 |     [01;36m[Koperator[m[K==(const basic_string<_CharT, _Traits, _Alloc>& __lhs,
[3.213s]       |     [01;36m[K^~~~~~~~[m[K
[3.213s] [01m[K/usr/include/c++/13/bits/basic_string.h:3727:5:[m[K [01;36m[Knote: [m[K  template argument deduction/substitution failed:
[3.213s] [01m[K/home/tsi/ws_moveit2/src/move_relative_ur/src/move_monitoring_node.cpp:82:34:[m[K [01;36m[Knote: [m[K  ‘[01m[Kstd::shared_ptr<std_srvs::srv::Trigger_Response_<std::allocator<void> > >[m[K’ is not derived from ‘[01m[Kconst std::__cxx11::basic_string<_CharT, _Traits, _Allocator>[m[K’
[3.213s]    82 |             if(state_response == [01;36m[Kfalse[m[K && safe_respones > 0)
[3.213s]       |                                  [01;36m[K^~~~~[m[K
[3.213s] [01m[K/usr/include/c++/13/bits/basic_string.h:3774:5:[m[K [01;36m[Knote: [m[Kcandidate: ‘[01m[Ktemplate<class _CharT, class _Traits, class _Alloc> bool std::[01;32m[Koperator==[m[K(const _CharT*, const __cxx11::basic_string<_CharT, _Traits, _Allocator>&)[m[K’
[3.213s]  3774 |     [01;36m[Koperator[m[K==(const _CharT* __lhs,
[3.214s]       |     [01;36m[K^~~~~~~~[m[K
[3.214s] [01m[K/usr/include/c++/13/bits/basic_string.h:3774:5:[m[K [01;36m[Knote: [m[K  template argument deduction/substitution failed:
[3.214s] [01m[K/home/tsi/ws_moveit2/src/move_relative_ur/src/move_monitoring_node.cpp:82:34:[m[K [01;36m[Knote: [m[K  mismatched types ‘[01m[Kconst _CharT*[m[K’ and ‘[01m[Kstd::shared_ptr<std_srvs::srv::Trigger_Response_<std::allocator<void> > >[m[K’
[3.214s]    82 |             if(state_response == [01;36m[Kfalse[m[K && safe_respones > 0)
[3.214s]       |                                  [01;36m[K^~~~~[m[K
[3.214s] In file included from [01m[K/usr/include/c++/13/vector:66[m[K,
[3.214s]                  from [01m[K/opt/ros/jazzy/include/rclcpp/rclcpp/copy_all_parameter_values.hpp:19[m[K:
[3.214s] [01m[K/usr/include/c++/13/bits/stl_vector.h:2040:5:[m[K [01;36m[Knote: [m[Kcandidate: ‘[01m[Ktemplate<class _Tp, class _Alloc> bool std::[01;32m[Koperator==[m[K(const vector<_Tp, _Alloc>&, const vector<_Tp, _Alloc>&)[m[K’
[3.214s]  2040 |     [01;36m[Koperator[m[K==(const vector<_Tp, _Alloc>& __x, const vector<_Tp, _Alloc>& __y)
[3.215s]       |     [01;36m[K^~~~~~~~[m[K
[3.215s] [01m[K/usr/include/c++/13/bits/stl_vector.h:2040:5:[m[K [01;36m[Knote: [m[K  template argument deduction/substitution failed:
[3.215s] [01m[K/home/tsi/ws_moveit2/src/move_relative_ur/src/move_monitoring_node.cpp:82:34:[m[K [01;36m[Knote: [m[K  ‘[01m[Kstd::shared_ptr<std_srvs::srv::Trigger_Response_<std::allocator<void> > >[m[K’ is not derived from ‘[01m[Kconst std::vector<_Tp, _Alloc>[m[K’
[3.215s]    82 |             if(state_response == [01;36m[Kfalse[m[K && safe_respones > 0)
[3.215s]       |                                  [01;36m[K^~~~~[m[K
[3.215s] In file included from [01m[K/opt/ros/jazzy/include/rcl_interfaces/rcl_interfaces/srv/detail/list_parameters__struct.hpp:12[m[K,
[3.215s]                  from [01m[K/opt/ros/jazzy/include/rcl_interfaces/rcl_interfaces/srv/list_parameters.hpp:7[m[K,
[3.215s]                  from [01m[K/opt/ros/jazzy/include/rclcpp/rclcpp/copy_all_parameter_values.hpp:21[m[K:
[3.215s] [01m[K/usr/include/c++/13/array:297:5:[m[K [01;36m[Knote: [m[Kcandidate: ‘[01m[Ktemplate<class _Tp, long unsigned int _Nm> bool std::[01;32m[Koperator==[m[K(const array<_Tp, _Nm>&, const array<_Tp, _Nm>&)[m[K’
[3.216s]   297 |     [01;36m[Koperator[m[K==(const array<_Tp, _Nm>& __one, const array<_Tp, _Nm>& __two)
[3.216s]       |     [01;36m[K^~~~~~~~[m[K
[3.216s] [01m[K/usr/include/c++/13/array:297:5:[m[K [01;36m[Knote: [m[K  template argument deduction/substitution failed:
[3.216s] [01m[K/home/tsi/ws_moveit2/src/move_relative_ur/src/move_monitoring_node.cpp:82:34:[m[K [01;36m[Knote: [m[K  ‘[01m[Kstd::shared_ptr<std_srvs::srv::Trigger_Response_<std::allocator<void> > >[m[K’ is not derived from ‘[01m[Kconst std::array<_Tp, _Nm>[m[K’
[3.216s]    82 |             if(state_response == [01;36m[Kfalse[m[K && safe_respones > 0)
[3.216s]       |                                  [01;36m[K^~~~~[m[K
[3.216s] In file included from [01m[K/usr/include/c++/13/bits/locale_facets.h:48[m[K,
[3.216s]                  from [01m[K/usr/include/c++/13/bits/basic_ios.h:37[m[K,
[3.216s]                  from [01m[K/usr/include/c++/13/ios:46[m[K,
[3.216s]                  from [01m[K/usr/include/c++/13/istream:40[m[K,
[3.217s]                  from [01m[K/usr/include/c++/13/sstream:40[m[K,
[3.217s]                  from [01m[K/opt/ros/jazzy/include/rcl_interfaces/rcl_interfaces/srv/detail/list_parameters__traits.hpp:13[m[K,
[3.217s]                  from [01m[K/opt/ros/jazzy/include/rcl_interfaces/rcl_interfaces/srv/list_parameters.hpp:9[m[K:
[3.217s] [01m[K/usr/include/c++/13/bits/streambuf_iterator.h:234:5:[m[K [01;36m[Knote: [m[Kcandidate: ‘[01m[Ktemplate<class _CharT, class _Traits> bool std::[01;32m[Koperator==[m[K(const istreambuf_iterator<_CharT, _Traits>&, const istreambuf_iterator<_CharT, _Traits>&)[m[K’
[3.217s]   234 |     [01;36m[Koperator[m[K==(const istreambuf_iterator<_CharT, _Traits>& __a,
[3.217s]       |     [01;36m[K^~~~~~~~[m[K
[3.217s] [01m[K/usr/include/c++/13/bits/streambuf_iterator.h:234:5:[m[K [01;36m[Knote: [m[K  template argument deduction/substitution failed:
[3.217s] [01m[K/home/tsi/ws_moveit2/src/move_relative_ur/src/move_monitoring_node.cpp:82:34:[m[K [01;36m[Knote: [m[K  ‘[01m[Kstd::shared_ptr<std_srvs::srv::Trigger_Response_<std::allocator<void> > >[m[K’ is not derived from ‘[01m[Kconst std::istreambuf_iterator<_CharT, _Traits>[m[K’
[3.217s]    82 |             if(state_response == [01;36m[Kfalse[m[K && safe_respones > 0)
[3.218s]       |                                  [01;36m[K^~~~~[m[K
[3.218s] In file included from [01m[K/usr/include/c++/13/functional:59[m[K,
[3.218s]                  from [01m[K/opt/ros/jazzy/include/rclcpp/rclcpp/utilities.hpp:19[m[K,
[3.218s]                  from [01m[K/opt/ros/jazzy/include/rclcpp/rclcpp/logging.hpp:25[m[K,
[3.218s]                  from [01m[K/opt/ros/jazzy/include/rclcpp/rclcpp/copy_all_parameter_values.hpp:27[m[K:
[3.218s] [01m[K/usr/include/c++/13/bits/std_function.h:737:5:[m[K [01;36m[Knote: [m[Kcandidate: ‘[01m[Ktemplate<class _Res, class ... _Args> bool std::[01;32m[Koperator==[m[K(const function<_Res(_ArgTypes ...)>&, nullptr_t)[m[K’
[3.218s]   737 |     [01;36m[Koperator[m[K==(const function<_Res(_Args...)>& __f, nullptr_t) noexcept
[3.218s]       |     [01;36m[K^~~~~~~~[m[K
[3.218s] [01m[K/usr/include/c++/13/bits/std_function.h:737:5:[m[K [01;36m[Knote: [m[K  template argument deduction/substitution failed:
[3.219s] [01m[K/home/tsi/ws_moveit2/src/move_relative_ur/src/move_monitoring_node.cpp:82:34:[m[K [01;36m[Knote: [m[K  ‘[01m[Kstd::shared_ptr<std_srvs::srv::Trigger_Response_<std::allocator<void> > >[m[K’ is not derived from ‘[01m[Kconst std::function<_Res(_ArgTypes ...)>[m[K’
[3.219s]    82 |             if(state_response == [01;36m[Kfalse[m[K && safe_respones > 0)
[3.219s]       |                                  [01;36m[K^~~~~[m[K
[3.219s] [01m[K/usr/include/c++/13/bits/std_function.h:744:5:[m[K [01;36m[Knote: [m[Kcandidate: ‘[01m[Ktemplate<class _Res, class ... _Args> bool std::[01;32m[Koperator==[m[K(nullptr_t, const function<_Res(_ArgTypes ...)>&)[m[K’
[3.219s]   744 |     [01;36m[Koperator[m[K==(nullptr_t, const function<_Res(_Args...)>& __f) noexcept
[3.219s]       |     [01;36m[K^~~~~~~~[m[K
[3.219s] [01m[K/usr/include/c++/13/bits/std_function.h:744:5:[m[K [01;36m[Knote: [m[K  template argument deduction/substitution failed:
[3.219s] [01m[K/home/tsi/ws_moveit2/src/move_relative_ur/src/move_monitoring_node.cpp:82:34:[m[K [01;36m[Knote: [m[K  mismatched types ‘[01m[Kconst std::function<_Res(_ArgTypes ...)>[m[K’ and ‘[01m[Kbool[m[K’
[3.219s]    82 |             if(state_response == [01;36m[Kfalse[m[K && safe_respones > 0)
[3.219s]       |                                  [01;36m[K^~~~~[m[K
[3.220s] In file included from [01m[K/usr/include/c++/13/unordered_map:41[m[K,
[3.220s]                  from [01m[K/usr/include/c++/13/functional:63[m[K:
[3.220s] [01m[K/usr/include/c++/13/bits/unordered_map.h:2143:5:[m[K [01;36m[Knote: [m[Kcandidate: ‘[01m[Ktemplate<class _Key1, class _Tp1, class _Hash1, class _Pred1, class _Alloc1> bool std::[01;32m[Koperator==[m[K(const unordered_map<_Key1, _Tp1, _Hash1, _Pred1, _Alloc1>&, const unordered_map<_Key1, _Tp1, _Hash1, _Pred1, _Alloc1>&)[m[K’
[3.220s]  2143 |     [01;36m[Koperator[m[K==(const unordered_map<_Key, _Tp, _Hash, _Pred, _Alloc>& __x,
[3.220s]       |     [01;36m[K^~~~~~~~[m[K
[3.220s] [01m[K/usr/include/c++/13/bits/unordered_map.h:2143:5:[m[K [01;36m[Knote: [m[K  template argument deduction/substitution failed:
[3.220s] [01m[K/home/tsi/ws_moveit2/src/move_relative_ur/src/move_monitoring_node.cpp:82:34:[m[K [01;36m[Knote: [m[K  ‘[01m[Kstd::shared_ptr<std_srvs::srv::Trigger_Response_<std::allocator<void> > >[m[K’ is not derived from ‘[01m[Kconst std::unordered_map<_Key1, _Tp1, _Hash1, _Pred1, _Alloc1>[m[K’
[3.220s]    82 |             if(state_response == [01;36m[Kfalse[m[K && safe_respones > 0)
[3.220s]       |                                  [01;36m[K^~~~~[m[K
[3.221s] [01m[K/usr/include/c++/13/bits/unordered_map.h:2157:5:[m[K [01;36m[Knote: [m[Kcandidate: ‘[01m[Ktemplate<class _Key1, class _Tp1, class _Hash1, class _Pred1, class _Alloc1> bool std::[01;32m[Koperator==[m[K(const unordered_multimap<_Key1, _Tp1, _Hash1, _Pred1, _Alloc1>&, const unordered_multimap<_Key1, _Tp1, _Hash1, _Pred1, _Alloc1>&)[m[K’
[3.221s]  2157 |     [01;36m[Koperator[m[K==(const unordered_multimap<_Key, _Tp, _Hash, _Pred, _Alloc>& __x,
[3.221s]       |     [01;36m[K^~~~~~~~[m[K
[3.221s] [01m[K/usr/include/c++/13/bits/unordered_map.h:2157:5:[m[K [01;36m[Knote: [m[K  template argument deduction/substitution failed:
[3.221s] [01m[K/home/tsi/ws_moveit2/src/move_relative_ur/src/move_monitoring_node.cpp:82:34:[m[K [01;36m[Knote: [m[K  ‘[01m[Kstd::shared_ptr<std_srvs::srv::Trigger_Response_<std::allocator<void> > >[m[K’ is not derived from ‘[01m[Kconst std::unordered_multimap<_Key1, _Tp1, _Hash1, _Pred1, _Alloc1>[m[K’
[3.221s]    82 |             if(state_response == [01;36m[Kfalse[m[K && safe_respones > 0)
[3.221s]       |                                  [01;36m[K^~~~~[m[K
[3.221s] In file included from [01m[K/usr/include/c++/13/unordered_set:41[m[K,
[3.221s]                  from [01m[K/opt/ros/jazzy/include/rclcpp/rclcpp/context.hpp:26[m[K,
[3.222s]                  from [01m[K/opt/ros/jazzy/include/rclcpp/rclcpp/utilities.hpp:24[m[K:
[3.222s] [01m[K/usr/include/c++/13/bits/unordered_set.h:1813:5:[m[K [01;36m[Knote: [m[Kcandidate: ‘[01m[Ktemplate<class _Value1, class _Hash1, class _Pred1, class _Alloc1> bool std::[01;32m[Koperator==[m[K(const unordered_set<_Value1, _Hash1, _Pred1, _Alloc1>&, const unordered_set<_Value1, _Hash1, _Pred1, _Alloc1>&)[m[K’
[3.222s]  1813 |     [01;36m[Koperator[m[K==(const unordered_set<_Value, _Hash, _Pred, _Alloc>& __x,
[3.222s]       |     [01;36m[K^~~~~~~~[m[K
[3.222s] [01m[K/usr/include/c++/13/bits/unordered_set.h:1813:5:[m[K [01;36m[Knote: [m[K  template argument deduction/substitution failed:
[3.222s] [01m[K/home/tsi/ws_moveit2/src/move_relative_ur/src/move_monitoring_node.cpp:82:34:[m[K [01;36m[Knote: [m[K  ‘[01m[Kstd::shared_ptr<std_srvs::srv::Trigger_Response_<std::allocator<void> > >[m[K’ is not derived from ‘[01m[Kconst std::unordered_set<_Value1, _Hash1, _Pred1, _Alloc1>[m[K’
[3.222s]    82 |             if(state_response == [01;36m[Kfalse[m[K && safe_respones > 0)
[3.222s]       |                                  [01;36m[K^~~~~[m[K
[3.222s] [01m[K/usr/include/c++/13/bits/unordered_set.h:1827:5:[m[K [01;36m[Knote: [m[Kcandidate: ‘[01m[Ktemplate<class _Value1, class _Hash1, class _Pred1, class _Alloc1> bool std::[01;32m[Koperator==[m[K(const unordered_multiset<_Value1, _Hash1, _Pred1, _Alloc1>&, const unordered_multiset<_Value1, _Hash1, _Pred1, _Alloc1>&)[m[K’
[3.222s]  1827 |     [01;36m[Koperator[m[K==(const unordered_multiset<_Value, _Hash, _Pred, _Alloc>& __x,
[3.222s]       |     [01;36m[K^~~~~~~~[m[K
[3.222s] [01m[K/usr/include/c++/13/bits/unordered_set.h:1827:5:[m[K [01;36m[Knote: [m[K  template argument deduction/substitution failed:
[3.222s] [01m[K/home/tsi/ws_moveit2/src/move_relative_ur/src/move_monitoring_node.cpp:82:34:[m[K [01;36m[Knote: [m[K  ‘[01m[Kstd::shared_ptr<std_srvs::srv::Trigger_Response_<std::allocator<void> > >[m[K’ is not derived from ‘[01m[Kconst std::unordered_multiset<_Value1, _Hash1, _Pred1, _Alloc1>[m[K’
[3.222s]    82 |             if(state_response == [01;36m[Kfalse[m[K && safe_respones > 0)
[3.222s]       |                                  [01;36m[K^~~~~[m[K
[3.222s] In file included from [01m[K/usr/include/c++/13/set:63[m[K,
[3.222s]                  from [01m[K/opt/ros/jazzy/include/rclcpp/rclcpp/executors/multi_threaded_executor.hpp:21[m[K,
[3.223s]                  from [01m[K/opt/ros/jazzy/include/rclcpp/rclcpp/executors.hpp:21[m[K,
[3.223s]                  from [01m[K/opt/ros/jazzy/include/rclcpp/rclcpp/rclcpp.hpp:172[m[K:
[3.223s] [01m[K/usr/include/c++/13/bits/stl_set.h:987:5:[m[K [01;36m[Knote: [m[Kcandidate: ‘[01m[Ktemplate<class _Key, class _Compare, class _Alloc> bool std::[01;32m[Koperator==[m[K(const set<_Key, _Compare, _Allocator>&, const set<_Key, _Compare, _Allocator>&)[m[K’
[3.223s]   987 |     [01;36m[Koperator[m[K==(const set<_Key, _Compare, _Alloc>& __x,
[3.223s]       |     [01;36m[K^~~~~~~~[m[K
[3.223s] [01m[K/usr/include/c++/13/bits/stl_set.h:987:5:[m[K [01;36m[Knote: [m[K  template argument deduction/substitution failed:
[3.223s] [01m[K/home/tsi/ws_moveit2/src/move_relative_ur/src/move_monitoring_node.cpp:82:34:[m[K [01;36m[Knote: [m[K  ‘[01m[Kstd::shared_ptr<std_srvs::srv::Trigger_Response_<std::allocator<void> > >[m[K’ is not derived from ‘[01m[Kconst std::set<_Key, _Compare, _Allocator>[m[K’
[3.223s]    82 |             if(state_response == [01;36m[Kfalse[m[K && safe_respones > 0)
[3.223s]       |                                  [01;36m[K^~~~~[m[K
[3.223s] In file included from [01m[K/usr/include/c++/13/set:64[m[K:
[3.223s] [01m[K/usr/include/c++/13/bits/stl_multiset.h:973:5:[m[K [01;36m[Knote: [m[Kcandidate: ‘[01m[Ktemplate<class _Key, class _Compare, class _Alloc> bool std::[01;32m[Koperator==[m[K(const multiset<_Key, _Compare, _Allocator>&, const multiset<_Key, _Compare, _Allocator>&)[m[K’
[3.223s]   973 |     [01;36m[Koperator[m[K==(const multiset<_Key, _Compare, _Alloc>& __x,
[3.223s]       |     [01;36m[K^~~~~~~~[m[K
[3.223s] [01m[K/usr/include/c++/13/bits/stl_multiset.h:973:5:[m[K [01;36m[Knote: [m[K  template argument deduction/substitution failed:
[3.223s] [01m[K/home/tsi/ws_moveit2/src/move_relative_ur/src/move_monitoring_node.cpp:82:34:[m[K [01;36m[Knote: [m[K  ‘[01m[Kstd::shared_ptr<std_srvs::srv::Trigger_Response_<std::allocator<void> > >[m[K’ is not derived from ‘[01m[Kconst std::multiset<_Key, _Compare, _Allocator>[m[K’
[3.223s]    82 |             if(state_response == [01;36m[Kfalse[m[K && safe_respones > 0)
[3.223s]       |                                  [01;36m[K^~~~~[m[K
[3.223s] In file included from [01m[K/usr/include/c++/13/list:65[m[K,
[3.224s]                  from [01m[K/opt/ros/jazzy/include/rclcpp/rclcpp/executor.hpp:23[m[K,
[3.224s]                  from [01m[K/opt/ros/jazzy/include/rclcpp/rclcpp/executors/multi_threaded_executor.hpp:25[m[K:
[3.224s] [01m[K/usr/include/c++/13/bits/stl_list.h:2123:5:[m[K [01;36m[Knote: [m[Kcandidate: ‘[01m[Ktemplate<class _Tp, class _Alloc> bool std::[01;32m[Koperator==[m[K(const __cxx11::list<_Tp, _Alloc>&, const __cxx11::list<_Tp, _Alloc>&)[m[K’
[3.224s]  2123 |     [01;36m[Koperator[m[K==(const list<_Tp, _Alloc>& __x, const list<_Tp, _Alloc>& __y)
[3.224s]       |     [01;36m[K^~~~~~~~[m[K
[3.224s] [01m[K/usr/include/c++/13/bits/stl_list.h:2123:5:[m[K [01;36m[Knote: [m[K  template argument deduction/substitution failed:
[3.224s] [01m[K/home/tsi/ws_moveit2/src/move_relative_ur/src/move_monitoring_node.cpp:82:34:[m[K [01;36m[Knote: [m[K  ‘[01m[Kstd::shared_ptr<std_srvs::srv::Trigger_Response_<std::allocator<void> > >[m[K’ is not derived from ‘[01m[Kconst std::__cxx11::list<_Tp, _Alloc>[m[K’
[3.224s]    82 |             if(state_response == [01;36m[Kfalse[m[K && safe_respones > 0)
[3.224s]       |                                  [01;36m[K^~~~~[m[K
[3.224s] In file included from [01m[K/usr/include/c++/13/map:63[m[K,
[3.224s]                  from [01m[K/opt/ros/jazzy/include/rclcpp/rclcpp/executor.hpp:24[m[K:
[3.224s] [01m[K/usr/include/c++/13/bits/stl_map.h:1513:5:[m[K [01;36m[Knote: [m[Kcandidate: ‘[01m[Ktemplate<class _Key, class _Tp, class _Compare, class _Alloc> bool std::[01;32m[Koperator==[m[K(const map<_Key, _Tp, _Compare, _Allocator>&, const map<_Key, _Tp, _Compare, _Allocator>&)[m[K’
[3.224s]  1513 |     [01;36m[Koperator[m[K==(const map<_Key, _Tp, _Compare, _Alloc>& __x,
[3.224s]       |     [01;36m[K^~~~~~~~[m[K
[3.224s] [01m[K/usr/include/c++/13/bits/stl_map.h:1513:5:[m[K [01;36m[Knote: [m[K  template argument deduction/substitution failed:
[3.224s] [01m[K/home/tsi/ws_moveit2/src/move_relative_ur/src/move_monitoring_node.cpp:82:34:[m[K [01;36m[Knote: [m[K  ‘[01m[Kstd::shared_ptr<std_srvs::srv::Trigger_Response_<std::allocator<void> > >[m[K’ is not derived from ‘[01m[Kconst std::map<_Key, _Tp, _Compare, _Allocator>[m[K’
[3.224s]    82 |             if(state_response == [01;36m[Kfalse[m[K && safe_respones > 0)
[3.224s]       |                                  [01;36m[K^~~~~[m[K
[3.225s] In file included from [01m[K/usr/include/c++/13/map:64[m[K:
[3.225s] [01m[K/usr/include/c++/13/bits/stl_multimap.h:1134:5:[m[K [01;36m[Knote: [m[Kcandidate: ‘[01m[Ktemplate<class _Key, class _Tp, class _Compare, class _Alloc> bool std::[01;32m[Koperator==[m[K(const multimap<_Key, _Tp, _Compare, _Allocator>&, const multimap<_Key, _Tp, _Compare, _Allocator>&)[m[K’
[3.225s]  1134 |     [01;36m[Koperator[m[K==(const multimap<_Key, _Tp, _Compare, _Alloc>& __x,
[3.225s]       |     [01;36m[K^~~~~~~~[m[K
[3.225s] [01m[K/usr/include/c++/13/bits/stl_multimap.h:1134:5:[m[K [01;36m[Knote: [m[K  template argument deduction/substitution failed:
[3.225s] [01m[K/home/tsi/ws_moveit2/src/move_relative_ur/src/move_monitoring_node.cpp:82:34:[m[K [01;36m[Knote: [m[K  ‘[01m[Kstd::shared_ptr<std_srvs::srv::Trigger_Response_<std::allocator<void> > >[m[K’ is not derived from ‘[01m[Kconst std::multimap<_Key, _Tp, _Compare, _Allocator>[m[K’
[3.225s]    82 |             if(state_response == [01;36m[Kfalse[m[K && safe_respones > 0)
[3.225s]       |                                  [01;36m[K^~~~~[m[K
[3.225s] In file included from [01m[K/opt/ros/jazzy/include/rclcpp/rclcpp/client.hpp:23[m[K,
[3.225s]                  from [01m[K/opt/ros/jazzy/include/rclcpp/rclcpp/callback_group.hpp:24[m[K,
[3.225s]                  from [01m[K/opt/ros/jazzy/include/rclcpp/rclcpp/any_executable.hpp:20[m[K,
[3.225s]                  from [01m[K/opt/ros/jazzy/include/rclcpp/rclcpp/memory_strategy.hpp:25[m[K,
[3.225s]                  from [01m[K/opt/ros/jazzy/include/rclcpp/rclcpp/memory_strategies.hpp:18[m[K,
[3.225s]                  from [01m[K/opt/ros/jazzy/include/rclcpp/rclcpp/executor_options.hpp:22[m[K,
[3.225s]                  from [01m[K/opt/ros/jazzy/include/rclcpp/rclcpp/executor.hpp:38[m[K:
[3.225s] [01m[K/usr/include/c++/13/optional:1236:5:[m[K [01;36m[Knote: [m[Kcandidate: ‘[01m[Ktemplate<class _Tp, class _Up> constexpr std::__optional_eq_t<_Tp, _Up> std::[01;32m[Koperator==[m[K(const optional<_Tp>&, const optional<_Up>&)[m[K’
[3.225s]  1236 |     [01;36m[Koperator[m[K==(const optional<_Tp>& __lhs, const optional<_Up>& __rhs)
[3.225s]       |     [01;36m[K^~~~~~~~[m[K
[3.226s] [01m[K/usr/include/c++/13/optional:1236:5:[m[K [01;36m[Knote: [m[K  template argument deduction/substitution failed:
[3.226s] [01m[K/home/tsi/ws_moveit2/src/move_relative_ur/src/move_monitoring_node.cpp:82:34:[m[K [01;36m[Knote: [m[K  ‘[01m[Kstd::shared_ptr<std_srvs::srv::Trigger_Response_<std::allocator<void> > >[m[K’ is not derived from ‘[01m[Kconst std::optional<_Tp>[m[K’
[3.226s]    82 |             if(state_response == [01;36m[Kfalse[m[K && safe_respones > 0)
[3.226s]       |                                  [01;36m[K^~~~~[m[K
[3.226s] [01m[K/usr/include/c++/13/optional:1296:5:[m[K [01;36m[Knote: [m[Kcandidate: ‘[01m[Ktemplate<class _Tp> constexpr bool std::[01;32m[Koperator==[m[K(const optional<_Tp>&, nullopt_t)[m[K’
[3.226s]  1296 |     [01;36m[Koperator[m[K==(const optional<_Tp>& __lhs, nullopt_t) noexcept
[3.226s]       |     [01;36m[K^~~~~~~~[m[K
[3.226s] [01m[K/usr/include/c++/13/optional:1296:5:[m[K [01;36m[Knote: [m[K  template argument deduction/substitution failed:
[3.226s] [01m[K/home/tsi/ws_moveit2/src/move_relative_ur/src/move_monitoring_node.cpp:82:34:[m[K [01;36m[Knote: [m[K  ‘[01m[Kstd::shared_ptr<std_srvs::srv::Trigger_Response_<std::allocator<void> > >[m[K’ is not derived from ‘[01m[Kconst std::optional<_Tp>[m[K’
[3.226s]    82 |             if(state_response == [01;36m[Kfalse[m[K && safe_respones > 0)
[3.226s]       |                                  [01;36m[K^~~~~[m[K
[3.226s] [01m[K/usr/include/c++/13/optional:1307:5:[m[K [01;36m[Knote: [m[Kcandidate: ‘[01m[Ktemplate<class _Tp> constexpr bool std::[01;32m[Koperator==[m[K(nullopt_t, const optional<_Tp>&)[m[K’
[3.226s]  1307 |     [01;36m[Koperator[m[K==(nullopt_t, const optional<_Tp>& __rhs) noexcept
[3.226s]       |     [01;36m[K^~~~~~~~[m[K
[3.226s] [01m[K/usr/include/c++/13/optional:1307:5:[m[K [01;36m[Knote: [m[K  template argument deduction/substitution failed:
[3.226s] [01m[K/home/tsi/ws_moveit2/src/move_relative_ur/src/move_monitoring_node.cpp:82:34:[m[K [01;36m[Knote: [m[K  mismatched types ‘[01m[Kconst std::optional<_Tp>[m[K’ and ‘[01m[Kbool[m[K’
[3.226s]    82 |             if(state_response == [01;36m[Kfalse[m[K && safe_respones > 0)
[3.227s]       |                                  [01;36m[K^~~~~[m[K
[3.227s] [01m[K/usr/include/c++/13/optional:1364:5:[m[K [01;36m[Knote: [m[Kcandidate: ‘[01m[Ktemplate<class _Tp, class _Up> constexpr std::__optional_eq_t<_Tp, _Up> std::[01;32m[Koperator==[m[K(const optional<_Tp>&, const _Up&)[m[K’
[3.227s]  1364 |     [01;36m[Koperator[m[K==(const optional<_Tp>& __lhs, const _Up& __rhs)
[3.227s]       |     [01;36m[K^~~~~~~~[m[K
[3.227s] [01m[K/usr/include/c++/13/optional:1364:5:[m[K [01;36m[Knote: [m[K  template argument deduction/substitution failed:
[3.227s] [01m[K/home/tsi/ws_moveit2/src/move_relative_ur/src/move_monitoring_node.cpp:82:34:[m[K [01;36m[Knote: [m[K  ‘[01m[Kstd::shared_ptr<std_srvs::srv::Trigger_Response_<std::allocator<void> > >[m[K’ is not derived from ‘[01m[Kconst std::optional<_Tp>[m[K’
[3.227s]    82 |             if(state_response == [01;36m[Kfalse[m[K && safe_respones > 0)
[3.227s]       |                                  [01;36m[K^~~~~[m[K
[3.227s] [01m[K/usr/include/c++/13/optional:1370:5:[m[K [01;36m[Knote: [m[Kcandidate: ‘[01m[Ktemplate<class _Tp, class _Up> constexpr std::__optional_eq_t<_Up, _Tp> std::[01;32m[Koperator==[m[K(const _Up&, const optional<_Tp>&)[m[K’
[3.227s]  1370 |     [01;36m[Koperator[m[K==(const _Up& __lhs, const optional<_Tp>& __rhs)
[3.227s]       |     [01;36m[K^~~~~~~~[m[K
[3.227s] [01m[K/usr/include/c++/13/optional:1370:5:[m[K [01;36m[Knote: [m[K  template argument deduction/substitution failed:
[3.227s] [01m[K/home/tsi/ws_moveit2/src/move_relative_ur/src/move_monitoring_node.cpp:82:34:[m[K [01;36m[Knote: [m[K  mismatched types ‘[01m[Kconst std::optional<_Tp>[m[K’ and ‘[01m[Kbool[m[K’
[3.227s]    82 |             if(state_response == [01;36m[Kfalse[m[K && safe_respones > 0)
[3.227s]       |                                  [01;36m[K^~~~~[m[K
[3.227s] In file included from [01m[K/opt/ros/jazzy/include/rclcpp/rclcpp/client.hpp:29[m[K:
[3.227s] [01m[K/usr/include/c++/13/variant:1266:3:[m[K [01;36m[Knote: [m[Kcandidate: ‘[01m[Ktemplate<class ... _Types> constexpr bool std::[01;32m[Koperator==[m[K(const variant<_Types ...>&, const variant<_Types ...>&)[m[K’
[3.227s]  1266 |   [01;36m[K_VARIANT_RELATION_FUNCTION_TEMPLATE[m[K(==, equal)
[3.228s]       |   [01;36m[K^~~~~~~~~~~~~~~~~~~~~~~~~~~~~~~~~~~[m[K
[3.228s] [01m[K/usr/include/c++/13/variant:1266:3:[m[K [01;36m[Knote: [m[K  template argument deduction/substitution failed:
[3.228s] [01m[K/home/tsi/ws_moveit2/src/move_relative_ur/src/move_monitoring_node.cpp:82:34:[m[K [01;36m[Knote: [m[K  ‘[01m[Kstd::shared_ptr<std_srvs::srv::Trigger_Response_<std::allocator<void> > >[m[K’ is not derived from ‘[01m[Kconst std::variant<_Types ...>[m[K’
[3.228s]    82 |             if(state_response == [01;36m[Kfalse[m[K && safe_respones > 0)
[3.228s]       |                                  [01;36m[K^~~~~[m[K
[3.228s] In file included from [01m[K/usr/include/c++/13/deque:66[m[K,
[3.228s]                  from [01m[K/opt/ros/jazzy/include/rclcpp/rclcpp/executors/executor_entities_collection.hpp:18[m[K,
[3.228s]                  from [01m[K/opt/ros/jazzy/include/rclcpp/rclcpp/executor.hpp:39[m[K:
[3.228s] [01m[K/usr/include/c++/13/bits/stl_deque.h:2290:5:[m[K [01;36m[Knote: [m[Kcandidate: ‘[01m[Ktemplate<class _Tp, class _Alloc> bool std::[01;32m[Koperator==[m[K(const deque<_Tp, _Alloc>&, const deque<_Tp, _Alloc>&)[m[K’
[3.228s]  2290 |     [01;36m[Koperator[m[K==(const deque<_Tp, _Alloc>& __x, const deque<_Tp, _Alloc>& __y)
[3.228s]       |     [01;36m[K^~~~~~~~[m[K
[3.228s] [01m[K/usr/include/c++/13/bits/stl_deque.h:2290:5:[m[K [01;36m[Knote: [m[K  template argument deduction/substitution failed:
[3.228s] [01m[K/home/tsi/ws_moveit2/src/move_relative_ur/src/move_monitoring_node.cpp:82:34:[m[K [01;36m[Knote: [m[K  ‘[01m[Kstd::shared_ptr<std_srvs::srv::Trigger_Response_<std::allocator<void> > >[m[K’ is not derived from ‘[01m[Kconst std::deque<_Tp, _Alloc>[m[K’
[3.228s]    82 |             if(state_response == [01;36m[Kfalse[m[K && safe_respones > 0)
[3.228s]       |                                  [01;36m[K^~~~~[m[K
[3.228s] In file included from [01m[K/usr/include/c++/13/queue:66[m[K,
[3.228s]                  from [01m[K/opt/ros/jazzy/include/rclcpp/rclcpp/experimental/executors/events_executor/events_queue.hpp:18[m[K,
[3.229s]                  from [01m[K/opt/ros/jazzy/include/rclcpp/rclcpp/experimental/executors/events_executor/events_executor.hpp:27[m[K,
[3.229s]                  from [01m[K/opt/ros/jazzy/include/rclcpp/rclcpp/executors.hpp:24[m[K:
[3.229s] [01m[K/usr/include/c++/13/bits/stl_queue.h:380:5:[m[K [01;36m[Knote: [m[Kcandidate: ‘[01m[Ktemplate<class _Tp, class _Seq> bool std::[01;32m[Koperator==[m[K(const queue<_Tp, _Seq>&, const queue<_Tp, _Seq>&)[m[K’
[3.229s]   380 |     [01;36m[Koperator[m[K==(const queue<_Tp, _Seq>& __x, const queue<_Tp, _Seq>& __y)
[3.229s]       |     [01;36m[K^~~~~~~~[m[K
[3.229s] [01m[K/usr/include/c++/13/bits/stl_queue.h:380:5:[m[K [01;36m[Knote: [m[K  template argument deduction/substitution failed:
[3.229s] [01m[K/home/tsi/ws_moveit2/src/move_relative_ur/src/move_monitoring_node.cpp:82:34:[m[K [01;36m[Knote: [m[K  ‘[01m[Kstd::shared_ptr<std_srvs::srv::Trigger_Response_<std::allocator<void> > >[m[K’ is not derived from ‘[01m[Kconst std::queue<_Tp, _Seq>[m[K’
[3.229s]    82 |             if(state_response == [01;36m[Kfalse[m[K && safe_respones > 0)
[3.229s]       |                                  [01;36m[K^~~~~[m[K
[3.229s] In file included from [01m[K/usr/include/c++/13/bits/ios_base.h:46[m[K,
[3.229s]                  from [01m[K/usr/include/c++/13/ios:44[m[K:
[3.229s] [01m[K/usr/include/c++/13/system_error:449:3:[m[K [01;36m[Knote: [m[Kcandidate: ‘[01m[Kbool std::[01;32m[Koperator==[m[K(const error_code&, const error_code&)[m[K’
[3.229s]   449 |   [01;36m[Koperator[m[K==(const error_code& __lhs, const error_code& __rhs) noexcept
[3.229s]       |   [01;36m[K^~~~~~~~[m[K
[3.229s] [01m[K/usr/include/c++/13/system_error:449:32:[m[K [01;36m[Knote: [m[K  no known conversion for argument 1 from ‘[01m[Kstd::shared_ptr<std_srvs::srv::Trigger_Response_<std::allocator<void> > >[m[K’ to ‘[01m[Kconst std::error_code&[m[K’
[3.229s]   449 |   operator==([01;36m[Kconst error_code& __lhs[m[K, const error_code& __rhs) noexcept
[3.229s]       |              [01;36m[K~~~~~~~~~~~~~~~~~~^~~~~[m[K
[3.229s] [01m[K/usr/include/c++/13/system_error:465:3:[m[K [01;36m[Knote: [m[Kcandidate: ‘[01m[Kbool std::[01;32m[Koperator==[m[K(const error_code&, const error_condition&)[m[K’
[3.230s]   465 |   [01;36m[Koperator[m[K==(const error_code& __lhs, const error_condition& __rhs) noexcept
[3.230s]       |   [01;36m[K^~~~~~~~[m[K
[3.230s] [01m[K/usr/include/c++/13/system_error:465:32:[m[K [01;36m[Knote: [m[K  no known conversion for argument 1 from ‘[01m[Kstd::shared_ptr<std_srvs::srv::Trigger_Response_<std::allocator<void> > >[m[K’ to ‘[01m[Kconst std::error_code&[m[K’
[3.230s]   465 |   operator==([01;36m[Kconst error_code& __lhs[m[K, const error_condition& __rhs) noexcept
[3.230s]       |              [01;36m[K~~~~~~~~~~~~~~~~~~^~~~~[m[K
[3.230s] [01m[K/usr/include/c++/13/system_error:480:3:[m[K [01;36m[Knote: [m[Kcandidate: ‘[01m[Kbool std::[01;32m[Koperator==[m[K(const error_condition&, const error_condition&)[m[K’
[3.230s]   480 |   [01;36m[Koperator[m[K==(const error_condition& __lhs,
[3.230s]       |   [01;36m[K^~~~~~~~[m[K
[3.230s] [01m[K/usr/include/c++/13/system_error:480:37:[m[K [01;36m[Knote: [m[K  no known conversion for argument 1 from ‘[01m[Kstd::shared_ptr<std_srvs::srv::Trigger_Response_<std::allocator<void> > >[m[K’ to ‘[01m[Kconst std::error_condition&[m[K’
[3.230s]   480 |   operator==([01;36m[Kconst error_condition& __lhs[m[K,
[3.231s]       |              [01;36m[K~~~~~~~~~~~~~~~~~~~~~~~^~~~~[m[K
[3.231s] [01m[K/usr/include/c++/13/system_error:517:3:[m[K [01;36m[Knote: [m[Kcandidate: ‘[01m[Kbool std::[01;32m[Koperator==[m[K(const error_condition&, const error_code&)[m[K’
[3.231s]   517 |   [01;36m[Koperator[m[K==(const error_condition& __lhs, const error_code& __rhs) noexcept
[3.231s]       |   [01;36m[K^~~~~~~~[m[K
[3.231s] [01m[K/usr/include/c++/13/system_error:517:37:[m[K [01;36m[Knote: [m[K  no known conversion for argument 1 from ‘[01m[Kstd::shared_ptr<std_srvs::srv::Trigger_Response_<std::allocator<void> > >[m[K’ to ‘[01m[Kconst std::error_condition&[m[K’
[3.231s]   517 |   operator==([01;36m[Kconst error_condition& __lhs[m[K, const error_code& __rhs) noexcept
[3.231s]       |              [01;36m[K~~~~~~~~~~~~~~~~~~~~~~~^~~~~[m[K
[3.231s] In file included from [01m[K/usr/include/c++/13/future:51[m[K,
[3.231s]                  from [01m[K/opt/ros/jazzy/include/rclcpp/rclcpp/executors.hpp:18[m[K:
[3.231s] [01m[K/usr/include/c++/13/bits/std_thread.h:324:3:[m[K [01;36m[Knote: [m[Kcandidate: ‘[01m[Kbool std::[01;32m[Koperator==[m[K(thread::id, thread::id)[m[K’
[3.231s]   324 |   [01;36m[Koperator[m[K==(thread::id __x, thread::id __y) noexcept
[3.231s]       |   [01;36m[K^~~~~~~~[m[K
[3.231s] [01m[K/usr/include/c++/13/bits/std_thread.h:324:25:[m[K [01;36m[Knote: [m[K  no known conversion for argument 1 from ‘[01m[Kstd::shared_ptr<std_srvs::srv::Trigger_Response_<std::allocator<void> > >[m[K’ to ‘[01m[Kstd::thread::id[m[K’
[3.231s]   324 |   operator==([01;36m[Kthread::id __x[m[K, thread::id __y) noexcept
[3.231s]       |              [01;36m[K~~~~~~~~~~~^~~[m[K
[3.231s] [01m[K/usr/include/c++/13/variant:1273:18:[m[K [01;36m[Knote: [m[Kcandidate: ‘[01m[Kconstexpr bool std::[01;32m[Koperator==[m[K(monostate, monostate)[m[K’
[3.231s]  1273 |   constexpr bool [01;36m[Koperator[m[K==(monostate, monostate) noexcept { return true; }
[3.231s]       |                  [01;36m[K^~~~~~~~[m[K
[3.232s] [01m[K/usr/include/c++/13/variant:1273:29:[m[K [01;36m[Knote: [m[K  no known conversion for argument 1 from ‘[01m[Kstd::shared_ptr<std_srvs::srv::Trigger_Response_<std::allocator<void> > >[m[K’ to ‘[01m[Kstd::monostate[m[K’
[3.232s]  1273 |   constexpr bool operator==([01;36m[Kmonostate[m[K, monostate) noexcept { return true; }
[3.232s]       |                             [01;36m[K^~~~~~~~~[m[K
[6.488s] gmake[2]: *** [CMakeFiles/robot_monitoring_node.dir/build.make:76: CMakeFiles/robot_monitoring_node.dir/src/move_monitoring_node.cpp.o] Error 1
[6.488s] gmake[1]: *** [CMakeFiles/Makefile2:655: CMakeFiles/robot_monitoring_node.dir/all] Error 2
[6.489s] gmake: *** [Makefile:146: all] Error 2
[6.495s] Invoked command in '/home/tsi/ws_moveit2/build/move_relative_ur' returned '2': CMAKE_PREFIX_PATH=${CMAKE_PREFIX_PATH}:/home/tsi/workspace/install/moveit_configs_utils:/opt/ros/jazzy DEBUGINFOD_URLS=https://debuginfod.ubuntu.com /usr/bin/cmake --build /home/tsi/ws_moveit2/build/move_relative_ur -- -j12 -l12
